[0.231s] DEBUG:colcon:Command line arguments: ['/usr/bin/colcon', 'build', '--packages-select', 'main']
[0.231s] DEBUG:colcon:Parsed command line arguments: Namespace(log_base=None, log_level=None, verb_name='build', build_base='build', install_base='install', merge_install=False, symlink_install=False, test_result_base=None, continue_on_error=False, executor='parallel', parallel_workers=2, event_handlers=None, ignore_user_meta=False, metas=['./colcon.meta'], base_paths=['.'], packages_ignore=None, packages_ignore_regex=None, paths=None, packages_up_to=None, packages_up_to_regex=None, packages_above=None, packages_above_and_dependencies=None, packages_above_depth=None, packages_select_by_dep=None, packages_skip_by_dep=None, packages_skip_up_to=None, packages_select_build_failed=False, packages_skip_build_finished=False, packages_select_test_failures=False, packages_skip_test_passed=False, packages_select=['main'], packages_skip=None, packages_select_regex=None, packages_skip_regex=None, packages_start=None, packages_end=None, allow_overriding=[], cmake_args=None, cmake_target=None, cmake_target_skip_unavailable=False, cmake_clean_cache=False, cmake_clean_first=False, cmake_force_configure=False, ament_cmake_args=None, catkin_cmake_args=None, catkin_skip_building_tests=False, mixin_files=None, mixin=None, verb_parser=<colcon_mixin.mixin.mixin_argument.MixinArgumentDecorator object at 0x76d28fc559f0>, verb_extension=<colcon_core.verb.build.BuildVerb object at 0x76d28fc55030>, main=<bound method BuildVerb.main of <colcon_core.verb.build.BuildVerb object at 0x76d28fc55030>>, mixin_verb=('build',))
[0.585s] Level 1:colcon.colcon_core.package_discovery:discover_packages(colcon_meta) check parameters
[0.585s] Level 1:colcon.colcon_core.package_discovery:discover_packages(recursive) check parameters
[0.585s] Level 1:colcon.colcon_core.package_discovery:discover_packages(ignore) check parameters
[0.585s] Level 1:colcon.colcon_core.package_discovery:discover_packages(path) check parameters
[0.585s] Level 1:colcon.colcon_core.package_discovery:discover_packages(colcon_meta) discover
[0.585s] Level 1:colcon.colcon_core.package_discovery:discover_packages(recursive) discover
[0.586s] INFO:colcon.colcon_core.package_discovery:Crawling recursively for packages in '/home/toshie/Desktop/project'
[0.586s] Level 1:colcon.colcon_core.package_identification:_identify(.) by extensions ['ignore', 'ignore_ament_install']
[0.586s] Level 1:colcon.colcon_core.package_identification:_identify(.) by extension 'ignore'
[0.586s] Level 1:colcon.colcon_core.package_identification:_identify(.) by extension 'ignore_ament_install'
[0.586s] Level 1:colcon.colcon_core.package_identification:_identify(.) by extensions ['colcon_pkg']
[0.587s] Level 1:colcon.colcon_core.package_identification:_identify(.) by extension 'colcon_pkg'
[0.587s] Level 1:colcon.colcon_core.package_identification:_identify(.) by extensions ['colcon_meta']
[0.587s] Level 1:colcon.colcon_core.package_identification:_identify(.) by extension 'colcon_meta'
[0.587s] Level 1:colcon.colcon_core.package_identification:_identify(.) by extensions ['ros']
[0.587s] Level 1:colcon.colcon_core.package_identification:_identify(.) by extension 'ros'
[0.612s] Level 1:colcon.colcon_core.package_identification:_identify(.) by extensions ['cmake', 'python']
[0.613s] Level 1:colcon.colcon_core.package_identification:_identify(.) by extension 'cmake'
[0.613s] Level 1:colcon.colcon_core.package_identification:_identify(.) by extension 'python'
[0.613s] Level 1:colcon.colcon_core.package_identification:_identify(.) by extensions ['python_setup_py']
[0.613s] Level 1:colcon.colcon_core.package_identification:_identify(.) by extension 'python_setup_py'
[0.613s] Level 1:colcon.colcon_core.package_identification:_identify(build) by extensions ['ignore', 'ignore_ament_install']
[0.613s] Level 1:colcon.colcon_core.package_identification:_identify(build) by extension 'ignore'
[0.613s] Level 1:colcon.colcon_core.package_identification:_identify(build) ignored
[0.614s] Level 1:colcon.colcon_core.package_identification:_identify(install) by extensions ['ignore', 'ignore_ament_install']
[0.614s] Level 1:colcon.colcon_core.package_identification:_identify(install) by extension 'ignore'
[0.614s] Level 1:colcon.colcon_core.package_identification:_identify(install) ignored
[0.615s] Level 1:colcon.colcon_core.package_identification:_identify(log) by extensions ['ignore', 'ignore_ament_install']
[0.615s] Level 1:colcon.colcon_core.package_identification:_identify(log) by extension 'ignore'
[0.615s] Level 1:colcon.colcon_core.package_identification:_identify(log) ignored
[0.615s] Level 1:colcon.colcon_core.package_identification:_identify(src) by extensions ['ignore', 'ignore_ament_install']
[0.615s] Level 1:colcon.colcon_core.package_identification:_identify(src) by extension 'ignore'
[0.615s] Level 1:colcon.colcon_core.package_identification:_identify(src) by extension 'ignore_ament_install'
[0.616s] Level 1:colcon.colcon_core.package_identification:_identify(src) by extensions ['colcon_pkg']
[0.616s] Level 1:colcon.colcon_core.package_identification:_identify(src) by extension 'colcon_pkg'
[0.616s] Level 1:colcon.colcon_core.package_identification:_identify(src) by extensions ['colcon_meta']
[0.616s] Level 1:colcon.colcon_core.package_identification:_identify(src) by extension 'colcon_meta'
[0.616s] Level 1:colcon.colcon_core.package_identification:_identify(src) by extensions ['ros']
[0.616s] Level 1:colcon.colcon_core.package_identification:_identify(src) by extension 'ros'
[0.616s] Level 1:colcon.colcon_core.package_identification:_identify(src) by extensions ['cmake', 'python']
[0.616s] Level 1:colcon.colcon_core.package_identification:_identify(src) by extension 'cmake'
[0.616s] Level 1:colcon.colcon_core.package_identification:_identify(src) by extension 'python'
[0.616s] Level 1:colcon.colcon_core.package_identification:_identify(src) by extensions ['python_setup_py']
[0.617s] Level 1:colcon.colcon_core.package_identification:_identify(src) by extension 'python_setup_py'
[0.617s] Level 1:colcon.colcon_core.package_identification:_identify(src/main) by extensions ['ignore', 'ignore_ament_install']
[0.617s] Level 1:colcon.colcon_core.package_identification:_identify(src/main) by extension 'ignore'
[0.617s] Level 1:colcon.colcon_core.package_identification:_identify(src/main) by extension 'ignore_ament_install'
[0.617s] Level 1:colcon.colcon_core.package_identification:_identify(src/main) by extensions ['colcon_pkg']
[0.617s] Level 1:colcon.colcon_core.package_identification:_identify(src/main) by extension 'colcon_pkg'
[0.617s] Level 1:colcon.colcon_core.package_identification:_identify(src/main) by extensions ['colcon_meta']
[0.618s] Level 1:colcon.colcon_core.package_identification:_identify(src/main) by extension 'colcon_meta'
[0.618s] Level 1:colcon.colcon_core.package_identification:_identify(src/main) by extensions ['ros']
[0.618s] Level 1:colcon.colcon_core.package_identification:_identify(src/main) by extension 'ros'
[0.623s] DEBUG:colcon.colcon_core.package_identification:Package 'src/main' with type 'ros.ament_cmake' and name 'main'
[0.623s] Level 1:colcon.colcon_core.package_identification:_identify(src/motor) by extensions ['ignore', 'ignore_ament_install']
[0.623s] Level 1:colcon.colcon_core.package_identification:_identify(src/motor) by extension 'ignore'
[0.624s] Level 1:colcon.colcon_core.package_identification:_identify(src/motor) by extension 'ignore_ament_install'
[0.624s] Level 1:colcon.colcon_core.package_identification:_identify(src/motor) by extensions ['colcon_pkg']
[0.624s] Level 1:colcon.colcon_core.package_identification:_identify(src/motor) by extension 'colcon_pkg'
[0.624s] Level 1:colcon.colcon_core.package_identification:_identify(src/motor) by extensions ['colcon_meta']
[0.624s] Level 1:colcon.colcon_core.package_identification:_identify(src/motor) by extension 'colcon_meta'
[0.624s] Level 1:colcon.colcon_core.package_identification:_identify(src/motor) by extensions ['ros']
[0.624s] Level 1:colcon.colcon_core.package_identification:_identify(src/motor) by extension 'ros'
[0.626s] DEBUG:colcon.colcon_core.package_identification:Package 'src/motor' with type 'ros.ament_cmake' and name 'motor'
[0.626s] Level 1:colcon.colcon_core.package_identification:_identify(src/sensor) by extensions ['ignore', 'ignore_ament_install']
[0.627s] Level 1:colcon.colcon_core.package_identification:_identify(src/sensor) by extension 'ignore'
[0.627s] Level 1:colcon.colcon_core.package_identification:_identify(src/sensor) by extension 'ignore_ament_install'
[0.627s] Level 1:colcon.colcon_core.package_identification:_identify(src/sensor) by extensions ['colcon_pkg']
[0.627s] Level 1:colcon.colcon_core.package_identification:_identify(src/sensor) by extension 'colcon_pkg'
[0.627s] Level 1:colcon.colcon_core.package_identification:_identify(src/sensor) by extensions ['colcon_meta']
[0.627s] Level 1:colcon.colcon_core.package_identification:_identify(src/sensor) by extension 'colcon_meta'
[0.627s] Level 1:colcon.colcon_core.package_identification:_identify(src/sensor) by extensions ['ros']
[0.628s] Level 1:colcon.colcon_core.package_identification:_identify(src/sensor) by extension 'ros'
[0.629s] DEBUG:colcon.colcon_core.package_identification:Package 'src/sensor' with type 'ros.ament_cmake' and name 'sensor'
[0.629s] Level 1:colcon.colcon_core.package_discovery:discover_packages(recursive) using defaults
[0.629s] Level 1:colcon.colcon_core.package_discovery:discover_packages(ignore) discover
[0.629s] Level 1:colcon.colcon_core.package_discovery:discover_packages(ignore) using defaults
[0.629s] Level 1:colcon.colcon_core.package_discovery:discover_packages(path) discover
[0.629s] Level 1:colcon.colcon_core.package_discovery:discover_packages(path) using defaults
[0.672s] INFO:colcon.colcon_core.package_selection:Skipping not selected package 'motor' in 'src/motor'
[0.672s] INFO:colcon.colcon_core.package_selection:Skipping not selected package 'sensor' in 'src/sensor'
[0.673s] Level 1:colcon.colcon_core.package_discovery:discover_packages(prefix_path) check parameters
[0.673s] Level 1:colcon.colcon_core.package_discovery:discover_packages(prefix_path) discover
[0.678s] DEBUG:colcon.colcon_installed_package_information.package_discovery:Found 270 installed packages in /opt/ros/humble
[0.705s] Level 1:colcon.colcon_core.package_discovery:discover_packages(prefix_path) using defaults
[0.784s] Level 5:colcon.colcon_core.verb:set package 'main' build argument 'cmake_args' from command line to 'None'
[0.784s] Level 5:colcon.colcon_core.verb:set package 'main' build argument 'cmake_target' from command line to 'None'
[0.785s] Level 5:colcon.colcon_core.verb:set package 'main' build argument 'cmake_target_skip_unavailable' from command line to 'False'
[0.785s] Level 5:colcon.colcon_core.verb:set package 'main' build argument 'cmake_clean_cache' from command line to 'False'
[0.785s] Level 5:colcon.colcon_core.verb:set package 'main' build argument 'cmake_clean_first' from command line to 'False'
[0.785s] Level 5:colcon.colcon_core.verb:set package 'main' build argument 'cmake_force_configure' from command line to 'False'
[0.785s] Level 5:colcon.colcon_core.verb:set package 'main' build argument 'ament_cmake_args' from command line to 'None'
[0.785s] Level 5:colcon.colcon_core.verb:set package 'main' build argument 'catkin_cmake_args' from command line to 'None'
[0.785s] Level 5:colcon.colcon_core.verb:set package 'main' build argument 'catkin_skip_building_tests' from command line to 'False'
[0.785s] DEBUG:colcon.colcon_core.verb:Building package 'main' with the following arguments: {'ament_cmake_args': None, 'build_base': '/home/toshie/Desktop/project/build/main', 'catkin_cmake_args': None, 'catkin_skip_building_tests': False, 'cmake_args': None, 'cmake_clean_cache': False, 'cmake_clean_first': False, 'cmake_force_configure': False, 'cmake_target': None, 'cmake_target_skip_unavailable': False, 'install_base': '/home/toshie/Desktop/project/install/main', 'merge_install': False, 'path': '/home/toshie/Desktop/project/src/main', 'symlink_install': False, 'test_result_base': None}
[0.785s] INFO:colcon.colcon_core.executor:Executing jobs using 'parallel' executor
[0.787s] DEBUG:colcon.colcon_parallel_executor.executor.parallel:run_until_complete
[0.788s] INFO:colcon.colcon_ros.task.ament_cmake.build:Building ROS package in '/home/toshie/Desktop/project/src/main' with build type 'ament_cmake'
[0.788s] INFO:colcon.colcon_cmake.task.cmake.build:Building CMake package in '/home/toshie/Desktop/project/src/main'
[0.793s] INFO:colcon.colcon_core.plugin_system:Skipping extension 'colcon_core.shell.bat': Not used on non-Windows systems
[0.793s] INFO:colcon.colcon_core.shell:Skip shell extension 'powershell' for command environment: Not usable outside of PowerShell
[0.794s] DEBUG:colcon.colcon_core.shell:Skip shell extension 'dsv' for command environment
[0.855s] DEBUG:colcon.colcon_core.event_handler.log_command:Invoking command in '/home/toshie/Desktop/project/build/main': CMAKE_PREFIX_PATH=/opt/ros/humble /usr/bin/cmake --build /home/toshie/Desktop/project/build/main -- -j2 -l2
[11.939s] DEBUG:colcon.colcon_core.event_handler.log_command:Invoked command in '/home/toshie/Desktop/project/build/main' returned '0': CMAKE_PREFIX_PATH=/opt/ros/humble /usr/bin/cmake --build /home/toshie/Desktop/project/build/main -- -j2 -l2
[12.009s] DEBUG:colcon.colcon_core.event_handler.log_command:Invoking command in '/home/toshie/Desktop/project/build/main': CMAKE_PREFIX_PATH=/opt/ros/humble /usr/bin/cmake --install /home/toshie/Desktop/project/build/main
[12.105s] Level 1:colcon.colcon_core.environment:create_environment_scripts_only(main)
[12.112s] Level 1:colcon.colcon_core.environment:checking '/home/toshie/Desktop/project/install/main' for CMake module files
[12.117s] DEBUG:colcon.colcon_core.event_handler.log_command:Invoked command in '/home/toshie/Desktop/project/build/main' returned '0': CMAKE_PREFIX_PATH=/opt/ros/humble /usr/bin/cmake --install /home/toshie/Desktop/project/build/main
[12.118s] Level 1:colcon.colcon_core.environment:checking '/home/toshie/Desktop/project/install/main' for CMake config files
[12.119s] Level 1:colcon.colcon_core.shell:create_environment_hook('main', 'cmake_prefix_path')
[12.120s] INFO:colcon.colcon_core.shell:Creating environment hook '/home/toshie/Desktop/project/install/main/share/main/hook/cmake_prefix_path.ps1'
[12.121s] INFO:colcon.colcon_core.shell:Creating environment descriptor '/home/toshie/Desktop/project/install/main/share/main/hook/cmake_prefix_path.dsv'
[12.123s] INFO:colcon.colcon_core.shell:Creating environment hook '/home/toshie/Desktop/project/install/main/share/main/hook/cmake_prefix_path.sh'
[12.125s] Level 1:colcon.colcon_core.environment:checking '/home/toshie/Desktop/project/install/main/lib'
[12.126s] Level 1:colcon.colcon_core.environment:checking '/home/toshie/Desktop/project/install/main/bin'
[12.126s] Level 1:colcon.colcon_core.environment:checking '/home/toshie/Desktop/project/install/main/lib/pkgconfig/main.pc'
[12.127s] Level 1:colcon.colcon_core.environment:checking '/home/toshie/Desktop/project/install/main/lib/python3.10/site-packages'
[12.128s] Level 1:colcon.colcon_core.environment:checking '/home/toshie/Desktop/project/install/main/bin'
[12.129s] INFO:colcon.colcon_core.shell:Creating package script '/home/toshie/Desktop/project/install/main/share/main/package.ps1'
[12.131s] INFO:colcon.colcon_core.shell:Creating package descriptor '/home/toshie/Desktop/project/install/main/share/main/package.dsv'
[12.133s] INFO:colcon.colcon_core.shell:Creating package script '/home/toshie/Desktop/project/install/main/share/main/package.sh'
[12.135s] INFO:colcon.colcon_core.shell:Creating package script '/home/toshie/Desktop/project/install/main/share/main/package.bash'
[12.138s] INFO:colcon.colcon_core.shell:Creating package script '/home/toshie/Desktop/project/install/main/share/main/package.zsh'
[12.140s] Level 1:colcon.colcon_core.environment:create_file_with_runtime_dependencies(/home/toshie/Desktop/project/install/main/share/colcon-core/packages/main)
[12.193s] Level 1:colcon.colcon_core.environment:create_environment_scripts_only(main)
[12.193s] Level 1:colcon.colcon_core.environment:checking '/home/toshie/Desktop/project/install/main' for CMake module files
[12.195s] Level 1:colcon.colcon_core.environment:checking '/home/toshie/Desktop/project/install/main' for CMake config files
[12.195s] Level 1:colcon.colcon_core.shell:create_environment_hook('main', 'cmake_prefix_path')
[12.196s] INFO:colcon.colcon_core.shell:Creating environment hook '/home/toshie/Desktop/project/install/main/share/main/hook/cmake_prefix_path.ps1'
[12.197s] INFO:colcon.colcon_core.shell:Creating environment descriptor '/home/toshie/Desktop/project/install/main/share/main/hook/cmake_prefix_path.dsv'
[12.199s] INFO:colcon.colcon_core.shell:Creating environment hook '/home/toshie/Desktop/project/install/main/share/main/hook/cmake_prefix_path.sh'
[12.200s] Level 1:colcon.colcon_core.environment:checking '/home/toshie/Desktop/project/install/main/lib'
[12.201s] Level 1:colcon.colcon_core.environment:checking '/home/toshie/Desktop/project/install/main/bin'
[12.201s] Level 1:colcon.colcon_core.environment:checking '/home/toshie/Desktop/project/install/main/lib/pkgconfig/main.pc'
[12.201s] Level 1:colcon.colcon_core.environment:checking '/home/toshie/Desktop/project/install/main/lib/python3.10/site-packages'
[12.202s] Level 1:colcon.colcon_core.environment:checking '/home/toshie/Desktop/project/install/main/bin'
[12.203s] INFO:colcon.colcon_core.shell:Creating package script '/home/toshie/Desktop/project/install/main/share/main/package.ps1'
[12.205s] INFO:colcon.colcon_core.shell:Creating package descriptor '/home/toshie/Desktop/project/install/main/share/main/package.dsv'
[12.207s] INFO:colcon.colcon_core.shell:Creating package script '/home/toshie/Desktop/project/install/main/share/main/package.sh'
[12.208s] INFO:colcon.colcon_core.shell:Creating package script '/home/toshie/Desktop/project/install/main/share/main/package.bash'
[12.210s] INFO:colcon.colcon_core.shell:Creating package script '/home/toshie/Desktop/project/install/main/share/main/package.zsh'
[12.211s] Level 1:colcon.colcon_core.environment:create_file_with_runtime_dependencies(/home/toshie/Desktop/project/install/main/share/colcon-core/packages/main)
[12.213s] DEBUG:colcon.colcon_parallel_executor.executor.parallel:closing loop
[12.214s] DEBUG:colcon.colcon_parallel_executor.executor.parallel:loop closed
[12.214s] DEBUG:colcon.colcon_parallel_executor.executor.parallel:run_until_complete finished with '0'
[12.214s] DEBUG:colcon.colcon_core.event_reactor:joining thread
[12.231s] INFO:colcon.colcon_core.plugin_system:Skipping extension 'colcon_notification.desktop_notification.terminal_notifier': Not used on non-Darwin systems
[12.232s] INFO:colcon.colcon_core.plugin_system:Skipping extension 'colcon_notification.desktop_notification.win32': Not used on non-Windows systems
[12.232s] INFO:colcon.colcon_notification.desktop_notification:Sending desktop notification using 'notify2'
[12.285s] DEBUG:colcon.colcon_core.event_reactor:joined thread
[12.285s] INFO:colcon.colcon_core.shell:Creating prefix script '/home/toshie/Desktop/project/install/local_setup.ps1'
[12.289s] INFO:colcon.colcon_core.shell:Creating prefix util module '/home/toshie/Desktop/project/install/_local_setup_util_ps1.py'
[12.294s] INFO:colcon.colcon_core.shell:Creating prefix chain script '/home/toshie/Desktop/project/install/setup.ps1'
[12.301s] INFO:colcon.colcon_core.shell:Creating prefix script '/home/toshie/Desktop/project/install/local_setup.sh'
[12.305s] INFO:colcon.colcon_core.shell:Creating prefix util module '/home/toshie/Desktop/project/install/_local_setup_util_sh.py'
[12.310s] INFO:colcon.colcon_core.shell:Creating prefix chain script '/home/toshie/Desktop/project/install/setup.sh'
[12.319s] INFO:colcon.colcon_core.shell:Creating prefix script '/home/toshie/Desktop/project/install/local_setup.bash'
[12.321s] INFO:colcon.colcon_core.shell:Creating prefix chain script '/home/toshie/Desktop/project/install/setup.bash'
[12.326s] INFO:colcon.colcon_core.shell:Creating prefix script '/home/toshie/Desktop/project/install/local_setup.zsh'
[12.328s] INFO:colcon.colcon_core.shell:Creating prefix chain script '/home/toshie/Desktop/project/install/setup.zsh'
