[0.095s] Invoking command in '/home/toshie/Desktop/project/build/motor': CMAKE_PREFIX_PATH=/opt/ros/humble /usr/bin/cmake --build /home/toshie/Desktop/project/build/motor -- -j2 -l2
[0.246s] [35m[1mConsolidate compiler generated dependencies of target listener[0m
[0.290s] [ 50%] [32mBuilding CXX object CMakeFiles/listener.dir/src/main.cpp.o[0m
[0.338s] [01m[K/home/toshie/Desktop/project/src/motor/src/main.cpp:1:2:[m[K [01;31m[Kerror: [m[Kinvalid preprocessing directive #DEFINE
[0.339s]     1 | #[01;31m[KDEFINE[m[K L_WHEEL;
[0.339s]       |  [01;31m[K^~~~~~[m[K
[0.339s] [01m[K/home/toshie/Desktop/project/src/motor/src/main.cpp:2:2:[m[K [01;31m[Kerror: [m[Kinvalid preprocessing directive #DEFINE
[0.339s]     2 | #[01;31m[KDEFINE[m[K R_WHEEL;
[0.343s]       |  [01;31m[K^~~~~~[m[K
[0.728s] [01m[K/home/toshie/Desktop/project/src/motor/src/main.cpp:13:13:[m[K [01;35m[Kwarning: [m[Kmulti-character character constant [[01;35m[K]8;;https://gcc.gnu.org/onlinedocs/gcc/Warning-Options.html#index-Wmultichar-Wmultichar]8;;[m[K]
[0.728s]    13 |   if(msg == [01;35m[K'FWD'[m[K)
[0.728s]       |             [01;35m[K^~~~~[m[K
[6.214s] [01m[K/home/toshie/Desktop/project/src/motor/src/main.cpp:11:6:[m[K [01;31m[Kerror: [m[Kvariable or field ‘[01m[Khead[m[K’ declared void
[6.215s]    11 | void [01;31m[Khead[m[K(string msg)
[6.216s]       |      [01;31m[K^~~~[m[K
[6.218s] [01m[K/home/toshie/Desktop/project/src/motor/src/main.cpp:11:11:[m[K [01;31m[Kerror: [m[K‘[01m[Kstring[m[K’ was not declared in this scope
[6.218s]    11 | void head([01;31m[Kstring[m[K msg)
[6.219s]       |           [01;31m[K^~~~~~[m[K
[6.219s] [01m[K/home/toshie/Desktop/project/src/motor/src/main.cpp:11:11:[m[K [01;36m[Knote: [m[Ksuggested alternatives:
[6.219s] In file included from [01m[K/usr/include/c++/11/iosfwd:39[m[K,
[6.219s]                  from [01m[K/usr/include/c++/11/bits/shared_ptr.h:52[m[K,
[6.223s]                  from [01m[K/usr/include/c++/11/memory:77[m[K,
[6.224s]                  from [01m[K/home/toshie/Desktop/project/src/motor/src/main.cpp:4[m[K:
[6.224s] [01m[K/usr/include/c++/11/bits/stringfwd.h:79:33:[m[K [01;36m[Knote: [m[K  ‘[01m[Kstd::string[m[K’
[6.224s]    79 |   typedef basic_string<char>    [01;36m[Kstring[m[K;
[6.225s]       |                                 [01;36m[K^~~~~~[m[K
[6.225s] In file included from [01m[K/home/toshie/Desktop/project/src/motor/src/main.cpp:5[m[K:
[6.225s] [01m[K/usr/include/c++/11/string:67:11:[m[K [01;36m[Knote: [m[K  ‘[01m[Kstd::pmr::string[m[K’
[6.225s]    67 |     using [01;36m[Kstring[m[K    = basic_string<char>;
[6.230s]       |           [01;36m[K^~~~~~[m[K
[6.345s] [01m[K/home/toshie/Desktop/project/src/motor/src/main.cpp:[m[K In member function ‘[01m[Kvoid MinimalSubscriber::topic_callback(const String&) const[m[K’:
[6.346s] [01m[K/home/toshie/Desktop/project/src/motor/src/main.cpp:36:7:[m[K [01;31m[Kerror: [m[K‘[01m[Kstring[m[K’ was not declared in this scope
[6.346s]    36 |       [01;31m[Kstring[m[K msg = msg.data();
[6.349s]       |       [01;31m[K^~~~~~[m[K
[6.350s] [01m[K/home/toshie/Desktop/project/src/motor/src/main.cpp:36:7:[m[K [01;36m[Knote: [m[Ksuggested alternatives:
[6.350s] In file included from [01m[K/usr/include/c++/11/iosfwd:39[m[K,
[6.350s]                  from [01m[K/usr/include/c++/11/bits/shared_ptr.h:52[m[K,
[6.350s]                  from [01m[K/usr/include/c++/11/memory:77[m[K,
[6.351s]                  from [01m[K/home/toshie/Desktop/project/src/motor/src/main.cpp:4[m[K:
[6.351s] [01m[K/usr/include/c++/11/bits/stringfwd.h:79:33:[m[K [01;36m[Knote: [m[K  ‘[01m[Kstd::string[m[K’
[6.351s]    79 |   typedef basic_string<char>    [01;36m[Kstring[m[K;
[6.351s]       |                                 [01;36m[K^~~~~~[m[K
[6.357s] In file included from [01m[K/home/toshie/Desktop/project/src/motor/src/main.cpp:5[m[K:
[6.357s] [01m[K/usr/include/c++/11/string:67:11:[m[K [01;36m[Knote: [m[K  ‘[01m[Kstd::pmr::string[m[K’
[6.358s]    67 |     using [01;36m[Kstring[m[K    = basic_string<char>;
[6.358s]       |           [01;36m[K^~~~~~[m[K
[6.358s] [01m[K/home/toshie/Desktop/project/src/motor/src/main.cpp:37:7:[m[K [01;31m[Kerror: [m[K‘[01m[Khead[m[K’ was not declared in this scope; did you mean ‘[01m[Kread[m[K’?
[6.358s]    37 |       [01;31m[Khead[m[K(msg);
[6.363s]       |       [01;31m[K^~~~[m[K
[6.363s]       |       [32m[Kread[m[K
[6.366s] [01m[K/home/toshie/Desktop/project/src/motor/src/main.cpp:[m[K In function ‘[01m[Kint main(int, char**)[m[K’:
[6.368s] [01m[K/home/toshie/Desktop/project/src/motor/src/main.cpp:45:62:[m[K [01;31m[Kerror: [m[Kconversion from ‘[01m[Kstd::shared_ptr<MinimalSubscriber>[m[K’ to non-scalar type ‘[01m[KMinimalSubscriber[m[K’ requested
[6.369s]    45 |   MinimalSubscriber sub = [01;31m[Kstd::make_shared<MinimalSubscriber>()[m[K;
[6.370s]       |                           [01;31m[K~~~~~~~~~~~~~~~~~~~~~~~~~~~~~~~~~~~^~[m[K
[6.373s] [01m[K/home/toshie/Desktop/project/src/motor/src/main.cpp:46:15:[m[K [01;31m[Kerror: [m[Kno matching function for call to ‘[01m[Kspin(MinimalSubscriber&)[m[K’
[6.373s]    46 |   [01;31m[Krclcpp::spin(sub)[m[K;
[6.374s]       |   [01;31m[K~~~~~~~~~~~~^~~~~[m[K
[6.374s] In file included from [01m[K/opt/ros/humble/include/rclcpp/rclcpp/rclcpp.hpp:155[m[K,
[6.374s]                  from [01m[K/home/toshie/Desktop/project/src/motor/src/main.cpp:7[m[K:
[6.382s] [01m[K/opt/ros/humble/include/rclcpp/rclcpp/executors.hpp:45:1:[m[K [01;36m[Knote: [m[Kcandidate: ‘[01m[Kvoid rclcpp::spin(rclcpp::node_interfaces::NodeBaseInterface::SharedPtr)[m[K’
[6.382s]    45 | [01;36m[Kspin[m[K(rclcpp::node_interfaces::NodeBaseInterface::SharedPtr node_ptr);
[6.382s]       | [01;36m[K^~~~[m[K
[6.382s] [01m[K/opt/ros/humble/include/rclcpp/rclcpp/executors.hpp:45:60:[m[K [01;36m[Knote: [m[K  no known conversion for argument 1 from ‘[01m[KMinimalSubscriber[m[K’ to ‘[01m[Krclcpp::node_interfaces::NodeBaseInterface::SharedPtr[m[K’ {aka ‘[01m[Kstd::shared_ptr<rclcpp::node_interfaces::NodeBaseInterface>[m[K’}
[6.383s]    45 | spin([01;36m[Krclcpp::node_interfaces::NodeBaseInterface::SharedPtr node_ptr[m[K);
[6.383s]       |      [01;36m[K~~~~~~~~~~~~~~~~~~~~~~~~~~~~~~~~~~~~~~~~~~~~~~~~~~~~~~^~~~~~~~[m[K
[6.383s] [01m[K/opt/ros/humble/include/rclcpp/rclcpp/executors.hpp:49:1:[m[K [01;36m[Knote: [m[Kcandidate: ‘[01m[Kvoid rclcpp::spin(rclcpp::Node::SharedPtr)[m[K’
[6.390s]    49 | [01;36m[Kspin[m[K(rclcpp::Node::SharedPtr node_ptr);
[6.391s]       | [01;36m[K^~~~[m[K
[6.391s] [01m[K/opt/ros/humble/include/rclcpp/rclcpp/executors.hpp:49:30:[m[K [01;36m[Knote: [m[K  no known conversion for argument 1 from ‘[01m[KMinimalSubscriber[m[K’ to ‘[01m[Krclcpp::Node::SharedPtr[m[K’ {aka ‘[01m[Kstd::shared_ptr<rclcpp::Node>[m[K’}
[6.391s]    49 | spin([01;36m[Krclcpp::Node::SharedPtr node_ptr[m[K);
[6.392s]       |      [01;36m[K~~~~~~~~~~~~~~~~~~~~~~~~^~~~~~~~[m[K
[11.654s] gmake[2]: *** [CMakeFiles/listener.dir/build.make:76: CMakeFiles/listener.dir/src/main.cpp.o] Error 1
[11.655s] gmake[1]: *** [CMakeFiles/Makefile2:137: CMakeFiles/listener.dir/all] Error 2
[11.656s] gmake: *** [Makefile:146: all] Error 2
[11.661s] Invoked command in '/home/toshie/Desktop/project/build/motor' returned '2': CMAKE_PREFIX_PATH=/opt/ros/humble /usr/bin/cmake --build /home/toshie/Desktop/project/build/motor -- -j2 -l2
