[0.030s] Invoking command in '/home/toshie/Desktop/project/build/motor': CMAKE_PREFIX_PATH=/opt/ros/humble /usr/bin/cmake /home/toshie/Desktop/project/src/motor -DCMAKE_INSTALL_PREFIX=/home/toshie/Desktop/project/install/motor
[0.227s] -- The C compiler identification is GNU 11.4.0
[0.439s] -- The CXX compiler identification is GNU 11.4.0
[0.454s] -- Detecting C compiler ABI info
[0.733s] -- Detecting C compiler ABI info - done
[0.753s] -- Check for working C compiler: /usr/bin/cc - skipped
[0.757s] -- Detecting C compile features
[0.757s] -- Detecting C compile features - done
[0.763s] -- Detecting CXX compiler ABI info
[0.979s] -- Detecting CXX compiler ABI info - done
[1.002s] -- Check for working CXX compiler: /usr/bin/c++ - skipped
[1.004s] -- Detecting CXX compile features
[1.006s] -- Detecting CXX compile features - done
[1.010s] -- Found ament_cmake: 1.3.10 (/opt/ros/humble/share/ament_cmake/cmake)
[1.387s] -- Found Python3: /usr/bin/python3 (found version "3.10.12") found components: Interpreter 
[1.609s] -- Found rclcpp: 16.0.10 (/opt/ros/humble/share/rclcpp/cmake)
[1.780s] -- Found rosidl_generator_c: 3.1.5 (/opt/ros/humble/share/rosidl_generator_c/cmake)
[1.790s] -- Found rosidl_adapter: 3.1.5 (/opt/ros/humble/share/rosidl_adapter/cmake)
[1.813s] -- Found rosidl_generator_cpp: 3.1.5 (/opt/ros/humble/share/rosidl_generator_cpp/cmake)
[1.855s] -- Using all available rosidl_typesupport_c: rosidl_typesupport_fastrtps_c;rosidl_typesupport_introspection_c
[1.902s] -- Using all available rosidl_typesupport_cpp: rosidl_typesupport_fastrtps_cpp;rosidl_typesupport_introspection_cpp
[2.000s] -- Found rmw_implementation_cmake: 6.1.2 (/opt/ros/humble/share/rmw_implementation_cmake/cmake)
[2.005s] -- Found rmw_fastrtps_cpp: 6.2.7 (/opt/ros/humble/share/rmw_fastrtps_cpp/cmake)
[2.572s] -- Found OpenSSL: /usr/lib/x86_64-linux-gnu/libcrypto.so (found version "3.0.2")  
[2.625s] -- Found FastRTPS: /opt/ros/humble/include  
[2.709s] -- Using RMW implementation 'rmw_fastrtps_cpp' as default
[2.725s] -- Looking for pthread.h
[3.017s] -- Looking for pthread.h - found
[3.017s] -- Performing Test CMAKE_HAVE_LIBC_PTHREAD
[3.782s] -- Performing Test CMAKE_HAVE_LIBC_PTHREAD - Success
[3.785s] -- Found Threads: TRUE  
[3.907s] [31mCMake Error at CMakeLists.txt:21 (install):
[3.907s]   install TARGETS given target "talker" which does not exist.
[3.907s] 
[3.907s] [0m
[4.110s] -- Configuring incomplete, errors occurred!
[4.110s] See also "/home/toshie/Desktop/project/build/motor/CMakeFiles/CMakeOutput.log".
[4.131s] Invoked command in '/home/toshie/Desktop/project/build/motor' returned '1': CMAKE_PREFIX_PATH=/opt/ros/humble /usr/bin/cmake /home/toshie/Desktop/project/src/motor -DCMAKE_INSTALL_PREFIX=/home/toshie/Desktop/project/install/motor
