[35m[1mConsolidate compiler generated dependencies of target listener[0m
[ 50%] [32mBuilding CXX object CMakeFiles/listener.dir/src/main.cpp.o[0m
[01m[K/home/toshie/Desktop/project/src/motor/src/main.cpp:[m[K In member function ‘[01m[Kvoid MinimalSubscriber::topic_callback(const String&) const[m[K’:
[01m[K/home/toshie/Desktop/project/src/motor/src/main.cpp:38:19:[m[K [01;31m[Kerror: [m[Kdeclaration of ‘[01m[Kstd::string msg[m[K’ shadows a parameter
   38 |       std::string [01;31m[Kmsg[m[K = msg.data();
      |                   [01;31m[K^~~[m[K
[01m[K/home/toshie/Desktop/project/src/motor/src/main.cpp:35:55:[m[K [01;36m[Knote: [m[K‘[01m[Kconst String& msg[m[K’ previously declared here
   35 |     void topic_callback([01;36m[Kconst std_msgs::msg::String & msg[m[K) const
      |                         [01;36m[K~~~~~~~~~~~~~~~~~~~~~~~~~~~~~~^~~[m[K
[01m[K/home/toshie/Desktop/project/src/motor/src/main.cpp:39:7:[m[K [01;31m[Kerror: [m[K‘[01m[Kcout[m[K’ was not declared in this scope; did you mean ‘[01m[Kstd::cout[m[K’?
   39 |       [01;31m[Kcout[m[K<<msg;
      |       [01;31m[K^~~~[m[K
      |       [32m[Kstd::cout[m[K
In file included from [01m[K/usr/include/x86_64-linux-gnu/c++/11/bits/stdc++.h:75[m[K,
                 from [01m[K/home/toshie/Desktop/project/src/motor/src/main.cpp:6[m[K:
[01m[K/usr/include/c++/11/iostream:61:18:[m[K [01;36m[Knote: [m[K‘[01m[Kstd::cout[m[K’ declared here
   61 |   extern ostream [01;36m[Kcout[m[K;          /// Linked to standard output
      |                  [01;36m[K^~~~[m[K
[01m[K/home/toshie/Desktop/project/src/motor/src/main.cpp:35:55:[m[K [01;35m[Kwarning: [m[Kunused parameter ‘[01m[Kmsg[m[K’ [[01;35m[K]8;;https://gcc.gnu.org/onlinedocs/gcc/Warning-Options.html#index-Wunused-parameter-Wunused-parameter]8;;[m[K]
   35 |     void topic_callback([01;35m[Kconst std_msgs::msg::String & msg[m[K) const
      |                         [01;35m[K~~~~~~~~~~~~~~~~~~~~~~~~~~~~~~^~~[m[K
[01m[K/home/toshie/Desktop/project/src/motor/src/main.cpp:[m[K In function ‘[01m[Kint main(int, char**)[m[K’:
[01m[K/home/toshie/Desktop/project/src/motor/src/main.cpp:48:62:[m[K [01;31m[Kerror: [m[Kconversion from ‘[01m[Kstd::shared_ptr<MinimalSubscriber>[m[K’ to non-scalar type ‘[01m[KMinimalSubscriber[m[K’ requested
   48 |   MinimalSubscriber sub = [01;31m[Kstd::make_shared<MinimalSubscriber>()[m[K;
      |                           [01;31m[K~~~~~~~~~~~~~~~~~~~~~~~~~~~~~~~~~~~^~[m[K
[01m[K/home/toshie/Desktop/project/src/motor/src/main.cpp:49:15:[m[K [01;31m[Kerror: [m[Kno matching function for call to ‘[01m[Kspin(MinimalSubscriber&)[m[K’
   49 |   [01;31m[Krclcpp::spin(sub)[m[K;
      |   [01;31m[K~~~~~~~~~~~~^~~~~[m[K
In file included from [01m[K/opt/ros/humble/include/rclcpp/rclcpp/rclcpp.hpp:155[m[K,
                 from [01m[K/home/toshie/Desktop/project/src/motor/src/main.cpp:8[m[K:
[01m[K/opt/ros/humble/include/rclcpp/rclcpp/executors.hpp:45:1:[m[K [01;36m[Knote: [m[Kcandidate: ‘[01m[Kvoid rclcpp::spin(rclcpp::node_interfaces::NodeBaseInterface::SharedPtr)[m[K’
   45 | [01;36m[Kspin[m[K(rclcpp::node_interfaces::NodeBaseInterface::SharedPtr node_ptr);
      | [01;36m[K^~~~[m[K
[01m[K/opt/ros/humble/include/rclcpp/rclcpp/executors.hpp:45:60:[m[K [01;36m[Knote: [m[K  no known conversion for argument 1 from ‘[01m[KMinimalSubscriber[m[K’ to ‘[01m[Krclcpp::node_interfaces::NodeBaseInterface::SharedPtr[m[K’ {aka ‘[01m[Kstd::shared_ptr<rclcpp::node_interfaces::NodeBaseInterface>[m[K’}
   45 | spin([01;36m[Krclcpp::node_interfaces::NodeBaseInterface::SharedPtr node_ptr[m[K);
      |      [01;36m[K~~~~~~~~~~~~~~~~~~~~~~~~~~~~~~~~~~~~~~~~~~~~~~~~~~~~~~^~~~~~~~[m[K
[01m[K/opt/ros/humble/include/rclcpp/rclcpp/executors.hpp:49:1:[m[K [01;36m[Knote: [m[Kcandidate: ‘[01m[Kvoid rclcpp::spin(rclcpp::Node::SharedPtr)[m[K’
   49 | [01;36m[Kspin[m[K(rclcpp::Node::SharedPtr node_ptr);
      | [01;36m[K^~~~[m[K
[01m[K/opt/ros/humble/include/rclcpp/rclcpp/executors.hpp:49:30:[m[K [01;36m[Knote: [m[K  no known conversion for argument 1 from ‘[01m[KMinimalSubscriber[m[K’ to ‘[01m[Krclcpp::Node::SharedPtr[m[K’ {aka ‘[01m[Kstd::shared_ptr<rclcpp::Node>[m[K’}
   49 | spin([01;36m[Krclcpp::Node::SharedPtr node_ptr[m[K);
      |      [01;36m[K~~~~~~~~~~~~~~~~~~~~~~~~^~~~~~~~[m[K
gmake[2]: *** [CMakeFiles/listener.dir/build.make:76: CMakeFiles/listener.dir/src/main.cpp.o] Error 1
gmake[1]: *** [CMakeFiles/Makefile2:137: CMakeFiles/listener.dir/all] Error 2
gmake: *** [Makefile:146: all] Error 2
