[0.182s] Invoking command in '/home/toshie/Desktop/project/build/motor': CMAKE_PREFIX_PATH=/opt/ros/humble /usr/bin/cmake --build /home/toshie/Desktop/project/build/motor -- -j2 -l2
[0.608s] [35m[1mConsolidate compiler generated dependencies of target listener[0m
[0.657s] [ 50%] [32mBuilding CXX object CMakeFiles/listener.dir/src/main.cpp.o[0m
[7.822s] [01m[K/home/toshie/Desktop/project/src/motor/src/main.cpp:[m[K In member function ‘[01m[Kvoid MinimalSubscriber::topic_callback(const String&) const[m[K’:
[7.822s] [01m[K/home/toshie/Desktop/project/src/motor/src/main.cpp:38:19:[m[K [01;31m[Kerror: [m[Kdeclaration of ‘[01m[Kstd::string msg[m[K’ shadows a parameter
[7.822s]    38 |       std::string [01;31m[Kmsg[m[K = msg.data();
[7.823s]       |                   [01;31m[K^~~[m[K
[7.826s] [01m[K/home/toshie/Desktop/project/src/motor/src/main.cpp:35:55:[m[K [01;36m[Knote: [m[K‘[01m[Kconst String& msg[m[K’ previously declared here
[7.826s]    35 |     void topic_callback([01;36m[Kconst std_msgs::msg::String & msg[m[K) const
[7.826s]       |                         [01;36m[K~~~~~~~~~~~~~~~~~~~~~~~~~~~~~~^~~[m[K
[7.829s] [01m[K/home/toshie/Desktop/project/src/motor/src/main.cpp:39:7:[m[K [01;31m[Kerror: [m[K‘[01m[Kcout[m[K’ was not declared in this scope; did you mean ‘[01m[Kstd::cout[m[K’?
[7.830s]    39 |       [01;31m[Kcout[m[K<<msg;
[7.830s]       |       [01;31m[K^~~~[m[K
[7.831s]       |       [32m[Kstd::cout[m[K
[7.835s] In file included from [01m[K/usr/include/x86_64-linux-gnu/c++/11/bits/stdc++.h:75[m[K,
[7.835s]                  from [01m[K/home/toshie/Desktop/project/src/motor/src/main.cpp:6[m[K:
[7.836s] [01m[K/usr/include/c++/11/iostream:61:18:[m[K [01;36m[Knote: [m[K‘[01m[Kstd::cout[m[K’ declared here
[7.836s]    61 |   extern ostream [01;36m[Kcout[m[K;          /// Linked to standard output
[7.841s]       |                  [01;36m[K^~~~[m[K
[7.842s] [01m[K/home/toshie/Desktop/project/src/motor/src/main.cpp:35:55:[m[K [01;35m[Kwarning: [m[Kunused parameter ‘[01m[Kmsg[m[K’ [[01;35m[K]8;;https://gcc.gnu.org/onlinedocs/gcc/Warning-Options.html#index-Wunused-parameter-Wunused-parameter]8;;[m[K]
[7.842s]    35 |     void topic_callback([01;35m[Kconst std_msgs::msg::String & msg[m[K) const
[7.842s]       |                         [01;35m[K~~~~~~~~~~~~~~~~~~~~~~~~~~~~~~^~~[m[K
[7.842s] [01m[K/home/toshie/Desktop/project/src/motor/src/main.cpp:[m[K In function ‘[01m[Kint main(int, char**)[m[K’:
[7.843s] [01m[K/home/toshie/Desktop/project/src/motor/src/main.cpp:48:62:[m[K [01;31m[Kerror: [m[Kconversion from ‘[01m[Kstd::shared_ptr<MinimalSubscriber>[m[K’ to non-scalar type ‘[01m[KMinimalSubscriber[m[K’ requested
[7.843s]    48 |   MinimalSubscriber sub = [01;31m[Kstd::make_shared<MinimalSubscriber>()[m[K;
[7.847s]       |                           [01;31m[K~~~~~~~~~~~~~~~~~~~~~~~~~~~~~~~~~~~^~[m[K
[7.847s] [01m[K/home/toshie/Desktop/project/src/motor/src/main.cpp:49:15:[m[K [01;31m[Kerror: [m[Kno matching function for call to ‘[01m[Kspin(MinimalSubscriber&)[m[K’
[7.848s]    49 |   [01;31m[Krclcpp::spin(sub)[m[K;
[7.848s]       |   [01;31m[K~~~~~~~~~~~~^~~~~[m[K
[7.848s] In file included from [01m[K/opt/ros/humble/include/rclcpp/rclcpp/rclcpp.hpp:155[m[K,
[7.848s]                  from [01m[K/home/toshie/Desktop/project/src/motor/src/main.cpp:8[m[K:
[7.849s] [01m[K/opt/ros/humble/include/rclcpp/rclcpp/executors.hpp:45:1:[m[K [01;36m[Knote: [m[Kcandidate: ‘[01m[Kvoid rclcpp::spin(rclcpp::node_interfaces::NodeBaseInterface::SharedPtr)[m[K’
[7.853s]    45 | [01;36m[Kspin[m[K(rclcpp::node_interfaces::NodeBaseInterface::SharedPtr node_ptr);
[7.853s]       | [01;36m[K^~~~[m[K
[7.854s] [01m[K/opt/ros/humble/include/rclcpp/rclcpp/executors.hpp:45:60:[m[K [01;36m[Knote: [m[K  no known conversion for argument 1 from ‘[01m[KMinimalSubscriber[m[K’ to ‘[01m[Krclcpp::node_interfaces::NodeBaseInterface::SharedPtr[m[K’ {aka ‘[01m[Kstd::shared_ptr<rclcpp::node_interfaces::NodeBaseInterface>[m[K’}
[7.854s]    45 | spin([01;36m[Krclcpp::node_interfaces::NodeBaseInterface::SharedPtr node_ptr[m[K);
[7.854s]       |      [01;36m[K~~~~~~~~~~~~~~~~~~~~~~~~~~~~~~~~~~~~~~~~~~~~~~~~~~~~~~^~~~~~~~[m[K
[7.854s] [01m[K/opt/ros/humble/include/rclcpp/rclcpp/executors.hpp:49:1:[m[K [01;36m[Knote: [m[Kcandidate: ‘[01m[Kvoid rclcpp::spin(rclcpp::Node::SharedPtr)[m[K’
[7.854s]    49 | [01;36m[Kspin[m[K(rclcpp::Node::SharedPtr node_ptr);
[7.855s]       | [01;36m[K^~~~[m[K
[7.855s] [01m[K/opt/ros/humble/include/rclcpp/rclcpp/executors.hpp:49:30:[m[K [01;36m[Knote: [m[K  no known conversion for argument 1 from ‘[01m[KMinimalSubscriber[m[K’ to ‘[01m[Krclcpp::Node::SharedPtr[m[K’ {aka ‘[01m[Kstd::shared_ptr<rclcpp::Node>[m[K’}
[7.857s]    49 | spin([01;36m[Krclcpp::Node::SharedPtr node_ptr[m[K);
[7.857s]       |      [01;36m[K~~~~~~~~~~~~~~~~~~~~~~~~^~~~~~~~[m[K
[13.139s] gmake[2]: *** [CMakeFiles/listener.dir/build.make:76: CMakeFiles/listener.dir/src/main.cpp.o] Error 1
[13.141s] gmake[1]: *** [CMakeFiles/Makefile2:137: CMakeFiles/listener.dir/all] Error 2
[13.141s] gmake: *** [Makefile:146: all] Error 2
[13.147s] Invoked command in '/home/toshie/Desktop/project/build/motor' returned '2': CMAKE_PREFIX_PATH=/opt/ros/humble /usr/bin/cmake --build /home/toshie/Desktop/project/build/motor -- -j2 -l2
