[0.272s] Invoking command in '/home/toshie/Desktop/project/build/motor': CMAKE_PREFIX_PATH=/opt/ros/humble /usr/bin/cmake --build /home/toshie/Desktop/project/build/motor -- -j2 -l2
[2.151s] [35m[1mConsolidate compiler generated dependencies of target listener[0m
[2.231s] [ 50%] [32mBuilding CXX object CMakeFiles/listener.dir/src/main.cpp.o[0m
[2.869s] [01m[K/home/toshie/Desktop/project/src/motor/src/main.cpp:15:13:[m[K [01;35m[Kwarning: [m[Kmulti-character character constant [[01;35m[K]8;;https://gcc.gnu.org/onlinedocs/gcc/Warning-Options.html#index-Wmultichar-Wmultichar]8;;[m[K]
[2.869s]    15 |   if(msg == [01;35m[K'FWD'[m[K)
[2.869s]       |             [01;35m[K^~~~~[m[K
[9.410s] [01m[K/home/toshie/Desktop/project/src/motor/src/main.cpp:[m[K In function ‘[01m[Kvoid head(std::string)[m[K’:
[9.410s] [01m[K/home/toshie/Desktop/project/src/motor/src/main.cpp:15:10:[m[K [01;31m[Kerror: [m[Kno match for ‘[01m[Koperator==[m[K’ (operand types are ‘[01m[Kstd::string[m[K’ {aka ‘[01m[Kstd::__cxx11::basic_string<char>[m[K’} and ‘[01m[Kint[m[K’)
[9.411s]    15 |   if([32m[Kmsg[m[K [01;31m[K==[m[K [34m[K'FWD'[m[K)
[9.411s]       |      [32m[K~~~[m[K [01;31m[K^~[m[K [34m[K~~~~~[m[K
[9.411s]       |      [32m[K|[m[K      [34m[K|[m[K
[9.413s]       |      [32m[K|[m[K      [34m[Kint[m[K
[9.413s]       |      [32m[Kstd::string {aka std::__cxx11::basic_string<char>}[m[K
[9.415s] In file included from [01m[K/usr/include/c++/11/bits/stl_algobase.h:67[m[K,
[9.415s]                  from [01m[K/usr/include/c++/11/memory:63[m[K,
[9.415s]                  from [01m[K/home/toshie/Desktop/project/src/motor/src/main.cpp:4[m[K:
[9.416s] [01m[K/usr/include/c++/11/bits/stl_iterator.h:1155:5:[m[K [01;36m[Knote: [m[Kcandidate: ‘[01m[Ktemplate<class _IteratorL, class _IteratorR, class _Container> bool __gnu_cxx::operator==(const __gnu_cxx::__normal_iterator<_IteratorL, _Container>&, const __gnu_cxx::__normal_iterator<_IteratorR, _Container>&)[m[K’
[9.416s]  1155 |     [01;36m[Koperator[m[K==(const __normal_iterator<_IteratorL, _Container>& __lhs,
[9.416s]       |     [01;36m[K^~~~~~~~[m[K
[9.416s] [01m[K/usr/include/c++/11/bits/stl_iterator.h:1155:5:[m[K [01;36m[Knote: [m[K  template argument deduction/substitution failed:
[9.418s] [01m[K/home/toshie/Desktop/project/src/motor/src/main.cpp:15:13:[m[K [01;36m[Knote: [m[K  ‘[01m[Kstd::string[m[K’ {aka ‘[01m[Kstd::__cxx11::basic_string<char>[m[K’} is not derived from ‘[01m[Kconst __gnu_cxx::__normal_iterator<_IteratorL, _Container>[m[K’
[9.419s]    15 |   if(msg == [01;36m[K'FWD'[m[K)
[9.419s]       |             [01;36m[K^~~~~[m[K
[9.419s] In file included from [01m[K/usr/include/c++/11/bits/stl_algobase.h:67[m[K,
[9.419s]                  from [01m[K/usr/include/c++/11/memory:63[m[K,
[9.420s]                  from [01m[K/home/toshie/Desktop/project/src/motor/src/main.cpp:4[m[K:
[9.420s] [01m[K/usr/include/c++/11/bits/stl_iterator.h:1163:5:[m[K [01;36m[Knote: [m[Kcandidate: ‘[01m[Ktemplate<class _Iterator, class _Container> bool __gnu_cxx::operator==(const __gnu_cxx::__normal_iterator<_Iterator, _Container>&, const __gnu_cxx::__normal_iterator<_Iterator, _Container>&)[m[K’
[9.420s]  1163 |     [01;36m[Koperator[m[K==(const __normal_iterator<_Iterator, _Container>& __lhs,
[9.420s]       |     [01;36m[K^~~~~~~~[m[K
[9.426s] [01m[K/usr/include/c++/11/bits/stl_iterator.h:1163:5:[m[K [01;36m[Knote: [m[K  template argument deduction/substitution failed:
[9.427s] [01m[K/home/toshie/Desktop/project/src/motor/src/main.cpp:15:13:[m[K [01;36m[Knote: [m[K  ‘[01m[Kstd::string[m[K’ {aka ‘[01m[Kstd::__cxx11::basic_string<char>[m[K’} is not derived from ‘[01m[Kconst __gnu_cxx::__normal_iterator<_Iterator, _Container>[m[K’
[9.432s]    15 |   if(msg == [01;36m[K'FWD'[m[K)
[9.433s]       |             [01;36m[K^~~~~[m[K
[9.434s] In file included from [01m[K/usr/include/x86_64-linux-gnu/c++/11/bits/c++allocator.h:33[m[K,
[9.436s]                  from [01m[K/usr/include/c++/11/bits/allocator.h:46[m[K,
[9.437s]                  from [01m[K/usr/include/c++/11/memory:64[m[K,
[9.438s]                  from [01m[K/home/toshie/Desktop/project/src/motor/src/main.cpp:4[m[K:
[9.439s] [01m[K/usr/include/c++/11/ext/new_allocator.h:183:9:[m[K [01;36m[Knote: [m[Kcandidate: ‘[01m[Ktemplate<class _Up> bool __gnu_cxx::operator==(const __gnu_cxx::new_allocator<char>&, const __gnu_cxx::new_allocator<_Tp>&)[m[K’
[9.441s]   183 |         [01;36m[Koperator[m[K==(const new_allocator&, const new_allocator<_Up>&)
[9.443s]       |         [01;36m[K^~~~~~~~[m[K
[9.443s] [01m[K/usr/include/c++/11/ext/new_allocator.h:183:9:[m[K [01;36m[Knote: [m[K  template argument deduction/substitution failed:
[9.447s] [01m[K/home/toshie/Desktop/project/src/motor/src/main.cpp:15:13:[m[K [01;36m[Knote: [m[K  mismatched types ‘[01m[Kconst __gnu_cxx::new_allocator<_Tp>[m[K’ and ‘[01m[Kint[m[K’
[9.447s]    15 |   if(msg == [01;36m[K'FWD'[m[K)
[9.448s]       |             [01;36m[K^~~~~[m[K
[9.448s] In file included from [01m[K/usr/include/c++/11/bits/stl_algobase.h:64[m[K,
[9.448s]                  from [01m[K/usr/include/c++/11/memory:63[m[K,
[9.453s]                  from [01m[K/home/toshie/Desktop/project/src/motor/src/main.cpp:4[m[K:
[9.454s] [01m[K/usr/include/c++/11/bits/stl_pair.h:466:5:[m[K [01;36m[Knote: [m[Kcandidate: ‘[01m[Ktemplate<class _T1, class _T2> constexpr bool std::operator==(const std::pair<_T1, _T2>&, const std::pair<_T1, _T2>&)[m[K’
[9.455s]   466 |     [01;36m[Koperator[m[K==(const pair<_T1, _T2>& __x, const pair<_T1, _T2>& __y)
[9.455s]       |     [01;36m[K^~~~~~~~[m[K
[9.456s] [01m[K/usr/include/c++/11/bits/stl_pair.h:466:5:[m[K [01;36m[Knote: [m[K  template argument deduction/substitution failed:
[9.456s] [01m[K/home/toshie/Desktop/project/src/motor/src/main.cpp:15:13:[m[K [01;36m[Knote: [m[K  ‘[01m[Kstd::string[m[K’ {aka ‘[01m[Kstd::__cxx11::basic_string<char>[m[K’} is not derived from ‘[01m[Kconst std::pair<_T1, _T2>[m[K’
[9.456s]    15 |   if(msg == [01;36m[K'FWD'[m[K)
[9.461s]       |             [01;36m[K^~~~~[m[K
[9.461s] In file included from [01m[K/usr/include/c++/11/bits/stl_algobase.h:67[m[K,
[9.461s]                  from [01m[K/usr/include/c++/11/memory:63[m[K,
[9.461s]                  from [01m[K/home/toshie/Desktop/project/src/motor/src/main.cpp:4[m[K:
[9.462s] [01m[K/usr/include/c++/11/bits/stl_iterator.h:420:5:[m[K [01;36m[Knote: [m[Kcandidate: ‘[01m[Ktemplate<class _Iterator> constexpr bool std::operator==(const std::reverse_iterator<_Iterator>&, const std::reverse_iterator<_Iterator>&)[m[K’
[9.462s]   420 |     [01;36m[Koperator[m[K==(const reverse_iterator<_Iterator>& __x,
[9.462s]       |     [01;36m[K^~~~~~~~[m[K
[9.467s] [01m[K/usr/include/c++/11/bits/stl_iterator.h:420:5:[m[K [01;36m[Knote: [m[K  template argument deduction/substitution failed:
[9.467s] [01m[K/home/toshie/Desktop/project/src/motor/src/main.cpp:15:13:[m[K [01;36m[Knote: [m[K  ‘[01m[Kstd::string[m[K’ {aka ‘[01m[Kstd::__cxx11::basic_string<char>[m[K’} is not derived from ‘[01m[Kconst std::reverse_iterator<_Iterator>[m[K’
[9.467s]    15 |   if(msg == [01;36m[K'FWD'[m[K)
[9.467s]       |             [01;36m[K^~~~~[m[K
[9.468s] In file included from [01m[K/usr/include/c++/11/bits/stl_algobase.h:67[m[K,
[9.468s]                  from [01m[K/usr/include/c++/11/memory:63[m[K,
[9.468s]                  from [01m[K/home/toshie/Desktop/project/src/motor/src/main.cpp:4[m[K:
[9.476s] [01m[K/usr/include/c++/11/bits/stl_iterator.h:459:5:[m[K [01;36m[Knote: [m[Kcandidate: ‘[01m[Ktemplate<class _IteratorL, class _IteratorR> constexpr bool std::operator==(const std::reverse_iterator<_Iterator>&, const std::reverse_iterator<_IteratorR>&)[m[K’
[9.476s]   459 |     [01;36m[Koperator[m[K==(const reverse_iterator<_IteratorL>& __x,
[9.477s]       |     [01;36m[K^~~~~~~~[m[K
[9.477s] [01m[K/usr/include/c++/11/bits/stl_iterator.h:459:5:[m[K [01;36m[Knote: [m[K  template argument deduction/substitution failed:
[9.477s] [01m[K/home/toshie/Desktop/project/src/motor/src/main.cpp:15:13:[m[K [01;36m[Knote: [m[K  ‘[01m[Kstd::string[m[K’ {aka ‘[01m[Kstd::__cxx11::basic_string<char>[m[K’} is not derived from ‘[01m[Kconst std::reverse_iterator<_Iterator>[m[K’
[9.481s]    15 |   if(msg == [01;36m[K'FWD'[m[K)
[9.481s]       |             [01;36m[K^~~~~[m[K
[9.481s] In file included from [01m[K/usr/include/c++/11/bits/stl_algobase.h:67[m[K,
[9.484s]                  from [01m[K/usr/include/c++/11/memory:63[m[K,
[9.485s]                  from [01m[K/home/toshie/Desktop/project/src/motor/src/main.cpp:4[m[K:
[9.485s] [01m[K/usr/include/c++/11/bits/stl_iterator.h:1585:5:[m[K [01;36m[Knote: [m[Kcandidate: ‘[01m[Ktemplate<class _IteratorL, class _IteratorR> constexpr bool std::operator==(const std::move_iterator<_IteratorL>&, const std::move_iterator<_IteratorR>&)[m[K’
[9.487s]  1585 |     [01;36m[Koperator[m[K==(const move_iterator<_IteratorL>& __x,
[9.488s]       |     [01;36m[K^~~~~~~~[m[K
[9.488s] [01m[K/usr/include/c++/11/bits/stl_iterator.h:1585:5:[m[K [01;36m[Knote: [m[K  template argument deduction/substitution failed:
[9.488s] [01m[K/home/toshie/Desktop/project/src/motor/src/main.cpp:15:13:[m[K [01;36m[Knote: [m[K  ‘[01m[Kstd::string[m[K’ {aka ‘[01m[Kstd::__cxx11::basic_string<char>[m[K’} is not derived from ‘[01m[Kconst std::move_iterator<_IteratorL>[m[K’
[9.489s]    15 |   if(msg == [01;36m[K'FWD'[m[K)
[9.489s]       |             [01;36m[K^~~~~[m[K
[9.489s] In file included from [01m[K/usr/include/c++/11/bits/stl_algobase.h:67[m[K,
[9.494s]                  from [01m[K/usr/include/c++/11/memory:63[m[K,
[9.494s]                  from [01m[K/home/toshie/Desktop/project/src/motor/src/main.cpp:4[m[K:
[9.494s] [01m[K/usr/include/c++/11/bits/stl_iterator.h:1648:5:[m[K [01;36m[Knote: [m[Kcandidate: ‘[01m[Ktemplate<class _Iterator> constexpr bool std::operator==(const std::move_iterator<_IteratorL>&, const std::move_iterator<_IteratorL>&)[m[K’
[9.495s]  1648 |     [01;36m[Koperator[m[K==(const move_iterator<_Iterator>& __x,
[9.495s]       |     [01;36m[K^~~~~~~~[m[K
[9.495s] [01m[K/usr/include/c++/11/bits/stl_iterator.h:1648:5:[m[K [01;36m[Knote: [m[K  template argument deduction/substitution failed:
[9.499s] [01m[K/home/toshie/Desktop/project/src/motor/src/main.cpp:15:13:[m[K [01;36m[Knote: [m[K  ‘[01m[Kstd::string[m[K’ {aka ‘[01m[Kstd::__cxx11::basic_string<char>[m[K’} is not derived from ‘[01m[Kconst std::move_iterator<_IteratorL>[m[K’
[9.500s]    15 |   if(msg == [01;36m[K'FWD'[m[K)
[9.500s]       |             [01;36m[K^~~~~[m[K
[9.500s] In file included from [01m[K/usr/include/c++/11/memory:64[m[K,
[9.501s]                  from [01m[K/home/toshie/Desktop/project/src/motor/src/main.cpp:4[m[K:
[9.501s] [01m[K/usr/include/c++/11/bits/allocator.h:218:5:[m[K [01;36m[Knote: [m[Kcandidate: ‘[01m[Ktemplate<class _T1, class _T2> bool std::operator==(const std::allocator<_Tp1>&, const std::allocator<_T2>&)[m[K’
[9.501s]   218 |     [01;36m[Koperator[m[K==(const allocator<_T1>&, const allocator<_T2>&)
[9.501s]       |     [01;36m[K^~~~~~~~[m[K
[9.505s] [01m[K/usr/include/c++/11/bits/allocator.h:218:5:[m[K [01;36m[Knote: [m[K  template argument deduction/substitution failed:
[9.508s] [01m[K/home/toshie/Desktop/project/src/motor/src/main.cpp:15:13:[m[K [01;36m[Knote: [m[K  ‘[01m[Kstd::string[m[K’ {aka ‘[01m[Kstd::__cxx11::basic_string<char>[m[K’} is not derived from ‘[01m[Kconst std::allocator<_Tp1>[m[K’
[9.509s]    15 |   if(msg == [01;36m[K'FWD'[m[K)
[9.509s]       |             [01;36m[K^~~~~[m[K
[9.512s] In file included from [01m[K/usr/include/c++/11/tuple:39[m[K,
[9.512s]                  from [01m[K/usr/include/c++/11/bits/unique_ptr.h:37[m[K,
[9.512s]                  from [01m[K/usr/include/c++/11/memory:76[m[K,
[9.513s]                  from [01m[K/home/toshie/Desktop/project/src/motor/src/main.cpp:4[m[K:
[9.513s] [01m[K/usr/include/c++/11/array:276:5:[m[K [01;36m[Knote: [m[Kcandidate: ‘[01m[Ktemplate<class _Tp, long unsigned int _Nm> bool std::operator==(const std::array<_Tp, _Nm>&, const std::array<_Tp, _Nm>&)[m[K’
[9.513s]   276 |     [01;36m[Koperator[m[K==(const array<_Tp, _Nm>& __one, const array<_Tp, _Nm>& __two)
[9.517s]       |     [01;36m[K^~~~~~~~[m[K
[9.518s] [01m[K/usr/include/c++/11/array:276:5:[m[K [01;36m[Knote: [m[K  template argument deduction/substitution failed:
[9.518s] [01m[K/home/toshie/Desktop/project/src/motor/src/main.cpp:15:13:[m[K [01;36m[Knote: [m[K  ‘[01m[Kstd::string[m[K’ {aka ‘[01m[Kstd::__cxx11::basic_string<char>[m[K’} is not derived from ‘[01m[Kconst std::array<_Tp, _Nm>[m[K’
[9.518s]    15 |   if(msg == [01;36m[K'FWD'[m[K)
[9.519s]       |             [01;36m[K^~~~~[m[K
[9.519s] In file included from [01m[K/usr/include/c++/11/bits/unique_ptr.h:37[m[K,
[9.519s]                  from [01m[K/usr/include/c++/11/memory:76[m[K,
[9.523s]                  from [01m[K/home/toshie/Desktop/project/src/motor/src/main.cpp:4[m[K:
[9.523s] [01m[K/usr/include/c++/11/tuple:1524:5:[m[K [01;36m[Knote: [m[Kcandidate: ‘[01m[Ktemplate<class ... _TElements, class ... _UElements> constexpr bool std::operator==(const std::tuple<_Tps ...>&, const std::tuple<_UTypes ...>&)[m[K’
[9.523s]  1524 |     [01;36m[Koperator[m[K==(const tuple<_TElements...>& __t,
[9.523s]       |     [01;36m[K^~~~~~~~[m[K
[9.524s] [01m[K/usr/include/c++/11/tuple:1524:5:[m[K [01;36m[Knote: [m[K  template argument deduction/substitution failed:
[9.524s] [01m[K/home/toshie/Desktop/project/src/motor/src/main.cpp:15:13:[m[K [01;36m[Knote: [m[K  ‘[01m[Kstd::string[m[K’ {aka ‘[01m[Kstd::__cxx11::basic_string<char>[m[K’} is not derived from ‘[01m[Kconst std::tuple<_Tps ...>[m[K’
[9.524s]    15 |   if(msg == [01;36m[K'FWD'[m[K)
[9.530s]       |             [01;36m[K^~~~~[m[K
[9.530s] In file included from [01m[K/usr/include/c++/11/memory:76[m[K,
[9.533s]                  from [01m[K/home/toshie/Desktop/project/src/motor/src/main.cpp:4[m[K:
[9.533s] [01m[K/usr/include/c++/11/bits/unique_ptr.h:753:5:[m[K [01;36m[Knote: [m[Kcandidate: ‘[01m[Ktemplate<class _Tp, class _Dp, class _Up, class _Ep> bool std::operator==(const std::unique_ptr<_Tp, _Dp>&, const std::unique_ptr<_Up, _Ep>&)[m[K’
[9.533s]   753 |     [01;36m[Koperator[m[K==(const unique_ptr<_Tp, _Dp>& __x,
[9.536s]       |     [01;36m[K^~~~~~~~[m[K
[9.536s] [01m[K/usr/include/c++/11/bits/unique_ptr.h:753:5:[m[K [01;36m[Knote: [m[K  template argument deduction/substitution failed:
[9.536s] [01m[K/home/toshie/Desktop/project/src/motor/src/main.cpp:15:13:[m[K [01;36m[Knote: [m[K  ‘[01m[Kstd::string[m[K’ {aka ‘[01m[Kstd::__cxx11::basic_string<char>[m[K’} is not derived from ‘[01m[Kconst std::unique_ptr<_Tp, _Dp>[m[K’
[9.537s]    15 |   if(msg == [01;36m[K'FWD'[m[K)
[9.537s]       |             [01;36m[K^~~~~[m[K
[9.537s] In file included from [01m[K/usr/include/c++/11/memory:76[m[K,
[9.541s]                  from [01m[K/home/toshie/Desktop/project/src/motor/src/main.cpp:4[m[K:
[9.541s] [01m[K/usr/include/c++/11/bits/unique_ptr.h:760:5:[m[K [01;36m[Knote: [m[Kcandidate: ‘[01m[Ktemplate<class _Tp, class _Dp> bool std::operator==(const std::unique_ptr<_Tp, _Dp>&, std::nullptr_t)[m[K’
[9.541s]   760 |     [01;36m[Koperator[m[K==(const unique_ptr<_Tp, _Dp>& __x, nullptr_t) noexcept
[9.541s]       |     [01;36m[K^~~~~~~~[m[K
[9.541s] [01m[K/usr/include/c++/11/bits/unique_ptr.h:760:5:[m[K [01;36m[Knote: [m[K  template argument deduction/substitution failed:
[9.542s] [01m[K/home/toshie/Desktop/project/src/motor/src/main.cpp:15:13:[m[K [01;36m[Knote: [m[K  ‘[01m[Kstd::string[m[K’ {aka ‘[01m[Kstd::__cxx11::basic_string<char>[m[K’} is not derived from ‘[01m[Kconst std::unique_ptr<_Tp, _Dp>[m[K’
[9.542s]    15 |   if(msg == [01;36m[K'FWD'[m[K)
[9.542s]       |             [01;36m[K^~~~~[m[K
[9.542s] In file included from [01m[K/usr/include/c++/11/memory:76[m[K,
[9.544s]                  from [01m[K/home/toshie/Desktop/project/src/motor/src/main.cpp:4[m[K:
[9.545s] [01m[K/usr/include/c++/11/bits/unique_ptr.h:767:5:[m[K [01;36m[Knote: [m[Kcandidate: ‘[01m[Ktemplate<class _Tp, class _Dp> bool std::operator==(std::nullptr_t, const std::unique_ptr<_Tp, _Dp>&)[m[K’
[9.545s]   767 |     [01;36m[Koperator[m[K==(nullptr_t, const unique_ptr<_Tp, _Dp>& __x) noexcept
[9.545s]       |     [01;36m[K^~~~~~~~[m[K
[9.545s] [01m[K/usr/include/c++/11/bits/unique_ptr.h:767:5:[m[K [01;36m[Knote: [m[K  template argument deduction/substitution failed:
[9.546s] [01m[K/home/toshie/Desktop/project/src/motor/src/main.cpp:15:13:[m[K [01;36m[Knote: [m[K  mismatched types ‘[01m[Kconst std::unique_ptr<_Tp, _Dp>[m[K’ and ‘[01m[Kint[m[K’
[9.546s]    15 |   if(msg == [01;36m[K'FWD'[m[K)
[9.546s]       |             [01;36m[K^~~~~[m[K
[9.547s] In file included from [01m[K/usr/include/c++/11/iosfwd:40[m[K,
[9.550s]                  from [01m[K/usr/include/c++/11/bits/shared_ptr.h:52[m[K,
[9.550s]                  from [01m[K/usr/include/c++/11/memory:77[m[K,
[9.550s]                  from [01m[K/home/toshie/Desktop/project/src/motor/src/main.cpp:4[m[K:
[9.550s] [01m[K/usr/include/c++/11/bits/postypes.h:222:5:[m[K [01;36m[Knote: [m[Kcandidate: ‘[01m[Ktemplate<class _StateT> bool std::operator==(const std::fpos<_StateT>&, const std::fpos<_StateT>&)[m[K’
[9.551s]   222 |     [01;36m[Koperator[m[K==(const fpos<_StateT>& __lhs, const fpos<_StateT>& __rhs)
[9.551s]       |     [01;36m[K^~~~~~~~[m[K
[9.551s] [01m[K/usr/include/c++/11/bits/postypes.h:222:5:[m[K [01;36m[Knote: [m[K  template argument deduction/substitution failed:
[9.551s] [01m[K/home/toshie/Desktop/project/src/motor/src/main.cpp:15:13:[m[K [01;36m[Knote: [m[K  ‘[01m[Kstd::string[m[K’ {aka ‘[01m[Kstd::__cxx11::basic_string<char>[m[K’} is not derived from ‘[01m[Kconst std::fpos<_StateT>[m[K’
[9.554s]    15 |   if(msg == [01;36m[K'FWD'[m[K)
[9.554s]       |             [01;36m[K^~~~~[m[K
[9.554s] In file included from [01m[K/usr/include/c++/11/bits/shared_ptr.h:53[m[K,
[9.554s]                  from [01m[K/usr/include/c++/11/memory:77[m[K,
[9.554s]                  from [01m[K/home/toshie/Desktop/project/src/motor/src/main.cpp:4[m[K:
[9.555s] [01m[K/usr/include/c++/11/bits/shared_ptr_base.h:1410:5:[m[K [01;36m[Knote: [m[Kcandidate: ‘[01m[Ktemplate<class _Tp1, class _Tp2, __gnu_cxx::_Lock_policy _Lp> bool std::operator==(const std::__shared_ptr<_Tp1, _Lp>&, const std::__shared_ptr<_Tp2, _Lp>&)[m[K’
[9.555s]  1410 |     [01;36m[Koperator[m[K==(const __shared_ptr<_Tp1, _Lp>& __a,
[9.555s]       |     [01;36m[K^~~~~~~~[m[K
[9.557s] [01m[K/usr/include/c++/11/bits/shared_ptr_base.h:1410:5:[m[K [01;36m[Knote: [m[K  template argument deduction/substitution failed:
[9.558s] [01m[K/home/toshie/Desktop/project/src/motor/src/main.cpp:15:13:[m[K [01;36m[Knote: [m[K  ‘[01m[Kstd::string[m[K’ {aka ‘[01m[Kstd::__cxx11::basic_string<char>[m[K’} is not derived from ‘[01m[Kconst std::__shared_ptr<_Tp1, _Lp>[m[K’
[9.558s]    15 |   if(msg == [01;36m[K'FWD'[m[K)
[9.559s]       |             [01;36m[K^~~~~[m[K
[9.559s] In file included from [01m[K/usr/include/c++/11/bits/shared_ptr.h:53[m[K,
[9.559s]                  from [01m[K/usr/include/c++/11/memory:77[m[K,
[9.559s]                  from [01m[K/home/toshie/Desktop/project/src/motor/src/main.cpp:4[m[K:
[9.559s] [01m[K/usr/include/c++/11/bits/shared_ptr_base.h:1416:5:[m[K [01;36m[Knote: [m[Kcandidate: ‘[01m[Ktemplate<class _Tp, __gnu_cxx::_Lock_policy _Lp> bool std::operator==(const std::__shared_ptr<_Tp, _Lp>&, std::nullptr_t)[m[K’
[9.559s]  1416 |     [01;36m[Koperator[m[K==(const __shared_ptr<_Tp, _Lp>& __a, nullptr_t) noexcept
[9.560s]       |     [01;36m[K^~~~~~~~[m[K
[9.560s] [01m[K/usr/include/c++/11/bits/shared_ptr_base.h:1416:5:[m[K [01;36m[Knote: [m[K  template argument deduction/substitution failed:
[9.560s] [01m[K/home/toshie/Desktop/project/src/motor/src/main.cpp:15:13:[m[K [01;36m[Knote: [m[K  ‘[01m[Kstd::string[m[K’ {aka ‘[01m[Kstd::__cxx11::basic_string<char>[m[K’} is not derived from ‘[01m[Kconst std::__shared_ptr<_Tp, _Lp>[m[K’
[9.560s]    15 |   if(msg == [01;36m[K'FWD'[m[K)
[9.560s]       |             [01;36m[K^~~~~[m[K
[9.561s] In file included from [01m[K/usr/include/c++/11/bits/shared_ptr.h:53[m[K,
[9.561s]                  from [01m[K/usr/include/c++/11/memory:77[m[K,
[9.561s]                  from [01m[K/home/toshie/Desktop/project/src/motor/src/main.cpp:4[m[K:
[9.561s] [01m[K/usr/include/c++/11/bits/shared_ptr_base.h:1436:5:[m[K [01;36m[Knote: [m[Kcandidate: ‘[01m[Ktemplate<class _Tp, __gnu_cxx::_Lock_policy _Lp> bool std::operator==(std::nullptr_t, const std::__shared_ptr<_Tp, _Lp>&)[m[K’
[9.563s]  1436 |     [01;36m[Koperator[m[K==(nullptr_t, const __shared_ptr<_Tp, _Lp>& __a) noexcept
[9.564s]       |     [01;36m[K^~~~~~~~[m[K
[9.564s] [01m[K/usr/include/c++/11/bits/shared_ptr_base.h:1436:5:[m[K [01;36m[Knote: [m[K  template argument deduction/substitution failed:
[9.564s] [01m[K/home/toshie/Desktop/project/src/motor/src/main.cpp:15:13:[m[K [01;36m[Knote: [m[K  mismatched types ‘[01m[Kconst std::__shared_ptr<_Tp, _Lp>[m[K’ and ‘[01m[Kint[m[K’
[9.564s]    15 |   if(msg == [01;36m[K'FWD'[m[K)
[9.565s]       |             [01;36m[K^~~~~[m[K
[9.565s] In file included from [01m[K/usr/include/c++/11/memory:77[m[K,
[9.565s]                  from [01m[K/home/toshie/Desktop/project/src/motor/src/main.cpp:4[m[K:
[9.565s] [01m[K/usr/include/c++/11/bits/shared_ptr.h:437:5:[m[K [01;36m[Knote: [m[Kcandidate: ‘[01m[Ktemplate<class _Tp, class _Up> bool std::operator==(const std::shared_ptr<_Tp>&, const std::shared_ptr<_Tp>&)[m[K’
[9.567s]   437 |     [01;36m[Koperator[m[K==(const shared_ptr<_Tp>& __a, const shared_ptr<_Up>& __b) noexcept
[9.568s]       |     [01;36m[K^~~~~~~~[m[K
[9.568s] [01m[K/usr/include/c++/11/bits/shared_ptr.h:437:5:[m[K [01;36m[Knote: [m[K  template argument deduction/substitution failed:
[9.568s] [01m[K/home/toshie/Desktop/project/src/motor/src/main.cpp:15:13:[m[K [01;36m[Knote: [m[K  ‘[01m[Kstd::string[m[K’ {aka ‘[01m[Kstd::__cxx11::basic_string<char>[m[K’} is not derived from ‘[01m[Kconst std::shared_ptr<_Tp>[m[K’
[9.568s]    15 |   if(msg == [01;36m[K'FWD'[m[K)
[9.569s]       |             [01;36m[K^~~~~[m[K
[9.569s] In file included from [01m[K/usr/include/c++/11/memory:77[m[K,
[9.569s]                  from [01m[K/home/toshie/Desktop/project/src/motor/src/main.cpp:4[m[K:
[9.569s] [01m[K/usr/include/c++/11/bits/shared_ptr.h:443:5:[m[K [01;36m[Knote: [m[Kcandidate: ‘[01m[Ktemplate<class _Tp> bool std::operator==(const std::shared_ptr<_Tp>&, std::nullptr_t)[m[K’
[9.571s]   443 |     [01;36m[Koperator[m[K==(const shared_ptr<_Tp>& __a, nullptr_t) noexcept
[9.572s]       |     [01;36m[K^~~~~~~~[m[K
[9.572s] [01m[K/usr/include/c++/11/bits/shared_ptr.h:443:5:[m[K [01;36m[Knote: [m[K  template argument deduction/substitution failed:
[9.572s] [01m[K/home/toshie/Desktop/project/src/motor/src/main.cpp:15:13:[m[K [01;36m[Knote: [m[K  ‘[01m[Kstd::string[m[K’ {aka ‘[01m[Kstd::__cxx11::basic_string<char>[m[K’} is not derived from ‘[01m[Kconst std::shared_ptr<_Tp>[m[K’
[9.572s]    15 |   if(msg == [01;36m[K'FWD'[m[K)
[9.572s]       |             [01;36m[K^~~~~[m[K
[9.573s] In file included from [01m[K/usr/include/c++/11/memory:77[m[K,
[9.573s]                  from [01m[K/home/toshie/Desktop/project/src/motor/src/main.cpp:4[m[K:
[9.573s] [01m[K/usr/include/c++/11/bits/shared_ptr.h:464:5:[m[K [01;36m[Knote: [m[Kcandidate: ‘[01m[Ktemplate<class _Tp> bool std::operator==(std::nullptr_t, const std::shared_ptr<_Tp>&)[m[K’
[9.579s]   464 |     [01;36m[Koperator[m[K==(nullptr_t, const shared_ptr<_Tp>& __a) noexcept
[9.579s]       |     [01;36m[K^~~~~~~~[m[K
[9.579s] [01m[K/usr/include/c++/11/bits/shared_ptr.h:464:5:[m[K [01;36m[Knote: [m[K  template argument deduction/substitution failed:
[9.582s] [01m[K/home/toshie/Desktop/project/src/motor/src/main.cpp:15:13:[m[K [01;36m[Knote: [m[K  mismatched types ‘[01m[Kconst std::shared_ptr<_Tp>[m[K’ and ‘[01m[Kint[m[K’
[9.583s]    15 |   if(msg == [01;36m[K'FWD'[m[K)
[9.583s]       |             [01;36m[K^~~~~[m[K
[9.583s] In file included from [01m[K/usr/include/c++/11/bits/basic_string.h:48[m[K,
[9.583s]                  from [01m[K/usr/include/c++/11/string:55[m[K,
[9.583s]                  from [01m[K/home/toshie/Desktop/project/src/motor/src/main.cpp:5[m[K:
[9.584s] [01m[K/usr/include/c++/11/string_view:535:5:[m[K [01;36m[Knote: [m[Kcandidate: ‘[01m[Ktemplate<class _CharT, class _Traits> constexpr bool std::operator==(std::basic_string_view<_CharT, _Traits>, std::basic_string_view<_CharT, _Traits>)[m[K’
[9.584s]   535 |     [01;36m[Koperator[m[K==(basic_string_view<_CharT, _Traits> __x,
[9.584s]       |     [01;36m[K^~~~~~~~[m[K
[9.584s] [01m[K/usr/include/c++/11/string_view:535:5:[m[K [01;36m[Knote: [m[K  template argument deduction/substitution failed:
[9.584s] [01m[K/home/toshie/Desktop/project/src/motor/src/main.cpp:15:13:[m[K [01;36m[Knote: [m[K  ‘[01m[Kstd::__cxx11::basic_string<char>[m[K’ is not derived from ‘[01m[Kstd::basic_string_view<_CharT, _Traits>[m[K’
[9.585s]    15 |   if(msg == [01;36m[K'FWD'[m[K)
[9.585s]       |             [01;36m[K^~~~~[m[K
[9.585s] In file included from [01m[K/usr/include/c++/11/bits/basic_string.h:48[m[K,
[9.585s]                  from [01m[K/usr/include/c++/11/string:55[m[K,
[9.587s]                  from [01m[K/home/toshie/Desktop/project/src/motor/src/main.cpp:5[m[K:
[9.588s] [01m[K/usr/include/c++/11/string_view:541:5:[m[K [01;36m[Knote: [m[Kcandidate: ‘[01m[Ktemplate<class _CharT, class _Traits> constexpr bool std::operator==(std::basic_string_view<_CharT, _Traits>, std::__type_identity_t<std::basic_string_view<_CharT, _Traits> >)[m[K’
[9.588s]   541 |     [01;36m[Koperator[m[K==(basic_string_view<_CharT, _Traits> __x,
[9.588s]       |     [01;36m[K^~~~~~~~[m[K
[9.588s] [01m[K/usr/include/c++/11/string_view:541:5:[m[K [01;36m[Knote: [m[K  template argument deduction/substitution failed:
[9.589s] [01m[K/home/toshie/Desktop/project/src/motor/src/main.cpp:15:13:[m[K [01;36m[Knote: [m[K  ‘[01m[Kstd::__cxx11::basic_string<char>[m[K’ is not derived from ‘[01m[Kstd::basic_string_view<_CharT, _Traits>[m[K’
[9.589s]    15 |   if(msg == [01;36m[K'FWD'[m[K)
[9.589s]       |             [01;36m[K^~~~~[m[K
[9.589s] In file included from [01m[K/usr/include/c++/11/bits/basic_string.h:48[m[K,
[9.591s]                  from [01m[K/usr/include/c++/11/string:55[m[K,
[9.592s]                  from [01m[K/home/toshie/Desktop/project/src/motor/src/main.cpp:5[m[K:
[9.592s] [01m[K/usr/include/c++/11/string_view:564:5:[m[K [01;36m[Knote: [m[Kcandidate: ‘[01m[Ktemplate<class _CharT, class _Traits> constexpr bool std::operator==(std::__type_identity_t<std::basic_string_view<_CharT, _Traits> >, std::basic_string_view<_CharT, _Traits>)[m[K’
[9.594s]   564 |     [01;36m[Koperator[m[K==(__type_identity_t<basic_string_view<_CharT, _Traits>> __x,
[9.594s]       |     [01;36m[K^~~~~~~~[m[K
[9.594s] [01m[K/usr/include/c++/11/string_view:564:5:[m[K [01;36m[Knote: [m[K  template argument deduction/substitution failed:
[9.595s] [01m[K/home/toshie/Desktop/project/src/motor/src/main.cpp:15:13:[m[K [01;36m[Knote: [m[K  mismatched types ‘[01m[Kstd::basic_string_view<_CharT, _Traits>[m[K’ and ‘[01m[Kint[m[K’
[9.595s]    15 |   if(msg == [01;36m[K'FWD'[m[K)
[9.595s]       |             [01;36m[K^~~~~[m[K
[9.601s] In file included from [01m[K/usr/include/c++/11/string:55[m[K,
[9.601s]                  from [01m[K/home/toshie/Desktop/project/src/motor/src/main.cpp:5[m[K:
[9.601s] [01m[K/usr/include/c++/11/bits/basic_string.h:6226:5:[m[K [01;36m[Knote: [m[Kcandidate: ‘[01m[Ktemplate<class _CharT, class _Traits, class _Alloc> bool std::operator==(const std::__cxx11::basic_string<_CharT, _Traits, _Allocator>&, const std::__cxx11::basic_string<_CharT, _Traits, _Allocator>&)[m[K’
[9.602s]  6226 |     [01;36m[Koperator[m[K==(const basic_string<_CharT, _Traits, _Alloc>& __lhs,
[9.602s]       |     [01;36m[K^~~~~~~~[m[K
[9.602s] [01m[K/usr/include/c++/11/bits/basic_string.h:6226:5:[m[K [01;36m[Knote: [m[K  template argument deduction/substitution failed:
[9.602s] [01m[K/home/toshie/Desktop/project/src/motor/src/main.cpp:15:13:[m[K [01;36m[Knote: [m[K  mismatched types ‘[01m[Kconst std::__cxx11::basic_string<_CharT, _Traits, _Allocator>[m[K’ and ‘[01m[Kint[m[K’
[9.602s]    15 |   if(msg == [01;36m[K'FWD'[m[K)
[9.603s]       |             [01;36m[K^~~~~[m[K
[9.603s] In file included from [01m[K/usr/include/c++/11/string:55[m[K,
[9.603s]                  from [01m[K/home/toshie/Desktop/project/src/motor/src/main.cpp:5[m[K:
[9.603s] [01m[K/usr/include/c++/11/bits/basic_string.h:6234:5:[m[K [01;36m[Knote: [m[Kcandidate: ‘[01m[Ktemplate<class _CharT> typename __gnu_cxx::__enable_if<std::__is_char<_Tp>::__value, bool>::__type std::operator==(const std::__cxx11::basic_string<_CharT>&, const std::__cxx11::basic_string<_CharT>&)[m[K’
[9.603s]  6234 |     [01;36m[Koperator[m[K==(const basic_string<_CharT>& __lhs,
[9.604s]       |     [01;36m[K^~~~~~~~[m[K
[9.604s] [01m[K/usr/include/c++/11/bits/basic_string.h:6234:5:[m[K [01;36m[Knote: [m[K  template argument deduction/substitution failed:
[9.606s] [01m[K/home/toshie/Desktop/project/src/motor/src/main.cpp:15:13:[m[K [01;36m[Knote: [m[K  mismatched types ‘[01m[Kconst std::__cxx11::basic_string<_CharT>[m[K’ and ‘[01m[Kint[m[K’
[9.607s]    15 |   if(msg == [01;36m[K'FWD'[m[K)
[9.607s]       |             [01;36m[K^~~~~[m[K
[9.607s] In file included from [01m[K/usr/include/c++/11/string:55[m[K,
[9.607s]                  from [01m[K/home/toshie/Desktop/project/src/motor/src/main.cpp:5[m[K:
[9.608s] [01m[K/usr/include/c++/11/bits/basic_string.h:6248:5:[m[K [01;36m[Knote: [m[Kcandidate: ‘[01m[Ktemplate<class _CharT, class _Traits, class _Alloc> bool std::operator==(const std::__cxx11::basic_string<_CharT, _Traits, _Allocator>&, const _CharT*)[m[K’
[9.608s]  6248 |     [01;36m[Koperator[m[K==(const basic_string<_CharT, _Traits, _Alloc>& __lhs,
[9.608s]       |     [01;36m[K^~~~~~~~[m[K
[9.608s] [01m[K/usr/include/c++/11/bits/basic_string.h:6248:5:[m[K [01;36m[Knote: [m[K  template argument deduction/substitution failed:
[9.609s] [01m[K/home/toshie/Desktop/project/src/motor/src/main.cpp:15:13:[m[K [01;36m[Knote: [m[K  mismatched types ‘[01m[Kconst _CharT*[m[K’ and ‘[01m[Kint[m[K’
[9.610s]    15 |   if(msg == [01;36m[K'FWD'[m[K)
[9.610s]       |             [01;36m[K^~~~~[m[K
[9.610s] In file included from [01m[K/usr/include/c++/11/string:55[m[K,
[9.610s]                  from [01m[K/home/toshie/Desktop/project/src/motor/src/main.cpp:5[m[K:
[9.610s] [01m[K/usr/include/c++/11/bits/basic_string.h:6289:5:[m[K [01;36m[Knote: [m[Kcandidate: ‘[01m[Ktemplate<class _CharT, class _Traits, class _Alloc> bool std::operator==(const _CharT*, const std::__cxx11::basic_string<_CharT, _Traits, _Allocator>&)[m[K’
[9.611s]  6289 |     [01;36m[Koperator[m[K==(const _CharT* __lhs,
[9.611s]       |     [01;36m[K^~~~~~~~[m[K
[9.611s] [01m[K/usr/include/c++/11/bits/basic_string.h:6289:5:[m[K [01;36m[Knote: [m[K  template argument deduction/substitution failed:
[9.614s] [01m[K/home/toshie/Desktop/project/src/motor/src/main.cpp:15:13:[m[K [01;36m[Knote: [m[K  mismatched types ‘[01m[Kconst _CharT*[m[K’ and ‘[01m[Kstd::__cxx11::basic_string<char>[m[K’
[9.615s]    15 |   if(msg == [01;36m[K'FWD'[m[K)
[9.615s]       |             [01;36m[K^~~~~[m[K
[9.615s] In file included from [01m[K/usr/include/c++/11/bits/locale_facets.h:48[m[K,
[9.615s]                  from [01m[K/usr/include/c++/11/bits/basic_ios.h:37[m[K,
[9.615s]                  from [01m[K/usr/include/c++/11/ios:44[m[K,
[9.616s]                  from [01m[K/usr/include/c++/11/istream:38[m[K,
[9.616s]                  from [01m[K/usr/include/c++/11/sstream:38[m[K,
[9.616s]                  from [01m[K/usr/include/c++/11/complex:45[m[K,
[9.616s]                  from [01m[K/usr/include/c++/11/ccomplex:39[m[K,
[9.618s]                  from [01m[K/usr/include/x86_64-linux-gnu/c++/11/bits/stdc++.h:54[m[K,
[9.619s]                  from [01m[K/home/toshie/Desktop/project/src/motor/src/main.cpp:6[m[K:
[9.619s] [01m[K/usr/include/c++/11/bits/streambuf_iterator.h:226:5:[m[K [01;36m[Knote: [m[Kcandidate: ‘[01m[Ktemplate<class _CharT, class _Traits> bool std::operator==(const std::istreambuf_iterator<_CharT, _Traits>&, const std::istreambuf_iterator<_CharT, _Traits>&)[m[K’
[9.619s]   226 |     [01;36m[Koperator[m[K==(const istreambuf_iterator<_CharT, _Traits>& __a,
[9.619s]       |     [01;36m[K^~~~~~~~[m[K
[9.620s] [01m[K/usr/include/c++/11/bits/streambuf_iterator.h:226:5:[m[K [01;36m[Knote: [m[K  template argument deduction/substitution failed:
[9.620s] [01m[K/home/toshie/Desktop/project/src/motor/src/main.cpp:15:13:[m[K [01;36m[Knote: [m[K  ‘[01m[Kstd::string[m[K’ {aka ‘[01m[Kstd::__cxx11::basic_string<char>[m[K’} is not derived from ‘[01m[Kconst std::istreambuf_iterator<_CharT, _Traits>[m[K’
[9.620s]    15 |   if(msg == [01;36m[K'FWD'[m[K)
[9.620s]       |             [01;36m[K^~~~~[m[K
[9.622s] In file included from [01m[K/usr/include/c++/11/ccomplex:39[m[K,
[9.623s]                  from [01m[K/usr/include/x86_64-linux-gnu/c++/11/bits/stdc++.h:54[m[K,
[9.623s]                  from [01m[K/home/toshie/Desktop/project/src/motor/src/main.cpp:6[m[K:
[9.623s] [01m[K/usr/include/c++/11/complex:464:5:[m[K [01;36m[Knote: [m[Kcandidate: ‘[01m[Ktemplate<class _Tp> constexpr bool std::operator==(const std::complex<_Tp>&, const std::complex<_Tp>&)[m[K’
[9.623s]   464 |     [01;36m[Koperator[m[K==(const complex<_Tp>& __x, const complex<_Tp>& __y)
[9.624s]       |     [01;36m[K^~~~~~~~[m[K
[9.624s] [01m[K/usr/include/c++/11/complex:464:5:[m[K [01;36m[Knote: [m[K  template argument deduction/substitution failed:
[9.624s] [01m[K/home/toshie/Desktop/project/src/motor/src/main.cpp:15:13:[m[K [01;36m[Knote: [m[K  ‘[01m[Kstd::string[m[K’ {aka ‘[01m[Kstd::__cxx11::basic_string<char>[m[K’} is not derived from ‘[01m[Kconst std::complex<_Tp>[m[K’
[9.624s]    15 |   if(msg == [01;36m[K'FWD'[m[K)
[9.626s]       |             [01;36m[K^~~~~[m[K
[9.627s] In file included from [01m[K/usr/include/c++/11/ccomplex:39[m[K,
[9.627s]                  from [01m[K/usr/include/x86_64-linux-gnu/c++/11/bits/stdc++.h:54[m[K,
[9.627s]                  from [01m[K/home/toshie/Desktop/project/src/motor/src/main.cpp:6[m[K:
[9.627s] [01m[K/usr/include/c++/11/complex:469:5:[m[K [01;36m[Knote: [m[Kcandidate: ‘[01m[Ktemplate<class _Tp> constexpr bool std::operator==(const std::complex<_Tp>&, const _Tp&)[m[K’
[9.627s]   469 |     [01;36m[Koperator[m[K==(const complex<_Tp>& __x, const _Tp& __y)
[9.628s]       |     [01;36m[K^~~~~~~~[m[K
[9.628s] [01m[K/usr/include/c++/11/complex:469:5:[m[K [01;36m[Knote: [m[K  template argument deduction/substitution failed:
[9.628s] [01m[K/home/toshie/Desktop/project/src/motor/src/main.cpp:15:13:[m[K [01;36m[Knote: [m[K  ‘[01m[Kstd::string[m[K’ {aka ‘[01m[Kstd::__cxx11::basic_string<char>[m[K’} is not derived from ‘[01m[Kconst std::complex<_Tp>[m[K’
[9.630s]    15 |   if(msg == [01;36m[K'FWD'[m[K)
[9.631s]       |             [01;36m[K^~~~~[m[K
[9.631s] In file included from [01m[K/usr/include/c++/11/ccomplex:39[m[K,
[9.631s]                  from [01m[K/usr/include/x86_64-linux-gnu/c++/11/bits/stdc++.h:54[m[K,
[9.631s]                  from [01m[K/home/toshie/Desktop/project/src/motor/src/main.cpp:6[m[K:
[9.632s] [01m[K/usr/include/c++/11/complex:475:5:[m[K [01;36m[Knote: [m[Kcandidate: ‘[01m[Ktemplate<class _Tp> constexpr bool std::operator==(const _Tp&, const std::complex<_Tp>&)[m[K’
[9.632s]   475 |     [01;36m[Koperator[m[K==(const _Tp& __x, const complex<_Tp>& __y)
[9.632s]       |     [01;36m[K^~~~~~~~[m[K
[9.632s] [01m[K/usr/include/c++/11/complex:475:5:[m[K [01;36m[Knote: [m[K  template argument deduction/substitution failed:
[9.634s] [01m[K/home/toshie/Desktop/project/src/motor/src/main.cpp:15:13:[m[K [01;36m[Knote: [m[K  mismatched types ‘[01m[Kconst std::complex<_Tp>[m[K’ and ‘[01m[Kint[m[K’
[9.635s]    15 |   if(msg == [01;36m[K'FWD'[m[K)
[9.635s]       |             [01;36m[K^~~~~[m[K
[9.635s] In file included from [01m[K/usr/include/c++/11/functional:59[m[K,
[9.635s]                  from [01m[K/usr/include/c++/11/pstl/glue_algorithm_defs.h:13[m[K,
[9.635s]                  from [01m[K/usr/include/c++/11/algorithm:74[m[K,
[9.636s]                  from [01m[K/usr/include/x86_64-linux-gnu/c++/11/bits/stdc++.h:65[m[K,
[9.636s]                  from [01m[K/home/toshie/Desktop/project/src/motor/src/main.cpp:6[m[K:
[9.636s] [01m[K/usr/include/c++/11/bits/std_function.h:718:5:[m[K [01;36m[Knote: [m[Kcandidate: ‘[01m[Ktemplate<class _Res, class ... _Args> bool std::operator==(const std::function<_Res(_ArgTypes ...)>&, std::nullptr_t)[m[K’
[9.636s]   718 |     [01;36m[Koperator[m[K==(const function<_Res(_Args...)>& __f, nullptr_t) noexcept
[9.639s]       |     [01;36m[K^~~~~~~~[m[K
[9.639s] [01m[K/usr/include/c++/11/bits/std_function.h:718:5:[m[K [01;36m[Knote: [m[K  template argument deduction/substitution failed:
[9.639s] [01m[K/home/toshie/Desktop/project/src/motor/src/main.cpp:15:13:[m[K [01;36m[Knote: [m[K  ‘[01m[Kstd::string[m[K’ {aka ‘[01m[Kstd::__cxx11::basic_string<char>[m[K’} is not derived from ‘[01m[Kconst std::function<_Res(_ArgTypes ...)>[m[K’
[9.639s]    15 |   if(msg == [01;36m[K'FWD'[m[K)
[9.639s]       |             [01;36m[K^~~~~[m[K
[9.640s] In file included from [01m[K/usr/include/c++/11/functional:59[m[K,
[9.640s]                  from [01m[K/usr/include/c++/11/pstl/glue_algorithm_defs.h:13[m[K,
[9.640s]                  from [01m[K/usr/include/c++/11/algorithm:74[m[K,
[9.640s]                  from [01m[K/usr/include/x86_64-linux-gnu/c++/11/bits/stdc++.h:65[m[K,
[9.642s]                  from [01m[K/home/toshie/Desktop/project/src/motor/src/main.cpp:6[m[K:
[9.643s] [01m[K/usr/include/c++/11/bits/std_function.h:725:5:[m[K [01;36m[Knote: [m[Kcandidate: ‘[01m[Ktemplate<class _Res, class ... _Args> bool std::operator==(std::nullptr_t, const std::function<_Res(_ArgTypes ...)>&)[m[K’
[9.643s]   725 |     [01;36m[Koperator[m[K==(nullptr_t, const function<_Res(_Args...)>& __f) noexcept
[9.643s]       |     [01;36m[K^~~~~~~~[m[K
[9.643s] [01m[K/usr/include/c++/11/bits/std_function.h:725:5:[m[K [01;36m[Knote: [m[K  template argument deduction/substitution failed:
[9.644s] [01m[K/home/toshie/Desktop/project/src/motor/src/main.cpp:15:13:[m[K [01;36m[Knote: [m[K  mismatched types ‘[01m[Kconst std::function<_Res(_ArgTypes ...)>[m[K’ and ‘[01m[Kint[m[K’
[9.644s]    15 |   if(msg == [01;36m[K'FWD'[m[K)
[9.644s]       |             [01;36m[K^~~~~[m[K
[9.644s] In file included from [01m[K/usr/include/c++/11/unordered_map:47[m[K,
[9.646s]                  from [01m[K/usr/include/c++/11/functional:61[m[K,
[9.647s]                  from [01m[K/usr/include/c++/11/pstl/glue_algorithm_defs.h:13[m[K,
[9.647s]                  from [01m[K/usr/include/c++/11/algorithm:74[m[K,
[9.647s]                  from [01m[K/usr/include/x86_64-linux-gnu/c++/11/bits/stdc++.h:65[m[K,
[9.648s]                  from [01m[K/home/toshie/Desktop/project/src/motor/src/main.cpp:6[m[K:
[9.648s] [01m[K/usr/include/c++/11/bits/unordered_map.h:2134:5:[m[K [01;36m[Knote: [m[Kcandidate: ‘[01m[Ktemplate<class _Key1, class _Tp1, class _Hash1, class _Pred1, class _Alloc1> bool std::operator==(const std::unordered_map<_Key1, _Tp1, _Hash1, _Pred1, _Alloc1>&, const std::unordered_map<_Key1, _Tp1, _Hash1, _Pred1, _Alloc1>&)[m[K’
[9.648s]  2134 |     [01;36m[Koperator[m[K==(const unordered_map<_Key, _Tp, _Hash, _Pred, _Alloc>& __x,
[9.651s]       |     [01;36m[K^~~~~~~~[m[K
[9.651s] [01m[K/usr/include/c++/11/bits/unordered_map.h:2134:5:[m[K [01;36m[Knote: [m[K  template argument deduction/substitution failed:
[9.651s] [01m[K/home/toshie/Desktop/project/src/motor/src/main.cpp:15:13:[m[K [01;36m[Knote: [m[K  ‘[01m[Kstd::string[m[K’ {aka ‘[01m[Kstd::__cxx11::basic_string<char>[m[K’} is not derived from ‘[01m[Kconst std::unordered_map<_Key1, _Tp1, _Hash1, _Pred1, _Alloc1>[m[K’
[9.651s]    15 |   if(msg == [01;36m[K'FWD'[m[K)
[9.651s]       |             [01;36m[K^~~~~[m[K
[9.652s] In file included from [01m[K/usr/include/c++/11/unordered_map:47[m[K,
[9.652s]                  from [01m[K/usr/include/c++/11/functional:61[m[K,
[9.652s]                  from [01m[K/usr/include/c++/11/pstl/glue_algorithm_defs.h:13[m[K,
[9.652s]                  from [01m[K/usr/include/c++/11/algorithm:74[m[K,
[9.655s]                  from [01m[K/usr/include/x86_64-linux-gnu/c++/11/bits/stdc++.h:65[m[K,
[9.655s]                  from [01m[K/home/toshie/Desktop/project/src/motor/src/main.cpp:6[m[K:
[9.655s] [01m[K/usr/include/c++/11/bits/unordered_map.h:2148:5:[m[K [01;36m[Knote: [m[Kcandidate: ‘[01m[Ktemplate<class _Key1, class _Tp1, class _Hash1, class _Pred1, class _Alloc1> bool std::operator==(const std::unordered_multimap<_Key1, _Tp1, _Hash1, _Pred1, _Alloc1>&, const std::unordered_multimap<_Key1, _Tp1, _Hash1, _Pred1, _Alloc1>&)[m[K’
[9.655s]  2148 |     [01;36m[Koperator[m[K==(const unordered_multimap<_Key, _Tp, _Hash, _Pred, _Alloc>& __x,
[9.655s]       |     [01;36m[K^~~~~~~~[m[K
[9.656s] [01m[K/usr/include/c++/11/bits/unordered_map.h:2148:5:[m[K [01;36m[Knote: [m[K  template argument deduction/substitution failed:
[9.656s] [01m[K/home/toshie/Desktop/project/src/motor/src/main.cpp:15:13:[m[K [01;36m[Knote: [m[K  ‘[01m[Kstd::string[m[K’ {aka ‘[01m[Kstd::__cxx11::basic_string<char>[m[K’} is not derived from ‘[01m[Kconst std::unordered_multimap<_Key1, _Tp1, _Hash1, _Pred1, _Alloc1>[m[K’
[9.656s]    15 |   if(msg == [01;36m[K'FWD'[m[K)
[9.656s]       |             [01;36m[K^~~~~[m[K
[9.658s] In file included from [01m[K/usr/include/c++/11/vector:67[m[K,
[9.658s]                  from [01m[K/usr/include/c++/11/functional:62[m[K,
[9.659s]                  from [01m[K/usr/include/c++/11/pstl/glue_algorithm_defs.h:13[m[K,
[9.659s]                  from [01m[K/usr/include/c++/11/algorithm:74[m[K,
[9.659s]                  from [01m[K/usr/include/x86_64-linux-gnu/c++/11/bits/stdc++.h:65[m[K,
[9.659s]                  from [01m[K/home/toshie/Desktop/project/src/motor/src/main.cpp:6[m[K:
[9.659s] [01m[K/usr/include/c++/11/bits/stl_vector.h:1892:5:[m[K [01;36m[Knote: [m[Kcandidate: ‘[01m[Ktemplate<class _Tp, class _Alloc> bool std::operator==(const std::vector<_Tp, _Alloc>&, const std::vector<_Tp, _Alloc>&)[m[K’
[9.660s]  1892 |     [01;36m[Koperator[m[K==(const vector<_Tp, _Alloc>& __x, const vector<_Tp, _Alloc>& __y)
[9.660s]       |     [01;36m[K^~~~~~~~[m[K
[9.660s] [01m[K/usr/include/c++/11/bits/stl_vector.h:1892:5:[m[K [01;36m[Knote: [m[K  template argument deduction/substitution failed:
[9.660s] [01m[K/home/toshie/Desktop/project/src/motor/src/main.cpp:15:13:[m[K [01;36m[Knote: [m[K  ‘[01m[Kstd::string[m[K’ {aka ‘[01m[Kstd::__cxx11::basic_string<char>[m[K’} is not derived from ‘[01m[Kconst std::vector<_Tp, _Alloc>[m[K’
[9.664s]    15 |   if(msg == [01;36m[K'FWD'[m[K)
[9.664s]       |             [01;36m[K^~~~~[m[K
[9.664s] In file included from [01m[K/usr/include/c++/11/deque:67[m[K,
[9.664s]                  from [01m[K/usr/include/x86_64-linux-gnu/c++/11/bits/stdc++.h:68[m[K,
[9.664s]                  from [01m[K/home/toshie/Desktop/project/src/motor/src/main.cpp:6[m[K:
[9.665s] [01m[K/usr/include/c++/11/bits/stl_deque.h:2247:5:[m[K [01;36m[Knote: [m[Kcandidate: ‘[01m[Ktemplate<class _Tp, class _Alloc> bool std::operator==(const std::deque<_Tp, _Alloc>&, const std::deque<_Tp, _Alloc>&)[m[K’
[9.665s]  2247 |     [01;36m[Koperator[m[K==(const deque<_Tp, _Alloc>& __x, const deque<_Tp, _Alloc>& __y)
[9.665s]       |     [01;36m[K^~~~~~~~[m[K
[9.665s] [01m[K/usr/include/c++/11/bits/stl_deque.h:2247:5:[m[K [01;36m[Knote: [m[K  template argument deduction/substitution failed:
[9.668s] [01m[K/home/toshie/Desktop/project/src/motor/src/main.cpp:15:13:[m[K [01;36m[Knote: [m[K  ‘[01m[Kstd::string[m[K’ {aka ‘[01m[Kstd::__cxx11::basic_string<char>[m[K’} is not derived from ‘[01m[Kconst std::deque<_Tp, _Alloc>[m[K’
[9.668s]    15 |   if(msg == [01;36m[K'FWD'[m[K)
[9.668s]       |             [01;36m[K^~~~~[m[K
[9.668s] In file included from [01m[K/usr/include/c++/11/list:63[m[K,
[9.669s]                  from [01m[K/usr/include/x86_64-linux-gnu/c++/11/bits/stdc++.h:79[m[K,
[9.669s]                  from [01m[K/home/toshie/Desktop/project/src/motor/src/main.cpp:6[m[K:
[9.669s] [01m[K/usr/include/c++/11/bits/stl_list.h:2030:5:[m[K [01;36m[Knote: [m[Kcandidate: ‘[01m[Ktemplate<class _Tp, class _Alloc> bool std::operator==(const std::__cxx11::list<_Tp, _Alloc>&, const std::__cxx11::list<_Tp, _Alloc>&)[m[K’
[9.669s]  2030 |     [01;36m[Koperator[m[K==(const list<_Tp, _Alloc>& __x, const list<_Tp, _Alloc>& __y)
[9.672s]       |     [01;36m[K^~~~~~~~[m[K
[9.672s] [01m[K/usr/include/c++/11/bits/stl_list.h:2030:5:[m[K [01;36m[Knote: [m[K  template argument deduction/substitution failed:
[9.672s] [01m[K/home/toshie/Desktop/project/src/motor/src/main.cpp:15:13:[m[K [01;36m[Knote: [m[K  ‘[01m[Kstd::string[m[K’ {aka ‘[01m[Kstd::__cxx11::basic_string<char>[m[K’} is not derived from ‘[01m[Kconst std::__cxx11::list<_Tp, _Alloc>[m[K’
[9.673s]    15 |   if(msg == [01;36m[K'FWD'[m[K)
[9.673s]       |             [01;36m[K^~~~~[m[K
[9.673s] In file included from [01m[K/usr/include/c++/11/map:61[m[K,
[9.673s]                  from [01m[K/usr/include/x86_64-linux-gnu/c++/11/bits/stdc++.h:81[m[K,
[9.677s]                  from [01m[K/home/toshie/Desktop/project/src/motor/src/main.cpp:6[m[K:
[9.677s] [01m[K/usr/include/c++/11/bits/stl_map.h:1463:5:[m[K [01;36m[Knote: [m[Kcandidate: ‘[01m[Ktemplate<class _Key, class _Tp, class _Compare, class _Alloc> bool std::operator==(const std::map<_Key, _Tp, _Compare, _Allocator>&, const std::map<_Key, _Tp, _Compare, _Allocator>&)[m[K’
[9.677s]  1463 |     [01;36m[Koperator[m[K==(const map<_Key, _Tp, _Compare, _Alloc>& __x,
[9.681s]       |     [01;36m[K^~~~~~~~[m[K
[9.681s] [01m[K/usr/include/c++/11/bits/stl_map.h:1463:5:[m[K [01;36m[Knote: [m[K  template argument deduction/substitution failed:
[9.681s] [01m[K/home/toshie/Desktop/project/src/motor/src/main.cpp:15:13:[m[K [01;36m[Knote: [m[K  ‘[01m[Kstd::string[m[K’ {aka ‘[01m[Kstd::__cxx11::basic_string<char>[m[K’} is not derived from ‘[01m[Kconst std::map<_Key, _Tp, _Compare, _Allocator>[m[K’
[9.682s]    15 |   if(msg == [01;36m[K'FWD'[m[K)
[9.682s]       |             [01;36m[K^~~~~[m[K
[9.682s] In file included from [01m[K/usr/include/c++/11/map:62[m[K,
[9.682s]                  from [01m[K/usr/include/x86_64-linux-gnu/c++/11/bits/stdc++.h:81[m[K,
[9.684s]                  from [01m[K/home/toshie/Desktop/project/src/motor/src/main.cpp:6[m[K:
[9.685s] [01m[K/usr/include/c++/11/bits/stl_multimap.h:1128:5:[m[K [01;36m[Knote: [m[Kcandidate: ‘[01m[Ktemplate<class _Key, class _Tp, class _Compare, class _Alloc> bool std::operator==(const std::multimap<_Key, _Tp, _Compare, _Allocator>&, const std::multimap<_Key, _Tp, _Compare, _Allocator>&)[m[K’
[9.685s]  1128 |     [01;36m[Koperator[m[K==(const multimap<_Key, _Tp, _Compare, _Alloc>& __x,
[9.685s]       |     [01;36m[K^~~~~~~~[m[K
[9.685s] [01m[K/usr/include/c++/11/bits/stl_multimap.h:1128:5:[m[K [01;36m[Knote: [m[K  template argument deduction/substitution failed:
[9.686s] [01m[K/home/toshie/Desktop/project/src/motor/src/main.cpp:15:13:[m[K [01;36m[Knote: [m[K  ‘[01m[Kstd::string[m[K’ {aka ‘[01m[Kstd::__cxx11::basic_string<char>[m[K’} is not derived from ‘[01m[Kconst std::multimap<_Key, _Tp, _Compare, _Allocator>[m[K’
[9.686s]    15 |   if(msg == [01;36m[K'FWD'[m[K)
[9.686s]       |             [01;36m[K^~~~~[m[K
[9.686s] In file included from [01m[K/usr/include/c++/11/queue:64[m[K,
[9.688s]                  from [01m[K/usr/include/x86_64-linux-gnu/c++/11/bits/stdc++.h:86[m[K,
[9.688s]                  from [01m[K/home/toshie/Desktop/project/src/motor/src/main.cpp:6[m[K:
[9.688s] [01m[K/usr/include/c++/11/bits/stl_queue.h:344:5:[m[K [01;36m[Knote: [m[Kcandidate: ‘[01m[Ktemplate<class _Tp, class _Seq> bool std::operator==(const std::queue<_Tp, _Seq>&, const std::queue<_Tp, _Seq>&)[m[K’
[9.689s]   344 |     [01;36m[Koperator[m[K==(const queue<_Tp, _Seq>& __x, const queue<_Tp, _Seq>& __y)
[9.689s]       |     [01;36m[K^~~~~~~~[m[K
[9.689s] [01m[K/usr/include/c++/11/bits/stl_queue.h:344:5:[m[K [01;36m[Knote: [m[K  template argument deduction/substitution failed:
[9.689s] [01m[K/home/toshie/Desktop/project/src/motor/src/main.cpp:15:13:[m[K [01;36m[Knote: [m[K  ‘[01m[Kstd::string[m[K’ {aka ‘[01m[Kstd::__cxx11::basic_string<char>[m[K’} is not derived from ‘[01m[Kconst std::queue<_Tp, _Seq>[m[K’
[9.689s]    15 |   if(msg == [01;36m[K'FWD'[m[K)
[9.690s]       |             [01;36m[K^~~~~[m[K
[9.690s] In file included from [01m[K/usr/include/c++/11/set:61[m[K,
[9.690s]                  from [01m[K/usr/include/x86_64-linux-gnu/c++/11/bits/stdc++.h:87[m[K,
[9.690s]                  from [01m[K/home/toshie/Desktop/project/src/motor/src/main.cpp:6[m[K:
[9.695s] [01m[K/usr/include/c++/11/bits/stl_set.h:985:5:[m[K [01;36m[Knote: [m[Kcandidate: ‘[01m[Ktemplate<class _Key, class _Compare, class _Alloc> bool std::operator==(const std::set<_Key, _Compare, _Allocator>&, const std::set<_Key, _Compare, _Allocator>&)[m[K’
[9.695s]   985 |     [01;36m[Koperator[m[K==(const set<_Key, _Compare, _Alloc>& __x,
[9.695s]       |     [01;36m[K^~~~~~~~[m[K
[9.695s] [01m[K/usr/include/c++/11/bits/stl_set.h:985:5:[m[K [01;36m[Knote: [m[K  template argument deduction/substitution failed:
[9.696s] [01m[K/home/toshie/Desktop/project/src/motor/src/main.cpp:15:13:[m[K [01;36m[Knote: [m[K  ‘[01m[Kstd::string[m[K’ {aka ‘[01m[Kstd::__cxx11::basic_string<char>[m[K’} is not derived from ‘[01m[Kconst std::set<_Key, _Compare, _Allocator>[m[K’
[9.696s]    15 |   if(msg == [01;36m[K'FWD'[m[K)
[9.696s]       |             [01;36m[K^~~~~[m[K
[9.696s] In file included from [01m[K/usr/include/c++/11/set:62[m[K,
[9.698s]                  from [01m[K/usr/include/x86_64-linux-gnu/c++/11/bits/stdc++.h:87[m[K,
[9.698s]                  from [01m[K/home/toshie/Desktop/project/src/motor/src/main.cpp:6[m[K:
[9.699s] [01m[K/usr/include/c++/11/bits/stl_multiset.h:971:5:[m[K [01;36m[Knote: [m[Kcandidate: ‘[01m[Ktemplate<class _Key, class _Compare, class _Alloc> bool std::operator==(const std::multiset<_Key, _Compare, _Allocator>&, const std::multiset<_Key, _Compare, _Allocator>&)[m[K’
[9.699s]   971 |     [01;36m[Koperator[m[K==(const multiset<_Key, _Compare, _Alloc>& __x,
[9.699s]       |     [01;36m[K^~~~~~~~[m[K
[9.700s] [01m[K/usr/include/c++/11/bits/stl_multiset.h:971:5:[m[K [01;36m[Knote: [m[K  template argument deduction/substitution failed:
[9.701s] [01m[K/home/toshie/Desktop/project/src/motor/src/main.cpp:15:13:[m[K [01;36m[Knote: [m[K  ‘[01m[Kstd::string[m[K’ {aka ‘[01m[Kstd::__cxx11::basic_string<char>[m[K’} is not derived from ‘[01m[Kconst std::multiset<_Key, _Compare, _Allocator>[m[K’
[9.701s]    15 |   if(msg == [01;36m[K'FWD'[m[K)
[9.701s]       |             [01;36m[K^~~~~[m[K
[9.703s] In file included from [01m[K/usr/include/c++/11/stack:61[m[K,
[9.704s]                  from [01m[K/usr/include/x86_64-linux-gnu/c++/11/bits/stdc++.h:89[m[K,
[9.704s]                  from [01m[K/home/toshie/Desktop/project/src/motor/src/main.cpp:6[m[K:
[9.704s] [01m[K/usr/include/c++/11/bits/stl_stack.h:319:5:[m[K [01;36m[Knote: [m[Kcandidate: ‘[01m[Ktemplate<class _Tp, class _Seq> bool std::operator==(const std::stack<_Tp, _Seq>&, const std::stack<_Tp, _Seq>&)[m[K’
[9.704s]   319 |     [01;36m[Koperator[m[K==(const stack<_Tp, _Seq>& __x, const stack<_Tp, _Seq>& __y)
[9.704s]       |     [01;36m[K^~~~~~~~[m[K
[9.705s] [01m[K/usr/include/c++/11/bits/stl_stack.h:319:5:[m[K [01;36m[Knote: [m[K  template argument deduction/substitution failed:
[9.705s] [01m[K/home/toshie/Desktop/project/src/motor/src/main.cpp:15:13:[m[K [01;36m[Knote: [m[K  ‘[01m[Kstd::string[m[K’ {aka ‘[01m[Kstd::__cxx11::basic_string<char>[m[K’} is not derived from ‘[01m[Kconst std::stack<_Tp, _Seq>[m[K’
[9.705s]    15 |   if(msg == [01;36m[K'FWD'[m[K)
[9.705s]       |             [01;36m[K^~~~~[m[K
[9.708s] In file included from [01m[K/usr/include/c++/11/valarray:603[m[K,
[9.708s]                  from [01m[K/usr/include/x86_64-linux-gnu/c++/11/bits/stdc++.h:95[m[K,
[9.708s]                  from [01m[K/home/toshie/Desktop/project/src/motor/src/main.cpp:6[m[K:
[9.708s] [01m[K/usr/include/c++/11/bits/valarray_after.h:417:5:[m[K [01;36m[Knote: [m[Kcandidate: ‘[01m[Ktemplate<class _Dom1, class _Dom2> std::_Expr<std::__detail::_BinClos<std::__equal_to, std::_Expr, std::_Expr, _Dom1, _Dom2>, typename std::__fun<std::__equal_to, typename _Dom1::value_type>::result_type> std::operator==(const std::_Expr<_Dom1, typename _Dom1::value_type>&, const std::_Expr<_Dom2, typename _Dom2::value_type>&)[m[K’
[9.708s]   417 |     [01;36m[K_DEFINE_EXPR_BINARY_OPERATOR[m[K(==, struct std::__equal_to)
[9.709s]       |     [01;36m[K^~~~~~~~~~~~~~~~~~~~~~~~~~~~[m[K
[9.709s] [01m[K/usr/include/c++/11/bits/valarray_after.h:417:5:[m[K [01;36m[Knote: [m[K  template argument deduction/substitution failed:
[9.709s] [01m[K/home/toshie/Desktop/project/src/motor/src/main.cpp:15:13:[m[K [01;36m[Knote: [m[K  ‘[01m[Kstd::string[m[K’ {aka ‘[01m[Kstd::__cxx11::basic_string<char>[m[K’} is not derived from ‘[01m[Kconst std::_Expr<_Dom1, typename _Dom1::value_type>[m[K’
[9.709s]    15 |   if(msg == [01;36m[K'FWD'[m[K)
[9.711s]       |             [01;36m[K^~~~~[m[K
[9.713s] In file included from [01m[K/usr/include/c++/11/valarray:603[m[K,
[9.713s]                  from [01m[K/usr/include/x86_64-linux-gnu/c++/11/bits/stdc++.h:95[m[K,
[9.715s]                  from [01m[K/home/toshie/Desktop/project/src/motor/src/main.cpp:6[m[K:
[9.716s] [01m[K/usr/include/c++/11/bits/valarray_after.h:417:5:[m[K [01;36m[Knote: [m[Kcandidate: ‘[01m[Ktemplate<class _Dom> std::_Expr<std::__detail::_BinClos<std::__equal_to, std::_Expr, std::_Constant, _Dom, typename _Dom::value_type>, typename std::__fun<std::__equal_to, typename _Dom1::value_type>::result_type> std::operator==(const std::_Expr<_Dom1, typename _Dom1::value_type>&, const typename _Dom::value_type&)[m[K’
[9.716s]   417 |     [01;36m[K_DEFINE_EXPR_BINARY_OPERATOR[m[K(==, struct std::__equal_to)
[9.716s]       |     [01;36m[K^~~~~~~~~~~~~~~~~~~~~~~~~~~~[m[K
[9.716s] [01m[K/usr/include/c++/11/bits/valarray_after.h:417:5:[m[K [01;36m[Knote: [m[K  template argument deduction/substitution failed:
[9.717s] [01m[K/home/toshie/Desktop/project/src/motor/src/main.cpp:15:13:[m[K [01;36m[Knote: [m[K  ‘[01m[Kstd::string[m[K’ {aka ‘[01m[Kstd::__cxx11::basic_string<char>[m[K’} is not derived from ‘[01m[Kconst std::_Expr<_Dom1, typename _Dom1::value_type>[m[K’
[9.717s]    15 |   if(msg == [01;36m[K'FWD'[m[K)
[9.717s]       |             [01;36m[K^~~~~[m[K
[9.717s] In file included from [01m[K/usr/include/c++/11/valarray:603[m[K,
[9.720s]                  from [01m[K/usr/include/x86_64-linux-gnu/c++/11/bits/stdc++.h:95[m[K,
[9.720s]                  from [01m[K/home/toshie/Desktop/project/src/motor/src/main.cpp:6[m[K:
[9.720s] [01m[K/usr/include/c++/11/bits/valarray_after.h:417:5:[m[K [01;36m[Knote: [m[Kcandidate: ‘[01m[Ktemplate<class _Dom> std::_Expr<std::__detail::_BinClos<std::__equal_to, std::_Constant, std::_Expr, typename _Dom::value_type, _Dom>, typename std::__fun<std::__equal_to, typename _Dom1::value_type>::result_type> std::operator==(const typename _Dom::value_type&, const std::_Expr<_Dom1, typename _Dom1::value_type>&)[m[K’
[9.721s]   417 |     [01;36m[K_DEFINE_EXPR_BINARY_OPERATOR[m[K(==, struct std::__equal_to)
[9.721s]       |     [01;36m[K^~~~~~~~~~~~~~~~~~~~~~~~~~~~[m[K
[9.721s] [01m[K/usr/include/c++/11/bits/valarray_after.h:417:5:[m[K [01;36m[Knote: [m[K  template argument deduction/substitution failed:
[9.721s] [01m[K/home/toshie/Desktop/project/src/motor/src/main.cpp:15:13:[m[K [01;36m[Knote: [m[K  mismatched types ‘[01m[Kconst std::_Expr<_Dom1, typename _Dom1::value_type>[m[K’ and ‘[01m[Kint[m[K’
[9.724s]    15 |   if(msg == [01;36m[K'FWD'[m[K)
[9.724s]       |             [01;36m[K^~~~~[m[K
[9.724s] In file included from [01m[K/usr/include/c++/11/valarray:603[m[K,
[9.724s]                  from [01m[K/usr/include/x86_64-linux-gnu/c++/11/bits/stdc++.h:95[m[K,
[9.725s]                  from [01m[K/home/toshie/Desktop/project/src/motor/src/main.cpp:6[m[K:
[9.725s] [01m[K/usr/include/c++/11/bits/valarray_after.h:417:5:[m[K [01;36m[Knote: [m[Kcandidate: ‘[01m[Ktemplate<class _Dom> std::_Expr<std::__detail::_BinClos<std::__equal_to, std::_Expr, std::_ValArray, _Dom, typename _Dom::value_type>, typename std::__fun<std::__equal_to, typename _Dom1::value_type>::result_type> std::operator==(const std::_Expr<_Dom1, typename _Dom1::value_type>&, const std::valarray<typename _Dom::value_type>&)[m[K’
[9.725s]   417 |     [01;36m[K_DEFINE_EXPR_BINARY_OPERATOR[m[K(==, struct std::__equal_to)
[9.725s]       |     [01;36m[K^~~~~~~~~~~~~~~~~~~~~~~~~~~~[m[K
[9.727s] [01m[K/usr/include/c++/11/bits/valarray_after.h:417:5:[m[K [01;36m[Knote: [m[K  template argument deduction/substitution failed:
[9.728s] [01m[K/home/toshie/Desktop/project/src/motor/src/main.cpp:15:13:[m[K [01;36m[Knote: [m[K  ‘[01m[Kstd::string[m[K’ {aka ‘[01m[Kstd::__cxx11::basic_string<char>[m[K’} is not derived from ‘[01m[Kconst std::_Expr<_Dom1, typename _Dom1::value_type>[m[K’
[9.728s]    15 |   if(msg == [01;36m[K'FWD'[m[K)
[9.728s]       |             [01;36m[K^~~~~[m[K
[9.729s] In file included from [01m[K/usr/include/c++/11/valarray:603[m[K,
[9.729s]                  from [01m[K/usr/include/x86_64-linux-gnu/c++/11/bits/stdc++.h:95[m[K,
[9.729s]                  from [01m[K/home/toshie/Desktop/project/src/motor/src/main.cpp:6[m[K:
[9.729s] [01m[K/usr/include/c++/11/bits/valarray_after.h:417:5:[m[K [01;36m[Knote: [m[Kcandidate: ‘[01m[Ktemplate<class _Dom> std::_Expr<std::__detail::_BinClos<std::__equal_to, std::_ValArray, std::_Expr, typename _Dom::value_type, _Dom>, typename std::__fun<std::__equal_to, typename _Dom1::value_type>::result_type> std::operator==(const std::valarray<typename _Dom::value_type>&, const std::_Expr<_Dom1, typename _Dom1::value_type>&)[m[K’
[9.731s]   417 |     [01;36m[K_DEFINE_EXPR_BINARY_OPERATOR[m[K(==, struct std::__equal_to)
[9.732s]       |     [01;36m[K^~~~~~~~~~~~~~~~~~~~~~~~~~~~[m[K
[9.732s] [01m[K/usr/include/c++/11/bits/valarray_after.h:417:5:[m[K [01;36m[Knote: [m[K  template argument deduction/substitution failed:
[9.732s] [01m[K/home/toshie/Desktop/project/src/motor/src/main.cpp:15:13:[m[K [01;36m[Knote: [m[K  mismatched types ‘[01m[Kconst std::_Expr<_Dom1, typename _Dom1::value_type>[m[K’ and ‘[01m[Kint[m[K’
[9.732s]    15 |   if(msg == [01;36m[K'FWD'[m[K)
[9.733s]       |             [01;36m[K^~~~~[m[K
[9.733s] In file included from [01m[K/usr/include/x86_64-linux-gnu/c++/11/bits/stdc++.h:95[m[K,
[9.733s]                  from [01m[K/home/toshie/Desktop/project/src/motor/src/main.cpp:6[m[K:
[9.733s] [01m[K/usr/include/c++/11/valarray:1198:1:[m[K [01;36m[Knote: [m[Kcandidate: ‘[01m[Ktemplate<class _Tp> std::_Expr<std::__detail::_BinClos<std::__equal_to, std::_ValArray, std::_ValArray, _Tp, _Tp>, typename std::__fun<std::__equal_to, _Tp>::result_type> std::operator==(const std::valarray<_Tp>&, const std::valarray<_Tp>&)[m[K’
[9.736s]  1198 | [01;36m[K_DEFINE_BINARY_OPERATOR[m[K(==, __equal_to)
[9.736s]       | [01;36m[K^~~~~~~~~~~~~~~~~~~~~~~[m[K
[9.736s] [01m[K/usr/include/c++/11/valarray:1198:1:[m[K [01;36m[Knote: [m[K  template argument deduction/substitution failed:
[9.736s] [01m[K/home/toshie/Desktop/project/src/motor/src/main.cpp:15:13:[m[K [01;36m[Knote: [m[K  ‘[01m[Kstd::string[m[K’ {aka ‘[01m[Kstd::__cxx11::basic_string<char>[m[K’} is not derived from ‘[01m[Kconst std::valarray<_Tp>[m[K’
[9.736s]    15 |   if(msg == [01;36m[K'FWD'[m[K)
[9.737s]       |             [01;36m[K^~~~~[m[K
[9.737s] In file included from [01m[K/usr/include/x86_64-linux-gnu/c++/11/bits/stdc++.h:95[m[K,
[9.737s]                  from [01m[K/home/toshie/Desktop/project/src/motor/src/main.cpp:6[m[K:
[9.737s] [01m[K/usr/include/c++/11/valarray:1198:1:[m[K [01;36m[Knote: [m[Kcandidate: ‘[01m[Ktemplate<class _Tp> std::_Expr<std::__detail::_BinClos<std::__equal_to, std::_ValArray, std::_Constant, _Tp, _Tp>, typename std::__fun<std::__equal_to, _Tp>::result_type> std::operator==(const std::valarray<_Tp>&, const typename std::valarray<_Tp>::value_type&)[m[K’
[9.740s]  1198 | [01;36m[K_DEFINE_BINARY_OPERATOR[m[K(==, __equal_to)
[9.740s]       | [01;36m[K^~~~~~~~~~~~~~~~~~~~~~~[m[K
[9.740s] [01m[K/usr/include/c++/11/valarray:1198:1:[m[K [01;36m[Knote: [m[K  template argument deduction/substitution failed:
[9.740s] [01m[K/home/toshie/Desktop/project/src/motor/src/main.cpp:15:13:[m[K [01;36m[Knote: [m[K  ‘[01m[Kstd::string[m[K’ {aka ‘[01m[Kstd::__cxx11::basic_string<char>[m[K’} is not derived from ‘[01m[Kconst std::valarray<_Tp>[m[K’
[9.741s]    15 |   if(msg == [01;36m[K'FWD'[m[K)
[9.741s]       |             [01;36m[K^~~~~[m[K
[9.741s] In file included from [01m[K/usr/include/x86_64-linux-gnu/c++/11/bits/stdc++.h:95[m[K,
[9.741s]                  from [01m[K/home/toshie/Desktop/project/src/motor/src/main.cpp:6[m[K:
[9.743s] [01m[K/usr/include/c++/11/valarray:1198:1:[m[K [01;36m[Knote: [m[Kcandidate: ‘[01m[Ktemplate<class _Tp> std::_Expr<std::__detail::_BinClos<std::__equal_to, std::_Constant, std::_ValArray, _Tp, _Tp>, typename std::__fun<std::__equal_to, _Tp>::result_type> std::operator==(const typename std::valarray<_Tp>::value_type&, const std::valarray<_Tp>&)[m[K’
[9.744s]  1198 | [01;36m[K_DEFINE_BINARY_OPERATOR[m[K(==, __equal_to)
[9.744s]       | [01;36m[K^~~~~~~~~~~~~~~~~~~~~~~[m[K
[9.744s] [01m[K/usr/include/c++/11/valarray:1198:1:[m[K [01;36m[Knote: [m[K  template argument deduction/substitution failed:
[9.744s] [01m[K/home/toshie/Desktop/project/src/motor/src/main.cpp:15:13:[m[K [01;36m[Knote: [m[K  mismatched types ‘[01m[Kconst std::valarray<_Tp>[m[K’ and ‘[01m[Kint[m[K’
[9.745s]    15 |   if(msg == [01;36m[K'FWD'[m[K)
[9.745s]       |             [01;36m[K^~~~~[m[K
[9.745s] In file included from [01m[K/usr/include/c++/11/forward_list:40[m[K,
[9.745s]                  from [01m[K/usr/include/x86_64-linux-gnu/c++/11/bits/stdc++.h:104[m[K,
[9.748s]                  from [01m[K/home/toshie/Desktop/project/src/motor/src/main.cpp:6[m[K:
[9.748s] [01m[K/usr/include/c++/11/bits/forward_list.tcc:393:5:[m[K [01;36m[Knote: [m[Kcandidate: ‘[01m[Ktemplate<class _Tp, class _Alloc> bool std::operator==(const std::forward_list<_Tp, _Alloc>&, const std::forward_list<_Tp, _Alloc>&)[m[K’
[9.748s]   393 |     [01;36m[Koperator[m[K==(const forward_list<_Tp, _Alloc>& __lx,
[9.749s]       |     [01;36m[K^~~~~~~~[m[K
[9.749s] [01m[K/usr/include/c++/11/bits/forward_list.tcc:393:5:[m[K [01;36m[Knote: [m[K  template argument deduction/substitution failed:
[9.749s] [01m[K/home/toshie/Desktop/project/src/motor/src/main.cpp:15:13:[m[K [01;36m[Knote: [m[K  ‘[01m[Kstd::string[m[K’ {aka ‘[01m[Kstd::__cxx11::basic_string<char>[m[K’} is not derived from ‘[01m[Kconst std::forward_list<_Tp, _Alloc>[m[K’
[9.751s]    15 |   if(msg == [01;36m[K'FWD'[m[K)
[9.752s]       |             [01;36m[K^~~~~[m[K
[9.752s] In file included from [01m[K/usr/include/c++/11/random:51[m[K,
[9.752s]                  from [01m[K/usr/include/x86_64-linux-gnu/c++/11/bits/stdc++.h:108[m[K,
[9.752s]                  from [01m[K/home/toshie/Desktop/project/src/motor/src/main.cpp:6[m[K:
[9.753s] [01m[K/usr/include/c++/11/bits/random.tcc:1899:5:[m[K [01;36m[Knote: [m[Kcandidate: ‘[01m[Ktemplate<class _RealType1> bool std::operator==(const std::normal_distribution<_RealType>&, const std::normal_distribution<_RealType>&)[m[K’
[9.753s]  1899 |     [01;36m[Koperator[m[K==(const std::normal_distribution<_RealType>& __d1,
[9.753s]       |     [01;36m[K^~~~~~~~[m[K
[9.753s] [01m[K/usr/include/c++/11/bits/random.tcc:1899:5:[m[K [01;36m[Knote: [m[K  template argument deduction/substitution failed:
[9.757s] [01m[K/home/toshie/Desktop/project/src/motor/src/main.cpp:15:13:[m[K [01;36m[Knote: [m[K  ‘[01m[Kstd::string[m[K’ {aka ‘[01m[Kstd::__cxx11::basic_string<char>[m[K’} is not derived from ‘[01m[Kconst std::normal_distribution<_RealType>[m[K’
[9.757s]    15 |   if(msg == [01;36m[K'FWD'[m[K)
[9.757s]       |             [01;36m[K^~~~~[m[K
[9.757s] In file included from [01m[K/usr/include/x86_64-linux-gnu/c++/11/bits/stdc++.h:111[m[K,
[9.758s]                  from [01m[K/home/toshie/Desktop/project/src/motor/src/main.cpp:6[m[K:
[9.758s] [01m[K/usr/include/c++/11/scoped_allocator:499:5:[m[K [01;36m[Knote: [m[Kcandidate: ‘[01m[Ktemplate<class _OutA1, class _OutA2, class ... _InA> bool std::operator==(const std::scoped_allocator_adaptor<_OutA1, _InA ...>&, const std::scoped_allocator_adaptor<_InnerHead, _InnerTail ...>&)[m[K’
[9.758s]   499 |     [01;36m[Koperator[m[K==(const scoped_allocator_adaptor<_OutA1, _InA...>& __a,
[9.758s]       |     [01;36m[K^~~~~~~~[m[K
[9.758s] [01m[K/usr/include/c++/11/scoped_allocator:499:5:[m[K [01;36m[Knote: [m[K  template argument deduction/substitution failed:
[9.760s] [01m[K/home/toshie/Desktop/project/src/motor/src/main.cpp:15:13:[m[K [01;36m[Knote: [m[K  ‘[01m[Kstd::string[m[K’ {aka ‘[01m[Kstd::__cxx11::basic_string<char>[m[K’} is not derived from ‘[01m[Kconst std::scoped_allocator_adaptor<_OutA1, _InA ...>[m[K’
[9.761s]    15 |   if(msg == [01;36m[K'FWD'[m[K)
[9.761s]       |             [01;36m[K^~~~~[m[K
[9.761s] In file included from [01m[K/usr/include/c++/11/unordered_set:47[m[K,
[9.761s]                  from [01m[K/usr/include/x86_64-linux-gnu/c++/11/bits/stdc++.h:118[m[K,
[9.762s]                  from [01m[K/home/toshie/Desktop/project/src/motor/src/main.cpp:6[m[K:
[9.762s] [01m[K/usr/include/c++/11/bits/unordered_set.h:1804:5:[m[K [01;36m[Knote: [m[Kcandidate: ‘[01m[Ktemplate<class _Value1, class _Hash1, class _Pred1, class _Alloc1> bool std::operator==(const std::unordered_set<_Value1, _Hash1, _Pred1, _Alloc1>&, const std::unordered_set<_Value1, _Hash1, _Pred1, _Alloc1>&)[m[K’
[9.762s]  1804 |     [01;36m[Koperator[m[K==(const unordered_set<_Value, _Hash, _Pred, _Alloc>& __x,
[9.762s]       |     [01;36m[K^~~~~~~~[m[K
[9.762s] [01m[K/usr/include/c++/11/bits/unordered_set.h:1804:5:[m[K [01;36m[Knote: [m[K  template argument deduction/substitution failed:
[9.762s] [01m[K/home/toshie/Desktop/project/src/motor/src/main.cpp:15:13:[m[K [01;36m[Knote: [m[K  ‘[01m[Kstd::string[m[K’ {aka ‘[01m[Kstd::__cxx11::basic_string<char>[m[K’} is not derived from ‘[01m[Kconst std::unordered_set<_Value1, _Hash1, _Pred1, _Alloc1>[m[K’
[9.763s]    15 |   if(msg == [01;36m[K'FWD'[m[K)
[9.763s]       |             [01;36m[K^~~~~[m[K
[9.763s] In file included from [01m[K/usr/include/c++/11/unordered_set:47[m[K,
[9.763s]                  from [01m[K/usr/include/x86_64-linux-gnu/c++/11/bits/stdc++.h:118[m[K,
[9.766s]                  from [01m[K/home/toshie/Desktop/project/src/motor/src/main.cpp:6[m[K:
[9.766s] [01m[K/usr/include/c++/11/bits/unordered_set.h:1818:5:[m[K [01;36m[Knote: [m[Kcandidate: ‘[01m[Ktemplate<class _Value1, class _Hash1, class _Pred1, class _Alloc1> bool std::operator==(const std::unordered_multiset<_Value1, _Hash1, _Pred1, _Alloc1>&, const std::unordered_multiset<_Value1, _Hash1, _Pred1, _Alloc1>&)[m[K’
[9.766s]  1818 |     [01;36m[Koperator[m[K==(const unordered_multiset<_Value, _Hash, _Pred, _Alloc>& __x,
[9.766s]       |     [01;36m[K^~~~~~~~[m[K
[9.766s] [01m[K/usr/include/c++/11/bits/unordered_set.h:1818:5:[m[K [01;36m[Knote: [m[K  template argument deduction/substitution failed:
[9.767s] [01m[K/home/toshie/Desktop/project/src/motor/src/main.cpp:15:13:[m[K [01;36m[Knote: [m[K  ‘[01m[Kstd::string[m[K’ {aka ‘[01m[Kstd::__cxx11::basic_string<char>[m[K’} is not derived from ‘[01m[Kconst std::unordered_multiset<_Value1, _Hash1, _Pred1, _Alloc1>[m[K’
[9.767s]    15 |   if(msg == [01;36m[K'FWD'[m[K)
[9.767s]       |             [01;36m[K^~~~~[m[K
[9.767s] In file included from [01m[K/usr/include/x86_64-linux-gnu/c++/11/bits/stdc++.h:130[m[K,
[9.769s]                  from [01m[K/home/toshie/Desktop/project/src/motor/src/main.cpp:6[m[K:
[9.770s] [01m[K/usr/include/c++/11/optional:1045:5:[m[K [01;36m[Knote: [m[Kcandidate: ‘[01m[Ktemplate<class _Tp, class _Up> constexpr std::__optional_eq_t<_Tp, _Up> std::operator==(const std::optional<_Tp>&, const std::optional<_Up>&)[m[K’
[9.770s]  1045 |     [01;36m[Koperator[m[K==(const optional<_Tp>& __lhs, const optional<_Up>& __rhs)
[9.770s]       |     [01;36m[K^~~~~~~~[m[K
[9.770s] [01m[K/usr/include/c++/11/optional:1045:5:[m[K [01;36m[Knote: [m[K  template argument deduction/substitution failed:
[9.773s] [01m[K/home/toshie/Desktop/project/src/motor/src/main.cpp:15:13:[m[K [01;36m[Knote: [m[K  ‘[01m[Kstd::string[m[K’ {aka ‘[01m[Kstd::__cxx11::basic_string<char>[m[K’} is not derived from ‘[01m[Kconst std::optional<_Tp>[m[K’
[9.773s]    15 |   if(msg == [01;36m[K'FWD'[m[K)
[9.773s]       |             [01;36m[K^~~~~[m[K
[9.773s] In file included from [01m[K/usr/include/x86_64-linux-gnu/c++/11/bits/stdc++.h:130[m[K,
[9.778s]                  from [01m[K/home/toshie/Desktop/project/src/motor/src/main.cpp:6[m[K:
[9.778s] [01m[K/usr/include/c++/11/optional:1105:5:[m[K [01;36m[Knote: [m[Kcandidate: ‘[01m[Ktemplate<class _Tp> constexpr bool std::operator==(const std::optional<_Tp>&, std::nullopt_t)[m[K’
[9.779s]  1105 |     [01;36m[Koperator[m[K==(const optional<_Tp>& __lhs, nullopt_t) noexcept
[9.779s]       |     [01;36m[K^~~~~~~~[m[K
[9.779s] [01m[K/usr/include/c++/11/optional:1105:5:[m[K [01;36m[Knote: [m[K  template argument deduction/substitution failed:
[9.779s] [01m[K/home/toshie/Desktop/project/src/motor/src/main.cpp:15:13:[m[K [01;36m[Knote: [m[K  ‘[01m[Kstd::string[m[K’ {aka ‘[01m[Kstd::__cxx11::basic_string<char>[m[K’} is not derived from ‘[01m[Kconst std::optional<_Tp>[m[K’
[9.781s]    15 |   if(msg == [01;36m[K'FWD'[m[K)
[9.782s]       |             [01;36m[K^~~~~[m[K
[9.782s] In file included from [01m[K/usr/include/x86_64-linux-gnu/c++/11/bits/stdc++.h:130[m[K,
[9.782s]                  from [01m[K/home/toshie/Desktop/project/src/motor/src/main.cpp:6[m[K:
[9.782s] [01m[K/usr/include/c++/11/optional:1116:5:[m[K [01;36m[Knote: [m[Kcandidate: ‘[01m[Ktemplate<class _Tp> constexpr bool std::operator==(std::nullopt_t, const std::optional<_Tp>&)[m[K’
[9.783s]  1116 |     [01;36m[Koperator[m[K==(nullopt_t, const optional<_Tp>& __rhs) noexcept
[9.783s]       |     [01;36m[K^~~~~~~~[m[K
[9.783s] [01m[K/usr/include/c++/11/optional:1116:5:[m[K [01;36m[Knote: [m[K  template argument deduction/substitution failed:
[9.783s] [01m[K/home/toshie/Desktop/project/src/motor/src/main.cpp:15:13:[m[K [01;36m[Knote: [m[K  mismatched types ‘[01m[Kconst std::optional<_Tp>[m[K’ and ‘[01m[Kint[m[K’
[9.785s]    15 |   if(msg == [01;36m[K'FWD'[m[K)
[9.786s]       |             [01;36m[K^~~~~[m[K
[9.786s] In file included from [01m[K/usr/include/x86_64-linux-gnu/c++/11/bits/stdc++.h:130[m[K,
[9.786s]                  from [01m[K/home/toshie/Desktop/project/src/motor/src/main.cpp:6[m[K:
[9.786s] [01m[K/usr/include/c++/11/optional:1173:5:[m[K [01;36m[Knote: [m[Kcandidate: ‘[01m[Ktemplate<class _Tp, class _Up> constexpr std::__optional_eq_t<_Tp, _Up> std::operator==(const std::optional<_Tp>&, const _Up&)[m[K’
[9.786s]  1173 |     [01;36m[Koperator[m[K==(const optional<_Tp>& __lhs, const _Up& __rhs)
[9.787s]       |     [01;36m[K^~~~~~~~[m[K
[9.787s] [01m[K/usr/include/c++/11/optional:1173:5:[m[K [01;36m[Knote: [m[K  template argument deduction/substitution failed:
[9.787s] [01m[K/home/toshie/Desktop/project/src/motor/src/main.cpp:15:13:[m[K [01;36m[Knote: [m[K  ‘[01m[Kstd::string[m[K’ {aka ‘[01m[Kstd::__cxx11::basic_string<char>[m[K’} is not derived from ‘[01m[Kconst std::optional<_Tp>[m[K’
[9.787s]    15 |   if(msg == [01;36m[K'FWD'[m[K)
[9.789s]       |             [01;36m[K^~~~~[m[K
[9.790s] In file included from [01m[K/usr/include/x86_64-linux-gnu/c++/11/bits/stdc++.h:130[m[K,
[9.790s]                  from [01m[K/home/toshie/Desktop/project/src/motor/src/main.cpp:6[m[K:
[9.790s] [01m[K/usr/include/c++/11/optional:1179:5:[m[K [01;36m[Knote: [m[Kcandidate: ‘[01m[Ktemplate<class _Tp, class _Up> constexpr std::__optional_eq_t<_Up, _Tp> std::operator==(const _Up&, const std::optional<_Tp>&)[m[K’
[9.790s]  1179 |     [01;36m[Koperator[m[K==(const _Up& __lhs, const optional<_Tp>& __rhs)
[9.791s]       |     [01;36m[K^~~~~~~~[m[K
[9.791s] [01m[K/usr/include/c++/11/optional:1179:5:[m[K [01;36m[Knote: [m[K  template argument deduction/substitution failed:
[9.791s] [01m[K/home/toshie/Desktop/project/src/motor/src/main.cpp:15:13:[m[K [01;36m[Knote: [m[K  mismatched types ‘[01m[Kconst std::optional<_Tp>[m[K’ and ‘[01m[Kint[m[K’
[9.791s]    15 |   if(msg == [01;36m[K'FWD'[m[K)
[9.795s]       |             [01;36m[K^~~~~[m[K
[9.795s] In file included from [01m[K/usr/include/x86_64-linux-gnu/c++/11/bits/stdc++.h:133[m[K,
[9.795s]                  from [01m[K/home/toshie/Desktop/project/src/motor/src/main.cpp:6[m[K:
[9.795s] [01m[K/usr/include/c++/11/variant:1232:3:[m[K [01;36m[Knote: [m[Kcandidate: ‘[01m[Ktemplate<class ... _Types> constexpr bool std::operator==(const std::variant<_Types ...>&, const std::variant<_Types ...>&)[m[K’
[9.796s]  1232 |   [01;36m[K_VARIANT_RELATION_FUNCTION_TEMPLATE[m[K(==, equal)
[9.796s]       |   [01;36m[K^~~~~~~~~~~~~~~~~~~~~~~~~~~~~~~~~~~[m[K
[9.796s] [01m[K/usr/include/c++/11/variant:1232:3:[m[K [01;36m[Knote: [m[K  template argument deduction/substitution failed:
[9.796s] [01m[K/home/toshie/Desktop/project/src/motor/src/main.cpp:15:13:[m[K [01;36m[Knote: [m[K  ‘[01m[Kstd::string[m[K’ {aka ‘[01m[Kstd::__cxx11::basic_string<char>[m[K’} is not derived from ‘[01m[Kconst std::variant<_Types ...>[m[K’
[9.802s]    15 |   if(msg == [01;36m[K'FWD'[m[K)
[9.802s]       |             [01;36m[K^~~~~[m[K
[9.802s] In file included from [01m[K/usr/include/c++/11/regex:63[m[K,
[9.802s]                  from [01m[K/usr/include/x86_64-linux-gnu/c++/11/bits/stdc++.h:110[m[K,
[9.802s]                  from [01m[K/home/toshie/Desktop/project/src/motor/src/main.cpp:6[m[K:
[9.803s] [01m[K/usr/include/c++/11/bits/regex.h:1059:5:[m[K [01;36m[Knote: [m[Kcandidate: ‘[01m[Ktemplate<class _BiIter> bool std::__cxx11::operator==(const std::__cxx11::sub_match<_BiIter>&, const std::__cxx11::sub_match<_BiIter>&)[m[K’
[9.803s]  1059 |     [01;36m[Koperator[m[K==(const sub_match<_BiIter>& __lhs, const sub_match<_BiIter>& __rhs)
[9.803s]       |     [01;36m[K^~~~~~~~[m[K
[9.803s] [01m[K/usr/include/c++/11/bits/regex.h:1059:5:[m[K [01;36m[Knote: [m[K  template argument deduction/substitution failed:
[9.805s] [01m[K/home/toshie/Desktop/project/src/motor/src/main.cpp:15:13:[m[K [01;36m[Knote: [m[K  ‘[01m[Kstd::string[m[K’ {aka ‘[01m[Kstd::__cxx11::basic_string<char>[m[K’} is not derived from ‘[01m[Kconst std::__cxx11::sub_match<_BiIter>[m[K’
[9.807s]    15 |   if(msg == [01;36m[K'FWD'[m[K)
[9.807s]       |             [01;36m[K^~~~~[m[K
[9.808s] In file included from [01m[K/usr/include/c++/11/regex:63[m[K,
[9.808s]                  from [01m[K/usr/include/x86_64-linux-gnu/c++/11/bits/stdc++.h:110[m[K,
[9.811s]                  from [01m[K/home/toshie/Desktop/project/src/motor/src/main.cpp:6[m[K:
[9.812s] [01m[K/usr/include/c++/11/bits/regex.h:1155:5:[m[K [01;36m[Knote: [m[Kcandidate: ‘[01m[Ktemplate<class _Bi_iter, class _Ch_traits, class _Ch_alloc> bool std::__cxx11::operator==(std::__cxx11::__sub_match_string<_Bi_iter, _Ch_traits, _Ch_alloc>&, const std::__cxx11::sub_match<_BiIter>&)[m[K’
[9.812s]  1155 |     [01;36m[Koperator[m[K==(const __sub_match_string<_Bi_iter, _Ch_traits, _Ch_alloc>& __lhs,
[9.812s]       |     [01;36m[K^~~~~~~~[m[K
[9.812s] [01m[K/usr/include/c++/11/bits/regex.h:1155:5:[m[K [01;36m[Knote: [m[K  template argument deduction/substitution failed:
[9.812s] [01m[K/home/toshie/Desktop/project/src/motor/src/main.cpp:15:13:[m[K [01;36m[Knote: [m[K  mismatched types ‘[01m[Kconst std::__cxx11::sub_match<_BiIter>[m[K’ and ‘[01m[Kint[m[K’
[9.813s]    15 |   if(msg == [01;36m[K'FWD'[m[K)
[9.813s]       |             [01;36m[K^~~~~[m[K
[9.813s] In file included from [01m[K/usr/include/c++/11/regex:63[m[K,
[9.816s]                  from [01m[K/usr/include/x86_64-linux-gnu/c++/11/bits/stdc++.h:110[m[K,
[9.816s]                  from [01m[K/home/toshie/Desktop/project/src/motor/src/main.cpp:6[m[K:
[9.816s] [01m[K/usr/include/c++/11/bits/regex.h:1230:5:[m[K [01;36m[Knote: [m[Kcandidate: ‘[01m[Ktemplate<class _Bi_iter, class _Ch_traits, class _Ch_alloc> bool std::__cxx11::operator==(const std::__cxx11::sub_match<_BiIter>&, std::__cxx11::__sub_match_string<_Bi_iter, _Ch_traits, _Ch_alloc>&)[m[K’
[9.816s]  1230 |     [01;36m[Koperator[m[K==(const sub_match<_Bi_iter>& __lhs,
[9.817s]       |     [01;36m[K^~~~~~~~[m[K
[9.817s] [01m[K/usr/include/c++/11/bits/regex.h:1230:5:[m[K [01;36m[Knote: [m[K  template argument deduction/substitution failed:
[9.817s] [01m[K/home/toshie/Desktop/project/src/motor/src/main.cpp:15:13:[m[K [01;36m[Knote: [m[K  ‘[01m[Kstd::string[m[K’ {aka ‘[01m[Kstd::__cxx11::basic_string<char>[m[K’} is not derived from ‘[01m[Kconst std::__cxx11::sub_match<_BiIter>[m[K’
[9.819s]    15 |   if(msg == [01;36m[K'FWD'[m[K)
[9.820s]       |             [01;36m[K^~~~~[m[K
[9.820s] In file included from [01m[K/usr/include/c++/11/regex:63[m[K,
[9.820s]                  from [01m[K/usr/include/x86_64-linux-gnu/c++/11/bits/stdc++.h:110[m[K,
[9.820s]                  from [01m[K/home/toshie/Desktop/project/src/motor/src/main.cpp:6[m[K:
[9.821s] [01m[K/usr/include/c++/11/bits/regex.h:1322:5:[m[K [01;36m[Knote: [m[Kcandidate: ‘[01m[Ktemplate<class _Bi_iter> bool std::__cxx11::operator==(const typename std::iterator_traits<_Iter>::value_type*, const std::__cxx11::sub_match<_BiIter>&)[m[K’
[9.821s]  1322 |     [01;36m[Koperator[m[K==(typename iterator_traits<_Bi_iter>::value_type const* __lhs,
[9.821s]       |     [01;36m[K^~~~~~~~[m[K
[9.821s] [01m[K/usr/include/c++/11/bits/regex.h:1322:5:[m[K [01;36m[Knote: [m[K  template argument deduction/substitution failed:
[9.824s] [01m[K/home/toshie/Desktop/project/src/motor/src/main.cpp:15:13:[m[K [01;36m[Knote: [m[K  mismatched types ‘[01m[Kconst std::__cxx11::sub_match<_BiIter>[m[K’ and ‘[01m[Kint[m[K’
[9.824s]    15 |   if(msg == [01;36m[K'FWD'[m[K)
[9.824s]       |             [01;36m[K^~~~~[m[K
[9.824s] In file included from [01m[K/usr/include/c++/11/regex:63[m[K,
[9.825s]                  from [01m[K/usr/include/x86_64-linux-gnu/c++/11/bits/stdc++.h:110[m[K,
[9.825s]                  from [01m[K/home/toshie/Desktop/project/src/motor/src/main.cpp:6[m[K:
[9.825s] [01m[K/usr/include/c++/11/bits/regex.h:1397:5:[m[K [01;36m[Knote: [m[Kcandidate: ‘[01m[Ktemplate<class _Bi_iter> bool std::__cxx11::operator==(const std::__cxx11::sub_match<_BiIter>&, const typename std::iterator_traits<_Iter>::value_type*)[m[K’
[9.825s]  1397 |     [01;36m[Koperator[m[K==(const sub_match<_Bi_iter>& __lhs,
[9.827s]       |     [01;36m[K^~~~~~~~[m[K
[9.828s] [01m[K/usr/include/c++/11/bits/regex.h:1397:5:[m[K [01;36m[Knote: [m[K  template argument deduction/substitution failed:
[9.828s] [01m[K/home/toshie/Desktop/project/src/motor/src/main.cpp:15:13:[m[K [01;36m[Knote: [m[K  ‘[01m[Kstd::string[m[K’ {aka ‘[01m[Kstd::__cxx11::basic_string<char>[m[K’} is not derived from ‘[01m[Kconst std::__cxx11::sub_match<_BiIter>[m[K’
[9.828s]    15 |   if(msg == [01;36m[K'FWD'[m[K)
[9.828s]       |             [01;36m[K^~~~~[m[K
[9.829s] In file included from [01m[K/usr/include/c++/11/regex:63[m[K,
[9.829s]                  from [01m[K/usr/include/x86_64-linux-gnu/c++/11/bits/stdc++.h:110[m[K,
[9.829s]                  from [01m[K/home/toshie/Desktop/project/src/motor/src/main.cpp:6[m[K:
[9.829s] [01m[K/usr/include/c++/11/bits/regex.h:1490:5:[m[K [01;36m[Knote: [m[Kcandidate: ‘[01m[Ktemplate<class _Bi_iter> bool std::__cxx11::operator==(const typename std::iterator_traits<_Iter>::value_type&, const std::__cxx11::sub_match<_BiIter>&)[m[K’
[9.831s]  1490 |     [01;36m[Koperator[m[K==(typename iterator_traits<_Bi_iter>::value_type const& __lhs,
[9.832s]       |     [01;36m[K^~~~~~~~[m[K
[9.832s] [01m[K/usr/include/c++/11/bits/regex.h:1490:5:[m[K [01;36m[Knote: [m[K  template argument deduction/substitution failed:
[9.832s] [01m[K/home/toshie/Desktop/project/src/motor/src/main.cpp:15:13:[m[K [01;36m[Knote: [m[K  mismatched types ‘[01m[Kconst std::__cxx11::sub_match<_BiIter>[m[K’ and ‘[01m[Kint[m[K’
[9.832s]    15 |   if(msg == [01;36m[K'FWD'[m[K)
[9.833s]       |             [01;36m[K^~~~~[m[K
[9.833s] In file included from [01m[K/usr/include/c++/11/regex:63[m[K,
[9.833s]                  from [01m[K/usr/include/x86_64-linux-gnu/c++/11/bits/stdc++.h:110[m[K,
[9.833s]                  from [01m[K/home/toshie/Desktop/project/src/motor/src/main.cpp:6[m[K:
[9.836s] [01m[K/usr/include/c++/11/bits/regex.h:1569:5:[m[K [01;36m[Knote: [m[Kcandidate: ‘[01m[Ktemplate<class _Bi_iter> bool std::__cxx11::operator==(const std::__cxx11::sub_match<_BiIter>&, const typename std::iterator_traits<_Iter>::value_type&)[m[K’
[9.836s]  1569 |     [01;36m[Koperator[m[K==(const sub_match<_Bi_iter>& __lhs,
[9.836s]       |     [01;36m[K^~~~~~~~[m[K
[9.836s] [01m[K/usr/include/c++/11/bits/regex.h:1569:5:[m[K [01;36m[Knote: [m[K  template argument deduction/substitution failed:
[9.836s] [01m[K/home/toshie/Desktop/project/src/motor/src/main.cpp:15:13:[m[K [01;36m[Knote: [m[K  ‘[01m[Kstd::string[m[K’ {aka ‘[01m[Kstd::__cxx11::basic_string<char>[m[K’} is not derived from ‘[01m[Kconst std::__cxx11::sub_match<_BiIter>[m[K’
[9.837s]    15 |   if(msg == [01;36m[K'FWD'[m[K)
[9.837s]       |             [01;36m[K^~~~~[m[K
[9.837s] In file included from [01m[K/usr/include/c++/11/regex:63[m[K,
[9.837s]                  from [01m[K/usr/include/x86_64-linux-gnu/c++/11/bits/stdc++.h:110[m[K,
[9.840s]                  from [01m[K/home/toshie/Desktop/project/src/motor/src/main.cpp:6[m[K:
[9.840s] [01m[K/usr/include/c++/11/bits/regex.h:2125:5:[m[K [01;36m[Knote: [m[Kcandidate: ‘[01m[Ktemplate<class _Bi_iter, class _Alloc> bool std::__cxx11::operator==(const std::__cxx11::match_results<_BiIter, _Alloc>&, const std::__cxx11::match_results<_BiIter, _Alloc>&)[m[K’
[9.840s]  2125 |     [01;36m[Koperator[m[K==(const match_results<_Bi_iter, _Alloc>& __m1,
[9.840s]       |     [01;36m[K^~~~~~~~[m[K
[9.840s] [01m[K/usr/include/c++/11/bits/regex.h:2125:5:[m[K [01;36m[Knote: [m[K  template argument deduction/substitution failed:
[9.841s] [01m[K/home/toshie/Desktop/project/src/motor/src/main.cpp:15:13:[m[K [01;36m[Knote: [m[K  ‘[01m[Kstd::string[m[K’ {aka ‘[01m[Kstd::__cxx11::basic_string<char>[m[K’} is not derived from ‘[01m[Kconst std::__cxx11::match_results<_BiIter, _Alloc>[m[K’
[9.841s]    15 |   if(msg == [01;36m[K'FWD'[m[K)
[9.841s]       |             [01;36m[K^~~~~[m[K
[9.841s] In file included from [01m[K/usr/include/c++/11/memory:64[m[K,
[9.843s]                  from [01m[K/home/toshie/Desktop/project/src/motor/src/main.cpp:4[m[K:
[9.844s] [01m[K/usr/include/c++/11/bits/allocator.h:204:7:[m[K [01;36m[Knote: [m[Kcandidate: ‘[01m[Kbool std::operator==(const std::allocator<char>&, const std::allocator<char>&)[m[K’
[9.844s]   204 |       [01;36m[Koperator[m[K==(const allocator&, const allocator&) _GLIBCXX_NOTHROW
[9.844s]       |       [01;36m[K^~~~~~~~[m[K
[9.844s] [01m[K/usr/include/c++/11/bits/allocator.h:204:18:[m[K [01;36m[Knote: [m[K  no known conversion for argument 1 from ‘[01m[Kstd::string[m[K’ {aka ‘[01m[Kstd::__cxx11::basic_string<char>[m[K’} to ‘[01m[Kconst std::allocator<char>&[m[K’
[9.845s]   204 |       operator==([01;36m[Kconst allocator&[m[K, const allocator&) _GLIBCXX_NOTHROW
[9.845s]       |                  [01;36m[K^~~~~~~~~~~~~~~~[m[K
[9.845s] In file included from [01m[K/usr/include/c++/11/bits/ios_base.h:46[m[K,
[9.845s]                  from [01m[K/usr/include/c++/11/ios:42[m[K,
[9.848s]                  from [01m[K/usr/include/c++/11/istream:38[m[K,
[9.848s]                  from [01m[K/usr/include/c++/11/sstream:38[m[K,
[9.849s]                  from [01m[K/usr/include/c++/11/complex:45[m[K,
[9.849s]                  from [01m[K/usr/include/c++/11/ccomplex:39[m[K,
[9.849s]                  from [01m[K/usr/include/x86_64-linux-gnu/c++/11/bits/stdc++.h:54[m[K,
[9.849s]                  from [01m[K/home/toshie/Desktop/project/src/motor/src/main.cpp:6[m[K:
[9.851s] [01m[K/usr/include/c++/11/system_error:362:3:[m[K [01;36m[Knote: [m[Kcandidate: ‘[01m[Kbool std::operator==(const std::error_code&, const std::error_code&)[m[K’
[9.852s]   362 |   [01;36m[Koperator[m[K==(const error_code& __lhs, const error_code& __rhs) noexcept
[9.852s]       |   [01;36m[K^~~~~~~~[m[K
[9.852s] [01m[K/usr/include/c++/11/system_error:362:32:[m[K [01;36m[Knote: [m[K  no known conversion for argument 1 from ‘[01m[Kstd::string[m[K’ {aka ‘[01m[Kstd::__cxx11::basic_string<char>[m[K’} to ‘[01m[Kconst std::error_code&[m[K’
[9.852s]   362 |   operator==([01;36m[Kconst error_code& __lhs[m[K, const error_code& __rhs) noexcept
[9.853s]       |              [01;36m[K~~~~~~~~~~~~~~~~~~^~~~~[m[K
[9.853s] [01m[K/usr/include/c++/11/system_error:368:3:[m[K [01;36m[Knote: [m[Kcandidate: ‘[01m[Kbool std::operator==(const std::error_code&, const std::error_condition&)[m[K’
[9.853s]   368 |   [01;36m[Koperator[m[K==(const error_code& __lhs, const error_condition& __rhs) noexcept
[9.853s]       |   [01;36m[K^~~~~~~~[m[K
[9.855s] [01m[K/usr/include/c++/11/system_error:368:32:[m[K [01;36m[Knote: [m[K  no known conversion for argument 1 from ‘[01m[Kstd::string[m[K’ {aka ‘[01m[Kstd::__cxx11::basic_string<char>[m[K’} to ‘[01m[Kconst std::error_code&[m[K’
[9.856s]   368 |   operator==([01;36m[Kconst error_code& __lhs[m[K, const error_condition& __rhs) noexcept
[9.856s]       |              [01;36m[K~~~~~~~~~~~~~~~~~~^~~~~[m[K
[9.856s] [01m[K/usr/include/c++/11/system_error:376:3:[m[K [01;36m[Knote: [m[Kcandidate: ‘[01m[Kbool std::operator==(const std::error_condition&, const std::error_condition&)[m[K’
[9.856s]   376 |   [01;36m[Koperator[m[K==(const error_condition& __lhs,
[9.857s]       |   [01;36m[K^~~~~~~~[m[K
[9.857s] [01m[K/usr/include/c++/11/system_error:376:37:[m[K [01;36m[Knote: [m[K  no known conversion for argument 1 from ‘[01m[Kstd::string[m[K’ {aka ‘[01m[Kstd::__cxx11::basic_string<char>[m[K’} to ‘[01m[Kconst std::error_condition&[m[K’
[9.857s]   376 |   operator==([01;36m[Kconst error_condition& __lhs[m[K,
[9.857s]       |              [01;36m[K~~~~~~~~~~~~~~~~~~~~~~~^~~~~[m[K
[9.858s] [01m[K/usr/include/c++/11/system_error:408:3:[m[K [01;36m[Knote: [m[Kcandidate: ‘[01m[Kbool std::operator==(const std::error_condition&, const std::error_code&)[m[K’
[9.859s]   408 |   [01;36m[Koperator[m[K==(const error_condition& __lhs, const error_code& __rhs) noexcept
[9.859s]       |   [01;36m[K^~~~~~~~[m[K
[9.859s] [01m[K/usr/include/c++/11/system_error:408:37:[m[K [01;36m[Knote: [m[K  no known conversion for argument 1 from ‘[01m[Kstd::string[m[K’ {aka ‘[01m[Kstd::__cxx11::basic_string<char>[m[K’} to ‘[01m[Kconst std::error_condition&[m[K’
[9.859s]   408 |   operator==([01;36m[Kconst error_condition& __lhs[m[K, const error_code& __rhs) noexcept
[9.860s]       |              [01;36m[K~~~~~~~~~~~~~~~~~~~~~~~^~~~~[m[K
[9.860s] In file included from [01m[K/usr/include/c++/11/future:48[m[K,
[9.860s]                  from [01m[K/usr/include/x86_64-linux-gnu/c++/11/bits/stdc++.h:105[m[K,
[9.863s]                  from [01m[K/home/toshie/Desktop/project/src/motor/src/main.cpp:6[m[K:
[9.864s] [01m[K/usr/include/c++/11/bits/std_thread.h:287:3:[m[K [01;36m[Knote: [m[Kcandidate: ‘[01m[Kbool std::operator==(std::thread::id, std::thread::id)[m[K’
[9.864s]   287 |   [01;36m[Koperator[m[K==(thread::id __x, thread::id __y) noexcept
[9.864s]       |   [01;36m[K^~~~~~~~[m[K
[9.864s] [01m[K/usr/include/c++/11/bits/std_thread.h:287:25:[m[K [01;36m[Knote: [m[K  no known conversion for argument 1 from ‘[01m[Kstd::string[m[K’ {aka ‘[01m[Kstd::__cxx11::basic_string<char>[m[K’} to ‘[01m[Kstd::thread::id[m[K’
[9.865s]   287 |   operator==([01;36m[Kthread::id __x[m[K, thread::id __y) noexcept
[9.865s]       |              [01;36m[K~~~~~~~~~~~^~~[m[K
[9.865s] In file included from [01m[K/usr/include/x86_64-linux-gnu/c++/11/bits/stdc++.h:133[m[K,
[9.865s]                  from [01m[K/home/toshie/Desktop/project/src/motor/src/main.cpp:6[m[K:
[9.867s] [01m[K/usr/include/c++/11/variant:1239:18:[m[K [01;36m[Knote: [m[Kcandidate: ‘[01m[Kconstexpr bool std::operator==(std::monostate, std::monostate)[m[K’
[9.868s]  1239 |   constexpr bool [01;36m[Koperator[m[K==(monostate, monostate) noexcept { return true; }
[9.868s]       |                  [01;36m[K^~~~~~~~[m[K
[9.868s] [01m[K/usr/include/c++/11/variant:1239:29:[m[K [01;36m[Knote: [m[K  no known conversion for argument 1 from ‘[01m[Kstd::string[m[K’ {aka ‘[01m[Kstd::__cxx11::basic_string<char>[m[K’} to ‘[01m[Kstd::monostate[m[K’
[9.868s]  1239 |   constexpr bool operator==([01;36m[Kmonostate[m[K, monostate) noexcept { return true; }
[9.869s]       |                             [01;36m[K^~~~~~~~~[m[K
[9.869s] [01m[K/home/toshie/Desktop/project/src/motor/src/main.cpp:[m[K In member function ‘[01m[Kvoid MinimalSubscriber::topic_callback(const String&) const[m[K’:
[9.869s] [01m[K/home/toshie/Desktop/project/src/motor/src/main.cpp:38:19:[m[K [01;31m[Kerror: [m[Kdeclaration of ‘[01m[Kstd::string msg[m[K’ shadows a parameter
[9.869s]    38 |       std::string [01;31m[Kmsg[m[K = msg.data();
[9.869s]       |                   [01;31m[K^~~[m[K
[9.872s] [01m[K/home/toshie/Desktop/project/src/motor/src/main.cpp:35:55:[m[K [01;36m[Knote: [m[K‘[01m[Kconst String& msg[m[K’ previously declared here
[9.872s]    35 |     void topic_callback([01;36m[Kconst std_msgs::msg::String & msg[m[K) const
[9.872s]       |                         [01;36m[K~~~~~~~~~~~~~~~~~~~~~~~~~~~~~~^~~[m[K
[9.872s] [01m[K/home/toshie/Desktop/project/src/motor/src/main.cpp:39:7:[m[K [01;31m[Kerror: [m[K‘[01m[Kcout[m[K’ was not declared in this scope; did you mean ‘[01m[Kstd::cout[m[K’?
[9.872s]    39 |       [01;31m[Kcout[m[K<<msg;
[9.873s]       |       [01;31m[K^~~~[m[K
[9.873s]       |       [32m[Kstd::cout[m[K
[9.877s] In file included from [01m[K/usr/include/x86_64-linux-gnu/c++/11/bits/stdc++.h:75[m[K,
[9.878s]                  from [01m[K/home/toshie/Desktop/project/src/motor/src/main.cpp:6[m[K:
[9.878s] [01m[K/usr/include/c++/11/iostream:61:18:[m[K [01;36m[Knote: [m[K‘[01m[Kstd::cout[m[K’ declared here
[9.878s]    61 |   extern ostream [01;36m[Kcout[m[K;          /// Linked to standard output
[9.878s]       |                  [01;36m[K^~~~[m[K
[9.879s] [01m[K/home/toshie/Desktop/project/src/motor/src/main.cpp:35:55:[m[K [01;35m[Kwarning: [m[Kunused parameter ‘[01m[Kmsg[m[K’ [[01;35m[K]8;;https://gcc.gnu.org/onlinedocs/gcc/Warning-Options.html#index-Wunused-parameter-Wunused-parameter]8;;[m[K]
[9.879s]    35 |     void topic_callback([01;35m[Kconst std_msgs::msg::String & msg[m[K) const
[9.879s]       |                         [01;35m[K~~~~~~~~~~~~~~~~~~~~~~~~~~~~~~^~~[m[K
[9.879s] [01m[K/home/toshie/Desktop/project/src/motor/src/main.cpp:[m[K In function ‘[01m[Kint main(int, char**)[m[K’:
[9.882s] [01m[K/home/toshie/Desktop/project/src/motor/src/main.cpp:48:62:[m[K [01;31m[Kerror: [m[Kconversion from ‘[01m[Kstd::shared_ptr<MinimalSubscriber>[m[K’ to non-scalar type ‘[01m[KMinimalSubscriber[m[K’ requested
[9.882s]    48 |   MinimalSubscriber sub = [01;31m[Kstd::make_shared<MinimalSubscriber>()[m[K;
[9.882s]       |                           [01;31m[K~~~~~~~~~~~~~~~~~~~~~~~~~~~~~~~~~~~^~[m[K
[9.882s] [01m[K/home/toshie/Desktop/project/src/motor/src/main.cpp:49:15:[m[K [01;31m[Kerror: [m[Kno matching function for call to ‘[01m[Kspin(MinimalSubscriber&)[m[K’
[9.883s]    49 |   [01;31m[Krclcpp::spin(sub)[m[K;
[9.883s]       |   [01;31m[K~~~~~~~~~~~~^~~~~[m[K
[9.883s] In file included from [01m[K/opt/ros/humble/include/rclcpp/rclcpp/rclcpp.hpp:155[m[K,
[9.883s]                  from [01m[K/home/toshie/Desktop/project/src/motor/src/main.cpp:8[m[K:
[9.885s] [01m[K/opt/ros/humble/include/rclcpp/rclcpp/executors.hpp:45:1:[m[K [01;36m[Knote: [m[Kcandidate: ‘[01m[Kvoid rclcpp::spin(rclcpp::node_interfaces::NodeBaseInterface::SharedPtr)[m[K’
[9.886s]    45 | [01;36m[Kspin[m[K(rclcpp::node_interfaces::NodeBaseInterface::SharedPtr node_ptr);
[9.886s]       | [01;36m[K^~~~[m[K
[9.886s] [01m[K/opt/ros/humble/include/rclcpp/rclcpp/executors.hpp:45:60:[m[K [01;36m[Knote: [m[K  no known conversion for argument 1 from ‘[01m[KMinimalSubscriber[m[K’ to ‘[01m[Krclcpp::node_interfaces::NodeBaseInterface::SharedPtr[m[K’ {aka ‘[01m[Kstd::shared_ptr<rclcpp::node_interfaces::NodeBaseInterface>[m[K’}
[9.886s]    45 | spin([01;36m[Krclcpp::node_interfaces::NodeBaseInterface::SharedPtr node_ptr[m[K);
[9.887s]       |      [01;36m[K~~~~~~~~~~~~~~~~~~~~~~~~~~~~~~~~~~~~~~~~~~~~~~~~~~~~~~^~~~~~~~[m[K
[9.887s] [01m[K/opt/ros/humble/include/rclcpp/rclcpp/executors.hpp:49:1:[m[K [01;36m[Knote: [m[Kcandidate: ‘[01m[Kvoid rclcpp::spin(rclcpp::Node::SharedPtr)[m[K’
[9.887s]    49 | [01;36m[Kspin[m[K(rclcpp::Node::SharedPtr node_ptr);
[9.887s]       | [01;36m[K^~~~[m[K
[9.889s] [01m[K/opt/ros/humble/include/rclcpp/rclcpp/executors.hpp:49:30:[m[K [01;36m[Knote: [m[K  no known conversion for argument 1 from ‘[01m[KMinimalSubscriber[m[K’ to ‘[01m[Krclcpp::Node::SharedPtr[m[K’ {aka ‘[01m[Kstd::shared_ptr<rclcpp::Node>[m[K’}
[9.890s]    49 | spin([01;36m[Krclcpp::Node::SharedPtr node_ptr[m[K);
[9.890s]       |      [01;36m[K~~~~~~~~~~~~~~~~~~~~~~~~^~~~~~~~[m[K
[15.684s] gmake[2]: *** [CMakeFiles/listener.dir/build.make:76: CMakeFiles/listener.dir/src/main.cpp.o] Error 1
[15.685s] gmake[1]: *** [CMakeFiles/Makefile2:137: CMakeFiles/listener.dir/all] Error 2
[15.686s] gmake: *** [Makefile:146: all] Error 2
[15.689s] Invoked command in '/home/toshie/Desktop/project/build/motor' returned '2': CMAKE_PREFIX_PATH=/opt/ros/humble /usr/bin/cmake --build /home/toshie/Desktop/project/build/motor -- -j2 -l2
