[0.346s] DEBUG:colcon:Command line arguments: ['/usr/bin/colcon', 'build', '--packages-select', 'interface']
[0.346s] DEBUG:colcon:Parsed command line arguments: Namespace(log_base=None, log_level=None, verb_name='build', build_base='build', install_base='install', merge_install=False, symlink_install=False, test_result_base=None, continue_on_error=False, executor='parallel', parallel_workers=2, event_handlers=None, ignore_user_meta=False, metas=['./colcon.meta'], base_paths=['.'], packages_ignore=None, packages_ignore_regex=None, paths=None, packages_up_to=None, packages_up_to_regex=None, packages_above=None, packages_above_and_dependencies=None, packages_above_depth=None, packages_select_by_dep=None, packages_skip_by_dep=None, packages_skip_up_to=None, packages_select_build_failed=False, packages_skip_build_finished=False, packages_select_test_failures=False, packages_skip_test_passed=False, packages_select=['interface'], packages_skip=None, packages_select_regex=None, packages_skip_regex=None, packages_start=None, packages_end=None, allow_overriding=[], cmake_args=None, cmake_target=None, cmake_target_skip_unavailable=False, cmake_clean_cache=False, cmake_clean_first=False, cmake_force_configure=False, ament_cmake_args=None, catkin_cmake_args=None, catkin_skip_building_tests=False, mixin_files=None, mixin=None, verb_parser=<colcon_mixin.mixin.mixin_argument.MixinArgumentDecorator object at 0x79bc498499f0>, verb_extension=<colcon_core.verb.build.BuildVerb object at 0x79bc49849030>, main=<bound method BuildVerb.main of <colcon_core.verb.build.BuildVerb object at 0x79bc49849030>>, mixin_verb=('build',))
[0.755s] Level 1:colcon.colcon_core.package_discovery:discover_packages(colcon_meta) check parameters
[0.755s] Level 1:colcon.colcon_core.package_discovery:discover_packages(recursive) check parameters
[0.755s] Level 1:colcon.colcon_core.package_discovery:discover_packages(ignore) check parameters
[0.755s] Level 1:colcon.colcon_core.package_discovery:discover_packages(path) check parameters
[0.755s] Level 1:colcon.colcon_core.package_discovery:discover_packages(colcon_meta) discover
[0.755s] Level 1:colcon.colcon_core.package_discovery:discover_packages(recursive) discover
[0.755s] INFO:colcon.colcon_core.package_discovery:Crawling recursively for packages in '/home/toshie/Desktop/maze_bot'
[0.756s] Level 1:colcon.colcon_core.package_identification:_identify(.) by extensions ['ignore', 'ignore_ament_install']
[0.756s] Level 1:colcon.colcon_core.package_identification:_identify(.) by extension 'ignore'
[0.756s] Level 1:colcon.colcon_core.package_identification:_identify(.) by extension 'ignore_ament_install'
[0.756s] Level 1:colcon.colcon_core.package_identification:_identify(.) by extensions ['colcon_pkg']
[0.756s] Level 1:colcon.colcon_core.package_identification:_identify(.) by extension 'colcon_pkg'
[0.756s] Level 1:colcon.colcon_core.package_identification:_identify(.) by extensions ['colcon_meta']
[0.756s] Level 1:colcon.colcon_core.package_identification:_identify(.) by extension 'colcon_meta'
[0.756s] Level 1:colcon.colcon_core.package_identification:_identify(.) by extensions ['ros']
[0.756s] Level 1:colcon.colcon_core.package_identification:_identify(.) by extension 'ros'
[0.786s] Level 1:colcon.colcon_core.package_identification:_identify(.) by extensions ['cmake', 'python']
[0.787s] Level 1:colcon.colcon_core.package_identification:_identify(.) by extension 'cmake'
[0.787s] Level 1:colcon.colcon_core.package_identification:_identify(.) by extension 'python'
[0.787s] Level 1:colcon.colcon_core.package_identification:_identify(.) by extensions ['python_setup_py']
[0.787s] Level 1:colcon.colcon_core.package_identification:_identify(.) by extension 'python_setup_py'
[0.787s] Level 1:colcon.colcon_core.package_identification:_identify(build) by extensions ['ignore', 'ignore_ament_install']
[0.787s] Level 1:colcon.colcon_core.package_identification:_identify(build) by extension 'ignore'
[0.787s] Level 1:colcon.colcon_core.package_identification:_identify(build) ignored
[0.788s] Level 1:colcon.colcon_core.package_identification:_identify(install) by extensions ['ignore', 'ignore_ament_install']
[0.788s] Level 1:colcon.colcon_core.package_identification:_identify(install) by extension 'ignore'
[0.788s] Level 1:colcon.colcon_core.package_identification:_identify(install) ignored
[0.788s] Level 1:colcon.colcon_core.package_identification:_identify(log) by extensions ['ignore', 'ignore_ament_install']
[0.789s] Level 1:colcon.colcon_core.package_identification:_identify(log) by extension 'ignore'
[0.789s] Level 1:colcon.colcon_core.package_identification:_identify(log) ignored
[0.789s] Level 1:colcon.colcon_core.package_identification:_identify(src) by extensions ['ignore', 'ignore_ament_install']
[0.789s] Level 1:colcon.colcon_core.package_identification:_identify(src) by extension 'ignore'
[0.789s] Level 1:colcon.colcon_core.package_identification:_identify(src) by extension 'ignore_ament_install'
[0.789s] Level 1:colcon.colcon_core.package_identification:_identify(src) by extensions ['colcon_pkg']
[0.789s] Level 1:colcon.colcon_core.package_identification:_identify(src) by extension 'colcon_pkg'
[0.789s] Level 1:colcon.colcon_core.package_identification:_identify(src) by extensions ['colcon_meta']
[0.789s] Level 1:colcon.colcon_core.package_identification:_identify(src) by extension 'colcon_meta'
[0.790s] Level 1:colcon.colcon_core.package_identification:_identify(src) by extensions ['ros']
[0.790s] Level 1:colcon.colcon_core.package_identification:_identify(src) by extension 'ros'
[0.790s] Level 1:colcon.colcon_core.package_identification:_identify(src) by extensions ['cmake', 'python']
[0.790s] Level 1:colcon.colcon_core.package_identification:_identify(src) by extension 'cmake'
[0.790s] Level 1:colcon.colcon_core.package_identification:_identify(src) by extension 'python'
[0.790s] Level 1:colcon.colcon_core.package_identification:_identify(src) by extensions ['python_setup_py']
[0.790s] Level 1:colcon.colcon_core.package_identification:_identify(src) by extension 'python_setup_py'
[0.790s] Level 1:colcon.colcon_core.package_identification:_identify(src/interface) by extensions ['ignore', 'ignore_ament_install']
[0.791s] Level 1:colcon.colcon_core.package_identification:_identify(src/interface) by extension 'ignore'
[0.791s] Level 1:colcon.colcon_core.package_identification:_identify(src/interface) by extension 'ignore_ament_install'
[0.791s] Level 1:colcon.colcon_core.package_identification:_identify(src/interface) by extensions ['colcon_pkg']
[0.791s] Level 1:colcon.colcon_core.package_identification:_identify(src/interface) by extension 'colcon_pkg'
[0.791s] Level 1:colcon.colcon_core.package_identification:_identify(src/interface) by extensions ['colcon_meta']
[0.791s] Level 1:colcon.colcon_core.package_identification:_identify(src/interface) by extension 'colcon_meta'
[0.791s] Level 1:colcon.colcon_core.package_identification:_identify(src/interface) by extensions ['ros']
[0.791s] Level 1:colcon.colcon_core.package_identification:_identify(src/interface) by extension 'ros'
[0.797s] DEBUG:colcon.colcon_core.package_identification:Package 'src/interface' with type 'ros.ament_cmake' and name 'interface'
[0.798s] Level 1:colcon.colcon_core.package_identification:_identify(src/main) by extensions ['ignore', 'ignore_ament_install']
[0.798s] Level 1:colcon.colcon_core.package_identification:_identify(src/main) by extension 'ignore'
[0.798s] Level 1:colcon.colcon_core.package_identification:_identify(src/main) by extension 'ignore_ament_install'
[0.798s] Level 1:colcon.colcon_core.package_identification:_identify(src/main) by extensions ['colcon_pkg']
[0.798s] Level 1:colcon.colcon_core.package_identification:_identify(src/main) by extension 'colcon_pkg'
[0.798s] Level 1:colcon.colcon_core.package_identification:_identify(src/main) by extensions ['colcon_meta']
[0.798s] Level 1:colcon.colcon_core.package_identification:_identify(src/main) by extension 'colcon_meta'
[0.798s] Level 1:colcon.colcon_core.package_identification:_identify(src/main) by extensions ['ros']
[0.798s] Level 1:colcon.colcon_core.package_identification:_identify(src/main) by extension 'ros'
[0.801s] DEBUG:colcon.colcon_core.package_identification:Package 'src/main' with type 'ros.ament_cmake' and name 'main'
[0.801s] Level 1:colcon.colcon_core.package_identification:_identify(src/motor) by extensions ['ignore', 'ignore_ament_install']
[0.801s] Level 1:colcon.colcon_core.package_identification:_identify(src/motor) by extension 'ignore'
[0.801s] Level 1:colcon.colcon_core.package_identification:_identify(src/motor) by extension 'ignore_ament_install'
[0.801s] Level 1:colcon.colcon_core.package_identification:_identify(src/motor) by extensions ['colcon_pkg']
[0.802s] Level 1:colcon.colcon_core.package_identification:_identify(src/motor) by extension 'colcon_pkg'
[0.802s] Level 1:colcon.colcon_core.package_identification:_identify(src/motor) by extensions ['colcon_meta']
[0.802s] Level 1:colcon.colcon_core.package_identification:_identify(src/motor) by extension 'colcon_meta'
[0.802s] Level 1:colcon.colcon_core.package_identification:_identify(src/motor) by extensions ['ros']
[0.802s] Level 1:colcon.colcon_core.package_identification:_identify(src/motor) by extension 'ros'
[0.804s] DEBUG:colcon.colcon_core.package_identification:Package 'src/motor' with type 'ros.ament_cmake' and name 'motor'
[0.804s] Level 1:colcon.colcon_core.package_identification:_identify(src/sensor) by extensions ['ignore', 'ignore_ament_install']
[0.804s] Level 1:colcon.colcon_core.package_identification:_identify(src/sensor) by extension 'ignore'
[0.804s] Level 1:colcon.colcon_core.package_identification:_identify(src/sensor) by extension 'ignore_ament_install'
[0.804s] Level 1:colcon.colcon_core.package_identification:_identify(src/sensor) by extensions ['colcon_pkg']
[0.804s] Level 1:colcon.colcon_core.package_identification:_identify(src/sensor) by extension 'colcon_pkg'
[0.805s] Level 1:colcon.colcon_core.package_identification:_identify(src/sensor) by extensions ['colcon_meta']
[0.805s] Level 1:colcon.colcon_core.package_identification:_identify(src/sensor) by extension 'colcon_meta'
[0.805s] Level 1:colcon.colcon_core.package_identification:_identify(src/sensor) by extensions ['ros']
[0.805s] Level 1:colcon.colcon_core.package_identification:_identify(src/sensor) by extension 'ros'
[0.806s] DEBUG:colcon.colcon_core.package_identification:Package 'src/sensor' with type 'ros.ament_cmake' and name 'sensor'
[0.806s] Level 1:colcon.colcon_core.package_discovery:discover_packages(recursive) using defaults
[0.806s] Level 1:colcon.colcon_core.package_discovery:discover_packages(ignore) discover
[0.807s] Level 1:colcon.colcon_core.package_discovery:discover_packages(ignore) using defaults
[0.807s] Level 1:colcon.colcon_core.package_discovery:discover_packages(path) discover
[0.807s] Level 1:colcon.colcon_core.package_discovery:discover_packages(path) using defaults
[0.856s] INFO:colcon.colcon_core.package_selection:Skipping not selected package 'main' in 'src/main'
[0.856s] INFO:colcon.colcon_core.package_selection:Skipping not selected package 'motor' in 'src/motor'
[0.856s] INFO:colcon.colcon_core.package_selection:Skipping not selected package 'sensor' in 'src/sensor'
[0.857s] Level 1:colcon.colcon_core.package_discovery:discover_packages(prefix_path) check parameters
[0.858s] Level 1:colcon.colcon_core.package_discovery:discover_packages(prefix_path) discover
[0.863s] DEBUG:colcon.colcon_installed_package_information.package_discovery:Found 270 installed packages in /opt/ros/humble
[0.893s] Level 1:colcon.colcon_core.package_discovery:discover_packages(prefix_path) using defaults
[0.992s] Level 5:colcon.colcon_core.verb:set package 'interface' build argument 'cmake_args' from command line to 'None'
[0.992s] Level 5:colcon.colcon_core.verb:set package 'interface' build argument 'cmake_target' from command line to 'None'
[0.992s] Level 5:colcon.colcon_core.verb:set package 'interface' build argument 'cmake_target_skip_unavailable' from command line to 'False'
[0.992s] Level 5:colcon.colcon_core.verb:set package 'interface' build argument 'cmake_clean_cache' from command line to 'False'
[0.992s] Level 5:colcon.colcon_core.verb:set package 'interface' build argument 'cmake_clean_first' from command line to 'False'
[0.992s] Level 5:colcon.colcon_core.verb:set package 'interface' build argument 'cmake_force_configure' from command line to 'False'
[0.992s] Level 5:colcon.colcon_core.verb:set package 'interface' build argument 'ament_cmake_args' from command line to 'None'
[0.992s] Level 5:colcon.colcon_core.verb:set package 'interface' build argument 'catkin_cmake_args' from command line to 'None'
[0.992s] Level 5:colcon.colcon_core.verb:set package 'interface' build argument 'catkin_skip_building_tests' from command line to 'False'
[0.992s] DEBUG:colcon.colcon_core.verb:Building package 'interface' with the following arguments: {'ament_cmake_args': None, 'build_base': '/home/toshie/Desktop/maze_bot/build/interface', 'catkin_cmake_args': None, 'catkin_skip_building_tests': False, 'cmake_args': None, 'cmake_clean_cache': False, 'cmake_clean_first': False, 'cmake_force_configure': False, 'cmake_target': None, 'cmake_target_skip_unavailable': False, 'install_base': '/home/toshie/Desktop/maze_bot/install/interface', 'merge_install': False, 'path': '/home/toshie/Desktop/maze_bot/src/interface', 'symlink_install': False, 'test_result_base': None}
[0.993s] INFO:colcon.colcon_core.executor:Executing jobs using 'parallel' executor
[0.995s] DEBUG:colcon.colcon_parallel_executor.executor.parallel:run_until_complete
[0.996s] INFO:colcon.colcon_ros.task.ament_cmake.build:Building ROS package in '/home/toshie/Desktop/maze_bot/src/interface' with build type 'ament_cmake'
[0.996s] INFO:colcon.colcon_cmake.task.cmake.build:Building CMake package in '/home/toshie/Desktop/maze_bot/src/interface'
[1.001s] INFO:colcon.colcon_core.plugin_system:Skipping extension 'colcon_core.shell.bat': Not used on non-Windows systems
[1.001s] INFO:colcon.colcon_core.shell:Skip shell extension 'powershell' for command environment: Not usable outside of PowerShell
[1.001s] DEBUG:colcon.colcon_core.shell:Skip shell extension 'dsv' for command environment
[1.020s] DEBUG:colcon.colcon_core.event_handler.log_command:Invoking command in '/home/toshie/Desktop/maze_bot/build/interface': CMAKE_PREFIX_PATH=/opt/ros/humble /usr/bin/cmake /home/toshie/Desktop/maze_bot/src/interface -DCMAKE_INSTALL_PREFIX=/home/toshie/Desktop/maze_bot/install/interface
[4.306s] DEBUG:colcon.colcon_core.event_handler.log_command:Invoked command in '/home/toshie/Desktop/maze_bot/build/interface' returned '0': CMAKE_PREFIX_PATH=/opt/ros/humble /usr/bin/cmake /home/toshie/Desktop/maze_bot/src/interface -DCMAKE_INSTALL_PREFIX=/home/toshie/Desktop/maze_bot/install/interface
[4.310s] DEBUG:colcon.colcon_core.event_handler.log_command:Invoking command in '/home/toshie/Desktop/maze_bot/build/interface': CMAKE_PREFIX_PATH=/opt/ros/humble /usr/bin/cmake --build /home/toshie/Desktop/maze_bot/build/interface -- -j2 -l2
[14.774s] DEBUG:colcon.colcon_core.event_handler.log_command:Invoked command in '/home/toshie/Desktop/maze_bot/build/interface' returned '0': CMAKE_PREFIX_PATH=/opt/ros/humble /usr/bin/cmake --build /home/toshie/Desktop/maze_bot/build/interface -- -j2 -l2
[14.909s] DEBUG:colcon.colcon_core.event_handler.log_command:Invoking command in '/home/toshie/Desktop/maze_bot/build/interface': CMAKE_PREFIX_PATH=/opt/ros/humble /usr/bin/cmake --install /home/toshie/Desktop/maze_bot/build/interface
[15.116s] Level 1:colcon.colcon_core.environment:create_environment_scripts_only(interface)
[15.118s] DEBUG:colcon.colcon_core.event_handler.log_command:Invoked command in '/home/toshie/Desktop/maze_bot/build/interface' returned '0': CMAKE_PREFIX_PATH=/opt/ros/humble /usr/bin/cmake --install /home/toshie/Desktop/maze_bot/build/interface
[15.123s] Level 1:colcon.colcon_core.environment:checking '/home/toshie/Desktop/maze_bot/install/interface' for CMake module files
[15.124s] Level 1:colcon.colcon_core.environment:checking '/home/toshie/Desktop/maze_bot/install/interface' for CMake config files
[15.126s] Level 1:colcon.colcon_core.shell:create_environment_hook('interface', 'cmake_prefix_path')
[15.127s] INFO:colcon.colcon_core.shell:Creating environment hook '/home/toshie/Desktop/maze_bot/install/interface/share/interface/hook/cmake_prefix_path.ps1'
[15.140s] INFO:colcon.colcon_core.shell:Creating environment descriptor '/home/toshie/Desktop/maze_bot/install/interface/share/interface/hook/cmake_prefix_path.dsv'
[15.154s] INFO:colcon.colcon_core.shell:Creating environment hook '/home/toshie/Desktop/maze_bot/install/interface/share/interface/hook/cmake_prefix_path.sh'
[15.159s] Level 1:colcon.colcon_core.environment:checking '/home/toshie/Desktop/maze_bot/install/interface/lib'
[15.159s] Level 1:colcon.colcon_core.shell:create_environment_hook('interface', 'ld_library_path_lib')
[15.160s] INFO:colcon.colcon_core.shell:Creating environment hook '/home/toshie/Desktop/maze_bot/install/interface/share/interface/hook/ld_library_path_lib.ps1'
[15.162s] INFO:colcon.colcon_core.shell:Creating environment descriptor '/home/toshie/Desktop/maze_bot/install/interface/share/interface/hook/ld_library_path_lib.dsv'
[15.163s] INFO:colcon.colcon_core.shell:Creating environment hook '/home/toshie/Desktop/maze_bot/install/interface/share/interface/hook/ld_library_path_lib.sh'
[15.165s] Level 1:colcon.colcon_core.environment:checking '/home/toshie/Desktop/maze_bot/install/interface/bin'
[15.165s] Level 1:colcon.colcon_core.environment:checking '/home/toshie/Desktop/maze_bot/install/interface/lib/pkgconfig/interface.pc'
[15.166s] Level 1:colcon.colcon_core.environment:checking '/home/toshie/Desktop/maze_bot/install/interface/lib/python3.10/site-packages'
[15.167s] Level 1:colcon.colcon_core.environment:checking '/home/toshie/Desktop/maze_bot/install/interface/bin'
[15.169s] INFO:colcon.colcon_core.shell:Creating package script '/home/toshie/Desktop/maze_bot/install/interface/share/interface/package.ps1'
[15.173s] INFO:colcon.colcon_core.shell:Creating package descriptor '/home/toshie/Desktop/maze_bot/install/interface/share/interface/package.dsv'
[15.175s] INFO:colcon.colcon_core.shell:Creating package script '/home/toshie/Desktop/maze_bot/install/interface/share/interface/package.sh'
[15.179s] INFO:colcon.colcon_core.shell:Creating package script '/home/toshie/Desktop/maze_bot/install/interface/share/interface/package.bash'
[15.182s] INFO:colcon.colcon_core.shell:Creating package script '/home/toshie/Desktop/maze_bot/install/interface/share/interface/package.zsh'
[15.184s] Level 1:colcon.colcon_core.environment:create_file_with_runtime_dependencies(/home/toshie/Desktop/maze_bot/install/interface/share/colcon-core/packages/interface)
[15.301s] Level 1:colcon.colcon_core.environment:create_environment_scripts_only(interface)
[15.301s] Level 1:colcon.colcon_core.environment:checking '/home/toshie/Desktop/maze_bot/install/interface' for CMake module files
[15.303s] Level 1:colcon.colcon_core.environment:checking '/home/toshie/Desktop/maze_bot/install/interface' for CMake config files
[15.304s] Level 1:colcon.colcon_core.shell:create_environment_hook('interface', 'cmake_prefix_path')
[15.305s] INFO:colcon.colcon_core.shell:Creating environment hook '/home/toshie/Desktop/maze_bot/install/interface/share/interface/hook/cmake_prefix_path.ps1'
[15.306s] INFO:colcon.colcon_core.shell:Creating environment descriptor '/home/toshie/Desktop/maze_bot/install/interface/share/interface/hook/cmake_prefix_path.dsv'
[15.307s] INFO:colcon.colcon_core.shell:Creating environment hook '/home/toshie/Desktop/maze_bot/install/interface/share/interface/hook/cmake_prefix_path.sh'
[15.309s] Level 1:colcon.colcon_core.environment:checking '/home/toshie/Desktop/maze_bot/install/interface/lib'
[15.309s] Level 1:colcon.colcon_core.shell:create_environment_hook('interface', 'ld_library_path_lib')
[15.309s] INFO:colcon.colcon_core.shell:Creating environment hook '/home/toshie/Desktop/maze_bot/install/interface/share/interface/hook/ld_library_path_lib.ps1'
[15.310s] INFO:colcon.colcon_core.shell:Creating environment descriptor '/home/toshie/Desktop/maze_bot/install/interface/share/interface/hook/ld_library_path_lib.dsv'
[15.311s] INFO:colcon.colcon_core.shell:Creating environment hook '/home/toshie/Desktop/maze_bot/install/interface/share/interface/hook/ld_library_path_lib.sh'
[15.313s] Level 1:colcon.colcon_core.environment:checking '/home/toshie/Desktop/maze_bot/install/interface/bin'
[15.313s] Level 1:colcon.colcon_core.environment:checking '/home/toshie/Desktop/maze_bot/install/interface/lib/pkgconfig/interface.pc'
[15.313s] Level 1:colcon.colcon_core.environment:checking '/home/toshie/Desktop/maze_bot/install/interface/lib/python3.10/site-packages'
[15.314s] Level 1:colcon.colcon_core.environment:checking '/home/toshie/Desktop/maze_bot/install/interface/bin'
[15.315s] INFO:colcon.colcon_core.shell:Creating package script '/home/toshie/Desktop/maze_bot/install/interface/share/interface/package.ps1'
[15.316s] INFO:colcon.colcon_core.shell:Creating package descriptor '/home/toshie/Desktop/maze_bot/install/interface/share/interface/package.dsv'
[15.318s] INFO:colcon.colcon_core.shell:Creating package script '/home/toshie/Desktop/maze_bot/install/interface/share/interface/package.sh'
[15.319s] INFO:colcon.colcon_core.shell:Creating package script '/home/toshie/Desktop/maze_bot/install/interface/share/interface/package.bash'
[15.320s] INFO:colcon.colcon_core.shell:Creating package script '/home/toshie/Desktop/maze_bot/install/interface/share/interface/package.zsh'
[15.322s] Level 1:colcon.colcon_core.environment:create_file_with_runtime_dependencies(/home/toshie/Desktop/maze_bot/install/interface/share/colcon-core/packages/interface)
[15.322s] DEBUG:colcon.colcon_parallel_executor.executor.parallel:closing loop
[15.323s] DEBUG:colcon.colcon_parallel_executor.executor.parallel:loop closed
[15.324s] DEBUG:colcon.colcon_parallel_executor.executor.parallel:run_until_complete finished with '0'
[15.324s] DEBUG:colcon.colcon_core.event_reactor:joining thread
[15.335s] INFO:colcon.colcon_core.plugin_system:Skipping extension 'colcon_notification.desktop_notification.terminal_notifier': Not used on non-Darwin systems
[15.335s] INFO:colcon.colcon_core.plugin_system:Skipping extension 'colcon_notification.desktop_notification.win32': Not used on non-Windows systems
[15.336s] INFO:colcon.colcon_notification.desktop_notification:Sending desktop notification using 'notify2'
[15.366s] DEBUG:colcon.colcon_core.event_reactor:joined thread
[15.367s] INFO:colcon.colcon_core.shell:Creating prefix script '/home/toshie/Desktop/maze_bot/install/local_setup.ps1'
[15.371s] INFO:colcon.colcon_core.shell:Creating prefix util module '/home/toshie/Desktop/maze_bot/install/_local_setup_util_ps1.py'
[15.378s] INFO:colcon.colcon_core.shell:Creating prefix chain script '/home/toshie/Desktop/maze_bot/install/setup.ps1'
[15.381s] INFO:colcon.colcon_core.shell:Creating prefix script '/home/toshie/Desktop/maze_bot/install/local_setup.sh'
[15.382s] INFO:colcon.colcon_core.shell:Creating prefix util module '/home/toshie/Desktop/maze_bot/install/_local_setup_util_sh.py'
[15.384s] INFO:colcon.colcon_core.shell:Creating prefix chain script '/home/toshie/Desktop/maze_bot/install/setup.sh'
[15.388s] INFO:colcon.colcon_core.shell:Creating prefix script '/home/toshie/Desktop/maze_bot/install/local_setup.bash'
[15.390s] INFO:colcon.colcon_core.shell:Creating prefix chain script '/home/toshie/Desktop/maze_bot/install/setup.bash'
[15.392s] INFO:colcon.colcon_core.shell:Creating prefix script '/home/toshie/Desktop/maze_bot/install/local_setup.zsh'
[15.394s] INFO:colcon.colcon_core.shell:Creating prefix chain script '/home/toshie/Desktop/maze_bot/install/setup.zsh'
