[0.060s] Invoking command in '/home/toshie/Desktop/maze_bot/build/interface': CMAKE_PREFIX_PATH=/opt/ros/humble /usr/bin/cmake /home/toshie/Desktop/maze_bot/src/interface -DCMAKE_INSTALL_PREFIX=/home/toshie/Desktop/maze_bot/install/interface
[1.709s] -- The C compiler identification is GNU 11.4.0
[2.405s] -- The CXX compiler identification is GNU 11.4.0
[2.427s] -- Detecting C compiler ABI info
[2.666s] -- Detecting C compiler ABI info - done
[2.687s] -- Check for working C compiler: /usr/bin/cc - skipped
[2.689s] -- Detecting C compile features
[2.720s] -- Detecting C compile features - done
[2.737s] -- Detecting CXX compiler ABI info
[2.953s] -- Detecting CXX compiler ABI info - done
[2.970s] -- Check for working CXX compiler: /usr/bin/c++ - skipped
[2.970s] -- Detecting CXX compile features
[2.971s] -- Detecting CXX compile features - done
[3.078s] -- Found ament_cmake: 1.3.10 (/opt/ros/humble/share/ament_cmake/cmake)
[3.595s] -- Found Python3: /usr/bin/python3 (found version "3.10.12") found components: Interpreter 
[3.875s] -- Found rosidl_default_generators: 1.2.0 (/opt/ros/humble/share/rosidl_default_generators/cmake)
[3.918s] -- Using all available rosidl_typesupport_c: rosidl_typesupport_fastrtps_c;rosidl_typesupport_introspection_c
[3.987s] -- Found rosidl_adapter: 3.1.5 (/opt/ros/humble/share/rosidl_adapter/cmake)
[4.187s] -- Using all available rosidl_typesupport_cpp: rosidl_typesupport_fastrtps_cpp;rosidl_typesupport_introspection_cpp
[4.287s] [31mCMake Error at /opt/ros/humble/share/rosidl_cmake/cmake/rosidl_generate_interfaces.cmake:93 (message):
[4.287s]   rosidl_generate_interfaces() the passed file 'msg/Motor' doesn't exist
[4.287s]   relative to the CMAKE_CURRENT_SOURCE_DIR
[4.287s]   '/home/toshie/Desktop/maze_bot/src/interface'
[4.287s] Call Stack (most recent call first):
[4.288s]   CMakeLists.txt:16 (rosidl_generate_interfaces)
[4.288s] 
[4.288s] [0m
[4.288s] -- Configuring incomplete, errors occurred!
[4.288s] See also "/home/toshie/Desktop/maze_bot/build/interface/CMakeFiles/CMakeOutput.log".
[4.296s] Invoked command in '/home/toshie/Desktop/maze_bot/build/interface' returned '1': CMAKE_PREFIX_PATH=/opt/ros/humble /usr/bin/cmake /home/toshie/Desktop/maze_bot/src/interface -DCMAKE_INSTALL_PREFIX=/home/toshie/Desktop/maze_bot/install/interface
