[0.793s] DEBUG:colcon:Command line arguments: ['/usr/bin/colcon', 'build', '--packages-select', 'interface']
[0.794s] DEBUG:colcon:Parsed command line arguments: Namespace(log_base=None, log_level=None, verb_name='build', build_base='build', install_base='install', merge_install=False, symlink_install=False, test_result_base=None, continue_on_error=False, executor='parallel', parallel_workers=2, event_handlers=None, ignore_user_meta=False, metas=['./colcon.meta'], base_paths=['.'], packages_ignore=None, packages_ignore_regex=None, paths=None, packages_up_to=None, packages_up_to_regex=None, packages_above=None, packages_above_and_dependencies=None, packages_above_depth=None, packages_select_by_dep=None, packages_skip_by_dep=None, packages_skip_up_to=None, packages_select_build_failed=False, packages_skip_build_finished=False, packages_select_test_failures=False, packages_skip_test_passed=False, packages_select=['interface'], packages_skip=None, packages_select_regex=None, packages_skip_regex=None, packages_start=None, packages_end=None, allow_overriding=[], cmake_args=None, cmake_target=None, cmake_target_skip_unavailable=False, cmake_clean_cache=False, cmake_clean_first=False, cmake_force_configure=False, ament_cmake_args=None, catkin_cmake_args=None, catkin_skip_building_tests=False, mixin_files=None, mixin=None, verb_parser=<colcon_mixin.mixin.mixin_argument.MixinArgumentDecorator object at 0x7797022499f0>, verb_extension=<colcon_core.verb.build.BuildVerb object at 0x779702249030>, main=<bound method BuildVerb.main of <colcon_core.verb.build.BuildVerb object at 0x779702249030>>, mixin_verb=('build',))
[4.462s] Level 1:colcon.colcon_core.package_discovery:discover_packages(colcon_meta) check parameters
[4.462s] Level 1:colcon.colcon_core.package_discovery:discover_packages(recursive) check parameters
[4.462s] Level 1:colcon.colcon_core.package_discovery:discover_packages(ignore) check parameters
[4.462s] Level 1:colcon.colcon_core.package_discovery:discover_packages(path) check parameters
[4.463s] Level 1:colcon.colcon_core.package_discovery:discover_packages(colcon_meta) discover
[4.463s] Level 1:colcon.colcon_core.package_discovery:discover_packages(recursive) discover
[4.463s] INFO:colcon.colcon_core.package_discovery:Crawling recursively for packages in '/home/toshie/Desktop/maze_bot'
[4.463s] Level 1:colcon.colcon_core.package_identification:_identify(.) by extensions ['ignore', 'ignore_ament_install']
[4.464s] Level 1:colcon.colcon_core.package_identification:_identify(.) by extension 'ignore'
[4.464s] Level 1:colcon.colcon_core.package_identification:_identify(.) by extension 'ignore_ament_install'
[4.464s] Level 1:colcon.colcon_core.package_identification:_identify(.) by extensions ['colcon_pkg']
[4.464s] Level 1:colcon.colcon_core.package_identification:_identify(.) by extension 'colcon_pkg'
[4.464s] Level 1:colcon.colcon_core.package_identification:_identify(.) by extensions ['colcon_meta']
[4.465s] Level 1:colcon.colcon_core.package_identification:_identify(.) by extension 'colcon_meta'
[4.465s] Level 1:colcon.colcon_core.package_identification:_identify(.) by extensions ['ros']
[4.465s] Level 1:colcon.colcon_core.package_identification:_identify(.) by extension 'ros'
[4.510s] Level 1:colcon.colcon_core.package_identification:_identify(.) by extensions ['cmake', 'python']
[4.510s] Level 1:colcon.colcon_core.package_identification:_identify(.) by extension 'cmake'
[4.511s] Level 1:colcon.colcon_core.package_identification:_identify(.) by extension 'python'
[4.511s] Level 1:colcon.colcon_core.package_identification:_identify(.) by extensions ['python_setup_py']
[4.511s] Level 1:colcon.colcon_core.package_identification:_identify(.) by extension 'python_setup_py'
[4.511s] Level 1:colcon.colcon_core.package_identification:_identify(build) by extensions ['ignore', 'ignore_ament_install']
[4.511s] Level 1:colcon.colcon_core.package_identification:_identify(build) by extension 'ignore'
[4.511s] Level 1:colcon.colcon_core.package_identification:_identify(build) ignored
[4.512s] Level 1:colcon.colcon_core.package_identification:_identify(install) by extensions ['ignore', 'ignore_ament_install']
[4.512s] Level 1:colcon.colcon_core.package_identification:_identify(install) by extension 'ignore'
[4.512s] Level 1:colcon.colcon_core.package_identification:_identify(install) ignored
[4.512s] Level 1:colcon.colcon_core.package_identification:_identify(log) by extensions ['ignore', 'ignore_ament_install']
[4.512s] Level 1:colcon.colcon_core.package_identification:_identify(log) by extension 'ignore'
[4.512s] Level 1:colcon.colcon_core.package_identification:_identify(log) ignored
[4.513s] Level 1:colcon.colcon_core.package_identification:_identify(src) by extensions ['ignore', 'ignore_ament_install']
[4.513s] Level 1:colcon.colcon_core.package_identification:_identify(src) by extension 'ignore'
[4.513s] Level 1:colcon.colcon_core.package_identification:_identify(src) by extension 'ignore_ament_install'
[4.513s] Level 1:colcon.colcon_core.package_identification:_identify(src) by extensions ['colcon_pkg']
[4.513s] Level 1:colcon.colcon_core.package_identification:_identify(src) by extension 'colcon_pkg'
[4.513s] Level 1:colcon.colcon_core.package_identification:_identify(src) by extensions ['colcon_meta']
[4.513s] Level 1:colcon.colcon_core.package_identification:_identify(src) by extension 'colcon_meta'
[4.513s] Level 1:colcon.colcon_core.package_identification:_identify(src) by extensions ['ros']
[4.513s] Level 1:colcon.colcon_core.package_identification:_identify(src) by extension 'ros'
[4.513s] Level 1:colcon.colcon_core.package_identification:_identify(src) by extensions ['cmake', 'python']
[4.513s] Level 1:colcon.colcon_core.package_identification:_identify(src) by extension 'cmake'
[4.514s] Level 1:colcon.colcon_core.package_identification:_identify(src) by extension 'python'
[4.514s] Level 1:colcon.colcon_core.package_identification:_identify(src) by extensions ['python_setup_py']
[4.514s] Level 1:colcon.colcon_core.package_identification:_identify(src) by extension 'python_setup_py'
[4.514s] Level 1:colcon.colcon_core.package_identification:_identify(src/interface) by extensions ['ignore', 'ignore_ament_install']
[4.514s] Level 1:colcon.colcon_core.package_identification:_identify(src/interface) by extension 'ignore'
[4.514s] Level 1:colcon.colcon_core.package_identification:_identify(src/interface) by extension 'ignore_ament_install'
[4.514s] Level 1:colcon.colcon_core.package_identification:_identify(src/interface) by extensions ['colcon_pkg']
[4.514s] Level 1:colcon.colcon_core.package_identification:_identify(src/interface) by extension 'colcon_pkg'
[4.514s] Level 1:colcon.colcon_core.package_identification:_identify(src/interface) by extensions ['colcon_meta']
[4.514s] Level 1:colcon.colcon_core.package_identification:_identify(src/interface) by extension 'colcon_meta'
[4.515s] Level 1:colcon.colcon_core.package_identification:_identify(src/interface) by extensions ['ros']
[4.515s] Level 1:colcon.colcon_core.package_identification:_identify(src/interface) by extension 'ros'
[4.544s] DEBUG:colcon.colcon_core.package_identification:Package 'src/interface' with type 'ros.ament_cmake' and name 'interface'
[4.545s] Level 1:colcon.colcon_core.package_identification:_identify(src/main) by extensions ['ignore', 'ignore_ament_install']
[4.545s] Level 1:colcon.colcon_core.package_identification:_identify(src/main) by extension 'ignore'
[4.545s] Level 1:colcon.colcon_core.package_identification:_identify(src/main) by extension 'ignore_ament_install'
[4.545s] Level 1:colcon.colcon_core.package_identification:_identify(src/main) by extensions ['colcon_pkg']
[4.545s] Level 1:colcon.colcon_core.package_identification:_identify(src/main) by extension 'colcon_pkg'
[4.545s] Level 1:colcon.colcon_core.package_identification:_identify(src/main) by extensions ['colcon_meta']
[4.546s] Level 1:colcon.colcon_core.package_identification:_identify(src/main) by extension 'colcon_meta'
[4.546s] Level 1:colcon.colcon_core.package_identification:_identify(src/main) by extensions ['ros']
[4.546s] Level 1:colcon.colcon_core.package_identification:_identify(src/main) by extension 'ros'
[4.548s] DEBUG:colcon.colcon_core.package_identification:Package 'src/main' with type 'ros.ament_cmake' and name 'main'
[4.548s] Level 1:colcon.colcon_core.package_identification:_identify(src/motor) by extensions ['ignore', 'ignore_ament_install']
[4.548s] Level 1:colcon.colcon_core.package_identification:_identify(src/motor) by extension 'ignore'
[4.548s] Level 1:colcon.colcon_core.package_identification:_identify(src/motor) by extension 'ignore_ament_install'
[4.548s] Level 1:colcon.colcon_core.package_identification:_identify(src/motor) by extensions ['colcon_pkg']
[4.548s] Level 1:colcon.colcon_core.package_identification:_identify(src/motor) by extension 'colcon_pkg'
[4.548s] Level 1:colcon.colcon_core.package_identification:_identify(src/motor) by extensions ['colcon_meta']
[4.549s] Level 1:colcon.colcon_core.package_identification:_identify(src/motor) by extension 'colcon_meta'
[4.549s] Level 1:colcon.colcon_core.package_identification:_identify(src/motor) by extensions ['ros']
[4.549s] Level 1:colcon.colcon_core.package_identification:_identify(src/motor) by extension 'ros'
[4.550s] DEBUG:colcon.colcon_core.package_identification:Package 'src/motor' with type 'ros.ament_cmake' and name 'motor'
[4.550s] Level 1:colcon.colcon_core.package_identification:_identify(src/sensor) by extensions ['ignore', 'ignore_ament_install']
[4.551s] Level 1:colcon.colcon_core.package_identification:_identify(src/sensor) by extension 'ignore'
[4.551s] Level 1:colcon.colcon_core.package_identification:_identify(src/sensor) by extension 'ignore_ament_install'
[4.551s] Level 1:colcon.colcon_core.package_identification:_identify(src/sensor) by extensions ['colcon_pkg']
[4.551s] Level 1:colcon.colcon_core.package_identification:_identify(src/sensor) by extension 'colcon_pkg'
[4.551s] Level 1:colcon.colcon_core.package_identification:_identify(src/sensor) by extensions ['colcon_meta']
[4.551s] Level 1:colcon.colcon_core.package_identification:_identify(src/sensor) by extension 'colcon_meta'
[4.551s] Level 1:colcon.colcon_core.package_identification:_identify(src/sensor) by extensions ['ros']
[4.551s] Level 1:colcon.colcon_core.package_identification:_identify(src/sensor) by extension 'ros'
[4.552s] DEBUG:colcon.colcon_core.package_identification:Package 'src/sensor' with type 'ros.ament_cmake' and name 'sensor'
[4.552s] Level 1:colcon.colcon_core.package_discovery:discover_packages(recursive) using defaults
[4.552s] Level 1:colcon.colcon_core.package_discovery:discover_packages(ignore) discover
[4.553s] Level 1:colcon.colcon_core.package_discovery:discover_packages(ignore) using defaults
[4.553s] Level 1:colcon.colcon_core.package_discovery:discover_packages(path) discover
[4.553s] Level 1:colcon.colcon_core.package_discovery:discover_packages(path) using defaults
[4.840s] INFO:colcon.colcon_core.package_selection:Skipping not selected package 'main' in 'src/main'
[4.840s] INFO:colcon.colcon_core.package_selection:Skipping not selected package 'motor' in 'src/motor'
[4.840s] INFO:colcon.colcon_core.package_selection:Skipping not selected package 'sensor' in 'src/sensor'
[4.850s] Level 1:colcon.colcon_core.package_discovery:discover_packages(prefix_path) check parameters
[4.850s] Level 1:colcon.colcon_core.package_discovery:discover_packages(prefix_path) discover
[4.858s] DEBUG:colcon.colcon_installed_package_information.package_discovery:Found 270 installed packages in /opt/ros/humble
[4.886s] Level 1:colcon.colcon_core.package_discovery:discover_packages(prefix_path) using defaults
[4.986s] Level 5:colcon.colcon_core.verb:set package 'interface' build argument 'cmake_args' from command line to 'None'
[4.987s] Level 5:colcon.colcon_core.verb:set package 'interface' build argument 'cmake_target' from command line to 'None'
[4.987s] Level 5:colcon.colcon_core.verb:set package 'interface' build argument 'cmake_target_skip_unavailable' from command line to 'False'
[4.987s] Level 5:colcon.colcon_core.verb:set package 'interface' build argument 'cmake_clean_cache' from command line to 'False'
[4.987s] Level 5:colcon.colcon_core.verb:set package 'interface' build argument 'cmake_clean_first' from command line to 'False'
[4.987s] Level 5:colcon.colcon_core.verb:set package 'interface' build argument 'cmake_force_configure' from command line to 'False'
[4.987s] Level 5:colcon.colcon_core.verb:set package 'interface' build argument 'ament_cmake_args' from command line to 'None'
[4.987s] Level 5:colcon.colcon_core.verb:set package 'interface' build argument 'catkin_cmake_args' from command line to 'None'
[4.987s] Level 5:colcon.colcon_core.verb:set package 'interface' build argument 'catkin_skip_building_tests' from command line to 'False'
[4.987s] DEBUG:colcon.colcon_core.verb:Building package 'interface' with the following arguments: {'ament_cmake_args': None, 'build_base': '/home/toshie/Desktop/maze_bot/build/interface', 'catkin_cmake_args': None, 'catkin_skip_building_tests': False, 'cmake_args': None, 'cmake_clean_cache': False, 'cmake_clean_first': False, 'cmake_force_configure': False, 'cmake_target': None, 'cmake_target_skip_unavailable': False, 'install_base': '/home/toshie/Desktop/maze_bot/install/interface', 'merge_install': False, 'path': '/home/toshie/Desktop/maze_bot/src/interface', 'symlink_install': False, 'test_result_base': None}
[4.987s] INFO:colcon.colcon_core.executor:Executing jobs using 'parallel' executor
[4.990s] DEBUG:colcon.colcon_parallel_executor.executor.parallel:run_until_complete
[4.990s] INFO:colcon.colcon_ros.task.ament_cmake.build:Building ROS package in '/home/toshie/Desktop/maze_bot/src/interface' with build type 'ament_cmake'
[4.991s] INFO:colcon.colcon_cmake.task.cmake.build:Building CMake package in '/home/toshie/Desktop/maze_bot/src/interface'
[5.027s] INFO:colcon.colcon_core.plugin_system:Skipping extension 'colcon_core.shell.bat': Not used on non-Windows systems
[5.027s] INFO:colcon.colcon_core.shell:Skip shell extension 'powershell' for command environment: Not usable outside of PowerShell
[5.027s] DEBUG:colcon.colcon_core.shell:Skip shell extension 'dsv' for command environment
[5.051s] DEBUG:colcon.colcon_core.event_handler.log_command:Invoking command in '/home/toshie/Desktop/maze_bot/build/interface': CMAKE_PREFIX_PATH=/opt/ros/humble /usr/bin/cmake /home/toshie/Desktop/maze_bot/src/interface -DCMAKE_INSTALL_PREFIX=/home/toshie/Desktop/maze_bot/install/interface
[9.287s] DEBUG:colcon.colcon_core.event_handler.log_command:Invoked command in '/home/toshie/Desktop/maze_bot/build/interface' returned '1': CMAKE_PREFIX_PATH=/opt/ros/humble /usr/bin/cmake /home/toshie/Desktop/maze_bot/src/interface -DCMAKE_INSTALL_PREFIX=/home/toshie/Desktop/maze_bot/install/interface
[9.307s] Level 1:colcon.colcon_core.environment:create_environment_scripts_only(interface)
[9.434s] Level 1:colcon.colcon_core.environment:checking '/home/toshie/Desktop/maze_bot/install/interface' for CMake module files
[9.436s] Level 1:colcon.colcon_core.environment:checking '/home/toshie/Desktop/maze_bot/install/interface' for CMake config files
[9.437s] Level 1:colcon.colcon_core.environment:checking '/home/toshie/Desktop/maze_bot/install/interface/bin'
[9.437s] Level 1:colcon.colcon_core.environment:checking '/home/toshie/Desktop/maze_bot/install/interface/lib/pkgconfig/interface.pc'
[9.438s] Level 1:colcon.colcon_core.environment:checking '/home/toshie/Desktop/maze_bot/install/interface/lib/python3.10/site-packages'
[9.439s] Level 1:colcon.colcon_core.environment:checking '/home/toshie/Desktop/maze_bot/install/interface/bin'
[9.440s] INFO:colcon.colcon_core.shell:Creating package script '/home/toshie/Desktop/maze_bot/install/interface/share/interface/package.ps1'
[9.455s] INFO:colcon.colcon_core.shell:Creating package descriptor '/home/toshie/Desktop/maze_bot/install/interface/share/interface/package.dsv'
[9.467s] INFO:colcon.colcon_core.shell:Creating package script '/home/toshie/Desktop/maze_bot/install/interface/share/interface/package.sh'
[9.470s] INFO:colcon.colcon_core.shell:Creating package script '/home/toshie/Desktop/maze_bot/install/interface/share/interface/package.bash'
[9.474s] INFO:colcon.colcon_core.shell:Creating package script '/home/toshie/Desktop/maze_bot/install/interface/share/interface/package.zsh'
[9.477s] Level 1:colcon.colcon_core.environment:create_file_with_runtime_dependencies(/home/toshie/Desktop/maze_bot/install/interface/share/colcon-core/packages/interface)
[9.489s] DEBUG:colcon.colcon_parallel_executor.executor.parallel:closing loop
[9.490s] DEBUG:colcon.colcon_parallel_executor.executor.parallel:loop closed
[9.490s] DEBUG:colcon.colcon_parallel_executor.executor.parallel:run_until_complete finished with '1'
[9.490s] DEBUG:colcon.colcon_core.event_reactor:joining thread
[9.529s] INFO:colcon.colcon_core.plugin_system:Skipping extension 'colcon_notification.desktop_notification.terminal_notifier': Not used on non-Darwin systems
[9.529s] INFO:colcon.colcon_core.plugin_system:Skipping extension 'colcon_notification.desktop_notification.win32': Not used on non-Windows systems
[9.530s] INFO:colcon.colcon_notification.desktop_notification:Sending desktop notification using 'notify2'
[9.589s] DEBUG:colcon.colcon_core.event_reactor:joined thread
[9.590s] INFO:colcon.colcon_core.shell:Creating prefix script '/home/toshie/Desktop/maze_bot/install/local_setup.ps1'
[9.594s] INFO:colcon.colcon_core.shell:Creating prefix util module '/home/toshie/Desktop/maze_bot/install/_local_setup_util_ps1.py'
[9.599s] INFO:colcon.colcon_core.shell:Creating prefix chain script '/home/toshie/Desktop/maze_bot/install/setup.ps1'
[9.602s] INFO:colcon.colcon_core.shell:Creating prefix script '/home/toshie/Desktop/maze_bot/install/local_setup.sh'
[9.604s] INFO:colcon.colcon_core.shell:Creating prefix util module '/home/toshie/Desktop/maze_bot/install/_local_setup_util_sh.py'
[9.606s] INFO:colcon.colcon_core.shell:Creating prefix chain script '/home/toshie/Desktop/maze_bot/install/setup.sh'
[9.609s] INFO:colcon.colcon_core.shell:Creating prefix script '/home/toshie/Desktop/maze_bot/install/local_setup.bash'
[9.611s] INFO:colcon.colcon_core.shell:Creating prefix chain script '/home/toshie/Desktop/maze_bot/install/setup.bash'
[9.613s] INFO:colcon.colcon_core.shell:Creating prefix script '/home/toshie/Desktop/maze_bot/install/local_setup.zsh'
[9.614s] INFO:colcon.colcon_core.shell:Creating prefix chain script '/home/toshie/Desktop/maze_bot/install/setup.zsh'
