[0.323s] DEBUG:colcon:Command line arguments: ['/usr/bin/colcon', 'build', '--packages-select', 'test']
[0.324s] DEBUG:colcon:Parsed command line arguments: Namespace(log_base=None, log_level=None, verb_name='build', build_base='build', install_base='install', merge_install=False, symlink_install=False, test_result_base=None, continue_on_error=False, executor='parallel', parallel_workers=2, event_handlers=None, ignore_user_meta=False, metas=['./colcon.meta'], base_paths=['.'], packages_ignore=None, packages_ignore_regex=None, paths=None, packages_up_to=None, packages_up_to_regex=None, packages_above=None, packages_above_and_dependencies=None, packages_above_depth=None, packages_select_by_dep=None, packages_skip_by_dep=None, packages_skip_up_to=None, packages_select_build_failed=False, packages_skip_build_finished=False, packages_select_test_failures=False, packages_skip_test_passed=False, packages_select=['test'], packages_skip=None, packages_select_regex=None, packages_skip_regex=None, packages_start=None, packages_end=None, allow_overriding=[], cmake_args=None, cmake_target=None, cmake_target_skip_unavailable=False, cmake_clean_cache=False, cmake_clean_first=False, cmake_force_configure=False, ament_cmake_args=None, catkin_cmake_args=None, catkin_skip_building_tests=False, mixin_files=None, mixin=None, verb_parser=<colcon_mixin.mixin.mixin_argument.MixinArgumentDecorator object at 0x7658fb355c30>, verb_extension=<colcon_core.verb.build.BuildVerb object at 0x7658fb355270>, main=<bound method BuildVerb.main of <colcon_core.verb.build.BuildVerb object at 0x7658fb355270>>, mixin_verb=('build',))
[0.718s] Level 1:colcon.colcon_core.package_discovery:discover_packages(colcon_meta) check parameters
[0.718s] Level 1:colcon.colcon_core.package_discovery:discover_packages(recursive) check parameters
[0.718s] Level 1:colcon.colcon_core.package_discovery:discover_packages(ignore) check parameters
[0.718s] Level 1:colcon.colcon_core.package_discovery:discover_packages(path) check parameters
[0.718s] Level 1:colcon.colcon_core.package_discovery:discover_packages(colcon_meta) discover
[0.719s] Level 1:colcon.colcon_core.package_discovery:discover_packages(recursive) discover
[0.719s] INFO:colcon.colcon_core.package_discovery:Crawling recursively for packages in '/home/toshie/Desktop/maze_bot'
[0.719s] Level 1:colcon.colcon_core.package_identification:_identify(.) by extensions ['ignore', 'ignore_ament_install']
[0.719s] Level 1:colcon.colcon_core.package_identification:_identify(.) by extension 'ignore'
[0.719s] Level 1:colcon.colcon_core.package_identification:_identify(.) by extension 'ignore_ament_install'
[0.719s] Level 1:colcon.colcon_core.package_identification:_identify(.) by extensions ['colcon_pkg']
[0.719s] Level 1:colcon.colcon_core.package_identification:_identify(.) by extension 'colcon_pkg'
[0.719s] Level 1:colcon.colcon_core.package_identification:_identify(.) by extensions ['colcon_meta']
[0.719s] Level 1:colcon.colcon_core.package_identification:_identify(.) by extension 'colcon_meta'
[0.720s] Level 1:colcon.colcon_core.package_identification:_identify(.) by extensions ['ros']
[0.720s] Level 1:colcon.colcon_core.package_identification:_identify(.) by extension 'ros'
[0.744s] Level 1:colcon.colcon_core.package_identification:_identify(.) by extensions ['cmake', 'python']
[0.745s] Level 1:colcon.colcon_core.package_identification:_identify(.) by extension 'cmake'
[0.745s] Level 1:colcon.colcon_core.package_identification:_identify(.) by extension 'python'
[0.745s] Level 1:colcon.colcon_core.package_identification:_identify(.) by extensions ['python_setup_py']
[0.745s] Level 1:colcon.colcon_core.package_identification:_identify(.) by extension 'python_setup_py'
[0.745s] Level 1:colcon.colcon_core.package_identification:_identify(build) by extensions ['ignore', 'ignore_ament_install']
[0.745s] Level 1:colcon.colcon_core.package_identification:_identify(build) by extension 'ignore'
[0.745s] Level 1:colcon.colcon_core.package_identification:_identify(build) ignored
[0.746s] Level 1:colcon.colcon_core.package_identification:_identify(install) by extensions ['ignore', 'ignore_ament_install']
[0.746s] Level 1:colcon.colcon_core.package_identification:_identify(install) by extension 'ignore'
[0.746s] Level 1:colcon.colcon_core.package_identification:_identify(install) ignored
[0.746s] Level 1:colcon.colcon_core.package_identification:_identify(log) by extensions ['ignore', 'ignore_ament_install']
[0.746s] Level 1:colcon.colcon_core.package_identification:_identify(log) by extension 'ignore'
[0.746s] Level 1:colcon.colcon_core.package_identification:_identify(log) ignored
[0.746s] Level 1:colcon.colcon_core.package_identification:_identify(src) by extensions ['ignore', 'ignore_ament_install']
[0.747s] Level 1:colcon.colcon_core.package_identification:_identify(src) by extension 'ignore'
[0.747s] Level 1:colcon.colcon_core.package_identification:_identify(src) by extension 'ignore_ament_install'
[0.747s] Level 1:colcon.colcon_core.package_identification:_identify(src) by extensions ['colcon_pkg']
[0.747s] Level 1:colcon.colcon_core.package_identification:_identify(src) by extension 'colcon_pkg'
[0.747s] Level 1:colcon.colcon_core.package_identification:_identify(src) by extensions ['colcon_meta']
[0.747s] Level 1:colcon.colcon_core.package_identification:_identify(src) by extension 'colcon_meta'
[0.747s] Level 1:colcon.colcon_core.package_identification:_identify(src) by extensions ['ros']
[0.747s] Level 1:colcon.colcon_core.package_identification:_identify(src) by extension 'ros'
[0.747s] Level 1:colcon.colcon_core.package_identification:_identify(src) by extensions ['cmake', 'python']
[0.747s] Level 1:colcon.colcon_core.package_identification:_identify(src) by extension 'cmake'
[0.747s] Level 1:colcon.colcon_core.package_identification:_identify(src) by extension 'python'
[0.748s] Level 1:colcon.colcon_core.package_identification:_identify(src) by extensions ['python_setup_py']
[0.748s] Level 1:colcon.colcon_core.package_identification:_identify(src) by extension 'python_setup_py'
[0.748s] Level 1:colcon.colcon_core.package_identification:_identify(src/interface) by extensions ['ignore', 'ignore_ament_install']
[0.748s] Level 1:colcon.colcon_core.package_identification:_identify(src/interface) by extension 'ignore'
[0.748s] Level 1:colcon.colcon_core.package_identification:_identify(src/interface) by extension 'ignore_ament_install'
[0.748s] Level 1:colcon.colcon_core.package_identification:_identify(src/interface) by extensions ['colcon_pkg']
[0.748s] Level 1:colcon.colcon_core.package_identification:_identify(src/interface) by extension 'colcon_pkg'
[0.748s] Level 1:colcon.colcon_core.package_identification:_identify(src/interface) by extensions ['colcon_meta']
[0.748s] Level 1:colcon.colcon_core.package_identification:_identify(src/interface) by extension 'colcon_meta'
[0.748s] Level 1:colcon.colcon_core.package_identification:_identify(src/interface) by extensions ['ros']
[0.748s] Level 1:colcon.colcon_core.package_identification:_identify(src/interface) by extension 'ros'
[0.753s] DEBUG:colcon.colcon_core.package_identification:Package 'src/interface' with type 'ros.ament_cmake' and name 'interface'
[0.754s] Level 1:colcon.colcon_core.package_identification:_identify(src/main) by extensions ['ignore', 'ignore_ament_install']
[0.754s] Level 1:colcon.colcon_core.package_identification:_identify(src/main) by extension 'ignore'
[0.754s] Level 1:colcon.colcon_core.package_identification:_identify(src/main) by extension 'ignore_ament_install'
[0.754s] Level 1:colcon.colcon_core.package_identification:_identify(src/main) by extensions ['colcon_pkg']
[0.754s] Level 1:colcon.colcon_core.package_identification:_identify(src/main) by extension 'colcon_pkg'
[0.754s] Level 1:colcon.colcon_core.package_identification:_identify(src/main) by extensions ['colcon_meta']
[0.754s] Level 1:colcon.colcon_core.package_identification:_identify(src/main) by extension 'colcon_meta'
[0.754s] Level 1:colcon.colcon_core.package_identification:_identify(src/main) by extensions ['ros']
[0.755s] Level 1:colcon.colcon_core.package_identification:_identify(src/main) by extension 'ros'
[0.756s] DEBUG:colcon.colcon_core.package_identification:Package 'src/main' with type 'ros.ament_cmake' and name 'main'
[0.757s] Level 1:colcon.colcon_core.package_identification:_identify(src/motor) by extensions ['ignore', 'ignore_ament_install']
[0.757s] Level 1:colcon.colcon_core.package_identification:_identify(src/motor) by extension 'ignore'
[0.757s] Level 1:colcon.colcon_core.package_identification:_identify(src/motor) by extension 'ignore_ament_install'
[0.757s] Level 1:colcon.colcon_core.package_identification:_identify(src/motor) by extensions ['colcon_pkg']
[0.757s] Level 1:colcon.colcon_core.package_identification:_identify(src/motor) by extension 'colcon_pkg'
[0.757s] Level 1:colcon.colcon_core.package_identification:_identify(src/motor) by extensions ['colcon_meta']
[0.757s] Level 1:colcon.colcon_core.package_identification:_identify(src/motor) by extension 'colcon_meta'
[0.757s] Level 1:colcon.colcon_core.package_identification:_identify(src/motor) by extensions ['ros']
[0.757s] Level 1:colcon.colcon_core.package_identification:_identify(src/motor) by extension 'ros'
[0.759s] DEBUG:colcon.colcon_core.package_identification:Package 'src/motor' with type 'ros.ament_cmake' and name 'motor'
[0.759s] Level 1:colcon.colcon_core.package_identification:_identify(src/sensor) by extensions ['ignore', 'ignore_ament_install']
[0.759s] Level 1:colcon.colcon_core.package_identification:_identify(src/sensor) by extension 'ignore'
[0.759s] Level 1:colcon.colcon_core.package_identification:_identify(src/sensor) by extension 'ignore_ament_install'
[0.760s] Level 1:colcon.colcon_core.package_identification:_identify(src/sensor) by extensions ['colcon_pkg']
[0.760s] Level 1:colcon.colcon_core.package_identification:_identify(src/sensor) by extension 'colcon_pkg'
[0.760s] Level 1:colcon.colcon_core.package_identification:_identify(src/sensor) by extensions ['colcon_meta']
[0.760s] Level 1:colcon.colcon_core.package_identification:_identify(src/sensor) by extension 'colcon_meta'
[0.760s] Level 1:colcon.colcon_core.package_identification:_identify(src/sensor) by extensions ['ros']
[0.760s] Level 1:colcon.colcon_core.package_identification:_identify(src/sensor) by extension 'ros'
[0.761s] DEBUG:colcon.colcon_core.package_identification:Package 'src/sensor' with type 'ros.ament_cmake' and name 'sensor'
[0.761s] Level 1:colcon.colcon_core.package_identification:_identify(src/test) by extensions ['ignore', 'ignore_ament_install']
[0.762s] Level 1:colcon.colcon_core.package_identification:_identify(src/test) by extension 'ignore'
[0.762s] Level 1:colcon.colcon_core.package_identification:_identify(src/test) by extension 'ignore_ament_install'
[0.762s] Level 1:colcon.colcon_core.package_identification:_identify(src/test) by extensions ['colcon_pkg']
[0.762s] Level 1:colcon.colcon_core.package_identification:_identify(src/test) by extension 'colcon_pkg'
[0.762s] Level 1:colcon.colcon_core.package_identification:_identify(src/test) by extensions ['colcon_meta']
[0.762s] Level 1:colcon.colcon_core.package_identification:_identify(src/test) by extension 'colcon_meta'
[0.762s] Level 1:colcon.colcon_core.package_identification:_identify(src/test) by extensions ['ros']
[0.762s] Level 1:colcon.colcon_core.package_identification:_identify(src/test) by extension 'ros'
[0.764s] DEBUG:colcon.colcon_core.package_identification:Package 'src/test' with type 'ros.ament_cmake' and name 'test'
[0.764s] Level 1:colcon.colcon_core.package_discovery:discover_packages(recursive) using defaults
[0.764s] Level 1:colcon.colcon_core.package_discovery:discover_packages(ignore) discover
[0.764s] Level 1:colcon.colcon_core.package_discovery:discover_packages(ignore) using defaults
[0.764s] Level 1:colcon.colcon_core.package_discovery:discover_packages(path) discover
[0.764s] Level 1:colcon.colcon_core.package_discovery:discover_packages(path) using defaults
[0.808s] INFO:colcon.colcon_core.package_selection:Skipping not selected package 'interface' in 'src/interface'
[0.808s] INFO:colcon.colcon_core.package_selection:Skipping not selected package 'main' in 'src/main'
[0.808s] INFO:colcon.colcon_core.package_selection:Skipping not selected package 'motor' in 'src/motor'
[0.809s] INFO:colcon.colcon_core.package_selection:Skipping not selected package 'sensor' in 'src/sensor'
[0.809s] Level 1:colcon.colcon_core.package_discovery:discover_packages(prefix_path) check parameters
[0.810s] Level 1:colcon.colcon_core.package_discovery:discover_packages(prefix_path) discover
[0.813s] DEBUG:colcon.colcon_installed_package_information.package_discovery:Found 4 installed packages in /home/toshie/Desktop/maze_bot/install
[0.833s] DEBUG:colcon.colcon_installed_package_information.package_discovery:Found 270 installed packages in /opt/ros/humble
[0.860s] Level 1:colcon.colcon_core.package_discovery:discover_packages(prefix_path) using defaults
[0.972s] Level 5:colcon.colcon_core.verb:set package 'test' build argument 'cmake_args' from command line to 'None'
[0.972s] Level 5:colcon.colcon_core.verb:set package 'test' build argument 'cmake_target' from command line to 'None'
[0.972s] Level 5:colcon.colcon_core.verb:set package 'test' build argument 'cmake_target_skip_unavailable' from command line to 'False'
[0.972s] Level 5:colcon.colcon_core.verb:set package 'test' build argument 'cmake_clean_cache' from command line to 'False'
[0.972s] Level 5:colcon.colcon_core.verb:set package 'test' build argument 'cmake_clean_first' from command line to 'False'
[0.972s] Level 5:colcon.colcon_core.verb:set package 'test' build argument 'cmake_force_configure' from command line to 'False'
[0.972s] Level 5:colcon.colcon_core.verb:set package 'test' build argument 'ament_cmake_args' from command line to 'None'
[0.972s] Level 5:colcon.colcon_core.verb:set package 'test' build argument 'catkin_cmake_args' from command line to 'None'
[0.972s] Level 5:colcon.colcon_core.verb:set package 'test' build argument 'catkin_skip_building_tests' from command line to 'False'
[0.972s] DEBUG:colcon.colcon_core.verb:Building package 'test' with the following arguments: {'ament_cmake_args': None, 'build_base': '/home/toshie/Desktop/maze_bot/build/test', 'catkin_cmake_args': None, 'catkin_skip_building_tests': False, 'cmake_args': None, 'cmake_clean_cache': False, 'cmake_clean_first': False, 'cmake_force_configure': False, 'cmake_target': None, 'cmake_target_skip_unavailable': False, 'install_base': '/home/toshie/Desktop/maze_bot/install/test', 'merge_install': False, 'path': '/home/toshie/Desktop/maze_bot/src/test', 'symlink_install': False, 'test_result_base': None}
[0.973s] INFO:colcon.colcon_core.executor:Executing jobs using 'parallel' executor
[0.975s] DEBUG:colcon.colcon_parallel_executor.executor.parallel:run_until_complete
[0.975s] INFO:colcon.colcon_ros.task.ament_cmake.build:Building ROS package in '/home/toshie/Desktop/maze_bot/src/test' with build type 'ament_cmake'
[0.976s] INFO:colcon.colcon_cmake.task.cmake.build:Building CMake package in '/home/toshie/Desktop/maze_bot/src/test'
[0.980s] INFO:colcon.colcon_core.plugin_system:Skipping extension 'colcon_core.shell.bat': Not used on non-Windows systems
[0.980s] INFO:colcon.colcon_core.shell:Skip shell extension 'powershell' for command environment: Not usable outside of PowerShell
[0.980s] DEBUG:colcon.colcon_core.shell:Skip shell extension 'dsv' for command environment
[1.122s] DEBUG:colcon.colcon_core.event_handler.log_command:Invoking command in '/home/toshie/Desktop/maze_bot/build/test': CMAKE_PREFIX_PATH=/home/toshie/Desktop/maze_bot/install/interface:/home/toshie/Desktop/maze_bot/install/motor:/home/toshie/Desktop/maze_bot/install/main:/opt/ros/humble /usr/bin/cmake --build /home/toshie/Desktop/maze_bot/build/test -- -j2 -l2
[22.012s] DEBUG:colcon.colcon_core.event_handler.log_command:Invoked command in '/home/toshie/Desktop/maze_bot/build/test' returned '0': CMAKE_PREFIX_PATH=/home/toshie/Desktop/maze_bot/install/interface:/home/toshie/Desktop/maze_bot/install/motor:/home/toshie/Desktop/maze_bot/install/main:/opt/ros/humble /usr/bin/cmake --build /home/toshie/Desktop/maze_bot/build/test -- -j2 -l2
[22.089s] DEBUG:colcon.colcon_core.event_handler.log_command:Invoking command in '/home/toshie/Desktop/maze_bot/build/test': CMAKE_PREFIX_PATH=/home/toshie/Desktop/maze_bot/install/interface:/home/toshie/Desktop/maze_bot/install/motor:/home/toshie/Desktop/maze_bot/install/main:/opt/ros/humble /usr/bin/cmake --install /home/toshie/Desktop/maze_bot/build/test
[22.145s] Level 1:colcon.colcon_core.environment:create_environment_scripts_only(test)
[22.146s] DEBUG:colcon.colcon_core.event_handler.log_command:Invoked command in '/home/toshie/Desktop/maze_bot/build/test' returned '0': CMAKE_PREFIX_PATH=/home/toshie/Desktop/maze_bot/install/interface:/home/toshie/Desktop/maze_bot/install/motor:/home/toshie/Desktop/maze_bot/install/main:/opt/ros/humble /usr/bin/cmake --install /home/toshie/Desktop/maze_bot/build/test
[22.153s] Level 1:colcon.colcon_core.environment:checking '/home/toshie/Desktop/maze_bot/install/test' for CMake module files
[22.156s] Level 1:colcon.colcon_core.environment:checking '/home/toshie/Desktop/maze_bot/install/test' for CMake config files
[22.156s] Level 1:colcon.colcon_core.shell:create_environment_hook('test', 'cmake_prefix_path')
[22.157s] INFO:colcon.colcon_core.shell:Creating environment hook '/home/toshie/Desktop/maze_bot/install/test/share/test/hook/cmake_prefix_path.ps1'
[22.160s] INFO:colcon.colcon_core.shell:Creating environment descriptor '/home/toshie/Desktop/maze_bot/install/test/share/test/hook/cmake_prefix_path.dsv'
[22.161s] INFO:colcon.colcon_core.shell:Creating environment hook '/home/toshie/Desktop/maze_bot/install/test/share/test/hook/cmake_prefix_path.sh'
[22.165s] Level 1:colcon.colcon_core.environment:checking '/home/toshie/Desktop/maze_bot/install/test/lib'
[22.165s] Level 1:colcon.colcon_core.environment:checking '/home/toshie/Desktop/maze_bot/install/test/bin'
[22.166s] Level 1:colcon.colcon_core.environment:checking '/home/toshie/Desktop/maze_bot/install/test/lib/pkgconfig/test.pc'
[22.167s] Level 1:colcon.colcon_core.environment:checking '/home/toshie/Desktop/maze_bot/install/test/lib/python3.10/site-packages'
[22.167s] Level 1:colcon.colcon_core.environment:checking '/home/toshie/Desktop/maze_bot/install/test/bin'
[22.169s] INFO:colcon.colcon_core.shell:Creating package script '/home/toshie/Desktop/maze_bot/install/test/share/test/package.ps1'
[22.172s] INFO:colcon.colcon_core.shell:Creating package descriptor '/home/toshie/Desktop/maze_bot/install/test/share/test/package.dsv'
[22.174s] INFO:colcon.colcon_core.shell:Creating package script '/home/toshie/Desktop/maze_bot/install/test/share/test/package.sh'
[22.178s] INFO:colcon.colcon_core.shell:Creating package script '/home/toshie/Desktop/maze_bot/install/test/share/test/package.bash'
[22.181s] INFO:colcon.colcon_core.shell:Creating package script '/home/toshie/Desktop/maze_bot/install/test/share/test/package.zsh'
[22.184s] Level 1:colcon.colcon_core.environment:create_file_with_runtime_dependencies(/home/toshie/Desktop/maze_bot/install/test/share/colcon-core/packages/test)
[22.244s] Level 1:colcon.colcon_core.environment:create_environment_scripts_only(test)
[22.245s] Level 1:colcon.colcon_core.environment:checking '/home/toshie/Desktop/maze_bot/install/test' for CMake module files
[22.246s] Level 1:colcon.colcon_core.environment:checking '/home/toshie/Desktop/maze_bot/install/test' for CMake config files
[22.246s] Level 1:colcon.colcon_core.shell:create_environment_hook('test', 'cmake_prefix_path')
[22.247s] INFO:colcon.colcon_core.shell:Creating environment hook '/home/toshie/Desktop/maze_bot/install/test/share/test/hook/cmake_prefix_path.ps1'
[22.248s] INFO:colcon.colcon_core.shell:Creating environment descriptor '/home/toshie/Desktop/maze_bot/install/test/share/test/hook/cmake_prefix_path.dsv'
[22.249s] INFO:colcon.colcon_core.shell:Creating environment hook '/home/toshie/Desktop/maze_bot/install/test/share/test/hook/cmake_prefix_path.sh'
[22.251s] Level 1:colcon.colcon_core.environment:checking '/home/toshie/Desktop/maze_bot/install/test/lib'
[22.251s] Level 1:colcon.colcon_core.environment:checking '/home/toshie/Desktop/maze_bot/install/test/bin'
[22.252s] Level 1:colcon.colcon_core.environment:checking '/home/toshie/Desktop/maze_bot/install/test/lib/pkgconfig/test.pc'
[22.252s] Level 1:colcon.colcon_core.environment:checking '/home/toshie/Desktop/maze_bot/install/test/lib/python3.10/site-packages'
[22.253s] Level 1:colcon.colcon_core.environment:checking '/home/toshie/Desktop/maze_bot/install/test/bin'
[22.254s] INFO:colcon.colcon_core.shell:Creating package script '/home/toshie/Desktop/maze_bot/install/test/share/test/package.ps1'
[22.256s] INFO:colcon.colcon_core.shell:Creating package descriptor '/home/toshie/Desktop/maze_bot/install/test/share/test/package.dsv'
[22.257s] INFO:colcon.colcon_core.shell:Creating package script '/home/toshie/Desktop/maze_bot/install/test/share/test/package.sh'
[22.258s] INFO:colcon.colcon_core.shell:Creating package script '/home/toshie/Desktop/maze_bot/install/test/share/test/package.bash'
[22.260s] INFO:colcon.colcon_core.shell:Creating package script '/home/toshie/Desktop/maze_bot/install/test/share/test/package.zsh'
[22.261s] Level 1:colcon.colcon_core.environment:create_file_with_runtime_dependencies(/home/toshie/Desktop/maze_bot/install/test/share/colcon-core/packages/test)
[22.261s] DEBUG:colcon.colcon_parallel_executor.executor.parallel:closing loop
[22.262s] DEBUG:colcon.colcon_parallel_executor.executor.parallel:loop closed
[22.262s] DEBUG:colcon.colcon_parallel_executor.executor.parallel:run_until_complete finished with '0'
[22.262s] DEBUG:colcon.colcon_core.event_reactor:joining thread
[22.274s] INFO:colcon.colcon_core.plugin_system:Skipping extension 'colcon_notification.desktop_notification.terminal_notifier': Not used on non-Darwin systems
[22.275s] INFO:colcon.colcon_core.plugin_system:Skipping extension 'colcon_notification.desktop_notification.win32': Not used on non-Windows systems
[22.275s] INFO:colcon.colcon_notification.desktop_notification:Sending desktop notification using 'notify2'
[22.308s] DEBUG:colcon.colcon_core.event_reactor:joined thread
[22.309s] INFO:colcon.colcon_core.shell:Creating prefix script '/home/toshie/Desktop/maze_bot/install/local_setup.ps1'
[22.312s] INFO:colcon.colcon_core.shell:Creating prefix util module '/home/toshie/Desktop/maze_bot/install/_local_setup_util_ps1.py'
[22.315s] INFO:colcon.colcon_core.shell:Creating prefix chain script '/home/toshie/Desktop/maze_bot/install/setup.ps1'
[22.318s] INFO:colcon.colcon_core.shell:Creating prefix script '/home/toshie/Desktop/maze_bot/install/local_setup.sh'
[22.321s] INFO:colcon.colcon_core.shell:Creating prefix util module '/home/toshie/Desktop/maze_bot/install/_local_setup_util_sh.py'
[22.323s] INFO:colcon.colcon_core.shell:Creating prefix chain script '/home/toshie/Desktop/maze_bot/install/setup.sh'
[22.327s] INFO:colcon.colcon_core.shell:Creating prefix script '/home/toshie/Desktop/maze_bot/install/local_setup.bash'
[22.328s] INFO:colcon.colcon_core.shell:Creating prefix chain script '/home/toshie/Desktop/maze_bot/install/setup.bash'
[22.331s] INFO:colcon.colcon_core.shell:Creating prefix script '/home/toshie/Desktop/maze_bot/install/local_setup.zsh'
[22.332s] INFO:colcon.colcon_core.shell:Creating prefix chain script '/home/toshie/Desktop/maze_bot/install/setup.zsh'
