[0.068s] Invoking command in '/home/toshie/Desktop/project/build/main': CMAKE_PREFIX_PATH=/opt/ros/humble /usr/bin/cmake --build /home/toshie/Desktop/project/build/main -- -j2 -l2
[0.250s] [35m[1mConsolidate compiler generated dependencies of target talker[0m
[0.284s] [100%] Built target talker
[0.306s] Invoked command in '/home/toshie/Desktop/project/build/main' returned '0': CMAKE_PREFIX_PATH=/opt/ros/humble /usr/bin/cmake --build /home/toshie/Desktop/project/build/main -- -j2 -l2
[0.382s] Invoking command in '/home/toshie/Desktop/project/build/main': CMAKE_PREFIX_PATH=/opt/ros/humble /usr/bin/cmake --install /home/toshie/Desktop/project/build/main
[0.414s] -- Install configuration: ""
[0.414s] -- Up-to-date: /home/toshie/Desktop/project/install/main/lib/main/talker
[0.414s] -- Up-to-date: /home/toshie/Desktop/project/install/main/share/ament_index/resource_index/package_run_dependencies/main
[0.415s] -- Up-to-date: /home/toshie/Desktop/project/install/main/share/ament_index/resource_index/parent_prefix_path/main
[0.415s] -- Up-to-date: /home/toshie/Desktop/project/install/main/share/main/environment/ament_prefix_path.sh
[0.415s] -- Up-to-date: /home/toshie/Desktop/project/install/main/share/main/environment/ament_prefix_path.dsv
[0.419s] -- Up-to-date: /home/toshie/Desktop/project/install/main/share/main/environment/path.sh
[0.419s] -- Up-to-date: /home/toshie/Desktop/project/install/main/share/main/environment/path.dsv
[0.419s] -- Up-to-date: /home/toshie/Desktop/project/install/main/share/main/local_setup.bash
[0.420s] -- Up-to-date: /home/toshie/Desktop/project/install/main/share/main/local_setup.sh
[0.420s] -- Up-to-date: /home/toshie/Desktop/project/install/main/share/main/local_setup.zsh
[0.420s] -- Up-to-date: /home/toshie/Desktop/project/install/main/share/main/local_setup.dsv
[0.420s] -- Installing: /home/toshie/Desktop/project/install/main/share/main/package.dsv
[0.420s] -- Up-to-date: /home/toshie/Desktop/project/install/main/share/ament_index/resource_index/packages/main
[0.420s] -- Up-to-date: /home/toshie/Desktop/project/install/main/share/main/cmake/mainConfig.cmake
[0.421s] -- Up-to-date: /home/toshie/Desktop/project/install/main/share/main/cmake/mainConfig-version.cmake
[0.423s] -- Up-to-date: /home/toshie/Desktop/project/install/main/share/main/package.xml
[0.428s] Invoked command in '/home/toshie/Desktop/project/build/main' returned '0': CMAKE_PREFIX_PATH=/opt/ros/humble /usr/bin/cmake --install /home/toshie/Desktop/project/build/main
