[0.223s] DEBUG:colcon:Command line arguments: ['/usr/bin/colcon', 'build', '--packages-select', 'main']
[0.224s] DEBUG:colcon:Parsed command line arguments: Namespace(log_base=None, log_level=None, verb_name='build', build_base='build', install_base='install', merge_install=False, symlink_install=False, test_result_base=None, continue_on_error=False, executor='parallel', parallel_workers=2, event_handlers=None, ignore_user_meta=False, metas=['./colcon.meta'], base_paths=['.'], packages_ignore=None, packages_ignore_regex=None, paths=None, packages_up_to=None, packages_up_to_regex=None, packages_above=None, packages_above_and_dependencies=None, packages_above_depth=None, packages_select_by_dep=None, packages_skip_by_dep=None, packages_skip_up_to=None, packages_select_build_failed=False, packages_skip_build_finished=False, packages_select_test_failures=False, packages_skip_test_passed=False, packages_select=['main'], packages_skip=None, packages_select_regex=None, packages_skip_regex=None, packages_start=None, packages_end=None, allow_overriding=[], cmake_args=None, cmake_target=None, cmake_target_skip_unavailable=False, cmake_clean_cache=False, cmake_clean_first=False, cmake_force_configure=False, ament_cmake_args=None, catkin_cmake_args=None, catkin_skip_building_tests=False, mixin_files=None, mixin=None, verb_parser=<colcon_mixin.mixin.mixin_argument.MixinArgumentDecorator object at 0x7d8656e49a20>, verb_extension=<colcon_core.verb.build.BuildVerb object at 0x7d8656e49060>, main=<bound method BuildVerb.main of <colcon_core.verb.build.BuildVerb object at 0x7d8656e49060>>, mixin_verb=('build',))
[2.977s] Level 1:colcon.colcon_core.package_discovery:discover_packages(colcon_meta) check parameters
[2.977s] Level 1:colcon.colcon_core.package_discovery:discover_packages(recursive) check parameters
[2.977s] Level 1:colcon.colcon_core.package_discovery:discover_packages(ignore) check parameters
[2.977s] Level 1:colcon.colcon_core.package_discovery:discover_packages(path) check parameters
[2.977s] Level 1:colcon.colcon_core.package_discovery:discover_packages(colcon_meta) discover
[2.977s] Level 1:colcon.colcon_core.package_discovery:discover_packages(recursive) discover
[2.978s] INFO:colcon.colcon_core.package_discovery:Crawling recursively for packages in '/home/toshie/Desktop/project'
[2.978s] Level 1:colcon.colcon_core.package_identification:_identify(.) by extensions ['ignore', 'ignore_ament_install']
[2.978s] Level 1:colcon.colcon_core.package_identification:_identify(.) by extension 'ignore'
[2.978s] Level 1:colcon.colcon_core.package_identification:_identify(.) by extension 'ignore_ament_install'
[2.978s] Level 1:colcon.colcon_core.package_identification:_identify(.) by extensions ['colcon_pkg']
[2.978s] Level 1:colcon.colcon_core.package_identification:_identify(.) by extension 'colcon_pkg'
[2.979s] Level 1:colcon.colcon_core.package_identification:_identify(.) by extensions ['colcon_meta']
[2.979s] Level 1:colcon.colcon_core.package_identification:_identify(.) by extension 'colcon_meta'
[2.979s] Level 1:colcon.colcon_core.package_identification:_identify(.) by extensions ['ros']
[2.979s] Level 1:colcon.colcon_core.package_identification:_identify(.) by extension 'ros'
[3.003s] Level 1:colcon.colcon_core.package_identification:_identify(.) by extensions ['cmake', 'python']
[3.003s] Level 1:colcon.colcon_core.package_identification:_identify(.) by extension 'cmake'
[3.003s] Level 1:colcon.colcon_core.package_identification:_identify(.) by extension 'python'
[3.003s] Level 1:colcon.colcon_core.package_identification:_identify(.) by extensions ['python_setup_py']
[3.004s] Level 1:colcon.colcon_core.package_identification:_identify(.) by extension 'python_setup_py'
[3.004s] Level 1:colcon.colcon_core.package_identification:_identify(build) by extensions ['ignore', 'ignore_ament_install']
[3.004s] Level 1:colcon.colcon_core.package_identification:_identify(build) by extension 'ignore'
[3.004s] Level 1:colcon.colcon_core.package_identification:_identify(build) ignored
[3.005s] Level 1:colcon.colcon_core.package_identification:_identify(install) by extensions ['ignore', 'ignore_ament_install']
[3.005s] Level 1:colcon.colcon_core.package_identification:_identify(install) by extension 'ignore'
[3.005s] Level 1:colcon.colcon_core.package_identification:_identify(install) ignored
[3.005s] Level 1:colcon.colcon_core.package_identification:_identify(log) by extensions ['ignore', 'ignore_ament_install']
[3.005s] Level 1:colcon.colcon_core.package_identification:_identify(log) by extension 'ignore'
[3.005s] Level 1:colcon.colcon_core.package_identification:_identify(log) ignored
[3.006s] Level 1:colcon.colcon_core.package_identification:_identify(src) by extensions ['ignore', 'ignore_ament_install']
[3.006s] Level 1:colcon.colcon_core.package_identification:_identify(src) by extension 'ignore'
[3.006s] Level 1:colcon.colcon_core.package_identification:_identify(src) by extension 'ignore_ament_install'
[3.006s] Level 1:colcon.colcon_core.package_identification:_identify(src) by extensions ['colcon_pkg']
[3.006s] Level 1:colcon.colcon_core.package_identification:_identify(src) by extension 'colcon_pkg'
[3.006s] Level 1:colcon.colcon_core.package_identification:_identify(src) by extensions ['colcon_meta']
[3.006s] Level 1:colcon.colcon_core.package_identification:_identify(src) by extension 'colcon_meta'
[3.006s] Level 1:colcon.colcon_core.package_identification:_identify(src) by extensions ['ros']
[3.006s] Level 1:colcon.colcon_core.package_identification:_identify(src) by extension 'ros'
[3.007s] Level 1:colcon.colcon_core.package_identification:_identify(src) by extensions ['cmake', 'python']
[3.007s] Level 1:colcon.colcon_core.package_identification:_identify(src) by extension 'cmake'
[3.007s] Level 1:colcon.colcon_core.package_identification:_identify(src) by extension 'python'
[3.007s] Level 1:colcon.colcon_core.package_identification:_identify(src) by extensions ['python_setup_py']
[3.007s] Level 1:colcon.colcon_core.package_identification:_identify(src) by extension 'python_setup_py'
[3.007s] Level 1:colcon.colcon_core.package_identification:_identify(src/main) by extensions ['ignore', 'ignore_ament_install']
[3.007s] Level 1:colcon.colcon_core.package_identification:_identify(src/main) by extension 'ignore'
[3.008s] Level 1:colcon.colcon_core.package_identification:_identify(src/main) by extension 'ignore_ament_install'
[3.008s] Level 1:colcon.colcon_core.package_identification:_identify(src/main) by extensions ['colcon_pkg']
[3.008s] Level 1:colcon.colcon_core.package_identification:_identify(src/main) by extension 'colcon_pkg'
[3.008s] Level 1:colcon.colcon_core.package_identification:_identify(src/main) by extensions ['colcon_meta']
[3.008s] Level 1:colcon.colcon_core.package_identification:_identify(src/main) by extension 'colcon_meta'
[3.008s] Level 1:colcon.colcon_core.package_identification:_identify(src/main) by extensions ['ros']
[3.008s] Level 1:colcon.colcon_core.package_identification:_identify(src/main) by extension 'ros'
[3.013s] DEBUG:colcon.colcon_core.package_identification:Package 'src/main' with type 'ros.ament_cmake' and name 'main'
[3.013s] Level 1:colcon.colcon_core.package_identification:_identify(src/motor) by extensions ['ignore', 'ignore_ament_install']
[3.014s] Level 1:colcon.colcon_core.package_identification:_identify(src/motor) by extension 'ignore'
[3.014s] Level 1:colcon.colcon_core.package_identification:_identify(src/motor) by extension 'ignore_ament_install'
[3.014s] Level 1:colcon.colcon_core.package_identification:_identify(src/motor) by extensions ['colcon_pkg']
[3.014s] Level 1:colcon.colcon_core.package_identification:_identify(src/motor) by extension 'colcon_pkg'
[3.014s] Level 1:colcon.colcon_core.package_identification:_identify(src/motor) by extensions ['colcon_meta']
[3.014s] Level 1:colcon.colcon_core.package_identification:_identify(src/motor) by extension 'colcon_meta'
[3.014s] Level 1:colcon.colcon_core.package_identification:_identify(src/motor) by extensions ['ros']
[3.014s] Level 1:colcon.colcon_core.package_identification:_identify(src/motor) by extension 'ros'
[3.015s] DEBUG:colcon.colcon_core.package_identification:Package 'src/motor' with type 'ros.ament_cmake' and name 'motor'
[3.016s] Level 1:colcon.colcon_core.package_identification:_identify(src/sensor) by extensions ['ignore', 'ignore_ament_install']
[3.016s] Level 1:colcon.colcon_core.package_identification:_identify(src/sensor) by extension 'ignore'
[3.016s] Level 1:colcon.colcon_core.package_identification:_identify(src/sensor) by extension 'ignore_ament_install'
[3.016s] Level 1:colcon.colcon_core.package_identification:_identify(src/sensor) by extensions ['colcon_pkg']
[3.016s] Level 1:colcon.colcon_core.package_identification:_identify(src/sensor) by extension 'colcon_pkg'
[3.016s] Level 1:colcon.colcon_core.package_identification:_identify(src/sensor) by extensions ['colcon_meta']
[3.017s] Level 1:colcon.colcon_core.package_identification:_identify(src/sensor) by extension 'colcon_meta'
[3.017s] Level 1:colcon.colcon_core.package_identification:_identify(src/sensor) by extensions ['ros']
[3.017s] Level 1:colcon.colcon_core.package_identification:_identify(src/sensor) by extension 'ros'
[3.018s] DEBUG:colcon.colcon_core.package_identification:Package 'src/sensor' with type 'ros.ament_cmake' and name 'sensor'
[3.018s] Level 1:colcon.colcon_core.package_discovery:discover_packages(recursive) using defaults
[3.018s] Level 1:colcon.colcon_core.package_discovery:discover_packages(ignore) discover
[3.018s] Level 1:colcon.colcon_core.package_discovery:discover_packages(ignore) using defaults
[3.019s] Level 1:colcon.colcon_core.package_discovery:discover_packages(path) discover
[3.019s] Level 1:colcon.colcon_core.package_discovery:discover_packages(path) using defaults
[3.063s] INFO:colcon.colcon_core.package_selection:Skipping not selected package 'motor' in 'src/motor'
[3.063s] INFO:colcon.colcon_core.package_selection:Skipping not selected package 'sensor' in 'src/sensor'
[3.064s] Level 1:colcon.colcon_core.package_discovery:discover_packages(prefix_path) check parameters
[3.064s] Level 1:colcon.colcon_core.package_discovery:discover_packages(prefix_path) discover
[3.108s] DEBUG:colcon.colcon_installed_package_information.package_discovery:Found 270 installed packages in /opt/ros/humble
[3.136s] Level 1:colcon.colcon_core.package_discovery:discover_packages(prefix_path) using defaults
[3.209s] Level 5:colcon.colcon_core.verb:set package 'main' build argument 'cmake_args' from command line to 'None'
[3.209s] Level 5:colcon.colcon_core.verb:set package 'main' build argument 'cmake_target' from command line to 'None'
[3.209s] Level 5:colcon.colcon_core.verb:set package 'main' build argument 'cmake_target_skip_unavailable' from command line to 'False'
[3.209s] Level 5:colcon.colcon_core.verb:set package 'main' build argument 'cmake_clean_cache' from command line to 'False'
[3.209s] Level 5:colcon.colcon_core.verb:set package 'main' build argument 'cmake_clean_first' from command line to 'False'
[3.210s] Level 5:colcon.colcon_core.verb:set package 'main' build argument 'cmake_force_configure' from command line to 'False'
[3.210s] Level 5:colcon.colcon_core.verb:set package 'main' build argument 'ament_cmake_args' from command line to 'None'
[3.210s] Level 5:colcon.colcon_core.verb:set package 'main' build argument 'catkin_cmake_args' from command line to 'None'
[3.210s] Level 5:colcon.colcon_core.verb:set package 'main' build argument 'catkin_skip_building_tests' from command line to 'False'
[3.210s] DEBUG:colcon.colcon_core.verb:Building package 'main' with the following arguments: {'ament_cmake_args': None, 'build_base': '/home/toshie/Desktop/project/build/main', 'catkin_cmake_args': None, 'catkin_skip_building_tests': False, 'cmake_args': None, 'cmake_clean_cache': False, 'cmake_clean_first': False, 'cmake_force_configure': False, 'cmake_target': None, 'cmake_target_skip_unavailable': False, 'install_base': '/home/toshie/Desktop/project/install/main', 'merge_install': False, 'path': '/home/toshie/Desktop/project/src/main', 'symlink_install': False, 'test_result_base': None}
[3.210s] INFO:colcon.colcon_core.executor:Executing jobs using 'parallel' executor
[3.212s] DEBUG:colcon.colcon_parallel_executor.executor.parallel:run_until_complete
[3.213s] INFO:colcon.colcon_ros.task.ament_cmake.build:Building ROS package in '/home/toshie/Desktop/project/src/main' with build type 'ament_cmake'
[3.214s] INFO:colcon.colcon_cmake.task.cmake.build:Building CMake package in '/home/toshie/Desktop/project/src/main'
[3.218s] INFO:colcon.colcon_core.plugin_system:Skipping extension 'colcon_core.shell.bat': Not used on non-Windows systems
[3.218s] INFO:colcon.colcon_core.shell:Skip shell extension 'powershell' for command environment: Not usable outside of PowerShell
[3.218s] DEBUG:colcon.colcon_core.shell:Skip shell extension 'dsv' for command environment
[3.234s] DEBUG:colcon.colcon_core.event_handler.log_command:Invoking command in '/home/toshie/Desktop/project/build/main': CMAKE_PREFIX_PATH=/opt/ros/humble /usr/bin/cmake /home/toshie/Desktop/project/src/main -DCMAKE_INSTALL_PREFIX=/home/toshie/Desktop/project/install/main
[25.255s] DEBUG:colcon.colcon_core.event_handler.log_command:Invoked command in '/home/toshie/Desktop/project/build/main' returned '0': CMAKE_PREFIX_PATH=/opt/ros/humble /usr/bin/cmake /home/toshie/Desktop/project/src/main -DCMAKE_INSTALL_PREFIX=/home/toshie/Desktop/project/install/main
[25.266s] DEBUG:colcon.colcon_core.event_handler.log_command:Invoking command in '/home/toshie/Desktop/project/build/main': CMAKE_PREFIX_PATH=/opt/ros/humble /usr/bin/cmake --build /home/toshie/Desktop/project/build/main -- -j2 -l2
[54.928s] DEBUG:colcon.colcon_core.event_handler.log_command:Invoked command in '/home/toshie/Desktop/project/build/main' returned '0': CMAKE_PREFIX_PATH=/opt/ros/humble /usr/bin/cmake --build /home/toshie/Desktop/project/build/main -- -j2 -l2
[55.051s] DEBUG:colcon.colcon_core.event_handler.log_command:Invoking command in '/home/toshie/Desktop/project/build/main': CMAKE_PREFIX_PATH=/opt/ros/humble /usr/bin/cmake --install /home/toshie/Desktop/project/build/main
[55.461s] Level 1:colcon.colcon_core.environment:create_environment_scripts_only(main)
[55.463s] DEBUG:colcon.colcon_core.event_handler.log_command:Invoked command in '/home/toshie/Desktop/project/build/main' returned '0': CMAKE_PREFIX_PATH=/opt/ros/humble /usr/bin/cmake --install /home/toshie/Desktop/project/build/main
[55.471s] Level 1:colcon.colcon_core.environment:checking '/home/toshie/Desktop/project/install/main' for CMake module files
[55.474s] Level 1:colcon.colcon_core.environment:checking '/home/toshie/Desktop/project/install/main' for CMake config files
[55.474s] Level 1:colcon.colcon_core.shell:create_environment_hook('main', 'cmake_prefix_path')
[55.475s] INFO:colcon.colcon_core.shell:Creating environment hook '/home/toshie/Desktop/project/install/main/share/main/hook/cmake_prefix_path.ps1'
[55.613s] INFO:colcon.colcon_core.shell:Creating environment descriptor '/home/toshie/Desktop/project/install/main/share/main/hook/cmake_prefix_path.dsv'
[55.849s] INFO:colcon.colcon_core.shell:Creating environment hook '/home/toshie/Desktop/project/install/main/share/main/hook/cmake_prefix_path.sh'
[56.046s] Level 1:colcon.colcon_core.environment:checking '/home/toshie/Desktop/project/install/main/lib'
[56.047s] Level 1:colcon.colcon_core.environment:checking '/home/toshie/Desktop/project/install/main/bin'
[56.047s] Level 1:colcon.colcon_core.environment:checking '/home/toshie/Desktop/project/install/main/lib/pkgconfig/main.pc'
[56.048s] Level 1:colcon.colcon_core.environment:checking '/home/toshie/Desktop/project/install/main/lib/python3.10/site-packages'
[56.049s] Level 1:colcon.colcon_core.environment:checking '/home/toshie/Desktop/project/install/main/bin'
[56.051s] INFO:colcon.colcon_core.shell:Creating package script '/home/toshie/Desktop/project/install/main/share/main/package.ps1'
[56.054s] INFO:colcon.colcon_core.shell:Creating package descriptor '/home/toshie/Desktop/project/install/main/share/main/package.dsv'
[56.056s] INFO:colcon.colcon_core.shell:Creating package script '/home/toshie/Desktop/project/install/main/share/main/package.sh'
[56.060s] INFO:colcon.colcon_core.shell:Creating package script '/home/toshie/Desktop/project/install/main/share/main/package.bash'
[56.063s] INFO:colcon.colcon_core.shell:Creating package script '/home/toshie/Desktop/project/install/main/share/main/package.zsh'
[56.066s] Level 1:colcon.colcon_core.environment:create_file_with_runtime_dependencies(/home/toshie/Desktop/project/install/main/share/colcon-core/packages/main)
[56.131s] Level 1:colcon.colcon_core.environment:create_environment_scripts_only(main)
[56.136s] Level 1:colcon.colcon_core.environment:checking '/home/toshie/Desktop/project/install/main' for CMake module files
[56.138s] Level 1:colcon.colcon_core.environment:checking '/home/toshie/Desktop/project/install/main' for CMake config files
[56.141s] Level 1:colcon.colcon_core.shell:create_environment_hook('main', 'cmake_prefix_path')
[56.141s] INFO:colcon.colcon_core.shell:Creating environment hook '/home/toshie/Desktop/project/install/main/share/main/hook/cmake_prefix_path.ps1'
[56.144s] INFO:colcon.colcon_core.shell:Creating environment descriptor '/home/toshie/Desktop/project/install/main/share/main/hook/cmake_prefix_path.dsv'
[56.147s] INFO:colcon.colcon_core.shell:Creating environment hook '/home/toshie/Desktop/project/install/main/share/main/hook/cmake_prefix_path.sh'
[56.150s] Level 1:colcon.colcon_core.environment:checking '/home/toshie/Desktop/project/install/main/lib'
[56.150s] Level 1:colcon.colcon_core.environment:checking '/home/toshie/Desktop/project/install/main/bin'
[56.151s] Level 1:colcon.colcon_core.environment:checking '/home/toshie/Desktop/project/install/main/lib/pkgconfig/main.pc'
[56.155s] Level 1:colcon.colcon_core.environment:checking '/home/toshie/Desktop/project/install/main/lib/python3.10/site-packages'
[56.155s] Level 1:colcon.colcon_core.environment:checking '/home/toshie/Desktop/project/install/main/bin'
[56.156s] INFO:colcon.colcon_core.shell:Creating package script '/home/toshie/Desktop/project/install/main/share/main/package.ps1'
[56.260s] INFO:colcon.colcon_core.shell:Creating package descriptor '/home/toshie/Desktop/project/install/main/share/main/package.dsv'
[56.264s] INFO:colcon.colcon_core.shell:Creating package script '/home/toshie/Desktop/project/install/main/share/main/package.sh'
[56.266s] INFO:colcon.colcon_core.shell:Creating package script '/home/toshie/Desktop/project/install/main/share/main/package.bash'
[56.268s] INFO:colcon.colcon_core.shell:Creating package script '/home/toshie/Desktop/project/install/main/share/main/package.zsh'
[56.269s] Level 1:colcon.colcon_core.environment:create_file_with_runtime_dependencies(/home/toshie/Desktop/project/install/main/share/colcon-core/packages/main)
[56.270s] DEBUG:colcon.colcon_parallel_executor.executor.parallel:closing loop
[56.273s] DEBUG:colcon.colcon_parallel_executor.executor.parallel:loop closed
[56.273s] DEBUG:colcon.colcon_parallel_executor.executor.parallel:run_until_complete finished with '0'
[56.273s] DEBUG:colcon.colcon_core.event_reactor:joining thread
[56.948s] INFO:colcon.colcon_core.plugin_system:Skipping extension 'colcon_notification.desktop_notification.terminal_notifier': Not used on non-Darwin systems
[56.949s] INFO:colcon.colcon_core.plugin_system:Skipping extension 'colcon_notification.desktop_notification.win32': Not used on non-Windows systems
[56.949s] INFO:colcon.colcon_notification.desktop_notification:Sending desktop notification using 'notify2'
[56.996s] DEBUG:colcon.colcon_core.event_reactor:joined thread
[56.997s] INFO:colcon.colcon_core.shell:Creating prefix script '/home/toshie/Desktop/project/install/local_setup.ps1'
[57.000s] INFO:colcon.colcon_core.shell:Creating prefix util module '/home/toshie/Desktop/project/install/_local_setup_util_ps1.py'
[57.004s] INFO:colcon.colcon_core.shell:Creating prefix chain script '/home/toshie/Desktop/project/install/setup.ps1'
[57.035s] INFO:colcon.colcon_core.shell:Creating prefix script '/home/toshie/Desktop/project/install/local_setup.sh'
[57.040s] INFO:colcon.colcon_core.shell:Creating prefix util module '/home/toshie/Desktop/project/install/_local_setup_util_sh.py'
[57.042s] INFO:colcon.colcon_core.shell:Creating prefix chain script '/home/toshie/Desktop/project/install/setup.sh'
[57.048s] INFO:colcon.colcon_core.shell:Creating prefix script '/home/toshie/Desktop/project/install/local_setup.bash'
[57.050s] INFO:colcon.colcon_core.shell:Creating prefix chain script '/home/toshie/Desktop/project/install/setup.bash'
[57.055s] INFO:colcon.colcon_core.shell:Creating prefix script '/home/toshie/Desktop/project/install/local_setup.zsh'
[57.059s] INFO:colcon.colcon_core.shell:Creating prefix chain script '/home/toshie/Desktop/project/install/setup.zsh'
