[0.270s] DEBUG:colcon:Command line arguments: ['/usr/bin/colcon', 'build', '--packages-select', 'motor']
[0.270s] DEBUG:colcon:Parsed command line arguments: Namespace(log_base=None, log_level=None, verb_name='build', build_base='build', install_base='install', merge_install=False, symlink_install=False, test_result_base=None, continue_on_error=False, executor='parallel', parallel_workers=2, event_handlers=None, ignore_user_meta=False, metas=['./colcon.meta'], base_paths=['.'], packages_ignore=None, packages_ignore_regex=None, paths=None, packages_up_to=None, packages_up_to_regex=None, packages_above=None, packages_above_and_dependencies=None, packages_above_depth=None, packages_select_by_dep=None, packages_skip_by_dep=None, packages_skip_up_to=None, packages_select_build_failed=False, packages_skip_build_finished=False, packages_select_test_failures=False, packages_skip_test_passed=False, packages_select=['motor'], packages_skip=None, packages_select_regex=None, packages_skip_regex=None, packages_start=None, packages_end=None, allow_overriding=[], cmake_args=None, cmake_target=None, cmake_target_skip_unavailable=False, cmake_clean_cache=False, cmake_clean_first=False, cmake_force_configure=False, ament_cmake_args=None, catkin_cmake_args=None, catkin_skip_building_tests=False, mixin_files=None, mixin=None, verb_parser=<colcon_mixin.mixin.mixin_argument.MixinArgumentDecorator object at 0x70e72ef4da20>, verb_extension=<colcon_core.verb.build.BuildVerb object at 0x70e72ef4d060>, main=<bound method BuildVerb.main of <colcon_core.verb.build.BuildVerb object at 0x70e72ef4d060>>, mixin_verb=('build',))
[0.736s] Level 1:colcon.colcon_core.package_discovery:discover_packages(colcon_meta) check parameters
[0.736s] Level 1:colcon.colcon_core.package_discovery:discover_packages(recursive) check parameters
[0.737s] Level 1:colcon.colcon_core.package_discovery:discover_packages(ignore) check parameters
[0.737s] Level 1:colcon.colcon_core.package_discovery:discover_packages(path) check parameters
[0.737s] Level 1:colcon.colcon_core.package_discovery:discover_packages(colcon_meta) discover
[0.737s] Level 1:colcon.colcon_core.package_discovery:discover_packages(recursive) discover
[0.737s] INFO:colcon.colcon_core.package_discovery:Crawling recursively for packages in '/home/toshie/Desktop/project'
[0.738s] Level 1:colcon.colcon_core.package_identification:_identify(.) by extensions ['ignore', 'ignore_ament_install']
[0.738s] Level 1:colcon.colcon_core.package_identification:_identify(.) by extension 'ignore'
[0.739s] Level 1:colcon.colcon_core.package_identification:_identify(.) by extension 'ignore_ament_install'
[0.740s] Level 1:colcon.colcon_core.package_identification:_identify(.) by extensions ['colcon_pkg']
[0.740s] Level 1:colcon.colcon_core.package_identification:_identify(.) by extension 'colcon_pkg'
[0.740s] Level 1:colcon.colcon_core.package_identification:_identify(.) by extensions ['colcon_meta']
[0.740s] Level 1:colcon.colcon_core.package_identification:_identify(.) by extension 'colcon_meta'
[0.740s] Level 1:colcon.colcon_core.package_identification:_identify(.) by extensions ['ros']
[0.740s] Level 1:colcon.colcon_core.package_identification:_identify(.) by extension 'ros'
[0.784s] Level 1:colcon.colcon_core.package_identification:_identify(.) by extensions ['cmake', 'python']
[0.784s] Level 1:colcon.colcon_core.package_identification:_identify(.) by extension 'cmake'
[0.784s] Level 1:colcon.colcon_core.package_identification:_identify(.) by extension 'python'
[0.784s] Level 1:colcon.colcon_core.package_identification:_identify(.) by extensions ['python_setup_py']
[0.785s] Level 1:colcon.colcon_core.package_identification:_identify(.) by extension 'python_setup_py'
[0.785s] Level 1:colcon.colcon_core.package_identification:_identify(build) by extensions ['ignore', 'ignore_ament_install']
[0.786s] Level 1:colcon.colcon_core.package_identification:_identify(build) by extension 'ignore'
[0.787s] Level 1:colcon.colcon_core.package_identification:_identify(build) ignored
[0.787s] Level 1:colcon.colcon_core.package_identification:_identify(install) by extensions ['ignore', 'ignore_ament_install']
[0.788s] Level 1:colcon.colcon_core.package_identification:_identify(install) by extension 'ignore'
[0.788s] Level 1:colcon.colcon_core.package_identification:_identify(install) ignored
[0.789s] Level 1:colcon.colcon_core.package_identification:_identify(log) by extensions ['ignore', 'ignore_ament_install']
[0.790s] Level 1:colcon.colcon_core.package_identification:_identify(log) by extension 'ignore'
[0.791s] Level 1:colcon.colcon_core.package_identification:_identify(log) ignored
[0.792s] Level 1:colcon.colcon_core.package_identification:_identify(src) by extensions ['ignore', 'ignore_ament_install']
[0.792s] Level 1:colcon.colcon_core.package_identification:_identify(src) by extension 'ignore'
[0.793s] Level 1:colcon.colcon_core.package_identification:_identify(src) by extension 'ignore_ament_install'
[0.793s] Level 1:colcon.colcon_core.package_identification:_identify(src) by extensions ['colcon_pkg']
[0.793s] Level 1:colcon.colcon_core.package_identification:_identify(src) by extension 'colcon_pkg'
[0.793s] Level 1:colcon.colcon_core.package_identification:_identify(src) by extensions ['colcon_meta']
[0.793s] Level 1:colcon.colcon_core.package_identification:_identify(src) by extension 'colcon_meta'
[0.794s] Level 1:colcon.colcon_core.package_identification:_identify(src) by extensions ['ros']
[0.794s] Level 1:colcon.colcon_core.package_identification:_identify(src) by extension 'ros'
[0.795s] Level 1:colcon.colcon_core.package_identification:_identify(src) by extensions ['cmake', 'python']
[0.795s] Level 1:colcon.colcon_core.package_identification:_identify(src) by extension 'cmake'
[0.795s] Level 1:colcon.colcon_core.package_identification:_identify(src) by extension 'python'
[0.796s] Level 1:colcon.colcon_core.package_identification:_identify(src) by extensions ['python_setup_py']
[0.796s] Level 1:colcon.colcon_core.package_identification:_identify(src) by extension 'python_setup_py'
[0.796s] Level 1:colcon.colcon_core.package_identification:_identify(src/main) by extensions ['ignore', 'ignore_ament_install']
[0.797s] Level 1:colcon.colcon_core.package_identification:_identify(src/main) by extension 'ignore'
[0.797s] Level 1:colcon.colcon_core.package_identification:_identify(src/main) by extension 'ignore_ament_install'
[0.797s] Level 1:colcon.colcon_core.package_identification:_identify(src/main) by extensions ['colcon_pkg']
[0.798s] Level 1:colcon.colcon_core.package_identification:_identify(src/main) by extension 'colcon_pkg'
[0.798s] Level 1:colcon.colcon_core.package_identification:_identify(src/main) by extensions ['colcon_meta']
[0.798s] Level 1:colcon.colcon_core.package_identification:_identify(src/main) by extension 'colcon_meta'
[0.798s] Level 1:colcon.colcon_core.package_identification:_identify(src/main) by extensions ['ros']
[0.798s] Level 1:colcon.colcon_core.package_identification:_identify(src/main) by extension 'ros'
[0.810s] DEBUG:colcon.colcon_core.package_identification:Package 'src/main' with type 'ros.ament_cmake' and name 'main'
[0.811s] Level 1:colcon.colcon_core.package_identification:_identify(src/motor) by extensions ['ignore', 'ignore_ament_install']
[0.811s] Level 1:colcon.colcon_core.package_identification:_identify(src/motor) by extension 'ignore'
[0.812s] Level 1:colcon.colcon_core.package_identification:_identify(src/motor) by extension 'ignore_ament_install'
[0.812s] Level 1:colcon.colcon_core.package_identification:_identify(src/motor) by extensions ['colcon_pkg']
[0.812s] Level 1:colcon.colcon_core.package_identification:_identify(src/motor) by extension 'colcon_pkg'
[0.812s] Level 1:colcon.colcon_core.package_identification:_identify(src/motor) by extensions ['colcon_meta']
[0.812s] Level 1:colcon.colcon_core.package_identification:_identify(src/motor) by extension 'colcon_meta'
[0.812s] Level 1:colcon.colcon_core.package_identification:_identify(src/motor) by extensions ['ros']
[0.813s] Level 1:colcon.colcon_core.package_identification:_identify(src/motor) by extension 'ros'
[0.817s] DEBUG:colcon.colcon_core.package_identification:Package 'src/motor' with type 'ros.ament_cmake' and name 'motor'
[0.818s] Level 1:colcon.colcon_core.package_identification:_identify(src/sensor) by extensions ['ignore', 'ignore_ament_install']
[0.819s] Level 1:colcon.colcon_core.package_identification:_identify(src/sensor) by extension 'ignore'
[0.820s] Level 1:colcon.colcon_core.package_identification:_identify(src/sensor) by extension 'ignore_ament_install'
[0.820s] Level 1:colcon.colcon_core.package_identification:_identify(src/sensor) by extensions ['colcon_pkg']
[0.820s] Level 1:colcon.colcon_core.package_identification:_identify(src/sensor) by extension 'colcon_pkg'
[0.821s] Level 1:colcon.colcon_core.package_identification:_identify(src/sensor) by extensions ['colcon_meta']
[0.821s] Level 1:colcon.colcon_core.package_identification:_identify(src/sensor) by extension 'colcon_meta'
[0.821s] Level 1:colcon.colcon_core.package_identification:_identify(src/sensor) by extensions ['ros']
[0.822s] Level 1:colcon.colcon_core.package_identification:_identify(src/sensor) by extension 'ros'
[0.825s] DEBUG:colcon.colcon_core.package_identification:Package 'src/sensor' with type 'ros.ament_cmake' and name 'sensor'
[0.825s] Level 1:colcon.colcon_core.package_discovery:discover_packages(recursive) using defaults
[0.825s] Level 1:colcon.colcon_core.package_discovery:discover_packages(ignore) discover
[0.825s] Level 1:colcon.colcon_core.package_discovery:discover_packages(ignore) using defaults
[0.825s] Level 1:colcon.colcon_core.package_discovery:discover_packages(path) discover
[0.825s] Level 1:colcon.colcon_core.package_discovery:discover_packages(path) using defaults
[0.893s] INFO:colcon.colcon_core.package_selection:Skipping not selected package 'main' in 'src/main'
[0.893s] INFO:colcon.colcon_core.package_selection:Skipping not selected package 'sensor' in 'src/sensor'
[0.894s] Level 1:colcon.colcon_core.package_discovery:discover_packages(prefix_path) check parameters
[0.895s] Level 1:colcon.colcon_core.package_discovery:discover_packages(prefix_path) discover
[0.903s] DEBUG:colcon.colcon_installed_package_information.package_discovery:Found 270 installed packages in /opt/ros/humble
[0.940s] Level 1:colcon.colcon_core.package_discovery:discover_packages(prefix_path) using defaults
[1.076s] Level 5:colcon.colcon_core.verb:set package 'motor' build argument 'cmake_args' from command line to 'None'
[1.076s] Level 5:colcon.colcon_core.verb:set package 'motor' build argument 'cmake_target' from command line to 'None'
[1.076s] Level 5:colcon.colcon_core.verb:set package 'motor' build argument 'cmake_target_skip_unavailable' from command line to 'False'
[1.076s] Level 5:colcon.colcon_core.verb:set package 'motor' build argument 'cmake_clean_cache' from command line to 'False'
[1.076s] Level 5:colcon.colcon_core.verb:set package 'motor' build argument 'cmake_clean_first' from command line to 'False'
[1.076s] Level 5:colcon.colcon_core.verb:set package 'motor' build argument 'cmake_force_configure' from command line to 'False'
[1.076s] Level 5:colcon.colcon_core.verb:set package 'motor' build argument 'ament_cmake_args' from command line to 'None'
[1.076s] Level 5:colcon.colcon_core.verb:set package 'motor' build argument 'catkin_cmake_args' from command line to 'None'
[1.077s] Level 5:colcon.colcon_core.verb:set package 'motor' build argument 'catkin_skip_building_tests' from command line to 'False'
[1.077s] DEBUG:colcon.colcon_core.verb:Building package 'motor' with the following arguments: {'ament_cmake_args': None, 'build_base': '/home/toshie/Desktop/project/build/motor', 'catkin_cmake_args': None, 'catkin_skip_building_tests': False, 'cmake_args': None, 'cmake_clean_cache': False, 'cmake_clean_first': False, 'cmake_force_configure': False, 'cmake_target': None, 'cmake_target_skip_unavailable': False, 'install_base': '/home/toshie/Desktop/project/install/motor', 'merge_install': False, 'path': '/home/toshie/Desktop/project/src/motor', 'symlink_install': False, 'test_result_base': None}
[1.077s] INFO:colcon.colcon_core.executor:Executing jobs using 'parallel' executor
[1.079s] DEBUG:colcon.colcon_parallel_executor.executor.parallel:run_until_complete
[1.080s] INFO:colcon.colcon_ros.task.ament_cmake.build:Building ROS package in '/home/toshie/Desktop/project/src/motor' with build type 'ament_cmake'
[1.080s] INFO:colcon.colcon_cmake.task.cmake.build:Building CMake package in '/home/toshie/Desktop/project/src/motor'
[1.086s] INFO:colcon.colcon_core.plugin_system:Skipping extension 'colcon_core.shell.bat': Not used on non-Windows systems
[1.086s] INFO:colcon.colcon_core.shell:Skip shell extension 'powershell' for command environment: Not usable outside of PowerShell
[1.086s] DEBUG:colcon.colcon_core.shell:Skip shell extension 'dsv' for command environment
[1.132s] DEBUG:colcon.colcon_core.event_handler.log_command:Invoking command in '/home/toshie/Desktop/project/build/motor': CMAKE_PREFIX_PATH=/opt/ros/humble /usr/bin/cmake --build /home/toshie/Desktop/project/build/motor -- -j2 -l2
[14.632s] DEBUG:colcon.colcon_core.event_handler.log_command:Invoked command in '/home/toshie/Desktop/project/build/motor' returned '2': CMAKE_PREFIX_PATH=/opt/ros/humble /usr/bin/cmake --build /home/toshie/Desktop/project/build/motor -- -j2 -l2
[14.680s] Level 1:colcon.colcon_core.environment:create_environment_scripts_only(motor)
[14.686s] Level 1:colcon.colcon_core.environment:checking '/home/toshie/Desktop/project/install/motor' for CMake module files
[14.688s] Level 1:colcon.colcon_core.environment:checking '/home/toshie/Desktop/project/install/motor' for CMake config files
[14.689s] Level 1:colcon.colcon_core.shell:create_environment_hook('motor', 'cmake_prefix_path')
[14.689s] INFO:colcon.colcon_core.shell:Creating environment hook '/home/toshie/Desktop/project/install/motor/share/motor/hook/cmake_prefix_path.ps1'
[14.691s] INFO:colcon.colcon_core.shell:Creating environment descriptor '/home/toshie/Desktop/project/install/motor/share/motor/hook/cmake_prefix_path.dsv'
[14.693s] INFO:colcon.colcon_core.shell:Creating environment hook '/home/toshie/Desktop/project/install/motor/share/motor/hook/cmake_prefix_path.sh'
[14.696s] Level 1:colcon.colcon_core.environment:checking '/home/toshie/Desktop/project/install/motor/lib'
[14.697s] Level 1:colcon.colcon_core.environment:checking '/home/toshie/Desktop/project/install/motor/bin'
[14.697s] Level 1:colcon.colcon_core.environment:checking '/home/toshie/Desktop/project/install/motor/lib/pkgconfig/motor.pc'
[14.698s] Level 1:colcon.colcon_core.environment:checking '/home/toshie/Desktop/project/install/motor/lib/python3.10/site-packages'
[14.699s] Level 1:colcon.colcon_core.environment:checking '/home/toshie/Desktop/project/install/motor/bin'
[14.700s] INFO:colcon.colcon_core.shell:Creating package script '/home/toshie/Desktop/project/install/motor/share/motor/package.ps1'
[14.702s] INFO:colcon.colcon_core.shell:Creating package descriptor '/home/toshie/Desktop/project/install/motor/share/motor/package.dsv'
[14.705s] INFO:colcon.colcon_core.shell:Creating package script '/home/toshie/Desktop/project/install/motor/share/motor/package.sh'
[14.707s] INFO:colcon.colcon_core.shell:Creating package script '/home/toshie/Desktop/project/install/motor/share/motor/package.bash'
[14.711s] INFO:colcon.colcon_core.shell:Creating package script '/home/toshie/Desktop/project/install/motor/share/motor/package.zsh'
[14.714s] Level 1:colcon.colcon_core.environment:create_file_with_runtime_dependencies(/home/toshie/Desktop/project/install/motor/share/colcon-core/packages/motor)
[14.716s] DEBUG:colcon.colcon_parallel_executor.executor.parallel:closing loop
[14.716s] DEBUG:colcon.colcon_parallel_executor.executor.parallel:loop closed
[14.716s] DEBUG:colcon.colcon_parallel_executor.executor.parallel:run_until_complete finished with '2'
[14.716s] DEBUG:colcon.colcon_core.event_reactor:joining thread
[14.736s] INFO:colcon.colcon_core.plugin_system:Skipping extension 'colcon_notification.desktop_notification.terminal_notifier': Not used on non-Darwin systems
[14.736s] INFO:colcon.colcon_core.plugin_system:Skipping extension 'colcon_notification.desktop_notification.win32': Not used on non-Windows systems
[14.736s] INFO:colcon.colcon_notification.desktop_notification:Sending desktop notification using 'notify2'
[14.783s] DEBUG:colcon.colcon_core.event_reactor:joined thread
[14.784s] INFO:colcon.colcon_core.shell:Creating prefix script '/home/toshie/Desktop/project/install/local_setup.ps1'
[14.787s] INFO:colcon.colcon_core.shell:Creating prefix util module '/home/toshie/Desktop/project/install/_local_setup_util_ps1.py'
[14.796s] INFO:colcon.colcon_core.shell:Creating prefix chain script '/home/toshie/Desktop/project/install/setup.ps1'
[14.801s] INFO:colcon.colcon_core.shell:Creating prefix script '/home/toshie/Desktop/project/install/local_setup.sh'
[14.804s] INFO:colcon.colcon_core.shell:Creating prefix util module '/home/toshie/Desktop/project/install/_local_setup_util_sh.py'
[14.813s] INFO:colcon.colcon_core.shell:Creating prefix chain script '/home/toshie/Desktop/project/install/setup.sh'
[14.817s] INFO:colcon.colcon_core.shell:Creating prefix script '/home/toshie/Desktop/project/install/local_setup.bash'
[14.819s] INFO:colcon.colcon_core.shell:Creating prefix chain script '/home/toshie/Desktop/project/install/setup.bash'
[14.824s] INFO:colcon.colcon_core.shell:Creating prefix script '/home/toshie/Desktop/project/install/local_setup.zsh'
[14.826s] INFO:colcon.colcon_core.shell:Creating prefix chain script '/home/toshie/Desktop/project/install/setup.zsh'
