[0.049s] Invoking command in '/home/toshie/Desktop/project/build/motor': CMAKE_PREFIX_PATH=/opt/ros/humble /usr/bin/cmake --build /home/toshie/Desktop/project/build/motor -- -j2 -l2
[0.183s] [35m[1mConsolidate compiler generated dependencies of target listener[0m
[0.233s] [ 50%] [32mBuilding CXX object CMakeFiles/listener.dir/src/main.cpp.o[0m
[7.646s] [01m[K/home/toshie/Desktop/project/src/motor/src/main.cpp:[m[K In member function ‘[01m[Kvoid MinimalSubscriber::topic_callback(const String&) const[m[K’:
[7.646s] [01m[K/home/toshie/Desktop/project/src/motor/src/main.cpp:38:19:[m[K [01;31m[Kerror: [m[Kdeclaration of ‘[01m[Kstd::string msg[m[K’ shadows a parameter
[7.647s]    38 |       std::string [01;31m[Kmsg[m[K = msg.data;
[7.647s]       |                   [01;31m[K^~~[m[K
[7.647s] [01m[K/home/toshie/Desktop/project/src/motor/src/main.cpp:35:55:[m[K [01;36m[Knote: [m[K‘[01m[Kconst String& msg[m[K’ previously declared here
[7.652s]    35 |     void topic_callback([01;36m[Kconst std_msgs::msg::String & msg[m[K) const
[7.653s]       |                         [01;36m[K~~~~~~~~~~~~~~~~~~~~~~~~~~~~~~^~~[m[K
[7.653s] [01m[K/home/toshie/Desktop/project/src/motor/src/main.cpp:38:29:[m[K [01;31m[Kerror: [m[Kconversion from ‘[01m[K<unresolved overloaded function type>[m[K’ to non-scalar type ‘[01m[Kstd::string[m[K’ {aka ‘[01m[Kstd::__cxx11::basic_string<char>[m[K’} requested
[7.653s]    38 |       std::string msg = [01;31m[Kmsg.data[m[K;
[7.656s]       |                         [01;31m[K~~~~^~~~[m[K
[7.657s] [01m[K/home/toshie/Desktop/project/src/motor/src/main.cpp:35:55:[m[K [01;35m[Kwarning: [m[Kunused parameter ‘[01m[Kmsg[m[K’ [[01;35m[K]8;;https://gcc.gnu.org/onlinedocs/gcc/Warning-Options.html#index-Wunused-parameter-Wunused-parameter]8;;[m[K]
[7.657s]    35 |     void topic_callback([01;35m[Kconst std_msgs::msg::String & msg[m[K) const
[7.657s]       |                         [01;35m[K~~~~~~~~~~~~~~~~~~~~~~~~~~~~~~^~~[m[K
[13.542s] gmake[2]: *** [CMakeFiles/listener.dir/build.make:76: CMakeFiles/listener.dir/src/main.cpp.o] Error 1
[13.543s] gmake[1]: *** [CMakeFiles/Makefile2:137: CMakeFiles/listener.dir/all] Error 2
[13.544s] gmake: *** [Makefile:146: all] Error 2
[13.549s] Invoked command in '/home/toshie/Desktop/project/build/motor' returned '2': CMAKE_PREFIX_PATH=/opt/ros/humble /usr/bin/cmake --build /home/toshie/Desktop/project/build/motor -- -j2 -l2
