[01m[K/home/toshie/Desktop/project/src/motor/src/main.cpp:1:2:[m[K [01;31m[Kerror: [m[Kinvalid preprocessing directive #DEFINE
    1 | #[01;31m[KDEFINE[m[K L_WHEEL;
      |  [01;31m[K^~~~~~[m[K
[01m[K/home/toshie/Desktop/project/src/motor/src/main.cpp:2:2:[m[K [01;31m[Kerror: [m[Kinvalid preprocessing directive #DEFINE
    2 | #[01;31m[KDEFINE[m[K R_WHEEL;
      |  [01;31m[K^~~~~~[m[K
[01m[K/home/toshie/Desktop/project/src/motor/src/main.cpp:13:13:[m[K [01;35m[Kwarning: [m[Kmulti-character character constant [[01;35m[K]8;;https://gcc.gnu.org/onlinedocs/gcc/Warning-Options.html#index-Wmultichar-Wmultichar]8;;[m[K]
   13 |   if(msg == [01;35m[K'FWD'[m[K)
      |             [01;35m[K^~~~~[m[K
[01m[K/home/toshie/Desktop/project/src/motor/src/main.cpp:11:6:[m[K [01;31m[Kerror: [m[Kvariable or field ‘[01m[Khead[m[K’ declared void
   11 | void [01;31m[Khead[m[K(string msg)
      |      [01;31m[K^~~~[m[K
[01m[K/home/toshie/Desktop/project/src/motor/src/main.cpp:11:11:[m[K [01;31m[Kerror: [m[K‘[01m[Kstring[m[K’ was not declared in this scope
   11 | void head([01;31m[Kstring[m[K msg)
      |           [01;31m[K^~~~~~[m[K
[01m[K/home/toshie/Desktop/project/src/motor/src/main.cpp:11:11:[m[K [01;36m[Knote: [m[Ksuggested alternatives:
In file included from [01m[K/usr/include/c++/11/iosfwd:39[m[K,
                 from [01m[K/usr/include/c++/11/bits/shared_ptr.h:52[m[K,
                 from [01m[K/usr/include/c++/11/memory:77[m[K,
                 from [01m[K/home/toshie/Desktop/project/src/motor/src/main.cpp:4[m[K:
[01m[K/usr/include/c++/11/bits/stringfwd.h:79:33:[m[K [01;36m[Knote: [m[K  ‘[01m[Kstd::string[m[K’
   79 |   typedef basic_string<char>    [01;36m[Kstring[m[K;
      |                                 [01;36m[K^~~~~~[m[K
In file included from [01m[K/home/toshie/Desktop/project/src/motor/src/main.cpp:5[m[K:
[01m[K/usr/include/c++/11/string:67:11:[m[K [01;36m[Knote: [m[K  ‘[01m[Kstd::pmr::string[m[K’
   67 |     using [01;36m[Kstring[m[K    = basic_string<char>;
      |           [01;36m[K^~~~~~[m[K
[01m[K/home/toshie/Desktop/project/src/motor/src/main.cpp:[m[K In member function ‘[01m[Kvoid MinimalSubscriber::topic_callback(const String&) const[m[K’:
[01m[K/home/toshie/Desktop/project/src/motor/src/main.cpp:36:7:[m[K [01;31m[Kerror: [m[K‘[01m[Kstring[m[K’ was not declared in this scope
   36 |       [01;31m[Kstring[m[K msg = msg.data();
      |       [01;31m[K^~~~~~[m[K
[01m[K/home/toshie/Desktop/project/src/motor/src/main.cpp:36:7:[m[K [01;36m[Knote: [m[Ksuggested alternatives:
In file included from [01m[K/usr/include/c++/11/iosfwd:39[m[K,
                 from [01m[K/usr/include/c++/11/bits/shared_ptr.h:52[m[K,
                 from [01m[K/usr/include/c++/11/memory:77[m[K,
                 from [01m[K/home/toshie/Desktop/project/src/motor/src/main.cpp:4[m[K:
[01m[K/usr/include/c++/11/bits/stringfwd.h:79:33:[m[K [01;36m[Knote: [m[K  ‘[01m[Kstd::string[m[K’
   79 |   typedef basic_string<char>    [01;36m[Kstring[m[K;
      |                                 [01;36m[K^~~~~~[m[K
In file included from [01m[K/home/toshie/Desktop/project/src/motor/src/main.cpp:5[m[K:
[01m[K/usr/include/c++/11/string:67:11:[m[K [01;36m[Knote: [m[K  ‘[01m[Kstd::pmr::string[m[K’
   67 |     using [01;36m[Kstring[m[K    = basic_string<char>;
      |           [01;36m[K^~~~~~[m[K
[01m[K/home/toshie/Desktop/project/src/motor/src/main.cpp:37:7:[m[K [01;31m[Kerror: [m[K‘[01m[Khead[m[K’ was not declared in this scope; did you mean ‘[01m[Kread[m[K’?
   37 |       [01;31m[Khead[m[K(msg);
      |       [01;31m[K^~~~[m[K
      |       [32m[Kread[m[K
[01m[K/home/toshie/Desktop/project/src/motor/src/main.cpp:[m[K In function ‘[01m[Kint main(int, char**)[m[K’:
[01m[K/home/toshie/Desktop/project/src/motor/src/main.cpp:45:62:[m[K [01;31m[Kerror: [m[Kconversion from ‘[01m[Kstd::shared_ptr<MinimalSubscriber>[m[K’ to non-scalar type ‘[01m[KMinimalSubscriber[m[K’ requested
   45 |   MinimalSubscriber sub = [01;31m[Kstd::make_shared<MinimalSubscriber>()[m[K;
      |                           [01;31m[K~~~~~~~~~~~~~~~~~~~~~~~~~~~~~~~~~~~^~[m[K
[01m[K/home/toshie/Desktop/project/src/motor/src/main.cpp:46:15:[m[K [01;31m[Kerror: [m[Kno matching function for call to ‘[01m[Kspin(MinimalSubscriber&)[m[K’
   46 |   [01;31m[Krclcpp::spin(sub)[m[K;
      |   [01;31m[K~~~~~~~~~~~~^~~~~[m[K
In file included from [01m[K/opt/ros/humble/include/rclcpp/rclcpp/rclcpp.hpp:155[m[K,
                 from [01m[K/home/toshie/Desktop/project/src/motor/src/main.cpp:7[m[K:
[01m[K/opt/ros/humble/include/rclcpp/rclcpp/executors.hpp:45:1:[m[K [01;36m[Knote: [m[Kcandidate: ‘[01m[Kvoid rclcpp::spin(rclcpp::node_interfaces::NodeBaseInterface::SharedPtr)[m[K’
   45 | [01;36m[Kspin[m[K(rclcpp::node_interfaces::NodeBaseInterface::SharedPtr node_ptr);
      | [01;36m[K^~~~[m[K
[01m[K/opt/ros/humble/include/rclcpp/rclcpp/executors.hpp:45:60:[m[K [01;36m[Knote: [m[K  no known conversion for argument 1 from ‘[01m[KMinimalSubscriber[m[K’ to ‘[01m[Krclcpp::node_interfaces::NodeBaseInterface::SharedPtr[m[K’ {aka ‘[01m[Kstd::shared_ptr<rclcpp::node_interfaces::NodeBaseInterface>[m[K’}
   45 | spin([01;36m[Krclcpp::node_interfaces::NodeBaseInterface::SharedPtr node_ptr[m[K);
      |      [01;36m[K~~~~~~~~~~~~~~~~~~~~~~~~~~~~~~~~~~~~~~~~~~~~~~~~~~~~~~^~~~~~~~[m[K
[01m[K/opt/ros/humble/include/rclcpp/rclcpp/executors.hpp:49:1:[m[K [01;36m[Knote: [m[Kcandidate: ‘[01m[Kvoid rclcpp::spin(rclcpp::Node::SharedPtr)[m[K’
   49 | [01;36m[Kspin[m[K(rclcpp::Node::SharedPtr node_ptr);
      | [01;36m[K^~~~[m[K
[01m[K/opt/ros/humble/include/rclcpp/rclcpp/executors.hpp:49:30:[m[K [01;36m[Knote: [m[K  no known conversion for argument 1 from ‘[01m[KMinimalSubscriber[m[K’ to ‘[01m[Krclcpp::Node::SharedPtr[m[K’ {aka ‘[01m[Kstd::shared_ptr<rclcpp::Node>[m[K’}
   49 | spin([01;36m[Krclcpp::Node::SharedPtr node_ptr[m[K);
      |      [01;36m[K~~~~~~~~~~~~~~~~~~~~~~~~^~~~~~~~[m[K
[01m[K/home/toshie/Desktop/project/src/motor/src/main.cpp:50:7:[m[K [01;31m[Kerror: [m[K‘[01m[KwiringPiSetup[m[K’ was not declared in this scope
   50 |   if ([01;31m[KwiringPiSetup[m[K () == -1)
      |       [01;31m[K^~~~~~~~~~~~~[m[K
[01m[K/home/toshie/Desktop/project/src/motor/src/main.cpp:53:15:[m[K [01;31m[Kerror: [m[K‘[01m[KPWM_OUTPUT[m[K’ was not declared in this scope
   53 |   pinMode (1, [01;31m[KPWM_OUTPUT[m[K) ;
      |               [01;31m[K^~~~~~~~~~[m[K
[01m[K/home/toshie/Desktop/project/src/motor/src/main.cpp:53:3:[m[K [01;31m[Kerror: [m[K‘[01m[KpinMode[m[K’ was not declared in this scope
   53 |   [01;31m[KpinMode[m[K (1, PWM_OUTPUT) ;
      |   [01;31m[K^~~~~~~[m[K
gmake[2]: *** [CMakeFiles/listener.dir/build.make:76: CMakeFiles/listener.dir/src/main.cpp.o] Error 1
gmake[1]: *** [CMakeFiles/Makefile2:137: CMakeFiles/listener.dir/all] Error 2
gmake: *** [Makefile:146: all] Error 2
