-- Found ament_cmake: 1.3.10 (/opt/ros/humble/share/ament_cmake/cmake)
-- Found rclcpp: 16.0.10 (/opt/ros/humble/share/rclcpp/cmake)
-- Found rosidl_generator_c: 3.1.5 (/opt/ros/humble/share/rosidl_generator_c/cmake)
-- Found rosidl_adapter: 3.1.5 (/opt/ros/humble/share/rosidl_adapter/cmake)
-- Found rosidl_generator_cpp: 3.1.5 (/opt/ros/humble/share/rosidl_generator_cpp/cmake)
-- Using all available rosidl_typesupport_c: rosidl_typesupport_fastrtps_c;rosidl_typesupport_introspection_c
-- Using all available rosidl_typesupport_cpp: rosidl_typesupport_fastrtps_cpp;rosidl_typesupport_introspection_cpp
-- Found rmw_implementation_cmake: 6.1.2 (/opt/ros/humble/share/rmw_implementation_cmake/cmake)
-- Found rmw_fastrtps_cpp: 6.2.7 (/opt/ros/humble/share/rmw_fastrtps_cpp/cmake)
-- Using RMW implementation 'rmw_fastrtps_cpp' as default
-- Configuring done
-- Generating done
-- Build files have been written to: /home/toshie/Desktop/project/build/motor
[ 50%] [32mBuilding CXX object CMakeFiles/listener.dir/src/main.cpp.o[0m
[100%] [32m[1mLinking CXX executable listener[0m
[100%] Built target listener
-- Install configuration: ""
-- Installing: /home/toshie/Desktop/project/install/motor/lib/motor/listener
-- Set runtime path of "/home/toshie/Desktop/project/install/motor/lib/motor/listener" to ""
-- Installing: /home/toshie/Desktop/project/install/motor/share/ament_index/resource_index/package_run_dependencies/motor
-- Installing: /home/toshie/Desktop/project/install/motor/share/ament_index/resource_index/parent_prefix_path/motor
-- Installing: /home/toshie/Desktop/project/install/motor/share/motor/environment/ament_prefix_path.sh
-- Installing: /home/toshie/Desktop/project/install/motor/share/motor/environment/ament_prefix_path.dsv
-- Installing: /home/toshie/Desktop/project/install/motor/share/motor/environment/path.sh
-- Installing: /home/toshie/Desktop/project/install/motor/share/motor/environment/path.dsv
-- Installing: /home/toshie/Desktop/project/install/motor/share/motor/local_setup.bash
-- Installing: /home/toshie/Desktop/project/install/motor/share/motor/local_setup.sh
-- Installing: /home/toshie/Desktop/project/install/motor/share/motor/local_setup.zsh
-- Installing: /home/toshie/Desktop/project/install/motor/share/motor/local_setup.dsv
-- Installing: /home/toshie/Desktop/project/install/motor/share/motor/package.dsv
-- Installing: /home/toshie/Desktop/project/install/motor/share/ament_index/resource_index/packages/motor
-- Installing: /home/toshie/Desktop/project/install/motor/share/motor/cmake/motorConfig.cmake
-- Installing: /home/toshie/Desktop/project/install/motor/share/motor/cmake/motorConfig-version.cmake
-- Installing: /home/toshie/Desktop/project/install/motor/share/motor/package.xml
