[0.223s] DEBUG:colcon:Command line arguments: ['/usr/bin/colcon', 'build', '--packages-select', 'motor']
[0.223s] DEBUG:colcon:Parsed command line arguments: Namespace(log_base=None, log_level=None, verb_name='build', build_base='build', install_base='install', merge_install=False, symlink_install=False, test_result_base=None, continue_on_error=False, executor='parallel', parallel_workers=2, event_handlers=None, ignore_user_meta=False, metas=['./colcon.meta'], base_paths=['.'], packages_ignore=None, packages_ignore_regex=None, paths=None, packages_up_to=None, packages_up_to_regex=None, packages_above=None, packages_above_and_dependencies=None, packages_above_depth=None, packages_select_by_dep=None, packages_skip_by_dep=None, packages_skip_up_to=None, packages_select_build_failed=False, packages_skip_build_finished=False, packages_select_test_failures=False, packages_skip_test_passed=False, packages_select=['motor'], packages_skip=None, packages_select_regex=None, packages_skip_regex=None, packages_start=None, packages_end=None, allow_overriding=[], cmake_args=None, cmake_target=None, cmake_target_skip_unavailable=False, cmake_clean_cache=False, cmake_clean_first=False, cmake_force_configure=False, ament_cmake_args=None, catkin_cmake_args=None, catkin_skip_building_tests=False, mixin_files=None, mixin=None, verb_parser=<colcon_mixin.mixin.mixin_argument.MixinArgumentDecorator object at 0x7b44e59499f0>, verb_extension=<colcon_core.verb.build.BuildVerb object at 0x7b44e5949030>, main=<bound method BuildVerb.main of <colcon_core.verb.build.BuildVerb object at 0x7b44e5949030>>, mixin_verb=('build',))
[4.568s] Level 1:colcon.colcon_core.package_discovery:discover_packages(colcon_meta) check parameters
[4.569s] Level 1:colcon.colcon_core.package_discovery:discover_packages(recursive) check parameters
[4.569s] Level 1:colcon.colcon_core.package_discovery:discover_packages(ignore) check parameters
[4.569s] Level 1:colcon.colcon_core.package_discovery:discover_packages(path) check parameters
[4.569s] Level 1:colcon.colcon_core.package_discovery:discover_packages(colcon_meta) discover
[4.569s] Level 1:colcon.colcon_core.package_discovery:discover_packages(recursive) discover
[4.570s] INFO:colcon.colcon_core.package_discovery:Crawling recursively for packages in '/home/toshie/Desktop/project'
[4.570s] Level 1:colcon.colcon_core.package_identification:_identify(.) by extensions ['ignore', 'ignore_ament_install']
[4.571s] Level 1:colcon.colcon_core.package_identification:_identify(.) by extension 'ignore'
[4.571s] Level 1:colcon.colcon_core.package_identification:_identify(.) by extension 'ignore_ament_install'
[4.571s] Level 1:colcon.colcon_core.package_identification:_identify(.) by extensions ['colcon_pkg']
[4.572s] Level 1:colcon.colcon_core.package_identification:_identify(.) by extension 'colcon_pkg'
[4.572s] Level 1:colcon.colcon_core.package_identification:_identify(.) by extensions ['colcon_meta']
[4.572s] Level 1:colcon.colcon_core.package_identification:_identify(.) by extension 'colcon_meta'
[4.572s] Level 1:colcon.colcon_core.package_identification:_identify(.) by extensions ['ros']
[4.573s] Level 1:colcon.colcon_core.package_identification:_identify(.) by extension 'ros'
[4.665s] Level 1:colcon.colcon_core.package_identification:_identify(.) by extensions ['cmake', 'python']
[4.666s] Level 1:colcon.colcon_core.package_identification:_identify(.) by extension 'cmake'
[4.666s] Level 1:colcon.colcon_core.package_identification:_identify(.) by extension 'python'
[4.666s] Level 1:colcon.colcon_core.package_identification:_identify(.) by extensions ['python_setup_py']
[4.666s] Level 1:colcon.colcon_core.package_identification:_identify(.) by extension 'python_setup_py'
[4.667s] Level 1:colcon.colcon_core.package_identification:_identify(build) by extensions ['ignore', 'ignore_ament_install']
[4.667s] Level 1:colcon.colcon_core.package_identification:_identify(build) by extension 'ignore'
[4.667s] Level 1:colcon.colcon_core.package_identification:_identify(build) ignored
[4.668s] Level 1:colcon.colcon_core.package_identification:_identify(install) by extensions ['ignore', 'ignore_ament_install']
[4.668s] Level 1:colcon.colcon_core.package_identification:_identify(install) by extension 'ignore'
[4.668s] Level 1:colcon.colcon_core.package_identification:_identify(install) ignored
[4.669s] Level 1:colcon.colcon_core.package_identification:_identify(log) by extensions ['ignore', 'ignore_ament_install']
[4.669s] Level 1:colcon.colcon_core.package_identification:_identify(log) by extension 'ignore'
[4.669s] Level 1:colcon.colcon_core.package_identification:_identify(log) ignored
[4.670s] Level 1:colcon.colcon_core.package_identification:_identify(src) by extensions ['ignore', 'ignore_ament_install']
[4.670s] Level 1:colcon.colcon_core.package_identification:_identify(src) by extension 'ignore'
[4.670s] Level 1:colcon.colcon_core.package_identification:_identify(src) by extension 'ignore_ament_install'
[4.670s] Level 1:colcon.colcon_core.package_identification:_identify(src) by extensions ['colcon_pkg']
[4.671s] Level 1:colcon.colcon_core.package_identification:_identify(src) by extension 'colcon_pkg'
[4.671s] Level 1:colcon.colcon_core.package_identification:_identify(src) by extensions ['colcon_meta']
[4.671s] Level 1:colcon.colcon_core.package_identification:_identify(src) by extension 'colcon_meta'
[4.671s] Level 1:colcon.colcon_core.package_identification:_identify(src) by extensions ['ros']
[4.671s] Level 1:colcon.colcon_core.package_identification:_identify(src) by extension 'ros'
[4.671s] Level 1:colcon.colcon_core.package_identification:_identify(src) by extensions ['cmake', 'python']
[4.672s] Level 1:colcon.colcon_core.package_identification:_identify(src) by extension 'cmake'
[4.672s] Level 1:colcon.colcon_core.package_identification:_identify(src) by extension 'python'
[4.672s] Level 1:colcon.colcon_core.package_identification:_identify(src) by extensions ['python_setup_py']
[4.672s] Level 1:colcon.colcon_core.package_identification:_identify(src) by extension 'python_setup_py'
[4.672s] Level 1:colcon.colcon_core.package_identification:_identify(src/main) by extensions ['ignore', 'ignore_ament_install']
[4.673s] Level 1:colcon.colcon_core.package_identification:_identify(src/main) by extension 'ignore'
[4.673s] Level 1:colcon.colcon_core.package_identification:_identify(src/main) by extension 'ignore_ament_install'
[4.673s] Level 1:colcon.colcon_core.package_identification:_identify(src/main) by extensions ['colcon_pkg']
[4.673s] Level 1:colcon.colcon_core.package_identification:_identify(src/main) by extension 'colcon_pkg'
[4.673s] Level 1:colcon.colcon_core.package_identification:_identify(src/main) by extensions ['colcon_meta']
[4.673s] Level 1:colcon.colcon_core.package_identification:_identify(src/main) by extension 'colcon_meta'
[4.674s] Level 1:colcon.colcon_core.package_identification:_identify(src/main) by extensions ['ros']
[4.674s] Level 1:colcon.colcon_core.package_identification:_identify(src/main) by extension 'ros'
[4.728s] DEBUG:colcon.colcon_core.package_identification:Package 'src/main' with type 'ros.ament_cmake' and name 'main'
[4.729s] Level 1:colcon.colcon_core.package_identification:_identify(src/motor) by extensions ['ignore', 'ignore_ament_install']
[4.729s] Level 1:colcon.colcon_core.package_identification:_identify(src/motor) by extension 'ignore'
[4.729s] Level 1:colcon.colcon_core.package_identification:_identify(src/motor) by extension 'ignore_ament_install'
[4.730s] Level 1:colcon.colcon_core.package_identification:_identify(src/motor) by extensions ['colcon_pkg']
[4.730s] Level 1:colcon.colcon_core.package_identification:_identify(src/motor) by extension 'colcon_pkg'
[4.730s] Level 1:colcon.colcon_core.package_identification:_identify(src/motor) by extensions ['colcon_meta']
[4.730s] Level 1:colcon.colcon_core.package_identification:_identify(src/motor) by extension 'colcon_meta'
[4.730s] Level 1:colcon.colcon_core.package_identification:_identify(src/motor) by extensions ['ros']
[4.730s] Level 1:colcon.colcon_core.package_identification:_identify(src/motor) by extension 'ros'
[4.751s] DEBUG:colcon.colcon_core.package_identification:Package 'src/motor' with type 'ros.ament_cmake' and name 'motor'
[4.752s] Level 1:colcon.colcon_core.package_identification:_identify(src/sensor) by extensions ['ignore', 'ignore_ament_install']
[4.753s] Level 1:colcon.colcon_core.package_identification:_identify(src/sensor) by extension 'ignore'
[4.753s] Level 1:colcon.colcon_core.package_identification:_identify(src/sensor) by extension 'ignore_ament_install'
[4.753s] Level 1:colcon.colcon_core.package_identification:_identify(src/sensor) by extensions ['colcon_pkg']
[4.754s] Level 1:colcon.colcon_core.package_identification:_identify(src/sensor) by extension 'colcon_pkg'
[4.754s] Level 1:colcon.colcon_core.package_identification:_identify(src/sensor) by extensions ['colcon_meta']
[4.754s] Level 1:colcon.colcon_core.package_identification:_identify(src/sensor) by extension 'colcon_meta'
[4.754s] Level 1:colcon.colcon_core.package_identification:_identify(src/sensor) by extensions ['ros']
[4.754s] Level 1:colcon.colcon_core.package_identification:_identify(src/sensor) by extension 'ros'
[4.764s] DEBUG:colcon.colcon_core.package_identification:Package 'src/sensor' with type 'ros.ament_cmake' and name 'sensor'
[4.765s] Level 1:colcon.colcon_core.package_discovery:discover_packages(recursive) using defaults
[4.765s] Level 1:colcon.colcon_core.package_discovery:discover_packages(ignore) discover
[4.765s] Level 1:colcon.colcon_core.package_discovery:discover_packages(ignore) using defaults
[4.765s] Level 1:colcon.colcon_core.package_discovery:discover_packages(path) discover
[4.765s] Level 1:colcon.colcon_core.package_discovery:discover_packages(path) using defaults
[5.040s] INFO:colcon.colcon_core.package_selection:Skipping not selected package 'main' in 'src/main'
[5.040s] INFO:colcon.colcon_core.package_selection:Skipping not selected package 'sensor' in 'src/sensor'
[5.055s] Level 1:colcon.colcon_core.package_discovery:discover_packages(prefix_path) check parameters
[5.055s] Level 1:colcon.colcon_core.package_discovery:discover_packages(prefix_path) discover
[5.063s] DEBUG:colcon.colcon_installed_package_information.package_discovery:Found 270 installed packages in /opt/ros/humble
[5.090s] Level 1:colcon.colcon_core.package_discovery:discover_packages(prefix_path) using defaults
[5.214s] Level 5:colcon.colcon_core.verb:set package 'motor' build argument 'cmake_args' from command line to 'None'
[5.214s] Level 5:colcon.colcon_core.verb:set package 'motor' build argument 'cmake_target' from command line to 'None'
[5.214s] Level 5:colcon.colcon_core.verb:set package 'motor' build argument 'cmake_target_skip_unavailable' from command line to 'False'
[5.214s] Level 5:colcon.colcon_core.verb:set package 'motor' build argument 'cmake_clean_cache' from command line to 'False'
[5.214s] Level 5:colcon.colcon_core.verb:set package 'motor' build argument 'cmake_clean_first' from command line to 'False'
[5.214s] Level 5:colcon.colcon_core.verb:set package 'motor' build argument 'cmake_force_configure' from command line to 'False'
[5.214s] Level 5:colcon.colcon_core.verb:set package 'motor' build argument 'ament_cmake_args' from command line to 'None'
[5.214s] Level 5:colcon.colcon_core.verb:set package 'motor' build argument 'catkin_cmake_args' from command line to 'None'
[5.214s] Level 5:colcon.colcon_core.verb:set package 'motor' build argument 'catkin_skip_building_tests' from command line to 'False'
[5.214s] DEBUG:colcon.colcon_core.verb:Building package 'motor' with the following arguments: {'ament_cmake_args': None, 'build_base': '/home/toshie/Desktop/project/build/motor', 'catkin_cmake_args': None, 'catkin_skip_building_tests': False, 'cmake_args': None, 'cmake_clean_cache': False, 'cmake_clean_first': False, 'cmake_force_configure': False, 'cmake_target': None, 'cmake_target_skip_unavailable': False, 'install_base': '/home/toshie/Desktop/project/install/motor', 'merge_install': False, 'path': '/home/toshie/Desktop/project/src/motor', 'symlink_install': False, 'test_result_base': None}
[5.215s] INFO:colcon.colcon_core.executor:Executing jobs using 'parallel' executor
[5.217s] DEBUG:colcon.colcon_parallel_executor.executor.parallel:run_until_complete
[5.219s] INFO:colcon.colcon_ros.task.ament_cmake.build:Building ROS package in '/home/toshie/Desktop/project/src/motor' with build type 'ament_cmake'
[5.220s] INFO:colcon.colcon_cmake.task.cmake.build:Building CMake package in '/home/toshie/Desktop/project/src/motor'
[5.251s] INFO:colcon.colcon_core.plugin_system:Skipping extension 'colcon_core.shell.bat': Not used on non-Windows systems
[5.252s] INFO:colcon.colcon_core.shell:Skip shell extension 'powershell' for command environment: Not usable outside of PowerShell
[5.253s] DEBUG:colcon.colcon_core.shell:Skip shell extension 'dsv' for command environment
[5.305s] DEBUG:colcon.colcon_core.event_handler.log_command:Invoking command in '/home/toshie/Desktop/project/build/motor': CMAKE_PREFIX_PATH=/opt/ros/humble /usr/bin/cmake --build /home/toshie/Desktop/project/build/motor -- -j2 -l2
[20.930s] DEBUG:colcon.colcon_core.event_handler.log_command:Invoked command in '/home/toshie/Desktop/project/build/motor' returned '2': CMAKE_PREFIX_PATH=/opt/ros/humble /usr/bin/cmake --build /home/toshie/Desktop/project/build/motor -- -j2 -l2
[20.979s] Level 1:colcon.colcon_core.environment:create_environment_scripts_only(motor)
[21.250s] Level 1:colcon.colcon_core.environment:checking '/home/toshie/Desktop/project/install/motor' for CMake module files
[21.252s] Level 1:colcon.colcon_core.environment:checking '/home/toshie/Desktop/project/install/motor' for CMake config files
[21.255s] Level 1:colcon.colcon_core.shell:create_environment_hook('motor', 'cmake_prefix_path')
[21.257s] INFO:colcon.colcon_core.shell:Creating environment hook '/home/toshie/Desktop/project/install/motor/share/motor/hook/cmake_prefix_path.ps1'
[21.291s] INFO:colcon.colcon_core.shell:Creating environment descriptor '/home/toshie/Desktop/project/install/motor/share/motor/hook/cmake_prefix_path.dsv'
[21.305s] INFO:colcon.colcon_core.shell:Creating environment hook '/home/toshie/Desktop/project/install/motor/share/motor/hook/cmake_prefix_path.sh'
[21.311s] Level 1:colcon.colcon_core.environment:checking '/home/toshie/Desktop/project/install/motor/lib'
[21.312s] Level 1:colcon.colcon_core.environment:checking '/home/toshie/Desktop/project/install/motor/bin'
[21.314s] Level 1:colcon.colcon_core.environment:checking '/home/toshie/Desktop/project/install/motor/lib/pkgconfig/motor.pc'
[21.315s] Level 1:colcon.colcon_core.environment:checking '/home/toshie/Desktop/project/install/motor/lib/python3.10/site-packages'
[21.316s] Level 1:colcon.colcon_core.environment:checking '/home/toshie/Desktop/project/install/motor/bin'
[21.317s] INFO:colcon.colcon_core.shell:Creating package script '/home/toshie/Desktop/project/install/motor/share/motor/package.ps1'
[21.322s] INFO:colcon.colcon_core.shell:Creating package descriptor '/home/toshie/Desktop/project/install/motor/share/motor/package.dsv'
[21.330s] INFO:colcon.colcon_core.shell:Creating package script '/home/toshie/Desktop/project/install/motor/share/motor/package.sh'
[21.335s] INFO:colcon.colcon_core.shell:Creating package script '/home/toshie/Desktop/project/install/motor/share/motor/package.bash'
[21.340s] INFO:colcon.colcon_core.shell:Creating package script '/home/toshie/Desktop/project/install/motor/share/motor/package.zsh'
[21.343s] Level 1:colcon.colcon_core.environment:create_file_with_runtime_dependencies(/home/toshie/Desktop/project/install/motor/share/colcon-core/packages/motor)
[21.356s] DEBUG:colcon.colcon_parallel_executor.executor.parallel:closing loop
[21.357s] DEBUG:colcon.colcon_parallel_executor.executor.parallel:loop closed
[21.357s] DEBUG:colcon.colcon_parallel_executor.executor.parallel:run_until_complete finished with '2'
[21.357s] DEBUG:colcon.colcon_core.event_reactor:joining thread
[21.419s] INFO:colcon.colcon_core.plugin_system:Skipping extension 'colcon_notification.desktop_notification.terminal_notifier': Not used on non-Darwin systems
[21.419s] INFO:colcon.colcon_core.plugin_system:Skipping extension 'colcon_notification.desktop_notification.win32': Not used on non-Windows systems
[21.419s] INFO:colcon.colcon_notification.desktop_notification:Sending desktop notification using 'notify2'
[21.486s] DEBUG:colcon.colcon_core.event_reactor:joined thread
[21.486s] INFO:colcon.colcon_core.shell:Creating prefix script '/home/toshie/Desktop/project/install/local_setup.ps1'
[21.492s] INFO:colcon.colcon_core.shell:Creating prefix util module '/home/toshie/Desktop/project/install/_local_setup_util_ps1.py'
[21.499s] INFO:colcon.colcon_core.shell:Creating prefix chain script '/home/toshie/Desktop/project/install/setup.ps1'
[21.503s] INFO:colcon.colcon_core.shell:Creating prefix script '/home/toshie/Desktop/project/install/local_setup.sh'
[21.506s] INFO:colcon.colcon_core.shell:Creating prefix util module '/home/toshie/Desktop/project/install/_local_setup_util_sh.py'
[21.509s] INFO:colcon.colcon_core.shell:Creating prefix chain script '/home/toshie/Desktop/project/install/setup.sh'
[21.513s] INFO:colcon.colcon_core.shell:Creating prefix script '/home/toshie/Desktop/project/install/local_setup.bash'
[21.516s] INFO:colcon.colcon_core.shell:Creating prefix chain script '/home/toshie/Desktop/project/install/setup.bash'
[21.519s] INFO:colcon.colcon_core.shell:Creating prefix script '/home/toshie/Desktop/project/install/local_setup.zsh'
[21.521s] INFO:colcon.colcon_core.shell:Creating prefix chain script '/home/toshie/Desktop/project/install/setup.zsh'
