[0.231s] DEBUG:colcon:Command line arguments: ['/usr/bin/colcon', 'build', '--packages-select', 'motor']
[0.231s] DEBUG:colcon:Parsed command line arguments: Namespace(log_base=None, log_level=None, verb_name='build', build_base='build', install_base='install', merge_install=False, symlink_install=False, test_result_base=None, continue_on_error=False, executor='parallel', parallel_workers=2, event_handlers=None, ignore_user_meta=False, metas=['./colcon.meta'], base_paths=['.'], packages_ignore=None, packages_ignore_regex=None, paths=None, packages_up_to=None, packages_up_to_regex=None, packages_above=None, packages_above_and_dependencies=None, packages_above_depth=None, packages_select_by_dep=None, packages_skip_by_dep=None, packages_skip_up_to=None, packages_select_build_failed=False, packages_skip_build_finished=False, packages_select_test_failures=False, packages_skip_test_passed=False, packages_select=['motor'], packages_skip=None, packages_select_regex=None, packages_skip_regex=None, packages_start=None, packages_end=None, allow_overriding=[], cmake_args=None, cmake_target=None, cmake_target_skip_unavailable=False, cmake_clean_cache=False, cmake_clean_first=False, cmake_force_configure=False, ament_cmake_args=None, catkin_cmake_args=None, catkin_skip_building_tests=False, mixin_files=None, mixin=None, verb_parser=<colcon_mixin.mixin.mixin_argument.MixinArgumentDecorator object at 0x7fbb8a7499f0>, verb_extension=<colcon_core.verb.build.BuildVerb object at 0x7fbb8a749030>, main=<bound method BuildVerb.main of <colcon_core.verb.build.BuildVerb object at 0x7fbb8a749030>>, mixin_verb=('build',))
[0.629s] Level 1:colcon.colcon_core.package_discovery:discover_packages(colcon_meta) check parameters
[0.629s] Level 1:colcon.colcon_core.package_discovery:discover_packages(recursive) check parameters
[0.629s] Level 1:colcon.colcon_core.package_discovery:discover_packages(ignore) check parameters
[0.629s] Level 1:colcon.colcon_core.package_discovery:discover_packages(path) check parameters
[0.629s] Level 1:colcon.colcon_core.package_discovery:discover_packages(colcon_meta) discover
[0.629s] Level 1:colcon.colcon_core.package_discovery:discover_packages(recursive) discover
[0.629s] INFO:colcon.colcon_core.package_discovery:Crawling recursively for packages in '/home/toshie/Desktop/project'
[0.630s] Level 1:colcon.colcon_core.package_identification:_identify(.) by extensions ['ignore', 'ignore_ament_install']
[0.630s] Level 1:colcon.colcon_core.package_identification:_identify(.) by extension 'ignore'
[0.630s] Level 1:colcon.colcon_core.package_identification:_identify(.) by extension 'ignore_ament_install'
[0.630s] Level 1:colcon.colcon_core.package_identification:_identify(.) by extensions ['colcon_pkg']
[0.630s] Level 1:colcon.colcon_core.package_identification:_identify(.) by extension 'colcon_pkg'
[0.631s] Level 1:colcon.colcon_core.package_identification:_identify(.) by extensions ['colcon_meta']
[0.631s] Level 1:colcon.colcon_core.package_identification:_identify(.) by extension 'colcon_meta'
[0.631s] Level 1:colcon.colcon_core.package_identification:_identify(.) by extensions ['ros']
[0.631s] Level 1:colcon.colcon_core.package_identification:_identify(.) by extension 'ros'
[0.656s] Level 1:colcon.colcon_core.package_identification:_identify(.) by extensions ['cmake', 'python']
[0.656s] Level 1:colcon.colcon_core.package_identification:_identify(.) by extension 'cmake'
[0.656s] Level 1:colcon.colcon_core.package_identification:_identify(.) by extension 'python'
[0.656s] Level 1:colcon.colcon_core.package_identification:_identify(.) by extensions ['python_setup_py']
[0.656s] Level 1:colcon.colcon_core.package_identification:_identify(.) by extension 'python_setup_py'
[0.657s] Level 1:colcon.colcon_core.package_identification:_identify(build) by extensions ['ignore', 'ignore_ament_install']
[0.657s] Level 1:colcon.colcon_core.package_identification:_identify(build) by extension 'ignore'
[0.657s] Level 1:colcon.colcon_core.package_identification:_identify(build) ignored
[0.658s] Level 1:colcon.colcon_core.package_identification:_identify(install) by extensions ['ignore', 'ignore_ament_install']
[0.658s] Level 1:colcon.colcon_core.package_identification:_identify(install) by extension 'ignore'
[0.658s] Level 1:colcon.colcon_core.package_identification:_identify(install) ignored
[0.658s] Level 1:colcon.colcon_core.package_identification:_identify(log) by extensions ['ignore', 'ignore_ament_install']
[0.658s] Level 1:colcon.colcon_core.package_identification:_identify(log) by extension 'ignore'
[0.659s] Level 1:colcon.colcon_core.package_identification:_identify(log) ignored
[0.659s] Level 1:colcon.colcon_core.package_identification:_identify(src) by extensions ['ignore', 'ignore_ament_install']
[0.659s] Level 1:colcon.colcon_core.package_identification:_identify(src) by extension 'ignore'
[0.659s] Level 1:colcon.colcon_core.package_identification:_identify(src) by extension 'ignore_ament_install'
[0.659s] Level 1:colcon.colcon_core.package_identification:_identify(src) by extensions ['colcon_pkg']
[0.659s] Level 1:colcon.colcon_core.package_identification:_identify(src) by extension 'colcon_pkg'
[0.659s] Level 1:colcon.colcon_core.package_identification:_identify(src) by extensions ['colcon_meta']
[0.659s] Level 1:colcon.colcon_core.package_identification:_identify(src) by extension 'colcon_meta'
[0.660s] Level 1:colcon.colcon_core.package_identification:_identify(src) by extensions ['ros']
[0.660s] Level 1:colcon.colcon_core.package_identification:_identify(src) by extension 'ros'
[0.660s] Level 1:colcon.colcon_core.package_identification:_identify(src) by extensions ['cmake', 'python']
[0.660s] Level 1:colcon.colcon_core.package_identification:_identify(src) by extension 'cmake'
[0.660s] Level 1:colcon.colcon_core.package_identification:_identify(src) by extension 'python'
[0.660s] Level 1:colcon.colcon_core.package_identification:_identify(src) by extensions ['python_setup_py']
[0.660s] Level 1:colcon.colcon_core.package_identification:_identify(src) by extension 'python_setup_py'
[0.660s] Level 1:colcon.colcon_core.package_identification:_identify(src/main) by extensions ['ignore', 'ignore_ament_install']
[0.661s] Level 1:colcon.colcon_core.package_identification:_identify(src/main) by extension 'ignore'
[0.661s] Level 1:colcon.colcon_core.package_identification:_identify(src/main) by extension 'ignore_ament_install'
[0.661s] Level 1:colcon.colcon_core.package_identification:_identify(src/main) by extensions ['colcon_pkg']
[0.661s] Level 1:colcon.colcon_core.package_identification:_identify(src/main) by extension 'colcon_pkg'
[0.661s] Level 1:colcon.colcon_core.package_identification:_identify(src/main) by extensions ['colcon_meta']
[0.661s] Level 1:colcon.colcon_core.package_identification:_identify(src/main) by extension 'colcon_meta'
[0.661s] Level 1:colcon.colcon_core.package_identification:_identify(src/main) by extensions ['ros']
[0.661s] Level 1:colcon.colcon_core.package_identification:_identify(src/main) by extension 'ros'
[0.666s] DEBUG:colcon.colcon_core.package_identification:Package 'src/main' with type 'ros.ament_cmake' and name 'main'
[0.667s] Level 1:colcon.colcon_core.package_identification:_identify(src/motor) by extensions ['ignore', 'ignore_ament_install']
[0.667s] Level 1:colcon.colcon_core.package_identification:_identify(src/motor) by extension 'ignore'
[0.667s] Level 1:colcon.colcon_core.package_identification:_identify(src/motor) by extension 'ignore_ament_install'
[0.667s] Level 1:colcon.colcon_core.package_identification:_identify(src/motor) by extensions ['colcon_pkg']
[0.668s] Level 1:colcon.colcon_core.package_identification:_identify(src/motor) by extension 'colcon_pkg'
[0.668s] Level 1:colcon.colcon_core.package_identification:_identify(src/motor) by extensions ['colcon_meta']
[0.668s] Level 1:colcon.colcon_core.package_identification:_identify(src/motor) by extension 'colcon_meta'
[0.668s] Level 1:colcon.colcon_core.package_identification:_identify(src/motor) by extensions ['ros']
[0.668s] Level 1:colcon.colcon_core.package_identification:_identify(src/motor) by extension 'ros'
[0.669s] DEBUG:colcon.colcon_core.package_identification:Package 'src/motor' with type 'ros.ament_cmake' and name 'motor'
[0.670s] Level 1:colcon.colcon_core.package_identification:_identify(src/sensor) by extensions ['ignore', 'ignore_ament_install']
[0.670s] Level 1:colcon.colcon_core.package_identification:_identify(src/sensor) by extension 'ignore'
[0.671s] Level 1:colcon.colcon_core.package_identification:_identify(src/sensor) by extension 'ignore_ament_install'
[0.671s] Level 1:colcon.colcon_core.package_identification:_identify(src/sensor) by extensions ['colcon_pkg']
[0.671s] Level 1:colcon.colcon_core.package_identification:_identify(src/sensor) by extension 'colcon_pkg'
[0.671s] Level 1:colcon.colcon_core.package_identification:_identify(src/sensor) by extensions ['colcon_meta']
[0.671s] Level 1:colcon.colcon_core.package_identification:_identify(src/sensor) by extension 'colcon_meta'
[0.671s] Level 1:colcon.colcon_core.package_identification:_identify(src/sensor) by extensions ['ros']
[0.671s] Level 1:colcon.colcon_core.package_identification:_identify(src/sensor) by extension 'ros'
[0.672s] DEBUG:colcon.colcon_core.package_identification:Package 'src/sensor' with type 'ros.ament_cmake' and name 'sensor'
[0.673s] Level 1:colcon.colcon_core.package_discovery:discover_packages(recursive) using defaults
[0.673s] Level 1:colcon.colcon_core.package_discovery:discover_packages(ignore) discover
[0.673s] Level 1:colcon.colcon_core.package_discovery:discover_packages(ignore) using defaults
[0.673s] Level 1:colcon.colcon_core.package_discovery:discover_packages(path) discover
[0.673s] Level 1:colcon.colcon_core.package_discovery:discover_packages(path) using defaults
[0.715s] INFO:colcon.colcon_core.package_selection:Skipping not selected package 'main' in 'src/main'
[0.715s] INFO:colcon.colcon_core.package_selection:Skipping not selected package 'sensor' in 'src/sensor'
[0.716s] Level 1:colcon.colcon_core.package_discovery:discover_packages(prefix_path) check parameters
[0.716s] Level 1:colcon.colcon_core.package_discovery:discover_packages(prefix_path) discover
[0.721s] DEBUG:colcon.colcon_installed_package_information.package_discovery:Found 270 installed packages in /opt/ros/humble
[0.749s] Level 1:colcon.colcon_core.package_discovery:discover_packages(prefix_path) using defaults
[0.839s] Level 5:colcon.colcon_core.verb:set package 'motor' build argument 'cmake_args' from command line to 'None'
[0.839s] Level 5:colcon.colcon_core.verb:set package 'motor' build argument 'cmake_target' from command line to 'None'
[0.839s] Level 5:colcon.colcon_core.verb:set package 'motor' build argument 'cmake_target_skip_unavailable' from command line to 'False'
[0.839s] Level 5:colcon.colcon_core.verb:set package 'motor' build argument 'cmake_clean_cache' from command line to 'False'
[0.839s] Level 5:colcon.colcon_core.verb:set package 'motor' build argument 'cmake_clean_first' from command line to 'False'
[0.839s] Level 5:colcon.colcon_core.verb:set package 'motor' build argument 'cmake_force_configure' from command line to 'False'
[0.839s] Level 5:colcon.colcon_core.verb:set package 'motor' build argument 'ament_cmake_args' from command line to 'None'
[0.839s] Level 5:colcon.colcon_core.verb:set package 'motor' build argument 'catkin_cmake_args' from command line to 'None'
[0.839s] Level 5:colcon.colcon_core.verb:set package 'motor' build argument 'catkin_skip_building_tests' from command line to 'False'
[0.839s] DEBUG:colcon.colcon_core.verb:Building package 'motor' with the following arguments: {'ament_cmake_args': None, 'build_base': '/home/toshie/Desktop/project/build/motor', 'catkin_cmake_args': None, 'catkin_skip_building_tests': False, 'cmake_args': None, 'cmake_clean_cache': False, 'cmake_clean_first': False, 'cmake_force_configure': False, 'cmake_target': None, 'cmake_target_skip_unavailable': False, 'install_base': '/home/toshie/Desktop/project/install/motor', 'merge_install': False, 'path': '/home/toshie/Desktop/project/src/motor', 'symlink_install': False, 'test_result_base': None}
[0.840s] INFO:colcon.colcon_core.executor:Executing jobs using 'parallel' executor
[0.843s] DEBUG:colcon.colcon_parallel_executor.executor.parallel:run_until_complete
[0.844s] INFO:colcon.colcon_ros.task.ament_cmake.build:Building ROS package in '/home/toshie/Desktop/project/src/motor' with build type 'ament_cmake'
[0.845s] INFO:colcon.colcon_cmake.task.cmake.build:Building CMake package in '/home/toshie/Desktop/project/src/motor'
[0.852s] INFO:colcon.colcon_core.plugin_system:Skipping extension 'colcon_core.shell.bat': Not used on non-Windows systems
[0.854s] INFO:colcon.colcon_core.shell:Skip shell extension 'powershell' for command environment: Not usable outside of PowerShell
[0.855s] DEBUG:colcon.colcon_core.shell:Skip shell extension 'dsv' for command environment
[0.904s] DEBUG:colcon.colcon_core.event_handler.log_command:Invoking command in '/home/toshie/Desktop/project/build/motor': CMAKE_PREFIX_PATH=/opt/ros/humble /usr/bin/cmake --build /home/toshie/Desktop/project/build/motor -- -j2 -l2
[22.784s] DEBUG:colcon.colcon_core.event_handler.log_command:Invoked command in '/home/toshie/Desktop/project/build/motor' returned '0': CMAKE_PREFIX_PATH=/opt/ros/humble /usr/bin/cmake --build /home/toshie/Desktop/project/build/motor -- -j2 -l2
[22.866s] DEBUG:colcon.colcon_core.event_handler.log_command:Invoking command in '/home/toshie/Desktop/project/build/motor': CMAKE_PREFIX_PATH=/opt/ros/humble /usr/bin/cmake --install /home/toshie/Desktop/project/build/motor
[22.906s] Level 1:colcon.colcon_core.environment:create_environment_scripts_only(motor)
[22.915s] Level 1:colcon.colcon_core.environment:checking '/home/toshie/Desktop/project/install/motor' for CMake module files
[22.918s] DEBUG:colcon.colcon_core.event_handler.log_command:Invoked command in '/home/toshie/Desktop/project/build/motor' returned '0': CMAKE_PREFIX_PATH=/opt/ros/humble /usr/bin/cmake --install /home/toshie/Desktop/project/build/motor
[22.919s] Level 1:colcon.colcon_core.environment:checking '/home/toshie/Desktop/project/install/motor' for CMake config files
[22.919s] Level 1:colcon.colcon_core.shell:create_environment_hook('motor', 'cmake_prefix_path')
[22.920s] INFO:colcon.colcon_core.shell:Creating environment hook '/home/toshie/Desktop/project/install/motor/share/motor/hook/cmake_prefix_path.ps1'
[22.922s] INFO:colcon.colcon_core.shell:Creating environment descriptor '/home/toshie/Desktop/project/install/motor/share/motor/hook/cmake_prefix_path.dsv'
[22.923s] INFO:colcon.colcon_core.shell:Creating environment hook '/home/toshie/Desktop/project/install/motor/share/motor/hook/cmake_prefix_path.sh'
[22.926s] Level 1:colcon.colcon_core.environment:checking '/home/toshie/Desktop/project/install/motor/lib'
[22.926s] Level 1:colcon.colcon_core.environment:checking '/home/toshie/Desktop/project/install/motor/bin'
[22.927s] Level 1:colcon.colcon_core.environment:checking '/home/toshie/Desktop/project/install/motor/lib/pkgconfig/motor.pc'
[22.927s] Level 1:colcon.colcon_core.environment:checking '/home/toshie/Desktop/project/install/motor/lib/python3.10/site-packages'
[22.928s] Level 1:colcon.colcon_core.environment:checking '/home/toshie/Desktop/project/install/motor/bin'
[22.929s] INFO:colcon.colcon_core.shell:Creating package script '/home/toshie/Desktop/project/install/motor/share/motor/package.ps1'
[22.931s] INFO:colcon.colcon_core.shell:Creating package descriptor '/home/toshie/Desktop/project/install/motor/share/motor/package.dsv'
[22.933s] INFO:colcon.colcon_core.shell:Creating package script '/home/toshie/Desktop/project/install/motor/share/motor/package.sh'
[22.936s] INFO:colcon.colcon_core.shell:Creating package script '/home/toshie/Desktop/project/install/motor/share/motor/package.bash'
[22.939s] INFO:colcon.colcon_core.shell:Creating package script '/home/toshie/Desktop/project/install/motor/share/motor/package.zsh'
[22.941s] Level 1:colcon.colcon_core.environment:create_file_with_runtime_dependencies(/home/toshie/Desktop/project/install/motor/share/colcon-core/packages/motor)
[23.004s] Level 1:colcon.colcon_core.environment:create_environment_scripts_only(motor)
[23.005s] Level 1:colcon.colcon_core.environment:checking '/home/toshie/Desktop/project/install/motor' for CMake module files
[23.008s] Level 1:colcon.colcon_core.environment:checking '/home/toshie/Desktop/project/install/motor' for CMake config files
[23.008s] Level 1:colcon.colcon_core.shell:create_environment_hook('motor', 'cmake_prefix_path')
[23.009s] INFO:colcon.colcon_core.shell:Creating environment hook '/home/toshie/Desktop/project/install/motor/share/motor/hook/cmake_prefix_path.ps1'
[23.011s] INFO:colcon.colcon_core.shell:Creating environment descriptor '/home/toshie/Desktop/project/install/motor/share/motor/hook/cmake_prefix_path.dsv'
[23.012s] INFO:colcon.colcon_core.shell:Creating environment hook '/home/toshie/Desktop/project/install/motor/share/motor/hook/cmake_prefix_path.sh'
[23.014s] Level 1:colcon.colcon_core.environment:checking '/home/toshie/Desktop/project/install/motor/lib'
[23.015s] Level 1:colcon.colcon_core.environment:checking '/home/toshie/Desktop/project/install/motor/bin'
[23.015s] Level 1:colcon.colcon_core.environment:checking '/home/toshie/Desktop/project/install/motor/lib/pkgconfig/motor.pc'
[23.016s] Level 1:colcon.colcon_core.environment:checking '/home/toshie/Desktop/project/install/motor/lib/python3.10/site-packages'
[23.017s] Level 1:colcon.colcon_core.environment:checking '/home/toshie/Desktop/project/install/motor/bin'
[23.019s] INFO:colcon.colcon_core.shell:Creating package script '/home/toshie/Desktop/project/install/motor/share/motor/package.ps1'
[23.021s] INFO:colcon.colcon_core.shell:Creating package descriptor '/home/toshie/Desktop/project/install/motor/share/motor/package.dsv'
[23.023s] INFO:colcon.colcon_core.shell:Creating package script '/home/toshie/Desktop/project/install/motor/share/motor/package.sh'
[23.025s] INFO:colcon.colcon_core.shell:Creating package script '/home/toshie/Desktop/project/install/motor/share/motor/package.bash'
[23.027s] INFO:colcon.colcon_core.shell:Creating package script '/home/toshie/Desktop/project/install/motor/share/motor/package.zsh'
[23.028s] Level 1:colcon.colcon_core.environment:create_file_with_runtime_dependencies(/home/toshie/Desktop/project/install/motor/share/colcon-core/packages/motor)
[23.029s] DEBUG:colcon.colcon_parallel_executor.executor.parallel:closing loop
[23.030s] DEBUG:colcon.colcon_parallel_executor.executor.parallel:loop closed
[23.030s] DEBUG:colcon.colcon_parallel_executor.executor.parallel:run_until_complete finished with '0'
[23.030s] DEBUG:colcon.colcon_core.event_reactor:joining thread
[23.048s] INFO:colcon.colcon_core.plugin_system:Skipping extension 'colcon_notification.desktop_notification.terminal_notifier': Not used on non-Darwin systems
[23.048s] INFO:colcon.colcon_core.plugin_system:Skipping extension 'colcon_notification.desktop_notification.win32': Not used on non-Windows systems
[23.048s] INFO:colcon.colcon_notification.desktop_notification:Sending desktop notification using 'notify2'
[23.099s] DEBUG:colcon.colcon_core.event_reactor:joined thread
[23.101s] INFO:colcon.colcon_core.shell:Creating prefix script '/home/toshie/Desktop/project/install/local_setup.ps1'
[23.108s] INFO:colcon.colcon_core.shell:Creating prefix util module '/home/toshie/Desktop/project/install/_local_setup_util_ps1.py'
[23.115s] INFO:colcon.colcon_core.shell:Creating prefix chain script '/home/toshie/Desktop/project/install/setup.ps1'
[23.122s] INFO:colcon.colcon_core.shell:Creating prefix script '/home/toshie/Desktop/project/install/local_setup.sh'
[23.124s] INFO:colcon.colcon_core.shell:Creating prefix util module '/home/toshie/Desktop/project/install/_local_setup_util_sh.py'
[23.127s] INFO:colcon.colcon_core.shell:Creating prefix chain script '/home/toshie/Desktop/project/install/setup.sh'
[23.131s] INFO:colcon.colcon_core.shell:Creating prefix script '/home/toshie/Desktop/project/install/local_setup.bash'
[23.134s] INFO:colcon.colcon_core.shell:Creating prefix chain script '/home/toshie/Desktop/project/install/setup.bash'
[23.141s] INFO:colcon.colcon_core.shell:Creating prefix script '/home/toshie/Desktop/project/install/local_setup.zsh'
[23.145s] INFO:colcon.colcon_core.shell:Creating prefix chain script '/home/toshie/Desktop/project/install/setup.zsh'
