[2.087s] DEBUG:colcon:Command line arguments: ['/usr/bin/colcon', 'build', '--packages-select', 'motor']
[2.087s] DEBUG:colcon:Parsed command line arguments: Namespace(log_base=None, log_level=None, verb_name='build', build_base='build', install_base='install', merge_install=False, symlink_install=False, test_result_base=None, continue_on_error=False, executor='parallel', parallel_workers=2, event_handlers=None, ignore_user_meta=False, metas=['./colcon.meta'], base_paths=['.'], packages_ignore=None, packages_ignore_regex=None, paths=None, packages_up_to=None, packages_up_to_regex=None, packages_above=None, packages_above_and_dependencies=None, packages_above_depth=None, packages_select_by_dep=None, packages_skip_by_dep=None, packages_skip_up_to=None, packages_select_build_failed=False, packages_skip_build_finished=False, packages_select_test_failures=False, packages_skip_test_passed=False, packages_select=['motor'], packages_skip=None, packages_select_regex=None, packages_skip_regex=None, packages_start=None, packages_end=None, allow_overriding=[], cmake_args=None, cmake_target=None, cmake_target_skip_unavailable=False, cmake_clean_cache=False, cmake_clean_first=False, cmake_force_configure=False, ament_cmake_args=None, catkin_cmake_args=None, catkin_skip_building_tests=False, mixin_files=None, mixin=None, verb_parser=<colcon_mixin.mixin.mixin_argument.MixinArgumentDecorator object at 0x77f037d49a20>, verb_extension=<colcon_core.verb.build.BuildVerb object at 0x77f037d49060>, main=<bound method BuildVerb.main of <colcon_core.verb.build.BuildVerb object at 0x77f037d49060>>, mixin_verb=('build',))
[5.076s] Level 1:colcon.colcon_core.package_discovery:discover_packages(colcon_meta) check parameters
[5.076s] Level 1:colcon.colcon_core.package_discovery:discover_packages(recursive) check parameters
[5.076s] Level 1:colcon.colcon_core.package_discovery:discover_packages(ignore) check parameters
[5.076s] Level 1:colcon.colcon_core.package_discovery:discover_packages(path) check parameters
[5.076s] Level 1:colcon.colcon_core.package_discovery:discover_packages(colcon_meta) discover
[5.076s] Level 1:colcon.colcon_core.package_discovery:discover_packages(recursive) discover
[5.077s] INFO:colcon.colcon_core.package_discovery:Crawling recursively for packages in '/home/toshie/Desktop/project'
[5.077s] Level 1:colcon.colcon_core.package_identification:_identify(.) by extensions ['ignore', 'ignore_ament_install']
[5.077s] Level 1:colcon.colcon_core.package_identification:_identify(.) by extension 'ignore'
[5.077s] Level 1:colcon.colcon_core.package_identification:_identify(.) by extension 'ignore_ament_install'
[5.078s] Level 1:colcon.colcon_core.package_identification:_identify(.) by extensions ['colcon_pkg']
[5.078s] Level 1:colcon.colcon_core.package_identification:_identify(.) by extension 'colcon_pkg'
[5.078s] Level 1:colcon.colcon_core.package_identification:_identify(.) by extensions ['colcon_meta']
[5.078s] Level 1:colcon.colcon_core.package_identification:_identify(.) by extension 'colcon_meta'
[5.078s] Level 1:colcon.colcon_core.package_identification:_identify(.) by extensions ['ros']
[5.078s] Level 1:colcon.colcon_core.package_identification:_identify(.) by extension 'ros'
[5.230s] Level 1:colcon.colcon_core.package_identification:_identify(.) by extensions ['cmake', 'python']
[5.230s] Level 1:colcon.colcon_core.package_identification:_identify(.) by extension 'cmake'
[5.230s] Level 1:colcon.colcon_core.package_identification:_identify(.) by extension 'python'
[5.231s] Level 1:colcon.colcon_core.package_identification:_identify(.) by extensions ['python_setup_py']
[5.231s] Level 1:colcon.colcon_core.package_identification:_identify(.) by extension 'python_setup_py'
[5.231s] Level 1:colcon.colcon_core.package_identification:_identify(build) by extensions ['ignore', 'ignore_ament_install']
[5.232s] Level 1:colcon.colcon_core.package_identification:_identify(build) by extension 'ignore'
[5.232s] Level 1:colcon.colcon_core.package_identification:_identify(build) ignored
[5.233s] Level 1:colcon.colcon_core.package_identification:_identify(install) by extensions ['ignore', 'ignore_ament_install']
[5.233s] Level 1:colcon.colcon_core.package_identification:_identify(install) by extension 'ignore'
[5.233s] Level 1:colcon.colcon_core.package_identification:_identify(install) ignored
[5.234s] Level 1:colcon.colcon_core.package_identification:_identify(log) by extensions ['ignore', 'ignore_ament_install']
[5.234s] Level 1:colcon.colcon_core.package_identification:_identify(log) by extension 'ignore'
[5.234s] Level 1:colcon.colcon_core.package_identification:_identify(log) ignored
[5.235s] Level 1:colcon.colcon_core.package_identification:_identify(src) by extensions ['ignore', 'ignore_ament_install']
[5.235s] Level 1:colcon.colcon_core.package_identification:_identify(src) by extension 'ignore'
[5.235s] Level 1:colcon.colcon_core.package_identification:_identify(src) by extension 'ignore_ament_install'
[5.236s] Level 1:colcon.colcon_core.package_identification:_identify(src) by extensions ['colcon_pkg']
[5.236s] Level 1:colcon.colcon_core.package_identification:_identify(src) by extension 'colcon_pkg'
[5.236s] Level 1:colcon.colcon_core.package_identification:_identify(src) by extensions ['colcon_meta']
[5.236s] Level 1:colcon.colcon_core.package_identification:_identify(src) by extension 'colcon_meta'
[5.236s] Level 1:colcon.colcon_core.package_identification:_identify(src) by extensions ['ros']
[5.236s] Level 1:colcon.colcon_core.package_identification:_identify(src) by extension 'ros'
[5.237s] Level 1:colcon.colcon_core.package_identification:_identify(src) by extensions ['cmake', 'python']
[5.237s] Level 1:colcon.colcon_core.package_identification:_identify(src) by extension 'cmake'
[5.237s] Level 1:colcon.colcon_core.package_identification:_identify(src) by extension 'python'
[5.237s] Level 1:colcon.colcon_core.package_identification:_identify(src) by extensions ['python_setup_py']
[5.238s] Level 1:colcon.colcon_core.package_identification:_identify(src) by extension 'python_setup_py'
[5.238s] Level 1:colcon.colcon_core.package_identification:_identify(src/main) by extensions ['ignore', 'ignore_ament_install']
[5.238s] Level 1:colcon.colcon_core.package_identification:_identify(src/main) by extension 'ignore'
[5.239s] Level 1:colcon.colcon_core.package_identification:_identify(src/main) by extension 'ignore_ament_install'
[5.239s] Level 1:colcon.colcon_core.package_identification:_identify(src/main) by extensions ['colcon_pkg']
[5.239s] Level 1:colcon.colcon_core.package_identification:_identify(src/main) by extension 'colcon_pkg'
[5.239s] Level 1:colcon.colcon_core.package_identification:_identify(src/main) by extensions ['colcon_meta']
[5.240s] Level 1:colcon.colcon_core.package_identification:_identify(src/main) by extension 'colcon_meta'
[5.240s] Level 1:colcon.colcon_core.package_identification:_identify(src/main) by extensions ['ros']
[5.240s] Level 1:colcon.colcon_core.package_identification:_identify(src/main) by extension 'ros'
[5.248s] DEBUG:colcon.colcon_core.package_identification:Package 'src/main' with type 'ros.ament_cmake' and name 'main'
[5.248s] Level 1:colcon.colcon_core.package_identification:_identify(src/motor) by extensions ['ignore', 'ignore_ament_install']
[5.248s] Level 1:colcon.colcon_core.package_identification:_identify(src/motor) by extension 'ignore'
[5.249s] Level 1:colcon.colcon_core.package_identification:_identify(src/motor) by extension 'ignore_ament_install'
[5.249s] Level 1:colcon.colcon_core.package_identification:_identify(src/motor) by extensions ['colcon_pkg']
[5.249s] Level 1:colcon.colcon_core.package_identification:_identify(src/motor) by extension 'colcon_pkg'
[5.249s] Level 1:colcon.colcon_core.package_identification:_identify(src/motor) by extensions ['colcon_meta']
[5.249s] Level 1:colcon.colcon_core.package_identification:_identify(src/motor) by extension 'colcon_meta'
[5.249s] Level 1:colcon.colcon_core.package_identification:_identify(src/motor) by extensions ['ros']
[5.249s] Level 1:colcon.colcon_core.package_identification:_identify(src/motor) by extension 'ros'
[5.251s] DEBUG:colcon.colcon_core.package_identification:Package 'src/motor' with type 'ros.ament_cmake' and name 'motor'
[5.287s] Level 1:colcon.colcon_core.package_identification:_identify(src/sensor) by extensions ['ignore', 'ignore_ament_install']
[5.287s] Level 1:colcon.colcon_core.package_identification:_identify(src/sensor) by extension 'ignore'
[5.288s] Level 1:colcon.colcon_core.package_identification:_identify(src/sensor) by extension 'ignore_ament_install'
[5.288s] Level 1:colcon.colcon_core.package_identification:_identify(src/sensor) by extensions ['colcon_pkg']
[5.288s] Level 1:colcon.colcon_core.package_identification:_identify(src/sensor) by extension 'colcon_pkg'
[5.288s] Level 1:colcon.colcon_core.package_identification:_identify(src/sensor) by extensions ['colcon_meta']
[5.288s] Level 1:colcon.colcon_core.package_identification:_identify(src/sensor) by extension 'colcon_meta'
[5.288s] Level 1:colcon.colcon_core.package_identification:_identify(src/sensor) by extensions ['ros']
[5.288s] Level 1:colcon.colcon_core.package_identification:_identify(src/sensor) by extension 'ros'
[5.290s] DEBUG:colcon.colcon_core.package_identification:Package 'src/sensor' with type 'ros.ament_cmake' and name 'sensor'
[5.290s] Level 1:colcon.colcon_core.package_discovery:discover_packages(recursive) using defaults
[5.291s] Level 1:colcon.colcon_core.package_discovery:discover_packages(ignore) discover
[5.291s] Level 1:colcon.colcon_core.package_discovery:discover_packages(ignore) using defaults
[5.291s] Level 1:colcon.colcon_core.package_discovery:discover_packages(path) discover
[5.291s] Level 1:colcon.colcon_core.package_discovery:discover_packages(path) using defaults
[5.333s] INFO:colcon.colcon_core.package_selection:Skipping not selected package 'main' in 'src/main'
[5.333s] INFO:colcon.colcon_core.package_selection:Skipping not selected package 'sensor' in 'src/sensor'
[5.334s] Level 1:colcon.colcon_core.package_discovery:discover_packages(prefix_path) check parameters
[5.334s] Level 1:colcon.colcon_core.package_discovery:discover_packages(prefix_path) discover
[5.339s] DEBUG:colcon.colcon_installed_package_information.package_discovery:Found 270 installed packages in /opt/ros/humble
[5.366s] Level 1:colcon.colcon_core.package_discovery:discover_packages(prefix_path) using defaults
[5.441s] Level 5:colcon.colcon_core.verb:set package 'motor' build argument 'cmake_args' from command line to 'None'
[5.441s] Level 5:colcon.colcon_core.verb:set package 'motor' build argument 'cmake_target' from command line to 'None'
[5.441s] Level 5:colcon.colcon_core.verb:set package 'motor' build argument 'cmake_target_skip_unavailable' from command line to 'False'
[5.441s] Level 5:colcon.colcon_core.verb:set package 'motor' build argument 'cmake_clean_cache' from command line to 'False'
[5.441s] Level 5:colcon.colcon_core.verb:set package 'motor' build argument 'cmake_clean_first' from command line to 'False'
[5.441s] Level 5:colcon.colcon_core.verb:set package 'motor' build argument 'cmake_force_configure' from command line to 'False'
[5.441s] Level 5:colcon.colcon_core.verb:set package 'motor' build argument 'ament_cmake_args' from command line to 'None'
[5.441s] Level 5:colcon.colcon_core.verb:set package 'motor' build argument 'catkin_cmake_args' from command line to 'None'
[5.442s] Level 5:colcon.colcon_core.verb:set package 'motor' build argument 'catkin_skip_building_tests' from command line to 'False'
[5.442s] DEBUG:colcon.colcon_core.verb:Building package 'motor' with the following arguments: {'ament_cmake_args': None, 'build_base': '/home/toshie/Desktop/project/build/motor', 'catkin_cmake_args': None, 'catkin_skip_building_tests': False, 'cmake_args': None, 'cmake_clean_cache': False, 'cmake_clean_first': False, 'cmake_force_configure': False, 'cmake_target': None, 'cmake_target_skip_unavailable': False, 'install_base': '/home/toshie/Desktop/project/install/motor', 'merge_install': False, 'path': '/home/toshie/Desktop/project/src/motor', 'symlink_install': False, 'test_result_base': None}
[5.442s] INFO:colcon.colcon_core.executor:Executing jobs using 'parallel' executor
[5.444s] DEBUG:colcon.colcon_parallel_executor.executor.parallel:run_until_complete
[5.445s] INFO:colcon.colcon_ros.task.ament_cmake.build:Building ROS package in '/home/toshie/Desktop/project/src/motor' with build type 'ament_cmake'
[5.445s] INFO:colcon.colcon_cmake.task.cmake.build:Building CMake package in '/home/toshie/Desktop/project/src/motor'
[5.449s] INFO:colcon.colcon_core.plugin_system:Skipping extension 'colcon_core.shell.bat': Not used on non-Windows systems
[5.450s] INFO:colcon.colcon_core.shell:Skip shell extension 'powershell' for command environment: Not usable outside of PowerShell
[5.450s] DEBUG:colcon.colcon_core.shell:Skip shell extension 'dsv' for command environment
[5.499s] DEBUG:colcon.colcon_core.event_handler.log_command:Invoking command in '/home/toshie/Desktop/project/build/motor': CMAKE_PREFIX_PATH=/opt/ros/humble /usr/bin/cmake /home/toshie/Desktop/project/src/motor -DCMAKE_INSTALL_PREFIX=/home/toshie/Desktop/project/install/motor
[9.646s] DEBUG:colcon.colcon_parallel_executor.executor.parallel:run_until_complete was interrupted
[9.646s] DEBUG:colcon.colcon_parallel_executor.executor.parallel:run_until_complete again
[9.818s] DEBUG:colcon.colcon_core.event_handler.log_command:Invoked command in '/home/toshie/Desktop/project/build/motor' returned '-2': CMAKE_PREFIX_PATH=/opt/ros/humble /usr/bin/cmake /home/toshie/Desktop/project/src/motor -DCMAKE_INSTALL_PREFIX=/home/toshie/Desktop/project/install/motor
[11.724s] DEBUG:colcon.colcon_parallel_executor.executor.parallel:run_until_complete finished
[11.724s] DEBUG:colcon.colcon_parallel_executor.executor.parallel:closing loop
[11.725s] DEBUG:colcon.colcon_parallel_executor.executor.parallel:loop closed
[11.725s] DEBUG:colcon.colcon_core.event_reactor:joining thread
[11.742s] INFO:colcon.colcon_core.plugin_system:Skipping extension 'colcon_notification.desktop_notification.terminal_notifier': Not used on non-Darwin systems
[11.742s] INFO:colcon.colcon_core.plugin_system:Skipping extension 'colcon_notification.desktop_notification.win32': Not used on non-Windows systems
[11.742s] INFO:colcon.colcon_notification.desktop_notification:Sending desktop notification using 'notify2'
[11.782s] DEBUG:colcon.colcon_core.event_reactor:joined thread
[11.783s] INFO:colcon.colcon_core.shell:Creating prefix script '/home/toshie/Desktop/project/install/local_setup.ps1'
[11.789s] INFO:colcon.colcon_core.shell:Creating prefix util module '/home/toshie/Desktop/project/install/_local_setup_util_ps1.py'
[11.795s] INFO:colcon.colcon_core.shell:Creating prefix chain script '/home/toshie/Desktop/project/install/setup.ps1'
[11.798s] INFO:colcon.colcon_core.shell:Creating prefix script '/home/toshie/Desktop/project/install/local_setup.sh'
[11.800s] INFO:colcon.colcon_core.shell:Creating prefix util module '/home/toshie/Desktop/project/install/_local_setup_util_sh.py'
[11.801s] INFO:colcon.colcon_core.shell:Creating prefix chain script '/home/toshie/Desktop/project/install/setup.sh'
[11.804s] INFO:colcon.colcon_core.shell:Creating prefix script '/home/toshie/Desktop/project/install/local_setup.bash'
[11.806s] INFO:colcon.colcon_core.shell:Creating prefix chain script '/home/toshie/Desktop/project/install/setup.bash'
[11.809s] INFO:colcon.colcon_core.shell:Creating prefix script '/home/toshie/Desktop/project/install/local_setup.zsh'
[11.811s] INFO:colcon.colcon_core.shell:Creating prefix chain script '/home/toshie/Desktop/project/install/setup.zsh'
