-- Found rclcpp: 16.0.10 (/opt/ros/humble/share/rclcpp/cmake)
-- Found Python3: /usr/bin/python3 (found version "3.10.12") found components: Interpreter 
-- Found rosidl_generator_c: 3.1.5 (/opt/ros/humble/share/rosidl_generator_c/cmake)
-- Found rosidl_adapter: 3.1.5 (/opt/ros/humble/share/rosidl_adapter/cmake)
-- Found rosidl_generator_cpp: 3.1.5 (/opt/ros/humble/share/rosidl_generator_cpp/cmake)
-- Using all available rosidl_typesupport_c: rosidl_typesupport_fastrtps_c;rosidl_typesupport_introspection_c
-- Using all available rosidl_typesupport_cpp: rosidl_typesupport_fastrtps_cpp;rosidl_typesupport_introspection_cpp
-- Found rmw_implementation_cmake: 6.1.2 (/opt/ros/humble/share/rmw_implementation_cmake/cmake)
-- Found rmw_fastrtps_cpp: 6.2.7 (/opt/ros/humble/share/rmw_fastrtps_cpp/cmake)
-- Found OpenSSL: /usr/lib/x86_64-linux-gnu/libcrypto.so (found version "3.0.2")  
-- Found FastRTPS: /opt/ros/humble/include  
-- Using RMW implementation 'rmw_fastrtps_cpp' as default
-- Looking for pthread.h
-- Looking for pthread.h - found
-- Performing Test CMAKE_HAVE_LIBC_PTHREAD
-- Performing Test CMAKE_HAVE_LIBC_PTHREAD - Success
-- Found Threads: TRUE  
-- Configuring done
-- Generating done
-- Build files have been written to: /home/toshie/Desktop/project/build/main
[ 50%] [32mBuilding CXX object CMakeFiles/talker.dir/src/main.cpp.o[0m
[100%] [32m[1mLinking CXX executable talker[0m
[100%] Built target talker
-- Install configuration: ""
-- Installing: /home/toshie/Desktop/project/install/main/lib/main/talker
-- Set runtime path of "/home/toshie/Desktop/project/install/main/lib/main/talker" to ""
-- Installing: /home/toshie/Desktop/project/install/main/share/ament_index/resource_index/package_run_dependencies/main
-- Installing: /home/toshie/Desktop/project/install/main/share/ament_index/resource_index/parent_prefix_path/main
-- Installing: /home/toshie/Desktop/project/install/main/share/main/environment/ament_prefix_path.sh
-- Installing: /home/toshie/Desktop/project/install/main/share/main/environment/ament_prefix_path.dsv
-- Installing: /home/toshie/Desktop/project/install/main/share/main/environment/path.sh
-- Installing: /home/toshie/Desktop/project/install/main/share/main/environment/path.dsv
-- Installing: /home/toshie/Desktop/project/install/main/share/main/local_setup.bash
-- Installing: /home/toshie/Desktop/project/install/main/share/main/local_setup.sh
-- Installing: /home/toshie/Desktop/project/install/main/share/main/local_setup.zsh
-- Installing: /home/toshie/Desktop/project/install/main/share/main/local_setup.dsv
-- Installing: /home/toshie/Desktop/project/install/main/share/main/package.dsv
-- Installing: /home/toshie/Desktop/project/install/main/share/ament_index/resource_index/packages/main
-- Installing: /home/toshie/Desktop/project/install/main/share/main/cmake/mainConfig.cmake
-- Installing: /home/toshie/Desktop/project/install/main/share/main/cmake/mainConfig-version.cmake
-- Installing: /home/toshie/Desktop/project/install/main/share/main/package.xml
