[0.019s] Invoking command in '/home/toshie/Desktop/project/build/main': CMAKE_PREFIX_PATH=/opt/ros/humble /usr/bin/cmake /home/toshie/Desktop/project/src/main -DCMAKE_INSTALL_PREFIX=/home/toshie/Desktop/project/install/main
[0.111s] -- Found rclcpp: 16.0.10 (/opt/ros/humble/share/rclcpp/cmake)
[3.335s] -- Found Python3: /usr/bin/python3 (found version "3.10.12") found components: Interpreter 
[12.704s] -- Found rosidl_generator_c: 3.1.5 (/opt/ros/humble/share/rosidl_generator_c/cmake)
[12.740s] -- Found rosidl_adapter: 3.1.5 (/opt/ros/humble/share/rosidl_adapter/cmake)
[12.792s] -- Found rosidl_generator_cpp: 3.1.5 (/opt/ros/humble/share/rosidl_generator_cpp/cmake)
[12.833s] -- Using all available rosidl_typesupport_c: rosidl_typesupport_fastrtps_c;rosidl_typesupport_introspection_c
[12.934s] -- Using all available rosidl_typesupport_cpp: rosidl_typesupport_fastrtps_cpp;rosidl_typesupport_introspection_cpp
[13.103s] -- Found rmw_implementation_cmake: 6.1.2 (/opt/ros/humble/share/rmw_implementation_cmake/cmake)
[13.123s] -- Found rmw_fastrtps_cpp: 6.2.7 (/opt/ros/humble/share/rmw_fastrtps_cpp/cmake)
[13.769s] -- Found OpenSSL: /usr/lib/x86_64-linux-gnu/libcrypto.so (found version "3.0.2")  
[13.868s] -- Found FastRTPS: /opt/ros/humble/include  
[13.932s] -- Using RMW implementation 'rmw_fastrtps_cpp' as default
[14.045s] -- Looking for pthread.h
[14.928s] -- Looking for pthread.h - found
[14.928s] -- Performing Test CMAKE_HAVE_LIBC_PTHREAD
[15.729s] -- Performing Test CMAKE_HAVE_LIBC_PTHREAD - Success
[15.731s] -- Found Threads: TRUE  
[21.980s] -- Configuring done
[22.002s] -- Generating done
[22.008s] -- Build files have been written to: /home/toshie/Desktop/project/build/main
[22.040s] Invoked command in '/home/toshie/Desktop/project/build/main' returned '0': CMAKE_PREFIX_PATH=/opt/ros/humble /usr/bin/cmake /home/toshie/Desktop/project/src/main -DCMAKE_INSTALL_PREFIX=/home/toshie/Desktop/project/install/main
[22.051s] Invoking command in '/home/toshie/Desktop/project/build/main': CMAKE_PREFIX_PATH=/opt/ros/humble /usr/bin/cmake --build /home/toshie/Desktop/project/build/main -- -j2 -l2
[22.155s] [ 50%] [32mBuilding CXX object CMakeFiles/talker.dir/src/main.cpp.o[0m
[43.383s] [100%] [32m[1mLinking CXX executable talker[0m
[51.690s] [100%] Built target talker
[51.713s] Invoked command in '/home/toshie/Desktop/project/build/main' returned '0': CMAKE_PREFIX_PATH=/opt/ros/humble /usr/bin/cmake --build /home/toshie/Desktop/project/build/main -- -j2 -l2
[51.836s] Invoking command in '/home/toshie/Desktop/project/build/main': CMAKE_PREFIX_PATH=/opt/ros/humble /usr/bin/cmake --install /home/toshie/Desktop/project/build/main
[51.854s] -- Install configuration: ""
[51.856s] -- Installing: /home/toshie/Desktop/project/install/main/lib/main/talker
[51.858s] -- Set runtime path of "/home/toshie/Desktop/project/install/main/lib/main/talker" to ""
[51.860s] -- Installing: /home/toshie/Desktop/project/install/main/share/ament_index/resource_index/package_run_dependencies/main
[51.862s] -- Installing: /home/toshie/Desktop/project/install/main/share/ament_index/resource_index/parent_prefix_path/main
[51.862s] -- Installing: /home/toshie/Desktop/project/install/main/share/main/environment/ament_prefix_path.sh
[51.862s] -- Installing: /home/toshie/Desktop/project/install/main/share/main/environment/ament_prefix_path.dsv
[51.865s] -- Installing: /home/toshie/Desktop/project/install/main/share/main/environment/path.sh
[51.866s] -- Installing: /home/toshie/Desktop/project/install/main/share/main/environment/path.dsv
[51.867s] -- Installing: /home/toshie/Desktop/project/install/main/share/main/local_setup.bash
[51.867s] -- Installing: /home/toshie/Desktop/project/install/main/share/main/local_setup.sh
[51.867s] -- Installing: /home/toshie/Desktop/project/install/main/share/main/local_setup.zsh
[51.867s] -- Installing: /home/toshie/Desktop/project/install/main/share/main/local_setup.dsv
[51.868s] -- Installing: /home/toshie/Desktop/project/install/main/share/main/package.dsv
[51.868s] -- Installing: /home/toshie/Desktop/project/install/main/share/ament_index/resource_index/packages/main
[51.868s] -- Installing: /home/toshie/Desktop/project/install/main/share/main/cmake/mainConfig.cmake
[51.868s] -- Installing: /home/toshie/Desktop/project/install/main/share/main/cmake/mainConfig-version.cmake
[51.868s] -- Installing: /home/toshie/Desktop/project/install/main/share/main/package.xml
[52.248s] Invoked command in '/home/toshie/Desktop/project/build/main' returned '0': CMAKE_PREFIX_PATH=/opt/ros/humble /usr/bin/cmake --install /home/toshie/Desktop/project/build/main
