[0.986s] DEBUG:colcon:Command line arguments: ['/usr/bin/colcon', 'build', '--packages-select', 'main']
[0.987s] DEBUG:colcon:Parsed command line arguments: Namespace(log_base=None, log_level=None, verb_name='build', build_base='build', install_base='install', merge_install=False, symlink_install=False, test_result_base=None, continue_on_error=False, executor='parallel', parallel_workers=2, event_handlers=None, ignore_user_meta=False, metas=['./colcon.meta'], base_paths=['.'], packages_ignore=None, packages_ignore_regex=None, paths=None, packages_up_to=None, packages_up_to_regex=None, packages_above=None, packages_above_and_dependencies=None, packages_above_depth=None, packages_select_by_dep=None, packages_skip_by_dep=None, packages_skip_up_to=None, packages_select_build_failed=False, packages_skip_build_finished=False, packages_select_test_failures=False, packages_skip_test_passed=False, packages_select=['main'], packages_skip=None, packages_select_regex=None, packages_skip_regex=None, packages_start=None, packages_end=None, allow_overriding=[], cmake_args=None, cmake_target=None, cmake_target_skip_unavailable=False, cmake_clean_cache=False, cmake_clean_first=False, cmake_force_configure=False, ament_cmake_args=None, catkin_cmake_args=None, catkin_skip_building_tests=False, mixin_files=None, mixin=None, verb_parser=<colcon_mixin.mixin.mixin_argument.MixinArgumentDecorator object at 0x7cee124291b0>, verb_extension=<colcon_core.verb.build.BuildVerb object at 0x7cee124287f0>, main=<bound method BuildVerb.main of <colcon_core.verb.build.BuildVerb object at 0x7cee124287f0>>, mixin_verb=('build',))
[3.724s] Level 1:colcon.colcon_core.package_discovery:discover_packages(colcon_meta) check parameters
[3.725s] Level 1:colcon.colcon_core.package_discovery:discover_packages(recursive) check parameters
[3.725s] Level 1:colcon.colcon_core.package_discovery:discover_packages(ignore) check parameters
[3.725s] Level 1:colcon.colcon_core.package_discovery:discover_packages(path) check parameters
[3.725s] Level 1:colcon.colcon_core.package_discovery:discover_packages(colcon_meta) discover
[3.726s] Level 1:colcon.colcon_core.package_discovery:discover_packages(recursive) discover
[3.726s] INFO:colcon.colcon_core.package_discovery:Crawling recursively for packages in '/home/toshie/Desktop/project'
[3.726s] Level 1:colcon.colcon_core.package_identification:_identify(.) by extensions ['ignore', 'ignore_ament_install']
[3.727s] Level 1:colcon.colcon_core.package_identification:_identify(.) by extension 'ignore'
[3.727s] Level 1:colcon.colcon_core.package_identification:_identify(.) by extension 'ignore_ament_install'
[3.727s] Level 1:colcon.colcon_core.package_identification:_identify(.) by extensions ['colcon_pkg']
[3.727s] Level 1:colcon.colcon_core.package_identification:_identify(.) by extension 'colcon_pkg'
[3.727s] Level 1:colcon.colcon_core.package_identification:_identify(.) by extensions ['colcon_meta']
[3.728s] Level 1:colcon.colcon_core.package_identification:_identify(.) by extension 'colcon_meta'
[3.728s] Level 1:colcon.colcon_core.package_identification:_identify(.) by extensions ['ros']
[3.728s] Level 1:colcon.colcon_core.package_identification:_identify(.) by extension 'ros'
[3.771s] Level 1:colcon.colcon_core.package_identification:_identify(.) by extensions ['cmake', 'python']
[3.771s] Level 1:colcon.colcon_core.package_identification:_identify(.) by extension 'cmake'
[3.771s] Level 1:colcon.colcon_core.package_identification:_identify(.) by extension 'python'
[3.771s] Level 1:colcon.colcon_core.package_identification:_identify(.) by extensions ['python_setup_py']
[3.771s] Level 1:colcon.colcon_core.package_identification:_identify(.) by extension 'python_setup_py'
[3.772s] Level 1:colcon.colcon_core.package_identification:_identify(build) by extensions ['ignore', 'ignore_ament_install']
[3.772s] Level 1:colcon.colcon_core.package_identification:_identify(build) by extension 'ignore'
[3.772s] Level 1:colcon.colcon_core.package_identification:_identify(build) ignored
[3.772s] Level 1:colcon.colcon_core.package_identification:_identify(install) by extensions ['ignore', 'ignore_ament_install']
[3.772s] Level 1:colcon.colcon_core.package_identification:_identify(install) by extension 'ignore'
[3.772s] Level 1:colcon.colcon_core.package_identification:_identify(install) ignored
[3.773s] Level 1:colcon.colcon_core.package_identification:_identify(log) by extensions ['ignore', 'ignore_ament_install']
[3.773s] Level 1:colcon.colcon_core.package_identification:_identify(log) by extension 'ignore'
[3.773s] Level 1:colcon.colcon_core.package_identification:_identify(log) ignored
[3.773s] Level 1:colcon.colcon_core.package_identification:_identify(src) by extensions ['ignore', 'ignore_ament_install']
[3.774s] Level 1:colcon.colcon_core.package_identification:_identify(src) by extension 'ignore'
[3.774s] Level 1:colcon.colcon_core.package_identification:_identify(src) by extension 'ignore_ament_install'
[3.774s] Level 1:colcon.colcon_core.package_identification:_identify(src) by extensions ['colcon_pkg']
[3.774s] Level 1:colcon.colcon_core.package_identification:_identify(src) by extension 'colcon_pkg'
[3.774s] Level 1:colcon.colcon_core.package_identification:_identify(src) by extensions ['colcon_meta']
[3.774s] Level 1:colcon.colcon_core.package_identification:_identify(src) by extension 'colcon_meta'
[3.774s] Level 1:colcon.colcon_core.package_identification:_identify(src) by extensions ['ros']
[3.774s] Level 1:colcon.colcon_core.package_identification:_identify(src) by extension 'ros'
[3.775s] Level 1:colcon.colcon_core.package_identification:_identify(src) by extensions ['cmake', 'python']
[3.775s] Level 1:colcon.colcon_core.package_identification:_identify(src) by extension 'cmake'
[3.775s] Level 1:colcon.colcon_core.package_identification:_identify(src) by extension 'python'
[3.775s] Level 1:colcon.colcon_core.package_identification:_identify(src) by extensions ['python_setup_py']
[3.775s] Level 1:colcon.colcon_core.package_identification:_identify(src) by extension 'python_setup_py'
[3.775s] Level 1:colcon.colcon_core.package_identification:_identify(src/main) by extensions ['ignore', 'ignore_ament_install']
[3.775s] Level 1:colcon.colcon_core.package_identification:_identify(src/main) by extension 'ignore'
[3.775s] Level 1:colcon.colcon_core.package_identification:_identify(src/main) by extension 'ignore_ament_install'
[3.776s] Level 1:colcon.colcon_core.package_identification:_identify(src/main) by extensions ['colcon_pkg']
[3.776s] Level 1:colcon.colcon_core.package_identification:_identify(src/main) by extension 'colcon_pkg'
[3.776s] Level 1:colcon.colcon_core.package_identification:_identify(src/main) by extensions ['colcon_meta']
[3.776s] Level 1:colcon.colcon_core.package_identification:_identify(src/main) by extension 'colcon_meta'
[3.776s] Level 1:colcon.colcon_core.package_identification:_identify(src/main) by extensions ['ros']
[3.776s] Level 1:colcon.colcon_core.package_identification:_identify(src/main) by extension 'ros'
[3.837s] DEBUG:colcon.colcon_core.package_identification:Package 'src/main' with type 'ros.ament_cmake' and name 'main'
[3.837s] Level 1:colcon.colcon_core.package_identification:_identify(src/motor) by extensions ['ignore', 'ignore_ament_install']
[3.838s] Level 1:colcon.colcon_core.package_identification:_identify(src/motor) by extension 'ignore'
[3.838s] Level 1:colcon.colcon_core.package_identification:_identify(src/motor) by extension 'ignore_ament_install'
[3.838s] Level 1:colcon.colcon_core.package_identification:_identify(src/motor) by extensions ['colcon_pkg']
[3.838s] Level 1:colcon.colcon_core.package_identification:_identify(src/motor) by extension 'colcon_pkg'
[3.838s] Level 1:colcon.colcon_core.package_identification:_identify(src/motor) by extensions ['colcon_meta']
[3.838s] Level 1:colcon.colcon_core.package_identification:_identify(src/motor) by extension 'colcon_meta'
[3.838s] Level 1:colcon.colcon_core.package_identification:_identify(src/motor) by extensions ['ros']
[3.838s] Level 1:colcon.colcon_core.package_identification:_identify(src/motor) by extension 'ros'
[3.866s] DEBUG:colcon.colcon_core.package_identification:Package 'src/motor' with type 'ros.ament_cmake' and name 'motor'
[3.866s] Level 1:colcon.colcon_core.package_identification:_identify(src/sensor) by extensions ['ignore', 'ignore_ament_install']
[3.867s] Level 1:colcon.colcon_core.package_identification:_identify(src/sensor) by extension 'ignore'
[3.867s] Level 1:colcon.colcon_core.package_identification:_identify(src/sensor) by extension 'ignore_ament_install'
[3.868s] Level 1:colcon.colcon_core.package_identification:_identify(src/sensor) by extensions ['colcon_pkg']
[3.868s] Level 1:colcon.colcon_core.package_identification:_identify(src/sensor) by extension 'colcon_pkg'
[3.868s] Level 1:colcon.colcon_core.package_identification:_identify(src/sensor) by extensions ['colcon_meta']
[3.868s] Level 1:colcon.colcon_core.package_identification:_identify(src/sensor) by extension 'colcon_meta'
[3.869s] Level 1:colcon.colcon_core.package_identification:_identify(src/sensor) by extensions ['ros']
[3.869s] Level 1:colcon.colcon_core.package_identification:_identify(src/sensor) by extension 'ros'
[3.871s] DEBUG:colcon.colcon_core.package_identification:Package 'src/sensor' with type 'ros.ament_cmake' and name 'sensor'
[3.871s] Level 1:colcon.colcon_core.package_discovery:discover_packages(recursive) using defaults
[3.872s] Level 1:colcon.colcon_core.package_discovery:discover_packages(ignore) discover
[3.872s] Level 1:colcon.colcon_core.package_discovery:discover_packages(ignore) using defaults
[3.872s] Level 1:colcon.colcon_core.package_discovery:discover_packages(path) discover
[3.872s] Level 1:colcon.colcon_core.package_discovery:discover_packages(path) using defaults
[4.190s] INFO:colcon.colcon_core.package_selection:Skipping not selected package 'motor' in 'src/motor'
[4.190s] INFO:colcon.colcon_core.package_selection:Skipping not selected package 'sensor' in 'src/sensor'
[4.201s] Level 1:colcon.colcon_core.package_discovery:discover_packages(prefix_path) check parameters
[4.201s] Level 1:colcon.colcon_core.package_discovery:discover_packages(prefix_path) discover
[4.205s] Level 1:colcon.colcon_core.package_discovery:discover_packages(prefix_path) using defaults
[4.209s] Level 5:colcon.colcon_core.verb:set package 'main' build argument 'cmake_args' from command line to 'None'
[4.210s] Level 5:colcon.colcon_core.verb:set package 'main' build argument 'cmake_target' from command line to 'None'
[4.210s] Level 5:colcon.colcon_core.verb:set package 'main' build argument 'cmake_target_skip_unavailable' from command line to 'False'
[4.210s] Level 5:colcon.colcon_core.verb:set package 'main' build argument 'cmake_clean_cache' from command line to 'False'
[4.210s] Level 5:colcon.colcon_core.verb:set package 'main' build argument 'cmake_clean_first' from command line to 'False'
[4.210s] Level 5:colcon.colcon_core.verb:set package 'main' build argument 'cmake_force_configure' from command line to 'False'
[4.210s] Level 5:colcon.colcon_core.verb:set package 'main' build argument 'ament_cmake_args' from command line to 'None'
[4.210s] Level 5:colcon.colcon_core.verb:set package 'main' build argument 'catkin_cmake_args' from command line to 'None'
[4.210s] Level 5:colcon.colcon_core.verb:set package 'main' build argument 'catkin_skip_building_tests' from command line to 'False'
[4.210s] DEBUG:colcon.colcon_core.verb:Building package 'main' with the following arguments: {'ament_cmake_args': None, 'build_base': '/home/toshie/Desktop/project/build/main', 'catkin_cmake_args': None, 'catkin_skip_building_tests': False, 'cmake_args': None, 'cmake_clean_cache': False, 'cmake_clean_first': False, 'cmake_force_configure': False, 'cmake_target': None, 'cmake_target_skip_unavailable': False, 'install_base': '/home/toshie/Desktop/project/install/main', 'merge_install': False, 'path': '/home/toshie/Desktop/project/src/main', 'symlink_install': False, 'test_result_base': None}
[4.211s] INFO:colcon.colcon_core.executor:Executing jobs using 'parallel' executor
[4.213s] DEBUG:colcon.colcon_parallel_executor.executor.parallel:run_until_complete
[4.214s] INFO:colcon.colcon_ros.task.ament_cmake.build:Building ROS package in '/home/toshie/Desktop/project/src/main' with build type 'ament_cmake'
[4.215s] INFO:colcon.colcon_cmake.task.cmake.build:Building CMake package in '/home/toshie/Desktop/project/src/main'
[4.241s] INFO:colcon.colcon_core.plugin_system:Skipping extension 'colcon_core.shell.bat': Not used on non-Windows systems
[4.242s] INFO:colcon.colcon_core.shell:Skip shell extension 'powershell' for command environment: Not usable outside of PowerShell
[4.242s] DEBUG:colcon.colcon_core.shell:Skip shell extension 'dsv' for command environment
[4.271s] DEBUG:colcon.colcon_core.event_handler.log_command:Invoking command in '/home/toshie/Desktop/project/build/main': /usr/bin/cmake /home/toshie/Desktop/project/src/main -DCMAKE_INSTALL_PREFIX=/home/toshie/Desktop/project/install/main
[8.641s] DEBUG:colcon.colcon_core.event_handler.log_command:Invoked command in '/home/toshie/Desktop/project/build/main' returned '1': /usr/bin/cmake /home/toshie/Desktop/project/src/main -DCMAKE_INSTALL_PREFIX=/home/toshie/Desktop/project/install/main
[8.664s] Level 1:colcon.colcon_core.environment:create_environment_scripts_only(main)
[8.795s] Level 1:colcon.colcon_core.environment:checking '/home/toshie/Desktop/project/install/main' for CMake module files
[8.797s] Level 1:colcon.colcon_core.environment:checking '/home/toshie/Desktop/project/install/main' for CMake config files
[8.798s] Level 1:colcon.colcon_core.environment:checking '/home/toshie/Desktop/project/install/main/bin'
[8.799s] Level 1:colcon.colcon_core.environment:checking '/home/toshie/Desktop/project/install/main/lib/pkgconfig/main.pc'
[8.841s] Level 1:colcon.colcon_core.environment:checking '/home/toshie/Desktop/project/install/main/lib/python3.10/site-packages'
[8.842s] Level 1:colcon.colcon_core.environment:checking '/home/toshie/Desktop/project/install/main/bin'
[8.842s] INFO:colcon.colcon_core.shell:Creating package script '/home/toshie/Desktop/project/install/main/share/main/package.ps1'
[8.902s] INFO:colcon.colcon_core.shell:Creating package descriptor '/home/toshie/Desktop/project/install/main/share/main/package.dsv'
[8.961s] INFO:colcon.colcon_core.shell:Creating package script '/home/toshie/Desktop/project/install/main/share/main/package.sh'
[8.991s] INFO:colcon.colcon_core.shell:Creating package script '/home/toshie/Desktop/project/install/main/share/main/package.bash'
[9.043s] INFO:colcon.colcon_core.shell:Creating package script '/home/toshie/Desktop/project/install/main/share/main/package.zsh'
[9.214s] Level 1:colcon.colcon_core.environment:create_file_with_runtime_dependencies(/home/toshie/Desktop/project/install/main/share/colcon-core/packages/main)
[9.226s] DEBUG:colcon.colcon_parallel_executor.executor.parallel:closing loop
[9.226s] DEBUG:colcon.colcon_parallel_executor.executor.parallel:loop closed
[9.226s] DEBUG:colcon.colcon_parallel_executor.executor.parallel:run_until_complete finished with '1'
[9.226s] DEBUG:colcon.colcon_core.event_reactor:joining thread
[9.490s] INFO:colcon.colcon_core.plugin_system:Skipping extension 'colcon_notification.desktop_notification.terminal_notifier': Not used on non-Darwin systems
[9.490s] INFO:colcon.colcon_core.plugin_system:Skipping extension 'colcon_notification.desktop_notification.win32': Not used on non-Windows systems
[9.490s] INFO:colcon.colcon_notification.desktop_notification:Sending desktop notification using 'notify2'
[9.577s] DEBUG:colcon.colcon_core.event_reactor:joined thread
[9.579s] INFO:colcon.colcon_core.shell:Creating prefix script '/home/toshie/Desktop/project/install/local_setup.ps1'
[9.583s] INFO:colcon.colcon_core.shell:Creating prefix util module '/home/toshie/Desktop/project/install/_local_setup_util_ps1.py'
[9.607s] INFO:colcon.colcon_core.shell:Creating prefix chain script '/home/toshie/Desktop/project/install/setup.ps1'
[9.614s] INFO:colcon.colcon_core.shell:Creating prefix script '/home/toshie/Desktop/project/install/local_setup.sh'
[9.616s] INFO:colcon.colcon_core.shell:Creating prefix util module '/home/toshie/Desktop/project/install/_local_setup_util_sh.py'
[9.617s] INFO:colcon.colcon_core.shell:Creating prefix chain script '/home/toshie/Desktop/project/install/setup.sh'
[9.619s] INFO:colcon.colcon_core.shell:Creating prefix script '/home/toshie/Desktop/project/install/local_setup.bash'
[9.627s] INFO:colcon.colcon_core.shell:Creating prefix chain script '/home/toshie/Desktop/project/install/setup.bash'
[9.629s] INFO:colcon.colcon_core.shell:Creating prefix script '/home/toshie/Desktop/project/install/local_setup.zsh'
[9.631s] INFO:colcon.colcon_core.shell:Creating prefix chain script '/home/toshie/Desktop/project/install/setup.zsh'
