[0.023s] Invoking command in '/home/toshie/Desktop/maze_bot/build/interface': CMAKE_PREFIX_PATH=/opt/ros/humble /usr/bin/cmake /home/toshie/Desktop/maze_bot/src/interface -DCMAKE_INSTALL_PREFIX=/home/toshie/Desktop/maze_bot/install/interface
[0.050s] -- Found ament_cmake: 1.3.10 (/opt/ros/humble/share/ament_cmake/cmake)
[0.363s] -- Found rosidl_default_generators: 1.2.0 (/opt/ros/humble/share/rosidl_default_generators/cmake)
[0.369s] -- Using all available rosidl_typesupport_c: rosidl_typesupport_fastrtps_c;rosidl_typesupport_introspection_c
[0.382s] -- Found rosidl_adapter: 3.1.5 (/opt/ros/humble/share/rosidl_adapter/cmake)
[0.457s] -- Using all available rosidl_typesupport_cpp: rosidl_typesupport_fastrtps_cpp;rosidl_typesupport_introspection_cpp
[1.367s] -- Found ament_cmake_ros: 0.10.0 (/opt/ros/humble/share/ament_cmake_ros/cmake)
[1.844s] -- Using all available rosidl_typesupport_c: rosidl_typesupport_fastrtps_c;rosidl_typesupport_introspection_c
[2.497s] -- Using all available rosidl_typesupport_cpp: rosidl_typesupport_fastrtps_cpp;rosidl_typesupport_introspection_cpp
[2.593s] -- Found PythonInterp: /usr/bin/python3 (found suitable version "3.10.12", minimum required is "3.6") 
[2.612s] -- Found python_cmake_module: 0.10.0 (/opt/ros/humble/share/python_cmake_module/cmake)
[2.770s] -- Found PythonLibs: /usr/lib/x86_64-linux-gnu/libpython3.10.so (found suitable version "3.10.12", minimum required is "3.5") 
[2.771s] -- Using PYTHON_EXECUTABLE: /usr/bin/python3
[2.771s] -- Using PYTHON_INCLUDE_DIRS: /usr/include/python3.10
[2.772s] -- Using PYTHON_LIBRARIES: /usr/lib/x86_64-linux-gnu/libpython3.10.so
[2.827s] -- Found PythonExtra: .so  
[3.172s] -- Configuring done
[3.295s] -- Generating done
[3.300s] -- Build files have been written to: /home/toshie/Desktop/maze_bot/build/interface
[3.309s] Invoked command in '/home/toshie/Desktop/maze_bot/build/interface' returned '0': CMAKE_PREFIX_PATH=/opt/ros/humble /usr/bin/cmake /home/toshie/Desktop/maze_bot/src/interface -DCMAKE_INSTALL_PREFIX=/home/toshie/Desktop/maze_bot/install/interface
[3.313s] Invoking command in '/home/toshie/Desktop/maze_bot/build/interface': CMAKE_PREFIX_PATH=/opt/ros/humble /usr/bin/cmake --build /home/toshie/Desktop/maze_bot/build/interface -- -j2 -l2
[3.385s] [  3%] [34m[1mGenerating C code for ROS interfaces[0m
[3.406s] [  6%] [34m[1mGenerating C++ code for ROS interfaces[0m
[4.571s] [  6%] Built target interface__cpp
[4.663s] [  9%] [32mBuilding C object CMakeFiles/interface__rosidl_generator_c.dir/rosidl_generator_c/interface/msg/detail/motor__functions.c.o[0m
[4.727s] [  9%] Built target ament_cmake_python_copy_interface
[4.763s] [ 12%] [34m[1mGenerating C++ type support dispatch for ROS interfaces[0m
[5.090s] [ 16%] [32m[1mLinking C shared library libinterface__rosidl_generator_c.so[0m
[5.267s] [ 16%] Built target interface__rosidl_generator_c
[5.315s] [ 19%] [34m[1mGenerating C++ type support for eProsima Fast-RTPS[0m
[5.431s] [ 22%] [32mBuilding CXX object CMakeFiles/interface__rosidl_typesupport_cpp.dir/rosidl_typesupport_cpp/interface/msg/motor__type_support.cpp.o[0m
[6.165s] [ 25%] [32mBuilding CXX object CMakeFiles/interface__rosidl_typesupport_fastrtps_cpp.dir/rosidl_typesupport_fastrtps_cpp/interface/msg/detail/dds_fastrtps/motor__type_support.cpp.o[0m
[7.366s] [ 29%] [32m[1mLinking CXX shared library libinterface__rosidl_typesupport_cpp.so[0m
[7.475s] [ 29%] Built target interface__rosidl_typesupport_cpp
[7.504s] [ 32%] [34m[1mGenerating C++ introspection for ROS interfaces[0m
[7.907s] [ 35%] [32m[1mLinking CXX shared library libinterface__rosidl_typesupport_fastrtps_cpp.so[0m
[8.170s] [ 35%] Built target interface__rosidl_typesupport_fastrtps_cpp
[8.229s] [ 38%] [32mBuilding CXX object CMakeFiles/interface__rosidl_typesupport_introspection_cpp.dir/rosidl_typesupport_introspection_cpp/interface/msg/detail/motor__type_support.cpp.o[0m
[8.863s] running egg_info
[8.863s] creating interface.egg-info
[8.864s] writing interface.egg-info/PKG-INFO
[8.865s] writing dependency_links to interface.egg-info/dependency_links.txt
[8.866s] writing top-level names to interface.egg-info/top_level.txt
[8.866s] writing manifest file 'interface.egg-info/SOURCES.txt'
[8.882s] reading manifest file 'interface.egg-info/SOURCES.txt'
[8.885s] writing manifest file 'interface.egg-info/SOURCES.txt'
[8.980s] [ 38%] Built target ament_cmake_python_build_interface_egg
[9.005s] [ 41%] [34m[1mGenerating C type support for eProsima Fast-RTPS[0m
[9.504s] [ 45%] [32m[1mLinking CXX shared library libinterface__rosidl_typesupport_introspection_cpp.so[0m
[9.604s] [ 45%] Built target interface__rosidl_typesupport_introspection_cpp
[9.625s] [ 48%] [34m[1mGenerating C introspection for ROS interfaces[0m
[9.782s] [ 51%] [32mBuilding CXX object CMakeFiles/interface__rosidl_typesupport_fastrtps_c.dir/rosidl_typesupport_fastrtps_c/interface/msg/detail/motor__type_support_c.cpp.o[0m
[10.299s] [ 54%] [32mBuilding C object CMakeFiles/interface__rosidl_typesupport_introspection_c.dir/rosidl_typesupport_introspection_c/interface/msg/detail/motor__type_support.c.o[0m
[10.386s] [ 58%] [32m[1mLinking C shared library libinterface__rosidl_typesupport_introspection_c.so[0m
[10.466s] [ 58%] Built target interface__rosidl_typesupport_introspection_c
[10.493s] [ 61%] [34m[1mGenerating C type support dispatch for ROS interfaces[0m
[10.747s] [ 64%] [32m[1mLinking CXX shared library libinterface__rosidl_typesupport_fastrtps_c.so[0m
[10.980s] [ 64%] Built target interface__rosidl_typesupport_fastrtps_c
[11.177s] [ 67%] [32mBuilding CXX object CMakeFiles/interface__rosidl_typesupport_c.dir/rosidl_typesupport_c/interface/msg/motor__type_support.cpp.o[0m
[11.238s] [ 70%] [32m[1mLinking CXX shared library libinterface__rosidl_typesupport_c.so[0m
[11.323s] [ 70%] Built target interface__rosidl_typesupport_c
[11.365s] [ 70%] Built target interface
[11.406s] [ 74%] [34m[1mGenerating Python code for ROS interfaces[0m
[12.186s] [ 74%] Built target interface__py
[12.226s] [ 77%] [32mBuilding C object CMakeFiles/interface__rosidl_generator_py.dir/rosidl_generator_py/interface/msg/_motor_s.c.o[0m
[12.915s] [ 80%] [32m[1mLinking C shared library rosidl_generator_py/interface/libinterface__rosidl_generator_py.so[0m
[13.014s] [ 80%] Built target interface__rosidl_generator_py
[13.064s] [ 83%] [32mBuilding C object CMakeFiles/interface__rosidl_typesupport_introspection_c__pyext.dir/rosidl_generator_py/interface/_interface_s.ep.rosidl_typesupport_introspection_c.c.o[0m
[13.066s] [ 87%] [32mBuilding C object CMakeFiles/interface__rosidl_typesupport_fastrtps_c__pyext.dir/rosidl_generator_py/interface/_interface_s.ep.rosidl_typesupport_fastrtps_c.c.o[0m
[13.325s] [ 90%] [32m[1mLinking C shared library rosidl_generator_py/interface/interface_s__rosidl_typesupport_introspection_c.cpython-310-x86_64-linux-gnu.so[0m
[13.332s] [ 93%] [32m[1mLinking C shared library rosidl_generator_py/interface/interface_s__rosidl_typesupport_fastrtps_c.cpython-310-x86_64-linux-gnu.so[0m
[13.424s] [ 93%] Built target interface__rosidl_typesupport_fastrtps_c__pyext
[13.445s] [ 93%] Built target interface__rosidl_typesupport_introspection_c__pyext
[13.470s] [ 96%] [32mBuilding C object CMakeFiles/interface__rosidl_typesupport_c__pyext.dir/rosidl_generator_py/interface/_interface_s.ep.rosidl_typesupport_c.c.o[0m
[13.679s] [100%] [32m[1mLinking C shared library rosidl_generator_py/interface/interface_s__rosidl_typesupport_c.cpython-310-x86_64-linux-gnu.so[0m
[13.749s] [100%] Built target interface__rosidl_typesupport_c__pyext
[13.777s] Invoked command in '/home/toshie/Desktop/maze_bot/build/interface' returned '0': CMAKE_PREFIX_PATH=/opt/ros/humble /usr/bin/cmake --build /home/toshie/Desktop/maze_bot/build/interface -- -j2 -l2
[13.912s] Invoking command in '/home/toshie/Desktop/maze_bot/build/interface': CMAKE_PREFIX_PATH=/opt/ros/humble /usr/bin/cmake --install /home/toshie/Desktop/maze_bot/build/interface
[13.928s] -- Install configuration: ""
[13.928s] -- Installing: /home/toshie/Desktop/maze_bot/install/interface/share/ament_index/resource_index/rosidl_interfaces/interface
[13.929s] -- Installing: /home/toshie/Desktop/maze_bot/install/interface/include/interface/interface
[13.929s] -- Installing: /home/toshie/Desktop/maze_bot/install/interface/include/interface/interface/msg
[13.930s] -- Installing: /home/toshie/Desktop/maze_bot/install/interface/include/interface/interface/msg/motor.h
[13.930s] -- Installing: /home/toshie/Desktop/maze_bot/install/interface/include/interface/interface/msg/detail
[13.930s] -- Installing: /home/toshie/Desktop/maze_bot/install/interface/include/interface/interface/msg/detail/motor__struct.h
[13.931s] -- Installing: /home/toshie/Desktop/maze_bot/install/interface/include/interface/interface/msg/detail/motor__functions.h
[13.931s] -- Installing: /home/toshie/Desktop/maze_bot/install/interface/include/interface/interface/msg/detail/motor__functions.c
[13.931s] -- Installing: /home/toshie/Desktop/maze_bot/install/interface/include/interface/interface/msg/detail/motor__type_support.h
[13.932s] -- Installing: /home/toshie/Desktop/maze_bot/install/interface/include/interface/interface/msg/rosidl_generator_c__visibility_control.h
[13.932s] -- Installing: /home/toshie/Desktop/maze_bot/install/interface/share/interface/environment/library_path.sh
[13.932s] -- Installing: /home/toshie/Desktop/maze_bot/install/interface/share/interface/environment/library_path.dsv
[13.933s] -- Installing: /home/toshie/Desktop/maze_bot/install/interface/lib/libinterface__rosidl_generator_c.so
[13.933s] -- Set runtime path of "/home/toshie/Desktop/maze_bot/install/interface/lib/libinterface__rosidl_generator_c.so" to ""
[13.934s] -- Up-to-date: /home/toshie/Desktop/maze_bot/install/interface/include/interface/interface
[13.934s] -- Up-to-date: /home/toshie/Desktop/maze_bot/install/interface/include/interface/interface/msg
[13.934s] -- Installing: /home/toshie/Desktop/maze_bot/install/interface/include/interface/interface/msg/rosidl_typesupport_fastrtps_c__visibility_control.h
[13.935s] -- Up-to-date: /home/toshie/Desktop/maze_bot/install/interface/include/interface/interface/msg/detail
[13.935s] -- Installing: /home/toshie/Desktop/maze_bot/install/interface/include/interface/interface/msg/detail/motor__rosidl_typesupport_fastrtps_c.h
[13.935s] -- Installing: /home/toshie/Desktop/maze_bot/install/interface/lib/libinterface__rosidl_typesupport_fastrtps_c.so
[13.936s] -- Set runtime path of "/home/toshie/Desktop/maze_bot/install/interface/lib/libinterface__rosidl_typesupport_fastrtps_c.so" to ""
[13.936s] -- Up-to-date: /home/toshie/Desktop/maze_bot/install/interface/include/interface/interface
[13.936s] -- Up-to-date: /home/toshie/Desktop/maze_bot/install/interface/include/interface/interface/msg
[13.937s] -- Installing: /home/toshie/Desktop/maze_bot/install/interface/include/interface/interface/msg/rosidl_typesupport_introspection_c__visibility_control.h
[13.937s] -- Up-to-date: /home/toshie/Desktop/maze_bot/install/interface/include/interface/interface/msg/detail
[13.937s] -- Installing: /home/toshie/Desktop/maze_bot/install/interface/include/interface/interface/msg/detail/motor__type_support.c
[13.937s] -- Installing: /home/toshie/Desktop/maze_bot/install/interface/include/interface/interface/msg/detail/motor__rosidl_typesupport_introspection_c.h
[13.938s] -- Installing: /home/toshie/Desktop/maze_bot/install/interface/lib/libinterface__rosidl_typesupport_introspection_c.so
[13.938s] -- Set runtime path of "/home/toshie/Desktop/maze_bot/install/interface/lib/libinterface__rosidl_typesupport_introspection_c.so" to ""
[13.939s] -- Installing: /home/toshie/Desktop/maze_bot/install/interface/lib/libinterface__rosidl_typesupport_c.so
[13.939s] -- Set runtime path of "/home/toshie/Desktop/maze_bot/install/interface/lib/libinterface__rosidl_typesupport_c.so" to ""
[13.940s] -- Up-to-date: /home/toshie/Desktop/maze_bot/install/interface/include/interface/interface
[13.940s] -- Up-to-date: /home/toshie/Desktop/maze_bot/install/interface/include/interface/interface/msg
[13.941s] -- Installing: /home/toshie/Desktop/maze_bot/install/interface/include/interface/interface/msg/motor.hpp
[13.941s] -- Up-to-date: /home/toshie/Desktop/maze_bot/install/interface/include/interface/interface/msg/detail
[13.941s] -- Installing: /home/toshie/Desktop/maze_bot/install/interface/include/interface/interface/msg/detail/motor__traits.hpp
[13.942s] -- Installing: /home/toshie/Desktop/maze_bot/install/interface/include/interface/interface/msg/detail/motor__struct.hpp
[13.942s] -- Installing: /home/toshie/Desktop/maze_bot/install/interface/include/interface/interface/msg/detail/motor__builder.hpp
[13.942s] -- Up-to-date: /home/toshie/Desktop/maze_bot/install/interface/include/interface/interface
[13.942s] -- Up-to-date: /home/toshie/Desktop/maze_bot/install/interface/include/interface/interface/msg
[13.943s] -- Installing: /home/toshie/Desktop/maze_bot/install/interface/include/interface/interface/msg/rosidl_typesupport_fastrtps_cpp__visibility_control.h
[13.943s] -- Up-to-date: /home/toshie/Desktop/maze_bot/install/interface/include/interface/interface/msg/detail
[13.943s] -- Installing: /home/toshie/Desktop/maze_bot/install/interface/include/interface/interface/msg/detail/motor__rosidl_typesupport_fastrtps_cpp.hpp
[13.944s] -- Installing: /home/toshie/Desktop/maze_bot/install/interface/include/interface/interface/msg/detail/dds_fastrtps
[13.944s] -- Installing: /home/toshie/Desktop/maze_bot/install/interface/lib/libinterface__rosidl_typesupport_fastrtps_cpp.so
[13.944s] -- Set runtime path of "/home/toshie/Desktop/maze_bot/install/interface/lib/libinterface__rosidl_typesupport_fastrtps_cpp.so" to ""
[13.944s] -- Up-to-date: /home/toshie/Desktop/maze_bot/install/interface/include/interface/interface
[13.945s] -- Up-to-date: /home/toshie/Desktop/maze_bot/install/interface/include/interface/interface/msg
[13.945s] -- Up-to-date: /home/toshie/Desktop/maze_bot/install/interface/include/interface/interface/msg/detail
[13.945s] -- Installing: /home/toshie/Desktop/maze_bot/install/interface/include/interface/interface/msg/detail/motor__type_support.cpp
[13.946s] -- Installing: /home/toshie/Desktop/maze_bot/install/interface/include/interface/interface/msg/detail/motor__rosidl_typesupport_introspection_cpp.hpp
[13.946s] -- Installing: /home/toshie/Desktop/maze_bot/install/interface/lib/libinterface__rosidl_typesupport_introspection_cpp.so
[13.946s] -- Set runtime path of "/home/toshie/Desktop/maze_bot/install/interface/lib/libinterface__rosidl_typesupport_introspection_cpp.so" to ""
[13.946s] -- Installing: /home/toshie/Desktop/maze_bot/install/interface/lib/libinterface__rosidl_typesupport_cpp.so
[13.947s] -- Set runtime path of "/home/toshie/Desktop/maze_bot/install/interface/lib/libinterface__rosidl_typesupport_cpp.so" to ""
[13.947s] -- Installing: /home/toshie/Desktop/maze_bot/install/interface/share/interface/environment/pythonpath.sh
[13.947s] -- Installing: /home/toshie/Desktop/maze_bot/install/interface/share/interface/environment/pythonpath.dsv
[13.948s] -- Installing: /home/toshie/Desktop/maze_bot/install/interface/local/lib/python3.10/dist-packages/interface-0.0.0-py3.10.egg-info
[13.948s] -- Installing: /home/toshie/Desktop/maze_bot/install/interface/local/lib/python3.10/dist-packages/interface-0.0.0-py3.10.egg-info/dependency_links.txt
[13.948s] -- Installing: /home/toshie/Desktop/maze_bot/install/interface/local/lib/python3.10/dist-packages/interface-0.0.0-py3.10.egg-info/PKG-INFO
[13.949s] -- Installing: /home/toshie/Desktop/maze_bot/install/interface/local/lib/python3.10/dist-packages/interface-0.0.0-py3.10.egg-info/SOURCES.txt
[13.949s] -- Installing: /home/toshie/Desktop/maze_bot/install/interface/local/lib/python3.10/dist-packages/interface-0.0.0-py3.10.egg-info/top_level.txt
[13.950s] -- Installing: /home/toshie/Desktop/maze_bot/install/interface/local/lib/python3.10/dist-packages/interface
[13.950s] -- Installing: /home/toshie/Desktop/maze_bot/install/interface/local/lib/python3.10/dist-packages/interface/msg
[13.951s] -- Installing: /home/toshie/Desktop/maze_bot/install/interface/local/lib/python3.10/dist-packages/interface/msg/_motor_s.c
[13.951s] -- Installing: /home/toshie/Desktop/maze_bot/install/interface/local/lib/python3.10/dist-packages/interface/msg/_motor.py
[13.951s] -- Installing: /home/toshie/Desktop/maze_bot/install/interface/local/lib/python3.10/dist-packages/interface/msg/__init__.py
[13.952s] -- Installing: /home/toshie/Desktop/maze_bot/install/interface/local/lib/python3.10/dist-packages/interface/interface_s__rosidl_typesupport_fastrtps_c.cpython-310-x86_64-linux-gnu.so
[13.952s] -- Installing: /home/toshie/Desktop/maze_bot/install/interface/local/lib/python3.10/dist-packages/interface/libinterface__rosidl_generator_py.so
[13.952s] -- Installing: /home/toshie/Desktop/maze_bot/install/interface/local/lib/python3.10/dist-packages/interface/_interface_s.ep.rosidl_typesupport_c.c
[13.953s] -- Installing: /home/toshie/Desktop/maze_bot/install/interface/local/lib/python3.10/dist-packages/interface/_interface_s.ep.rosidl_typesupport_fastrtps_c.c
[13.953s] -- Installing: /home/toshie/Desktop/maze_bot/install/interface/local/lib/python3.10/dist-packages/interface/__init__.py
[13.953s] -- Installing: /home/toshie/Desktop/maze_bot/install/interface/local/lib/python3.10/dist-packages/interface/interface_s__rosidl_typesupport_introspection_c.cpython-310-x86_64-linux-gnu.so
[13.953s] -- Installing: /home/toshie/Desktop/maze_bot/install/interface/local/lib/python3.10/dist-packages/interface/_interface_s.ep.rosidl_typesupport_introspection_c.c
[13.954s] -- Installing: /home/toshie/Desktop/maze_bot/install/interface/local/lib/python3.10/dist-packages/interface/interface_s__rosidl_typesupport_c.cpython-310-x86_64-linux-gnu.so
[14.078s] Listing '/home/toshie/Desktop/maze_bot/install/interface/local/lib/python3.10/dist-packages/interface'...
[14.079s] Compiling '/home/toshie/Desktop/maze_bot/install/interface/local/lib/python3.10/dist-packages/interface/__init__.py'...
[14.079s] Listing '/home/toshie/Desktop/maze_bot/install/interface/local/lib/python3.10/dist-packages/interface/msg'...
[14.080s] Compiling '/home/toshie/Desktop/maze_bot/install/interface/local/lib/python3.10/dist-packages/interface/msg/__init__.py'...
[14.080s] Compiling '/home/toshie/Desktop/maze_bot/install/interface/local/lib/python3.10/dist-packages/interface/msg/_motor.py'...
[14.092s] -- Installing: /home/toshie/Desktop/maze_bot/install/interface/local/lib/python3.10/dist-packages/interface/interface_s__rosidl_typesupport_fastrtps_c.cpython-310-x86_64-linux-gnu.so
[14.093s] -- Set runtime path of "/home/toshie/Desktop/maze_bot/install/interface/local/lib/python3.10/dist-packages/interface/interface_s__rosidl_typesupport_fastrtps_c.cpython-310-x86_64-linux-gnu.so" to ""
[14.094s] -- Installing: /home/toshie/Desktop/maze_bot/install/interface/local/lib/python3.10/dist-packages/interface/interface_s__rosidl_typesupport_introspection_c.cpython-310-x86_64-linux-gnu.so
[14.094s] -- Set runtime path of "/home/toshie/Desktop/maze_bot/install/interface/local/lib/python3.10/dist-packages/interface/interface_s__rosidl_typesupport_introspection_c.cpython-310-x86_64-linux-gnu.so" to ""
[14.095s] -- Installing: /home/toshie/Desktop/maze_bot/install/interface/local/lib/python3.10/dist-packages/interface/interface_s__rosidl_typesupport_c.cpython-310-x86_64-linux-gnu.so
[14.096s] -- Set runtime path of "/home/toshie/Desktop/maze_bot/install/interface/local/lib/python3.10/dist-packages/interface/interface_s__rosidl_typesupport_c.cpython-310-x86_64-linux-gnu.so" to ""
[14.096s] -- Installing: /home/toshie/Desktop/maze_bot/install/interface/lib/libinterface__rosidl_generator_py.so
[14.097s] -- Set runtime path of "/home/toshie/Desktop/maze_bot/install/interface/lib/libinterface__rosidl_generator_py.so" to ""
[14.097s] -- Installing: /home/toshie/Desktop/maze_bot/install/interface/share/interface/msg/Motor.idl
[14.098s] -- Installing: /home/toshie/Desktop/maze_bot/install/interface/share/interface/msg/Motor.msg
[14.098s] -- Installing: /home/toshie/Desktop/maze_bot/install/interface/share/ament_index/resource_index/package_run_dependencies/interface
[14.099s] -- Installing: /home/toshie/Desktop/maze_bot/install/interface/share/ament_index/resource_index/parent_prefix_path/interface
[14.099s] -- Installing: /home/toshie/Desktop/maze_bot/install/interface/share/interface/environment/ament_prefix_path.sh
[14.100s] -- Installing: /home/toshie/Desktop/maze_bot/install/interface/share/interface/environment/ament_prefix_path.dsv
[14.100s] -- Installing: /home/toshie/Desktop/maze_bot/install/interface/share/interface/environment/path.sh
[14.101s] -- Installing: /home/toshie/Desktop/maze_bot/install/interface/share/interface/environment/path.dsv
[14.101s] -- Installing: /home/toshie/Desktop/maze_bot/install/interface/share/interface/local_setup.bash
[14.101s] -- Installing: /home/toshie/Desktop/maze_bot/install/interface/share/interface/local_setup.sh
[14.102s] -- Installing: /home/toshie/Desktop/maze_bot/install/interface/share/interface/local_setup.zsh
[14.102s] -- Installing: /home/toshie/Desktop/maze_bot/install/interface/share/interface/local_setup.dsv
[14.103s] -- Installing: /home/toshie/Desktop/maze_bot/install/interface/share/interface/package.dsv
[14.103s] -- Installing: /home/toshie/Desktop/maze_bot/install/interface/share/ament_index/resource_index/packages/interface
[14.104s] -- Installing: /home/toshie/Desktop/maze_bot/install/interface/share/interface/cmake/export_interface__rosidl_generator_cExport.cmake
[14.104s] -- Installing: /home/toshie/Desktop/maze_bot/install/interface/share/interface/cmake/export_interface__rosidl_generator_cExport-noconfig.cmake
[14.105s] -- Installing: /home/toshie/Desktop/maze_bot/install/interface/share/interface/cmake/export_interface__rosidl_typesupport_fastrtps_cExport.cmake
[14.105s] -- Installing: /home/toshie/Desktop/maze_bot/install/interface/share/interface/cmake/export_interface__rosidl_typesupport_fastrtps_cExport-noconfig.cmake
[14.106s] -- Installing: /home/toshie/Desktop/maze_bot/install/interface/share/interface/cmake/interface__rosidl_typesupport_introspection_cExport.cmake
[14.106s] -- Installing: /home/toshie/Desktop/maze_bot/install/interface/share/interface/cmake/interface__rosidl_typesupport_introspection_cExport-noconfig.cmake
[14.107s] -- Installing: /home/toshie/Desktop/maze_bot/install/interface/share/interface/cmake/interface__rosidl_typesupport_cExport.cmake
[14.107s] -- Installing: /home/toshie/Desktop/maze_bot/install/interface/share/interface/cmake/interface__rosidl_typesupport_cExport-noconfig.cmake
[14.108s] -- Installing: /home/toshie/Desktop/maze_bot/install/interface/share/interface/cmake/export_interface__rosidl_generator_cppExport.cmake
[14.108s] -- Installing: /home/toshie/Desktop/maze_bot/install/interface/share/interface/cmake/export_interface__rosidl_typesupport_fastrtps_cppExport.cmake
[14.109s] -- Installing: /home/toshie/Desktop/maze_bot/install/interface/share/interface/cmake/export_interface__rosidl_typesupport_fastrtps_cppExport-noconfig.cmake
[14.109s] -- Installing: /home/toshie/Desktop/maze_bot/install/interface/share/interface/cmake/interface__rosidl_typesupport_introspection_cppExport.cmake
[14.110s] -- Installing: /home/toshie/Desktop/maze_bot/install/interface/share/interface/cmake/interface__rosidl_typesupport_introspection_cppExport-noconfig.cmake
[14.110s] -- Installing: /home/toshie/Desktop/maze_bot/install/interface/share/interface/cmake/interface__rosidl_typesupport_cppExport.cmake
[14.110s] -- Installing: /home/toshie/Desktop/maze_bot/install/interface/share/interface/cmake/interface__rosidl_typesupport_cppExport-noconfig.cmake
[14.111s] -- Installing: /home/toshie/Desktop/maze_bot/install/interface/share/interface/cmake/export_interface__rosidl_generator_pyExport.cmake
[14.111s] -- Installing: /home/toshie/Desktop/maze_bot/install/interface/share/interface/cmake/export_interface__rosidl_generator_pyExport-noconfig.cmake
[14.112s] -- Installing: /home/toshie/Desktop/maze_bot/install/interface/share/interface/cmake/rosidl_cmake-extras.cmake
[14.112s] -- Installing: /home/toshie/Desktop/maze_bot/install/interface/share/interface/cmake/ament_cmake_export_include_directories-extras.cmake
[14.113s] -- Installing: /home/toshie/Desktop/maze_bot/install/interface/share/interface/cmake/ament_cmake_export_libraries-extras.cmake
[14.113s] -- Installing: /home/toshie/Desktop/maze_bot/install/interface/share/interface/cmake/ament_cmake_export_targets-extras.cmake
[14.114s] -- Installing: /home/toshie/Desktop/maze_bot/install/interface/share/interface/cmake/rosidl_cmake_export_typesupport_targets-extras.cmake
[14.114s] -- Installing: /home/toshie/Desktop/maze_bot/install/interface/share/interface/cmake/ament_cmake_export_dependencies-extras.cmake
[14.114s] -- Installing: /home/toshie/Desktop/maze_bot/install/interface/share/interface/cmake/rosidl_cmake_export_typesupport_libraries-extras.cmake
[14.115s] -- Installing: /home/toshie/Desktop/maze_bot/install/interface/share/interface/cmake/interfaceConfig.cmake
[14.115s] -- Installing: /home/toshie/Desktop/maze_bot/install/interface/share/interface/cmake/interfaceConfig-version.cmake
[14.116s] -- Installing: /home/toshie/Desktop/maze_bot/install/interface/share/interface/package.xml
[14.121s] Invoked command in '/home/toshie/Desktop/maze_bot/build/interface' returned '0': CMAKE_PREFIX_PATH=/opt/ros/humble /usr/bin/cmake --install /home/toshie/Desktop/maze_bot/build/interface
