[35m[1mConsolidate compiler generated dependencies of target listener[0m
[ 50%] [32mBuilding CXX object CMakeFiles/listener.dir/src/main.cpp.o[0m
[100%] [32m[1mLinking CXX executable listener[0m
[100%] Built target listener
-- Install configuration: ""
-- Installing: /home/toshie/Desktop/project/install/motor/lib/motor/listener
-- Set runtime path of "/home/toshie/Desktop/project/install/motor/lib/motor/listener" to ""
-- Up-to-date: /home/toshie/Desktop/project/install/motor/share/ament_index/resource_index/package_run_dependencies/motor
-- Up-to-date: /home/toshie/Desktop/project/install/motor/share/ament_index/resource_index/parent_prefix_path/motor
-- Up-to-date: /home/toshie/Desktop/project/install/motor/share/motor/environment/ament_prefix_path.sh
-- Up-to-date: /home/toshie/Desktop/project/install/motor/share/motor/environment/ament_prefix_path.dsv
-- Up-to-date: /home/toshie/Desktop/project/install/motor/share/motor/environment/path.sh
-- Up-to-date: /home/toshie/Desktop/project/install/motor/share/motor/environment/path.dsv
-- Up-to-date: /home/toshie/Desktop/project/install/motor/share/motor/local_setup.bash
-- Up-to-date: /home/toshie/Desktop/project/install/motor/share/motor/local_setup.sh
-- Up-to-date: /home/toshie/Desktop/project/install/motor/share/motor/local_setup.zsh
-- Up-to-date: /home/toshie/Desktop/project/install/motor/share/motor/local_setup.dsv
-- Installing: /home/toshie/Desktop/project/install/motor/share/motor/package.dsv
-- Up-to-date: /home/toshie/Desktop/project/install/motor/share/ament_index/resource_index/packages/motor
-- Up-to-date: /home/toshie/Desktop/project/install/motor/share/motor/cmake/motorConfig.cmake
-- Up-to-date: /home/toshie/Desktop/project/install/motor/share/motor/cmake/motorConfig-version.cmake
-- Up-to-date: /home/toshie/Desktop/project/install/motor/share/motor/package.xml
