[0.056s] Invoking command in '/home/toshie/Desktop/project/build/motor': CMAKE_PREFIX_PATH=/opt/ros/humble /usr/bin/cmake --build /home/toshie/Desktop/project/build/motor -- -j2 -l2
[0.204s] [35m[1mConsolidate compiler generated dependencies of target listener[0m
[0.250s] [100%] Built target listener
[0.279s] Invoked command in '/home/toshie/Desktop/project/build/motor' returned '0': CMAKE_PREFIX_PATH=/opt/ros/humble /usr/bin/cmake --build /home/toshie/Desktop/project/build/motor -- -j2 -l2
[0.349s] Invoking command in '/home/toshie/Desktop/project/build/motor': CMAKE_PREFIX_PATH=/opt/ros/humble /usr/bin/cmake --install /home/toshie/Desktop/project/build/motor
[0.364s] -- Install configuration: ""
[0.365s] -- Up-to-date: /home/toshie/Desktop/project/install/motor/lib/motor/listener
[0.365s] -- Up-to-date: /home/toshie/Desktop/project/install/motor/share/ament_index/resource_index/package_run_dependencies/motor
[0.365s] -- Up-to-date: /home/toshie/Desktop/project/install/motor/share/ament_index/resource_index/parent_prefix_path/motor
[0.365s] -- Up-to-date: /home/toshie/Desktop/project/install/motor/share/motor/environment/ament_prefix_path.sh
[0.365s] -- Up-to-date: /home/toshie/Desktop/project/install/motor/share/motor/environment/ament_prefix_path.dsv
[0.365s] -- Up-to-date: /home/toshie/Desktop/project/install/motor/share/motor/environment/path.sh
[0.365s] -- Up-to-date: /home/toshie/Desktop/project/install/motor/share/motor/environment/path.dsv
[0.366s] -- Up-to-date: /home/toshie/Desktop/project/install/motor/share/motor/local_setup.bash
[0.366s] -- Up-to-date: /home/toshie/Desktop/project/install/motor/share/motor/local_setup.sh
[0.366s] -- Up-to-date: /home/toshie/Desktop/project/install/motor/share/motor/local_setup.zsh
[0.366s] -- Up-to-date: /home/toshie/Desktop/project/install/motor/share/motor/local_setup.dsv
[0.366s] -- Installing: /home/toshie/Desktop/project/install/motor/share/motor/package.dsv
[0.423s] -- Up-to-date: /home/toshie/Desktop/project/install/motor/share/ament_index/resource_index/packages/motor
[0.423s] -- Up-to-date: /home/toshie/Desktop/project/install/motor/share/motor/cmake/motorConfig.cmake
[0.423s] -- Up-to-date: /home/toshie/Desktop/project/install/motor/share/motor/cmake/motorConfig-version.cmake
[0.424s] -- Up-to-date: /home/toshie/Desktop/project/install/motor/share/motor/package.xml
[0.428s] Invoked command in '/home/toshie/Desktop/project/build/motor' returned '0': CMAKE_PREFIX_PATH=/opt/ros/humble /usr/bin/cmake --install /home/toshie/Desktop/project/build/motor
